<?xml version="1.0" encoding="UTF-8"?>
<testsuite xmlns:xsi="http://www.w3.org/2001/XMLSchema-instance" xsi:noNamespaceSchemaLocation="https://maven.apache.org/surefire/maven-surefire-plugin/xsd/surefire-test-report-3.0.xsd" version="3.0" name="com.zilch.payments.boundary.oubound.elastic.purchase.ElasticsearchPurchaseRepositorySpec" time="14.11" tests="1" errors="0" skipped="0" failures="0">
  <properties>
    <property name="java.specification.version" value="17"/>
    <property name="sun.jnu.encoding" value="UTF-8"/>
    <property name="java.class.path" value="/Users/marekchodak/development/payments/target/test-classes:/Users/marekchodak/development/payments/target/classes:/Users/marekchodak/.m2/repository/org/springframework/boot/spring-boot-starter-data-elasticsearch/2.7.5/spring-boot-starter-data-elasticsearch-2.7.5.jar:/Users/marekchodak/.m2/repository/org/springframework/boot/spring-boot-starter/2.7.5/spring-boot-starter-2.7.5.jar:/Users/marekchodak/.m2/repository/org/springframework/boot/spring-boot/2.7.5/spring-boot-2.7.5.jar:/Users/marekchodak/.m2/repository/org/springframework/boot/spring-boot-autoconfigure/2.7.5/spring-boot-autoconfigure-2.7.5.jar:/Users/marekchodak/.m2/repository/org/springframework/boot/spring-boot-starter-logging/2.7.5/spring-boot-starter-logging-2.7.5.jar:/Users/marekchodak/.m2/repository/ch/qos/logback/logback-classic/1.2.11/logback-classic-1.2.11.jar:/Users/marekchodak/.m2/repository/ch/qos/logback/logback-core/1.2.11/logback-core-1.2.11.jar:/Users/marekchodak/.m2/repository/org/apache/logging/log4j/log4j-to-slf4j/2.17.2/log4j-to-slf4j-2.17.2.jar:/Users/marekchodak/.m2/repository/org/apache/logging/log4j/log4j-api/2.17.2/log4j-api-2.17.2.jar:/Users/marekchodak/.m2/repository/org/slf4j/jul-to-slf4j/1.7.36/jul-to-slf4j-1.7.36.jar:/Users/marekchodak/.m2/repository/jakarta/annotation/jakarta.annotation-api/1.3.5/jakarta.annotation-api-1.3.5.jar:/Users/marekchodak/.m2/repository/org/yaml/snakeyaml/1.30/snakeyaml-1.30.jar:/Users/marekchodak/.m2/repository/org/springframework/data/spring-data-elasticsearch/4.4.5/spring-data-elasticsearch-4.4.5.jar:/Users/marekchodak/.m2/repository/org/springframework/spring-context/5.3.23/spring-context-5.3.23.jar:/Users/marekchodak/.m2/repository/org/springframework/spring-tx/5.3.23/spring-tx-5.3.23.jar:/Users/marekchodak/.m2/repository/org/springframework/data/spring-data-commons/2.7.5/spring-data-commons-2.7.5.jar:/Users/marekchodak/.m2/repository/org/elasticsearch/client/elasticsearch-rest-high-level-client/7.17.6/elasticsearch-rest-high-level-client-7.17.6.jar:/Users/marekchodak/.m2/repository/org/elasticsearch/elasticsearch/7.17.6/elasticsearch-7.17.6.jar:/Users/marekchodak/.m2/repository/org/elasticsearch/elasticsearch-core/7.17.6/elasticsearch-core-7.17.6.jar:/Users/marekchodak/.m2/repository/org/elasticsearch/elasticsearch-secure-sm/7.17.6/elasticsearch-secure-sm-7.17.6.jar:/Users/marekchodak/.m2/repository/org/elasticsearch/elasticsearch-x-content/7.17.6/elasticsearch-x-content-7.17.6.jar:/Users/marekchodak/.m2/repository/com/fasterxml/jackson/dataformat/jackson-dataformat-smile/2.13.4/jackson-dataformat-smile-2.13.4.jar:/Users/marekchodak/.m2/repository/com/fasterxml/jackson/dataformat/jackson-dataformat-yaml/2.13.4/jackson-dataformat-yaml-2.13.4.jar:/Users/marekchodak/.m2/repository/com/fasterxml/jackson/dataformat/jackson-dataformat-cbor/2.13.4/jackson-dataformat-cbor-2.13.4.jar:/Users/marekchodak/.m2/repository/org/elasticsearch/elasticsearch-geo/7.17.6/elasticsearch-geo-7.17.6.jar:/Users/marekchodak/.m2/repository/org/elasticsearch/elasticsearch-lz4/7.17.6/elasticsearch-lz4-7.17.6.jar:/Users/marekchodak/.m2/repository/org/lz4/lz4-java/1.8.0/lz4-java-1.8.0.jar:/Users/marekchodak/.m2/repository/org/apache/lucene/lucene-core/8.11.1/lucene-core-8.11.1.jar:/Users/marekchodak/.m2/repository/org/apache/lucene/lucene-analyzers-common/8.11.1/lucene-analyzers-common-8.11.1.jar:/Users/marekchodak/.m2/repository/org/apache/lucene/lucene-backward-codecs/8.11.1/lucene-backward-codecs-8.11.1.jar:/Users/marekchodak/.m2/repository/org/apache/lucene/lucene-grouping/8.11.1/lucene-grouping-8.11.1.jar:/Users/marekchodak/.m2/repository/org/apache/lucene/lucene-highlighter/8.11.1/lucene-highlighter-8.11.1.jar:/Users/marekchodak/.m2/repository/org/apache/lucene/lucene-join/8.11.1/lucene-join-8.11.1.jar:/Users/marekchodak/.m2/repository/org/apache/lucene/lucene-memory/8.11.1/lucene-memory-8.11.1.jar:/Users/marekchodak/.m2/repository/org/apache/lucene/lucene-misc/8.11.1/lucene-misc-8.11.1.jar:/Users/marekchodak/.m2/repository/org/apache/lucene/lucene-queries/8.11.1/lucene-queries-8.11.1.jar:/Users/marekchodak/.m2/repository/org/apache/lucene/lucene-queryparser/8.11.1/lucene-queryparser-8.11.1.jar:/Users/marekchodak/.m2/repository/org/apache/lucene/lucene-sandbox/8.11.1/lucene-sandbox-8.11.1.jar:/Users/marekchodak/.m2/repository/org/apache/lucene/lucene-spatial3d/8.11.1/lucene-spatial3d-8.11.1.jar:/Users/marekchodak/.m2/repository/org/apache/lucene/lucene-suggest/8.11.1/lucene-suggest-8.11.1.jar:/Users/marekchodak/.m2/repository/org/elasticsearch/elasticsearch-cli/7.17.6/elasticsearch-cli-7.17.6.jar:/Users/marekchodak/.m2/repository/net/sf/jopt-simple/jopt-simple/5.0.2/jopt-simple-5.0.2.jar:/Users/marekchodak/.m2/repository/com/carrotsearch/hppc/0.8.1/hppc-0.8.1.jar:/Users/marekchodak/.m2/repository/joda-time/joda-time/2.10.10/joda-time-2.10.10.jar:/Users/marekchodak/.m2/repository/com/tdunning/t-digest/3.2/t-digest-3.2.jar:/Users/marekchodak/.m2/repository/org/hdrhistogram/HdrHistogram/2.1.9/HdrHistogram-2.1.9.jar:/Users/marekchodak/.m2/repository/org/elasticsearch/elasticsearch-plugin-classloader/7.17.6/elasticsearch-plugin-classloader-7.17.6.jar:/Users/marekchodak/.m2/repository/org/elasticsearch/plugin/mapper-extras-client/7.17.6/mapper-extras-client-7.17.6.jar:/Users/marekchodak/.m2/repository/org/elasticsearch/plugin/parent-join-client/7.17.6/parent-join-client-7.17.6.jar:/Users/marekchodak/.m2/repository/org/elasticsearch/plugin/aggs-matrix-stats-client/7.17.6/aggs-matrix-stats-client-7.17.6.jar:/Users/marekchodak/.m2/repository/org/elasticsearch/plugin/rank-eval-client/7.17.6/rank-eval-client-7.17.6.jar:/Users/marekchodak/.m2/repository/org/elasticsearch/plugin/lang-mustache-client/7.17.6/lang-mustache-client-7.17.6.jar:/Users/marekchodak/.m2/repository/com/github/spullara/mustache/java/compiler/0.9.6/compiler-0.9.6.jar:/Users/marekchodak/.m2/repository/co/elastic/clients/elasticsearch-java/7.17.6/elasticsearch-java-7.17.6.jar:/Users/marekchodak/.m2/repository/jakarta/json/jakarta.json-api/1.1.6/jakarta.json-api-1.1.6.jar:/Users/marekchodak/.m2/repository/org/eclipse/parsson/parsson/1.0.0/parsson-1.0.0.jar:/Users/marekchodak/.m2/repository/org/elasticsearch/client/elasticsearch-rest-client/7.17.6/elasticsearch-rest-client-7.17.6.jar:/Users/marekchodak/.m2/repository/org/apache/httpcomponents/httpclient/4.5.13/httpclient-4.5.13.jar:/Users/marekchodak/.m2/repository/org/apache/httpcomponents/httpcore/4.4.15/httpcore-4.4.15.jar:/Users/marekchodak/.m2/repository/org/apache/httpcomponents/httpasyncclient/4.1.5/httpasyncclient-4.1.5.jar:/Users/marekchodak/.m2/repository/org/apache/httpcomponents/httpcore-nio/4.4.15/httpcore-nio-4.4.15.jar:/Users/marekchodak/.m2/repository/commons-codec/commons-codec/1.15/commons-codec-1.15.jar:/Users/marekchodak/.m2/repository/com/fasterxml/jackson/core/jackson-core/2.13.4/jackson-core-2.13.4.jar:/Users/marekchodak/.m2/repository/com/fasterxml/jackson/core/jackson-databind/2.13.4.2/jackson-databind-2.13.4.2.jar:/Users/marekchodak/.m2/repository/org/springframework/boot/spring-boot-starter-data-mongodb/2.7.5/spring-boot-starter-data-mongodb-2.7.5.jar:/Users/marekchodak/.m2/repository/org/mongodb/mongodb-driver-sync/4.6.1/mongodb-driver-sync-4.6.1.jar:/Users/marekchodak/.m2/repository/org/mongodb/bson/4.6.1/bson-4.6.1.jar:/Users/marekchodak/.m2/repository/org/mongodb/mongodb-driver-core/4.6.1/mongodb-driver-core-4.6.1.jar:/Users/marekchodak/.m2/repository/org/mongodb/bson-record-codec/4.6.1/bson-record-codec-4.6.1.jar:/Users/marekchodak/.m2/repository/org/springframework/data/spring-data-mongodb/3.4.5/spring-data-mongodb-3.4.5.jar:/Users/marekchodak/.m2/repository/org/springframework/spring-beans/5.3.23/spring-beans-5.3.23.jar:/Users/marekchodak/.m2/repository/org/springframework/spring-expression/5.3.23/spring-expression-5.3.23.jar:/Users/marekchodak/.m2/repository/org/springframework/boot/spring-boot-starter-web/2.7.5/spring-boot-starter-web-2.7.5.jar:/Users/marekchodak/.m2/repository/org/springframework/boot/spring-boot-starter-json/2.7.5/spring-boot-starter-json-2.7.5.jar:/Users/marekchodak/.m2/repository/com/fasterxml/jackson/datatype/jackson-datatype-jdk8/2.13.4/jackson-datatype-jdk8-2.13.4.jar:/Users/marekchodak/.m2/repository/com/fasterxml/jackson/datatype/jackson-datatype-jsr310/2.13.4/jackson-datatype-jsr310-2.13.4.jar:/Users/marekchodak/.m2/repository/com/fasterxml/jackson/module/jackson-module-parameter-names/2.13.4/jackson-module-parameter-names-2.13.4.jar:/Users/marekchodak/.m2/repository/org/springframework/boot/spring-boot-starter-tomcat/2.7.5/spring-boot-starter-tomcat-2.7.5.jar:/Users/marekchodak/.m2/repository/org/apache/tomcat/embed/tomcat-embed-core/9.0.68/tomcat-embed-core-9.0.68.jar:/Users/marekchodak/.m2/repository/org/apache/tomcat/embed/tomcat-embed-websocket/9.0.68/tomcat-embed-websocket-9.0.68.jar:/Users/marekchodak/.m2/repository/org/springframework/spring-web/5.3.23/spring-web-5.3.23.jar:/Users/marekchodak/.m2/repository/org/springframework/spring-webmvc/5.3.23/spring-webmvc-5.3.23.jar:/Users/marekchodak/.m2/repository/org/springframework/spring-aop/5.3.23/spring-aop-5.3.23.jar:/Users/marekchodak/.m2/repository/org/springframework/boot/spring-boot-starter-validation/2.7.5/spring-boot-starter-validation-2.7.5.jar:/Users/marekchodak/.m2/repository/org/apache/tomcat/embed/tomcat-embed-el/9.0.68/tomcat-embed-el-9.0.68.jar:/Users/marekchodak/.m2/repository/org/hibernate/validator/hibernate-validator/6.2.5.Final/hibernate-validator-6.2.5.Final.jar:/Users/marekchodak/.m2/repository/jakarta/validation/jakarta.validation-api/2.0.2/jakarta.validation-api-2.0.2.jar:/Users/marekchodak/.m2/repository/org/jboss/logging/jboss-logging/3.4.3.Final/jboss-logging-3.4.3.Final.jar:/Users/marekchodak/.m2/repository/com/fasterxml/classmate/1.5.1/classmate-1.5.1.jar:/Users/marekchodak/.m2/repository/org/projectlombok/lombok/1.18.24/lombok-1.18.24.jar:/Users/marekchodak/.m2/repository/org/apache/commons/commons-lang3/3.12.0/commons-lang3-3.12.0.jar:/Users/marekchodak/.m2/repository/org/reflections/reflections/0.10.2/reflections-0.10.2.jar:/Users/marekchodak/.m2/repository/org/javassist/javassist/3.28.0-GA/javassist-3.28.0-GA.jar:/Users/marekchodak/.m2/repository/com/google/code/findbugs/jsr305/3.0.2/jsr305-3.0.2.jar:/Users/marekchodak/.m2/repository/org/slf4j/slf4j-api/1.7.36/slf4j-api-1.7.36.jar:/Users/marekchodak/.m2/repository/javax/validation/validation-api/2.0.1.Final/validation-api-2.0.1.Final.jar:/Users/marekchodak/.m2/repository/org/springframework/boot/spring-boot-starter-test/2.7.5/spring-boot-starter-test-2.7.5.jar:/Users/marekchodak/.m2/repository/org/springframework/boot/spring-boot-test/2.7.5/spring-boot-test-2.7.5.jar:/Users/marekchodak/.m2/repository/org/springframework/boot/spring-boot-test-autoconfigure/2.7.5/spring-boot-test-autoconfigure-2.7.5.jar:/Users/marekchodak/.m2/repository/com/jayway/jsonpath/json-path/2.7.0/json-path-2.7.0.jar:/Users/marekchodak/.m2/repository/net/minidev/json-smart/2.4.8/json-smart-2.4.8.jar:/Users/marekchodak/.m2/repository/net/minidev/accessors-smart/2.4.8/accessors-smart-2.4.8.jar:/Users/marekchodak/.m2/repository/org/ow2/asm/asm/9.1/asm-9.1.jar:/Users/marekchodak/.m2/repository/jakarta/xml/bind/jakarta.xml.bind-api/2.3.3/jakarta.xml.bind-api-2.3.3.jar:/Users/marekchodak/.m2/repository/jakarta/activation/jakarta.activation-api/1.2.2/jakarta.activation-api-1.2.2.jar:/Users/marekchodak/.m2/repository/org/assertj/assertj-core/3.22.0/assertj-core-3.22.0.jar:/Users/marekchodak/.m2/repository/org/hamcrest/hamcrest/2.2/hamcrest-2.2.jar:/Users/marekchodak/.m2/repository/org/junit/jupiter/junit-jupiter/5.8.2/junit-jupiter-5.8.2.jar:/Users/marekchodak/.m2/repository/org/junit/jupiter/junit-jupiter-api/5.8.2/junit-jupiter-api-5.8.2.jar:/Users/marekchodak/.m2/repository/org/junit/jupiter/junit-jupiter-params/5.8.2/junit-jupiter-params-5.8.2.jar:/Users/marekchodak/.m2/repository/org/junit/jupiter/junit-jupiter-engine/5.8.2/junit-jupiter-engine-5.8.2.jar:/Users/marekchodak/.m2/repository/org/mockito/mockito-core/4.5.1/mockito-core-4.5.1.jar:/Users/marekchodak/.m2/repository/net/bytebuddy/byte-buddy/1.12.18/byte-buddy-1.12.18.jar:/Users/marekchodak/.m2/repository/net/bytebuddy/byte-buddy-agent/1.12.18/byte-buddy-agent-1.12.18.jar:/Users/marekchodak/.m2/repository/org/objenesis/objenesis/3.2/objenesis-3.2.jar:/Users/marekchodak/.m2/repository/org/mockito/mockito-junit-jupiter/4.5.1/mockito-junit-jupiter-4.5.1.jar:/Users/marekchodak/.m2/repository/org/skyscreamer/jsonassert/1.5.1/jsonassert-1.5.1.jar:/Users/marekchodak/.m2/repository/com/vaadin/external/google/android-json/0.0.20131108.vaadin1/android-json-0.0.20131108.vaadin1.jar:/Users/marekchodak/.m2/repository/org/springframework/spring-core/5.3.23/spring-core-5.3.23.jar:/Users/marekchodak/.m2/repository/org/springframework/spring-jcl/5.3.23/spring-jcl-5.3.23.jar:/Users/marekchodak/.m2/repository/org/xmlunit/xmlunit-core/2.9.0/xmlunit-core-2.9.0.jar:/Users/marekchodak/.m2/repository/org/codehaus/groovy/groovy/3.0.13/groovy-3.0.13.jar:/Users/marekchodak/.m2/repository/org/spockframework/spock-core/2.2-M2-groovy-3.0/spock-core-2.2-M2-groovy-3.0.jar:/Users/marekchodak/.m2/repository/org/junit/platform/junit-platform-engine/1.8.2/junit-platform-engine-1.8.2.jar:/Users/marekchodak/.m2/repository/org/opentest4j/opentest4j/1.2.0/opentest4j-1.2.0.jar:/Users/marekchodak/.m2/repository/org/junit/platform/junit-platform-commons/1.8.2/junit-platform-commons-1.8.2.jar:/Users/marekchodak/.m2/repository/org/apiguardian/apiguardian-api/1.1.2/apiguardian-api-1.1.2.jar:/Users/marekchodak/.m2/repository/org/spockframework/spock-spring/2.2-M2-groovy-3.0/spock-spring-2.2-M2-groovy-3.0.jar:/Users/marekchodak/.m2/repository/org/springframework/spring-test/5.3.23/spring-test-5.3.23.jar:/Users/marekchodak/.m2/repository/org/testcontainers/mongodb/1.17.6/mongodb-1.17.6.jar:/Users/marekchodak/.m2/repository/org/testcontainers/elasticsearch/1.17.6/elasticsearch-1.17.6.jar:/Users/marekchodak/.m2/repository/org/testcontainers/testcontainers/1.17.6/testcontainers-1.17.6.jar:/Users/marekchodak/.m2/repository/junit/junit/4.13.2/junit-4.13.2.jar:/Users/marekchodak/.m2/repository/org/hamcrest/hamcrest-core/2.2/hamcrest-core-2.2.jar:/Users/marekchodak/.m2/repository/org/apache/commons/commons-compress/1.22/commons-compress-1.22.jar:/Users/marekchodak/.m2/repository/org/rnorth/duct-tape/duct-tape/1.0.8/duct-tape-1.0.8.jar:/Users/marekchodak/.m2/repository/org/jetbrains/annotations/17.0.0/annotations-17.0.0.jar:/Users/marekchodak/.m2/repository/com/github/docker-java/docker-java-api/3.2.13/docker-java-api-3.2.13.jar:/Users/marekchodak/.m2/repository/com/fasterxml/jackson/core/jackson-annotations/2.13.4/jackson-annotations-2.13.4.jar:/Users/marekchodak/.m2/repository/com/github/docker-java/docker-java-transport-zerodep/3.2.13/docker-java-transport-zerodep-3.2.13.jar:/Users/marekchodak/.m2/repository/com/github/docker-java/docker-java-transport/3.2.13/docker-java-transport-3.2.13.jar:/Users/marekchodak/.m2/repository/net/java/dev/jna/jna/5.8.0/jna-5.8.0.jar:/Users/marekchodak/.m2/repository/org/testcontainers/spock/1.17.6/spock-1.17.6.jar:"/>
    <property name="java.vm.vendor" value="Oracle Corporation"/>
    <property name="sun.arch.data.model" value="64"/>
    <property name="java.vendor.url" value="https://java.oracle.com/"/>
    <property name="user.timezone" value="UTC"/>
    <property name="os.name" value="Mac OS X"/>
    <property name="java.vm.specification.version" value="17"/>
    <property name="sun.java.launcher" value="SUN_STANDARD"/>
    <property name="user.country" value="PL"/>
    <property name="sun.boot.library.path" value="/Users/marekchodak/.sdkman/candidates/java/17-open/lib"/>
    <property name="sun.java.command" value="/Users/marekchodak/development/payments/target/surefire/surefirebooter-20221120083225355_3.jar /Users/marekchodak/development/payments/target/surefire 2022-11-20T08-32-25_266-jvmRun1 surefire-20221120083225355_1tmp surefire_0-20221120083225355_2tmp"/>
    <property name="http.nonProxyHosts" value="local|*.local|169.254/16|*.169.254/16"/>
    <property name="jdk.debug" value="release"/>
    <property name="surefire.test.class.path" value="/Users/marekchodak/development/payments/target/test-classes:/Users/marekchodak/development/payments/target/classes:/Users/marekchodak/.m2/repository/org/springframework/boot/spring-boot-starter-data-elasticsearch/2.7.5/spring-boot-starter-data-elasticsearch-2.7.5.jar:/Users/marekchodak/.m2/repository/org/springframework/boot/spring-boot-starter/2.7.5/spring-boot-starter-2.7.5.jar:/Users/marekchodak/.m2/repository/org/springframework/boot/spring-boot/2.7.5/spring-boot-2.7.5.jar:/Users/marekchodak/.m2/repository/org/springframework/boot/spring-boot-autoconfigure/2.7.5/spring-boot-autoconfigure-2.7.5.jar:/Users/marekchodak/.m2/repository/org/springframework/boot/spring-boot-starter-logging/2.7.5/spring-boot-starter-logging-2.7.5.jar:/Users/marekchodak/.m2/repository/ch/qos/logback/logback-classic/1.2.11/logback-classic-1.2.11.jar:/Users/marekchodak/.m2/repository/ch/qos/logback/logback-core/1.2.11/logback-core-1.2.11.jar:/Users/marekchodak/.m2/repository/org/apache/logging/log4j/log4j-to-slf4j/2.17.2/log4j-to-slf4j-2.17.2.jar:/Users/marekchodak/.m2/repository/org/apache/logging/log4j/log4j-api/2.17.2/log4j-api-2.17.2.jar:/Users/marekchodak/.m2/repository/org/slf4j/jul-to-slf4j/1.7.36/jul-to-slf4j-1.7.36.jar:/Users/marekchodak/.m2/repository/jakarta/annotation/jakarta.annotation-api/1.3.5/jakarta.annotation-api-1.3.5.jar:/Users/marekchodak/.m2/repository/org/yaml/snakeyaml/1.30/snakeyaml-1.30.jar:/Users/marekchodak/.m2/repository/org/springframework/data/spring-data-elasticsearch/4.4.5/spring-data-elasticsearch-4.4.5.jar:/Users/marekchodak/.m2/repository/org/springframework/spring-context/5.3.23/spring-context-5.3.23.jar:/Users/marekchodak/.m2/repository/org/springframework/spring-tx/5.3.23/spring-tx-5.3.23.jar:/Users/marekchodak/.m2/repository/org/springframework/data/spring-data-commons/2.7.5/spring-data-commons-2.7.5.jar:/Users/marekchodak/.m2/repository/org/elasticsearch/client/elasticsearch-rest-high-level-client/7.17.6/elasticsearch-rest-high-level-client-7.17.6.jar:/Users/marekchodak/.m2/repository/org/elasticsearch/elasticsearch/7.17.6/elasticsearch-7.17.6.jar:/Users/marekchodak/.m2/repository/org/elasticsearch/elasticsearch-core/7.17.6/elasticsearch-core-7.17.6.jar:/Users/marekchodak/.m2/repository/org/elasticsearch/elasticsearch-secure-sm/7.17.6/elasticsearch-secure-sm-7.17.6.jar:/Users/marekchodak/.m2/repository/org/elasticsearch/elasticsearch-x-content/7.17.6/elasticsearch-x-content-7.17.6.jar:/Users/marekchodak/.m2/repository/com/fasterxml/jackson/dataformat/jackson-dataformat-smile/2.13.4/jackson-dataformat-smile-2.13.4.jar:/Users/marekchodak/.m2/repository/com/fasterxml/jackson/dataformat/jackson-dataformat-yaml/2.13.4/jackson-dataformat-yaml-2.13.4.jar:/Users/marekchodak/.m2/repository/com/fasterxml/jackson/dataformat/jackson-dataformat-cbor/2.13.4/jackson-dataformat-cbor-2.13.4.jar:/Users/marekchodak/.m2/repository/org/elasticsearch/elasticsearch-geo/7.17.6/elasticsearch-geo-7.17.6.jar:/Users/marekchodak/.m2/repository/org/elasticsearch/elasticsearch-lz4/7.17.6/elasticsearch-lz4-7.17.6.jar:/Users/marekchodak/.m2/repository/org/lz4/lz4-java/1.8.0/lz4-java-1.8.0.jar:/Users/marekchodak/.m2/repository/org/apache/lucene/lucene-core/8.11.1/lucene-core-8.11.1.jar:/Users/marekchodak/.m2/repository/org/apache/lucene/lucene-analyzers-common/8.11.1/lucene-analyzers-common-8.11.1.jar:/Users/marekchodak/.m2/repository/org/apache/lucene/lucene-backward-codecs/8.11.1/lucene-backward-codecs-8.11.1.jar:/Users/marekchodak/.m2/repository/org/apache/lucene/lucene-grouping/8.11.1/lucene-grouping-8.11.1.jar:/Users/marekchodak/.m2/repository/org/apache/lucene/lucene-highlighter/8.11.1/lucene-highlighter-8.11.1.jar:/Users/marekchodak/.m2/repository/org/apache/lucene/lucene-join/8.11.1/lucene-join-8.11.1.jar:/Users/marekchodak/.m2/repository/org/apache/lucene/lucene-memory/8.11.1/lucene-memory-8.11.1.jar:/Users/marekchodak/.m2/repository/org/apache/lucene/lucene-misc/8.11.1/lucene-misc-8.11.1.jar:/Users/marekchodak/.m2/repository/org/apache/lucene/lucene-queries/8.11.1/lucene-queries-8.11.1.jar:/Users/marekchodak/.m2/repository/org/apache/lucene/lucene-queryparser/8.11.1/lucene-queryparser-8.11.1.jar:/Users/marekchodak/.m2/repository/org/apache/lucene/lucene-sandbox/8.11.1/lucene-sandbox-8.11.1.jar:/Users/marekchodak/.m2/repository/org/apache/lucene/lucene-spatial3d/8.11.1/lucene-spatial3d-8.11.1.jar:/Users/marekchodak/.m2/repository/org/apache/lucene/lucene-suggest/8.11.1/lucene-suggest-8.11.1.jar:/Users/marekchodak/.m2/repository/org/elasticsearch/elasticsearch-cli/7.17.6/elasticsearch-cli-7.17.6.jar:/Users/marekchodak/.m2/repository/net/sf/jopt-simple/jopt-simple/5.0.2/jopt-simple-5.0.2.jar:/Users/marekchodak/.m2/repository/com/carrotsearch/hppc/0.8.1/hppc-0.8.1.jar:/Users/marekchodak/.m2/repository/joda-time/joda-time/2.10.10/joda-time-2.10.10.jar:/Users/marekchodak/.m2/repository/com/tdunning/t-digest/3.2/t-digest-3.2.jar:/Users/marekchodak/.m2/repository/org/hdrhistogram/HdrHistogram/2.1.9/HdrHistogram-2.1.9.jar:/Users/marekchodak/.m2/repository/org/elasticsearch/elasticsearch-plugin-classloader/7.17.6/elasticsearch-plugin-classloader-7.17.6.jar:/Users/marekchodak/.m2/repository/org/elasticsearch/plugin/mapper-extras-client/7.17.6/mapper-extras-client-7.17.6.jar:/Users/marekchodak/.m2/repository/org/elasticsearch/plugin/parent-join-client/7.17.6/parent-join-client-7.17.6.jar:/Users/marekchodak/.m2/repository/org/elasticsearch/plugin/aggs-matrix-stats-client/7.17.6/aggs-matrix-stats-client-7.17.6.jar:/Users/marekchodak/.m2/repository/org/elasticsearch/plugin/rank-eval-client/7.17.6/rank-eval-client-7.17.6.jar:/Users/marekchodak/.m2/repository/org/elasticsearch/plugin/lang-mustache-client/7.17.6/lang-mustache-client-7.17.6.jar:/Users/marekchodak/.m2/repository/com/github/spullara/mustache/java/compiler/0.9.6/compiler-0.9.6.jar:/Users/marekchodak/.m2/repository/co/elastic/clients/elasticsearch-java/7.17.6/elasticsearch-java-7.17.6.jar:/Users/marekchodak/.m2/repository/jakarta/json/jakarta.json-api/1.1.6/jakarta.json-api-1.1.6.jar:/Users/marekchodak/.m2/repository/org/eclipse/parsson/parsson/1.0.0/parsson-1.0.0.jar:/Users/marekchodak/.m2/repository/org/elasticsearch/client/elasticsearch-rest-client/7.17.6/elasticsearch-rest-client-7.17.6.jar:/Users/marekchodak/.m2/repository/org/apache/httpcomponents/httpclient/4.5.13/httpclient-4.5.13.jar:/Users/marekchodak/.m2/repository/org/apache/httpcomponents/httpcore/4.4.15/httpcore-4.4.15.jar:/Users/marekchodak/.m2/repository/org/apache/httpcomponents/httpasyncclient/4.1.5/httpasyncclient-4.1.5.jar:/Users/marekchodak/.m2/repository/org/apache/httpcomponents/httpcore-nio/4.4.15/httpcore-nio-4.4.15.jar:/Users/marekchodak/.m2/repository/commons-codec/commons-codec/1.15/commons-codec-1.15.jar:/Users/marekchodak/.m2/repository/com/fasterxml/jackson/core/jackson-core/2.13.4/jackson-core-2.13.4.jar:/Users/marekchodak/.m2/repository/com/fasterxml/jackson/core/jackson-databind/2.13.4.2/jackson-databind-2.13.4.2.jar:/Users/marekchodak/.m2/repository/org/springframework/boot/spring-boot-starter-data-mongodb/2.7.5/spring-boot-starter-data-mongodb-2.7.5.jar:/Users/marekchodak/.m2/repository/org/mongodb/mongodb-driver-sync/4.6.1/mongodb-driver-sync-4.6.1.jar:/Users/marekchodak/.m2/repository/org/mongodb/bson/4.6.1/bson-4.6.1.jar:/Users/marekchodak/.m2/repository/org/mongodb/mongodb-driver-core/4.6.1/mongodb-driver-core-4.6.1.jar:/Users/marekchodak/.m2/repository/org/mongodb/bson-record-codec/4.6.1/bson-record-codec-4.6.1.jar:/Users/marekchodak/.m2/repository/org/springframework/data/spring-data-mongodb/3.4.5/spring-data-mongodb-3.4.5.jar:/Users/marekchodak/.m2/repository/org/springframework/spring-beans/5.3.23/spring-beans-5.3.23.jar:/Users/marekchodak/.m2/repository/org/springframework/spring-expression/5.3.23/spring-expression-5.3.23.jar:/Users/marekchodak/.m2/repository/org/springframework/boot/spring-boot-starter-web/2.7.5/spring-boot-starter-web-2.7.5.jar:/Users/marekchodak/.m2/repository/org/springframework/boot/spring-boot-starter-json/2.7.5/spring-boot-starter-json-2.7.5.jar:/Users/marekchodak/.m2/repository/com/fasterxml/jackson/datatype/jackson-datatype-jdk8/2.13.4/jackson-datatype-jdk8-2.13.4.jar:/Users/marekchodak/.m2/repository/com/fasterxml/jackson/datatype/jackson-datatype-jsr310/2.13.4/jackson-datatype-jsr310-2.13.4.jar:/Users/marekchodak/.m2/repository/com/fasterxml/jackson/module/jackson-module-parameter-names/2.13.4/jackson-module-parameter-names-2.13.4.jar:/Users/marekchodak/.m2/repository/org/springframework/boot/spring-boot-starter-tomcat/2.7.5/spring-boot-starter-tomcat-2.7.5.jar:/Users/marekchodak/.m2/repository/org/apache/tomcat/embed/tomcat-embed-core/9.0.68/tomcat-embed-core-9.0.68.jar:/Users/marekchodak/.m2/repository/org/apache/tomcat/embed/tomcat-embed-websocket/9.0.68/tomcat-embed-websocket-9.0.68.jar:/Users/marekchodak/.m2/repository/org/springframework/spring-web/5.3.23/spring-web-5.3.23.jar:/Users/marekchodak/.m2/repository/org/springframework/spring-webmvc/5.3.23/spring-webmvc-5.3.23.jar:/Users/marekchodak/.m2/repository/org/springframework/spring-aop/5.3.23/spring-aop-5.3.23.jar:/Users/marekchodak/.m2/repository/org/springframework/boot/spring-boot-starter-validation/2.7.5/spring-boot-starter-validation-2.7.5.jar:/Users/marekchodak/.m2/repository/org/apache/tomcat/embed/tomcat-embed-el/9.0.68/tomcat-embed-el-9.0.68.jar:/Users/marekchodak/.m2/repository/org/hibernate/validator/hibernate-validator/6.2.5.Final/hibernate-validator-6.2.5.Final.jar:/Users/marekchodak/.m2/repository/jakarta/validation/jakarta.validation-api/2.0.2/jakarta.validation-api-2.0.2.jar:/Users/marekchodak/.m2/repository/org/jboss/logging/jboss-logging/3.4.3.Final/jboss-logging-3.4.3.Final.jar:/Users/marekchodak/.m2/repository/com/fasterxml/classmate/1.5.1/classmate-1.5.1.jar:/Users/marekchodak/.m2/repository/org/projectlombok/lombok/1.18.24/lombok-1.18.24.jar:/Users/marekchodak/.m2/repository/org/apache/commons/commons-lang3/3.12.0/commons-lang3-3.12.0.jar:/Users/marekchodak/.m2/repository/org/reflections/reflections/0.10.2/reflections-0.10.2.jar:/Users/marekchodak/.m2/repository/org/javassist/javassist/3.28.0-GA/javassist-3.28.0-GA.jar:/Users/marekchodak/.m2/repository/com/google/code/findbugs/jsr305/3.0.2/jsr305-3.0.2.jar:/Users/marekchodak/.m2/repository/org/slf4j/slf4j-api/1.7.36/slf4j-api-1.7.36.jar:/Users/marekchodak/.m2/repository/javax/validation/validation-api/2.0.1.Final/validation-api-2.0.1.Final.jar:/Users/marekchodak/.m2/repository/org/springframework/boot/spring-boot-starter-test/2.7.5/spring-boot-starter-test-2.7.5.jar:/Users/marekchodak/.m2/repository/org/springframework/boot/spring-boot-test/2.7.5/spring-boot-test-2.7.5.jar:/Users/marekchodak/.m2/repository/org/springframework/boot/spring-boot-test-autoconfigure/2.7.5/spring-boot-test-autoconfigure-2.7.5.jar:/Users/marekchodak/.m2/repository/com/jayway/jsonpath/json-path/2.7.0/json-path-2.7.0.jar:/Users/marekchodak/.m2/repository/net/minidev/json-smart/2.4.8/json-smart-2.4.8.jar:/Users/marekchodak/.m2/repository/net/minidev/accessors-smart/2.4.8/accessors-smart-2.4.8.jar:/Users/marekchodak/.m2/repository/org/ow2/asm/asm/9.1/asm-9.1.jar:/Users/marekchodak/.m2/repository/jakarta/xml/bind/jakarta.xml.bind-api/2.3.3/jakarta.xml.bind-api-2.3.3.jar:/Users/marekchodak/.m2/repository/jakarta/activation/jakarta.activation-api/1.2.2/jakarta.activation-api-1.2.2.jar:/Users/marekchodak/.m2/repository/org/assertj/assertj-core/3.22.0/assertj-core-3.22.0.jar:/Users/marekchodak/.m2/repository/org/hamcrest/hamcrest/2.2/hamcrest-2.2.jar:/Users/marekchodak/.m2/repository/org/junit/jupiter/junit-jupiter/5.8.2/junit-jupiter-5.8.2.jar:/Users/marekchodak/.m2/repository/org/junit/jupiter/junit-jupiter-api/5.8.2/junit-jupiter-api-5.8.2.jar:/Users/marekchodak/.m2/repository/org/junit/jupiter/junit-jupiter-params/5.8.2/junit-jupiter-params-5.8.2.jar:/Users/marekchodak/.m2/repository/org/junit/jupiter/junit-jupiter-engine/5.8.2/junit-jupiter-engine-5.8.2.jar:/Users/marekchodak/.m2/repository/org/mockito/mockito-core/4.5.1/mockito-core-4.5.1.jar:/Users/marekchodak/.m2/repository/net/bytebuddy/byte-buddy/1.12.18/byte-buddy-1.12.18.jar:/Users/marekchodak/.m2/repository/net/bytebuddy/byte-buddy-agent/1.12.18/byte-buddy-agent-1.12.18.jar:/Users/marekchodak/.m2/repository/org/objenesis/objenesis/3.2/objenesis-3.2.jar:/Users/marekchodak/.m2/repository/org/mockito/mockito-junit-jupiter/4.5.1/mockito-junit-jupiter-4.5.1.jar:/Users/marekchodak/.m2/repository/org/skyscreamer/jsonassert/1.5.1/jsonassert-1.5.1.jar:/Users/marekchodak/.m2/repository/com/vaadin/external/google/android-json/0.0.20131108.vaadin1/android-json-0.0.20131108.vaadin1.jar:/Users/marekchodak/.m2/repository/org/springframework/spring-core/5.3.23/spring-core-5.3.23.jar:/Users/marekchodak/.m2/repository/org/springframework/spring-jcl/5.3.23/spring-jcl-5.3.23.jar:/Users/marekchodak/.m2/repository/org/xmlunit/xmlunit-core/2.9.0/xmlunit-core-2.9.0.jar:/Users/marekchodak/.m2/repository/org/codehaus/groovy/groovy/3.0.13/groovy-3.0.13.jar:/Users/marekchodak/.m2/repository/org/spockframework/spock-core/2.2-M2-groovy-3.0/spock-core-2.2-M2-groovy-3.0.jar:/Users/marekchodak/.m2/repository/org/junit/platform/junit-platform-engine/1.8.2/junit-platform-engine-1.8.2.jar:/Users/marekchodak/.m2/repository/org/opentest4j/opentest4j/1.2.0/opentest4j-1.2.0.jar:/Users/marekchodak/.m2/repository/org/junit/platform/junit-platform-commons/1.8.2/junit-platform-commons-1.8.2.jar:/Users/marekchodak/.m2/repository/org/apiguardian/apiguardian-api/1.1.2/apiguardian-api-1.1.2.jar:/Users/marekchodak/.m2/repository/org/spockframework/spock-spring/2.2-M2-groovy-3.0/spock-spring-2.2-M2-groovy-3.0.jar:/Users/marekchodak/.m2/repository/org/springframework/spring-test/5.3.23/spring-test-5.3.23.jar:/Users/marekchodak/.m2/repository/org/testcontainers/mongodb/1.17.6/mongodb-1.17.6.jar:/Users/marekchodak/.m2/repository/org/testcontainers/elasticsearch/1.17.6/elasticsearch-1.17.6.jar:/Users/marekchodak/.m2/repository/org/testcontainers/testcontainers/1.17.6/testcontainers-1.17.6.jar:/Users/marekchodak/.m2/repository/junit/junit/4.13.2/junit-4.13.2.jar:/Users/marekchodak/.m2/repository/org/hamcrest/hamcrest-core/2.2/hamcrest-core-2.2.jar:/Users/marekchodak/.m2/repository/org/apache/commons/commons-compress/1.22/commons-compress-1.22.jar:/Users/marekchodak/.m2/repository/org/rnorth/duct-tape/duct-tape/1.0.8/duct-tape-1.0.8.jar:/Users/marekchodak/.m2/repository/org/jetbrains/annotations/17.0.0/annotations-17.0.0.jar:/Users/marekchodak/.m2/repository/com/github/docker-java/docker-java-api/3.2.13/docker-java-api-3.2.13.jar:/Users/marekchodak/.m2/repository/com/fasterxml/jackson/core/jackson-annotations/2.13.4/jackson-annotations-2.13.4.jar:/Users/marekchodak/.m2/repository/com/github/docker-java/docker-java-transport-zerodep/3.2.13/docker-java-transport-zerodep-3.2.13.jar:/Users/marekchodak/.m2/repository/com/github/docker-java/docker-java-transport/3.2.13/docker-java-transport-3.2.13.jar:/Users/marekchodak/.m2/repository/net/java/dev/jna/jna/5.8.0/jna-5.8.0.jar:/Users/marekchodak/.m2/repository/org/testcontainers/spock/1.17.6/spock-1.17.6.jar:"/>
    <property name="sun.cpu.endian" value="little"/>
    <property name="user.home" value="/Users/marekchodak"/>
    <property name="user.language" value="en"/>
    <property name="java.specification.vendor" value="Oracle Corporation"/>
    <property name="java.version.date" value="2021-09-14"/>
    <property name="java.home" value="/Users/marekchodak/.sdkman/candidates/java/17-open"/>
    <property name="file.separator" value="/"/>
    <property name="basedir" value="/Users/marekchodak/development/payments"/>
    <property name="java.vm.compressedOopsMode" value="Zero based"/>
    <property name="line.separator" value="&#10;"/>
    <property name="java.vm.specification.vendor" value="Oracle Corporation"/>
    <property name="java.specification.name" value="Java Platform API Specification"/>
    <property name="pactbroker.auth.password" value="ohhei5ea@keu4ahCeewel7g"/>
    <property name="surefire.real.class.path" value="/Users/marekchodak/development/payments/target/surefire/surefirebooter-20221120083225355_3.jar"/>
    <property name="pactbroker.port" value="443"/>
    <property name="sun.management.compiler" value="HotSpot 64-Bit Tiered Compilers"/>
    <property name="ftp.nonProxyHosts" value="local|*.local|169.254/16|*.169.254/16"/>
    <property name="java.runtime.version" value="17+35-2724"/>
    <property name="user.name" value="marekchodak"/>
    <property name="path.separator" value=":"/>
    <property name="os.version" value="12.0.1"/>
    <property name="java.runtime.name" value="OpenJDK Runtime Environment"/>
    <property name="file.encoding" value="UTF-8"/>
    <property name="java.vm.name" value="OpenJDK 64-Bit Server VM"/>
    <property name="pactbroker.auth.username" value="pact-broker-readonly"/>
    <property name="localRepository" value="/Users/marekchodak/.m2/repository"/>
    <property name="java.vendor.url.bug" value="https://bugreport.java.com/bugreport/"/>
    <property name="java.io.tmpdir" value="/var/folders/9x/6nphlpts6yb6b56p6d5frrhc0000gn/T/"/>
    <property name="java.version" value="17"/>
    <property name="user.dir" value="/Users/marekchodak/development/payments"/>
    <property name="os.arch" value="aarch64"/>
    <property name="java.vm.specification.name" value="Java Virtual Machine Specification"/>
    <property name="pactbroker.scheme" value="https"/>
    <property name="pactbroker.host" value="pact-broker.dev.kitopiconnect.com"/>
    <property name="native.encoding" value="UTF-8"/>
    <property name="java.library.path" value="/Users/marekchodak/Library/Java/Extensions:/Library/Java/Extensions:/Network/Library/Java/Extensions:/System/Library/Java/Extensions:/usr/lib/java:."/>
    <property name="java.vm.info" value="mixed mode, sharing"/>
    <property name="java.vendor" value="Oracle Corporation"/>
    <property name="java.vm.version" value="17+35-2724"/>
    <property name="sun.io.unicode.encoding" value="UnicodeBig"/>
    <property name="socksNonProxyHosts" value="local|*.local|169.254/16|*.169.254/16"/>
    <property name="java.class.version" value="61.0"/>
  </properties>
  <testcase name="should save purchase view" classname="com.zilch.payments.boundary.oubound.elastic.purchase.ElasticsearchPurchaseRepositorySpec" time="0.376">
    <system-out><![CDATA[07:32:25.651 [main] DEBUG org.springframework.test.annotation.ProfileValueUtils - Retrieved @ProfileValueSourceConfiguration [null] for test class [com.zilch.payments.boundary.oubound.elastic.purchase.ElasticsearchPurchaseRepositorySpec]
07:32:25.652 [main] DEBUG org.springframework.test.annotation.ProfileValueUtils - Retrieved ProfileValueSource type [class org.springframework.test.annotation.SystemProfileValueSource] for class [com.zilch.payments.boundary.oubound.elastic.purchase.ElasticsearchPurchaseRepositorySpec]
07:32:25.652 [main] DEBUG org.springframework.test.annotation.ProfileValueUtils - Retrieved @ProfileValueSourceConfiguration [null] for test class [com.zilch.payments.boundary.oubound.elastic.purchase.ElasticsearchPurchaseRepositorySpec]
07:32:25.652 [main] DEBUG org.springframework.test.annotation.ProfileValueUtils - Retrieved ProfileValueSource type [class org.springframework.test.annotation.SystemProfileValueSource] for class [com.zilch.payments.boundary.oubound.elastic.purchase.ElasticsearchPurchaseRepositorySpec]
07:32:25.655 [main] DEBUG org.springframework.test.context.BootstrapUtils - Instantiating CacheAwareContextLoaderDelegate from class [org.springframework.test.context.cache.DefaultCacheAwareContextLoaderDelegate]
07:32:25.657 [main] DEBUG org.springframework.test.context.BootstrapUtils - Instantiating BootstrapContext using constructor [public org.springframework.test.context.support.DefaultBootstrapContext(java.lang.Class,org.springframework.test.context.CacheAwareContextLoaderDelegate)]
07:32:25.660 [main] DEBUG org.springframework.test.context.BootstrapUtils - Instantiating TestContextBootstrapper for test class [com.zilch.payments.boundary.oubound.elastic.purchase.ElasticsearchPurchaseRepositorySpec] from class [org.springframework.test.context.support.DefaultTestContextBootstrapper]
07:32:25.667 [main] DEBUG org.springframework.test.context.support.AbstractDelegatingSmartContextLoader - Delegating to AnnotationConfigContextLoader to process context configuration [ContextConfigurationAttributes@6a6afff2 declaringClass = 'com.zilch.payments.boundary.oubound.elastic.ElasticsearchSliceBaseTest', classes = '{class com.zilch.payments.application.config.elasticsearch.ElasticsearchConfig}', locations = '{}', inheritLocations = true, initializers = '{class com.zilch.payments.boundary.oubound.elastic.ElasticsearchTestContainerRunner$Initializer}', inheritInitializers = true, name = [null], contextLoaderClass = 'org.springframework.test.context.ContextLoader'].
07:32:25.692 [main] DEBUG org.springframework.test.context.support.ActiveProfilesUtils - Could not find an 'annotation declaring class' for annotation type [org.springframework.test.context.ActiveProfiles] and class [com.zilch.payments.boundary.oubound.elastic.purchase.ElasticsearchPurchaseRepositorySpec]
07:32:25.692 [main] DEBUG org.springframework.test.context.support.DefaultTestContextBootstrapper - @TestExecutionListeners is not present for class [com.zilch.payments.boundary.oubound.elastic.purchase.ElasticsearchPurchaseRepositorySpec]: using defaults.
07:32:25.693 [main] INFO org.springframework.test.context.support.DefaultTestContextBootstrapper - Loaded default TestExecutionListener class names from location [META-INF/spring.factories]: [org.springframework.boot.test.mock.mockito.MockitoTestExecutionListener, org.springframework.boot.test.mock.mockito.ResetMocksTestExecutionListener, org.springframework.boot.test.autoconfigure.restdocs.RestDocsTestExecutionListener, org.springframework.boot.test.autoconfigure.web.client.MockRestServiceServerResetTestExecutionListener, org.springframework.boot.test.autoconfigure.web.servlet.MockMvcPrintOnlyOnFailureTestExecutionListener, org.springframework.boot.test.autoconfigure.web.servlet.WebDriverTestExecutionListener, org.springframework.boot.test.autoconfigure.webservices.client.MockWebServiceServerTestExecutionListener, org.spockframework.spring.SpringMockTestExecutionListener, org.springframework.test.context.web.ServletTestExecutionListener, org.springframework.test.context.support.DirtiesContextBeforeModesTestExecutionListener, org.springframework.test.context.event.ApplicationEventsTestExecutionListener, org.springframework.test.context.support.DependencyInjectionTestExecutionListener, org.springframework.test.context.support.DirtiesContextTestExecutionListener, org.springframework.test.context.transaction.TransactionalTestExecutionListener, org.springframework.test.context.jdbc.SqlScriptsTestExecutionListener, org.springframework.test.context.event.EventPublishingTestExecutionListener]
07:32:25.700 [main] INFO org.springframework.test.context.support.DefaultTestContextBootstrapper - Using TestExecutionListeners: [org.springframework.test.context.web.ServletTestExecutionListener@548d708a, org.springframework.test.context.support.DirtiesContextBeforeModesTestExecutionListener@4b013c76, org.springframework.test.context.event.ApplicationEventsTestExecutionListener@53fb3dab, org.springframework.boot.test.mock.mockito.MockitoTestExecutionListener@cb0755b, org.springframework.test.context.support.DependencyInjectionTestExecutionListener@33065d67, org.springframework.test.context.support.DirtiesContextTestExecutionListener@712625fd, org.springframework.test.context.transaction.TransactionalTestExecutionListener@7bba5817, org.springframework.test.context.jdbc.SqlScriptsTestExecutionListener@742ff096, org.springframework.test.context.event.EventPublishingTestExecutionListener@75437611, org.springframework.boot.test.mock.mockito.ResetMocksTestExecutionListener@350aac89, org.springframework.boot.test.autoconfigure.restdocs.RestDocsTestExecutionListener@1c5920df, org.springframework.boot.test.autoconfigure.web.client.MockRestServiceServerResetTestExecutionListener@17f9d882, org.springframework.boot.test.autoconfigure.web.servlet.MockMvcPrintOnlyOnFailureTestExecutionListener@79e4c792, org.springframework.boot.test.autoconfigure.web.servlet.WebDriverTestExecutionListener@196a42c3, org.springframework.boot.test.autoconfigure.webservices.client.MockWebServiceServerTestExecutionListener@4c60d6e9, org.spockframework.spring.SpringMockTestExecutionListener@15043a2f]
07:32:25.911 [main] DEBUG org.springframework.test.annotation.ProfileValueUtils - Retrieved @ProfileValueSourceConfiguration [null] for test class [com.zilch.payments.boundary.oubound.elastic.ElasticsearchSliceBaseTest]
07:32:25.911 [main] DEBUG org.springframework.test.annotation.ProfileValueUtils - Retrieved ProfileValueSource type [class org.springframework.test.annotation.SystemProfileValueSource] for class [com.zilch.payments.boundary.oubound.elastic.ElasticsearchSliceBaseTest]
07:32:25.911 [main] DEBUG org.springframework.test.context.BootstrapUtils - Instantiating CacheAwareContextLoaderDelegate from class [org.springframework.test.context.cache.DefaultCacheAwareContextLoaderDelegate]
07:32:25.911 [main] DEBUG org.springframework.test.context.BootstrapUtils - Instantiating BootstrapContext using constructor [public org.springframework.test.context.support.DefaultBootstrapContext(java.lang.Class,org.springframework.test.context.CacheAwareContextLoaderDelegate)]
07:32:25.911 [main] DEBUG org.springframework.test.context.BootstrapUtils - Instantiating TestContextBootstrapper for test class [com.zilch.payments.boundary.oubound.elastic.ElasticsearchSliceBaseTest] from class [org.springframework.test.context.support.DefaultTestContextBootstrapper]
07:32:25.912 [main] DEBUG org.springframework.test.context.support.AbstractDelegatingSmartContextLoader - Delegating to AnnotationConfigContextLoader to process context configuration [ContextConfigurationAttributes@68b6f0d6 declaringClass = 'com.zilch.payments.boundary.oubound.elastic.ElasticsearchSliceBaseTest', classes = '{class com.zilch.payments.application.config.elasticsearch.ElasticsearchConfig}', locations = '{}', inheritLocations = true, initializers = '{class com.zilch.payments.boundary.oubound.elastic.ElasticsearchTestContainerRunner$Initializer}', inheritInitializers = true, name = [null], contextLoaderClass = 'org.springframework.test.context.ContextLoader'].
07:32:25.913 [main] DEBUG org.springframework.test.context.support.ActiveProfilesUtils - Could not find an 'annotation declaring class' for annotation type [org.springframework.test.context.ActiveProfiles] and class [com.zilch.payments.boundary.oubound.elastic.ElasticsearchSliceBaseTest]
07:32:25.913 [main] DEBUG org.springframework.test.context.support.DefaultTestContextBootstrapper - @TestExecutionListeners is not present for class [com.zilch.payments.boundary.oubound.elastic.ElasticsearchSliceBaseTest]: using defaults.
07:32:25.913 [main] INFO org.springframework.test.context.support.DefaultTestContextBootstrapper - Loaded default TestExecutionListener class names from location [META-INF/spring.factories]: [org.springframework.boot.test.mock.mockito.MockitoTestExecutionListener, org.springframework.boot.test.mock.mockito.ResetMocksTestExecutionListener, org.springframework.boot.test.autoconfigure.restdocs.RestDocsTestExecutionListener, org.springframework.boot.test.autoconfigure.web.client.MockRestServiceServerResetTestExecutionListener, org.springframework.boot.test.autoconfigure.web.servlet.MockMvcPrintOnlyOnFailureTestExecutionListener, org.springframework.boot.test.autoconfigure.web.servlet.WebDriverTestExecutionListener, org.springframework.boot.test.autoconfigure.webservices.client.MockWebServiceServerTestExecutionListener, org.spockframework.spring.SpringMockTestExecutionListener, org.springframework.test.context.web.ServletTestExecutionListener, org.springframework.test.context.support.DirtiesContextBeforeModesTestExecutionListener, org.springframework.test.context.event.ApplicationEventsTestExecutionListener, org.springframework.test.context.support.DependencyInjectionTestExecutionListener, org.springframework.test.context.support.DirtiesContextTestExecutionListener, org.springframework.test.context.transaction.TransactionalTestExecutionListener, org.springframework.test.context.jdbc.SqlScriptsTestExecutionListener, org.springframework.test.context.event.EventPublishingTestExecutionListener]
07:32:25.913 [main] INFO org.springframework.test.context.support.DefaultTestContextBootstrapper - Using TestExecutionListeners: [org.springframework.test.context.web.ServletTestExecutionListener@4044fb95, org.springframework.test.context.support.DirtiesContextBeforeModesTestExecutionListener@aa549e5, org.springframework.test.context.event.ApplicationEventsTestExecutionListener@36f48b4, org.springframework.boot.test.mock.mockito.MockitoTestExecutionListener@5c00384f, org.springframework.test.context.support.DependencyInjectionTestExecutionListener@3b7ff809, org.springframework.test.context.support.DirtiesContextTestExecutionListener@1bb564e2, org.springframework.test.context.transaction.TransactionalTestExecutionListener@62e6b5c8, org.springframework.test.context.jdbc.SqlScriptsTestExecutionListener@3f792b9b, org.springframework.test.context.event.EventPublishingTestExecutionListener@7b8233cd, org.springframework.boot.test.mock.mockito.ResetMocksTestExecutionListener@4b20ca2b, org.springframework.boot.test.autoconfigure.restdocs.RestDocsTestExecutionListener@1cbf6e72, org.springframework.boot.test.autoconfigure.web.client.MockRestServiceServerResetTestExecutionListener@6aecbb8d, org.springframework.boot.test.autoconfigure.web.servlet.MockMvcPrintOnlyOnFailureTestExecutionListener@1af146, org.springframework.boot.test.autoconfigure.web.servlet.WebDriverTestExecutionListener@4da602fc, org.springframework.boot.test.autoconfigure.webservices.client.MockWebServiceServerTestExecutionListener@2a8d39c4, org.spockframework.spring.SpringMockTestExecutionListener@25b2cfcb]
07:32:25.925 [main] DEBUG org.springframework.test.annotation.ProfileValueUtils - Retrieved @ProfileValueSourceConfiguration [null] for test class [com.zilch.payments.boundary.oubound.mongo.MongoDbSliceBaseTest]
07:32:25.926 [main] DEBUG org.springframework.test.annotation.ProfileValueUtils - Retrieved ProfileValueSource type [class org.springframework.test.annotation.SystemProfileValueSource] for class [com.zilch.payments.boundary.oubound.mongo.MongoDbSliceBaseTest]
07:32:25.926 [main] DEBUG org.springframework.test.context.BootstrapUtils - Instantiating CacheAwareContextLoaderDelegate from class [org.springframework.test.context.cache.DefaultCacheAwareContextLoaderDelegate]
07:32:25.926 [main] DEBUG org.springframework.test.context.BootstrapUtils - Instantiating BootstrapContext using constructor [public org.springframework.test.context.support.DefaultBootstrapContext(java.lang.Class,org.springframework.test.context.CacheAwareContextLoaderDelegate)]
07:32:25.928 [main] DEBUG org.springframework.test.context.BootstrapUtils - Instantiating TestContextBootstrapper for test class [com.zilch.payments.boundary.oubound.mongo.MongoDbSliceBaseTest] from class [org.springframework.boot.test.autoconfigure.data.mongo.DataMongoTestContextBootstrapper]
07:32:25.930 [main] DEBUG org.springframework.test.context.support.AbstractContextLoader - Did not detect default resource location for test class [com.zilch.payments.boundary.oubound.mongo.MongoDbSliceBaseTest]: class path resource [com/zilch/payments/boundary/oubound/mongo/MongoDbSliceBaseTest-context.xml] does not exist
07:32:25.930 [main] DEBUG org.springframework.test.context.support.AbstractContextLoader - Did not detect default resource location for test class [com.zilch.payments.boundary.oubound.mongo.MongoDbSliceBaseTest]: class path resource [com/zilch/payments/boundary/oubound/mongo/MongoDbSliceBaseTestContext.groovy] does not exist
07:32:25.930 [main] INFO org.springframework.test.context.support.AbstractContextLoader - Could not detect default resource locations for test class [com.zilch.payments.boundary.oubound.mongo.MongoDbSliceBaseTest]: no resource found for suffixes {-context.xml, Context.groovy}.
07:32:25.940 [main] DEBUG org.springframework.test.context.support.ActiveProfilesUtils - Could not find an 'annotation declaring class' for annotation type [org.springframework.test.context.ActiveProfiles] and class [com.zilch.payments.boundary.oubound.mongo.MongoDbSliceBaseTest]
07:32:25.945 [main] DEBUG org.springframework.boot.test.autoconfigure.data.mongo.DataMongoTestContextBootstrapper - @TestExecutionListeners is not present for class [com.zilch.payments.boundary.oubound.mongo.MongoDbSliceBaseTest]: using defaults.
07:32:25.945 [main] INFO org.springframework.boot.test.autoconfigure.data.mongo.DataMongoTestContextBootstrapper - Loaded default TestExecutionListener class names from location [META-INF/spring.factories]: [org.springframework.boot.test.mock.mockito.MockitoTestExecutionListener, org.springframework.boot.test.mock.mockito.ResetMocksTestExecutionListener, org.springframework.boot.test.autoconfigure.restdocs.RestDocsTestExecutionListener, org.springframework.boot.test.autoconfigure.web.client.MockRestServiceServerResetTestExecutionListener, org.springframework.boot.test.autoconfigure.web.servlet.MockMvcPrintOnlyOnFailureTestExecutionListener, org.springframework.boot.test.autoconfigure.web.servlet.WebDriverTestExecutionListener, org.springframework.boot.test.autoconfigure.webservices.client.MockWebServiceServerTestExecutionListener, org.spockframework.spring.SpringMockTestExecutionListener, org.springframework.test.context.web.ServletTestExecutionListener, org.springframework.test.context.support.DirtiesContextBeforeModesTestExecutionListener, org.springframework.test.context.event.ApplicationEventsTestExecutionListener, org.springframework.test.context.support.DependencyInjectionTestExecutionListener, org.springframework.test.context.support.DirtiesContextTestExecutionListener, org.springframework.test.context.transaction.TransactionalTestExecutionListener, org.springframework.test.context.jdbc.SqlScriptsTestExecutionListener, org.springframework.test.context.event.EventPublishingTestExecutionListener]
07:32:25.946 [main] INFO org.springframework.boot.test.autoconfigure.data.mongo.DataMongoTestContextBootstrapper - Using TestExecutionListeners: [org.springframework.test.context.web.ServletTestExecutionListener@5536379e, org.springframework.test.context.support.DirtiesContextBeforeModesTestExecutionListener@277f7dd3, org.springframework.test.context.event.ApplicationEventsTestExecutionListener@6c8bca63, org.springframework.boot.test.mock.mockito.MockitoTestExecutionListener@2364305a, org.springframework.boot.test.autoconfigure.SpringBootDependencyInjectionTestExecutionListener@470a696f, org.springframework.test.context.support.DirtiesContextTestExecutionListener@1bc715b8, org.springframework.test.context.transaction.TransactionalTestExecutionListener@292d1c71, org.springframework.test.context.jdbc.SqlScriptsTestExecutionListener@2b491fee, org.springframework.test.context.event.EventPublishingTestExecutionListener@3f1c5af9, org.springframework.boot.test.mock.mockito.ResetMocksTestExecutionListener@1c55f277, org.springframework.boot.test.autoconfigure.restdocs.RestDocsTestExecutionListener@5ddabb18, org.springframework.boot.test.autoconfigure.web.client.MockRestServiceServerResetTestExecutionListener@3e8f7922, org.springframework.boot.test.autoconfigure.web.servlet.MockMvcPrintOnlyOnFailureTestExecutionListener@63192798, org.springframework.boot.test.autoconfigure.web.servlet.WebDriverTestExecutionListener@50eca7c6, org.springframework.boot.test.autoconfigure.webservices.client.MockWebServiceServerTestExecutionListener@58e6d4b8, org.spockframework.spring.SpringMockTestExecutionListener@1de5f0ef]
07:32:25.949 [main] DEBUG org.springframework.test.annotation.ProfileValueUtils - Retrieved @ProfileValueSourceConfiguration [null] for test class [com.zilch.payments.boundary.oubound.mongo.purchase.MongoPurchasesRepositorySpec]
07:32:25.949 [main] DEBUG org.springframework.test.annotation.ProfileValueUtils - Retrieved ProfileValueSource type [class org.springframework.test.annotation.SystemProfileValueSource] for class [com.zilch.payments.boundary.oubound.mongo.purchase.MongoPurchasesRepositorySpec]
07:32:25.949 [main] DEBUG org.springframework.test.annotation.ProfileValueUtils - Retrieved @ProfileValueSourceConfiguration [null] for test class [com.zilch.payments.boundary.oubound.mongo.purchase.MongoPurchasesRepositorySpec]
07:32:25.949 [main] DEBUG org.springframework.test.annotation.ProfileValueUtils - Retrieved ProfileValueSource type [class org.springframework.test.annotation.SystemProfileValueSource] for class [com.zilch.payments.boundary.oubound.mongo.purchase.MongoPurchasesRepositorySpec]
07:32:25.949 [main] DEBUG org.springframework.test.annotation.ProfileValueUtils - Retrieved @ProfileValueSourceConfiguration [null] for test class [com.zilch.payments.boundary.oubound.mongo.purchase.MongoPurchasesRepositorySpec]
07:32:25.949 [main] DEBUG org.springframework.test.annotation.ProfileValueUtils - Retrieved ProfileValueSource type [class org.springframework.test.annotation.SystemProfileValueSource] for class [com.zilch.payments.boundary.oubound.mongo.purchase.MongoPurchasesRepositorySpec]
07:32:25.950 [main] DEBUG org.springframework.test.context.BootstrapUtils - Instantiating CacheAwareContextLoaderDelegate from class [org.springframework.test.context.cache.DefaultCacheAwareContextLoaderDelegate]
07:32:25.950 [main] DEBUG org.springframework.test.context.BootstrapUtils - Instantiating BootstrapContext using constructor [public org.springframework.test.context.support.DefaultBootstrapContext(java.lang.Class,org.springframework.test.context.CacheAwareContextLoaderDelegate)]
07:32:25.950 [main] DEBUG org.springframework.test.context.BootstrapUtils - Instantiating TestContextBootstrapper for test class [com.zilch.payments.boundary.oubound.mongo.purchase.MongoPurchasesRepositorySpec] from class [org.springframework.boot.test.autoconfigure.data.mongo.DataMongoTestContextBootstrapper]
07:32:25.950 [main] DEBUG org.springframework.test.context.support.AbstractContextLoader - Did not detect default resource location for test class [com.zilch.payments.boundary.oubound.mongo.MongoDbSliceBaseTest]: class path resource [com/zilch/payments/boundary/oubound/mongo/MongoDbSliceBaseTest-context.xml] does not exist
07:32:25.950 [main] DEBUG org.springframework.test.context.support.AbstractContextLoader - Did not detect default resource location for test class [com.zilch.payments.boundary.oubound.mongo.MongoDbSliceBaseTest]: class path resource [com/zilch/payments/boundary/oubound/mongo/MongoDbSliceBaseTestContext.groovy] does not exist
07:32:25.950 [main] INFO org.springframework.test.context.support.AbstractContextLoader - Could not detect default resource locations for test class [com.zilch.payments.boundary.oubound.mongo.MongoDbSliceBaseTest]: no resource found for suffixes {-context.xml, Context.groovy}.
07:32:25.953 [main] DEBUG org.springframework.test.context.support.ActiveProfilesUtils - Could not find an 'annotation declaring class' for annotation type [org.springframework.test.context.ActiveProfiles] and class [com.zilch.payments.boundary.oubound.mongo.purchase.MongoPurchasesRepositorySpec]
07:32:25.953 [main] DEBUG org.springframework.boot.test.autoconfigure.data.mongo.DataMongoTestContextBootstrapper - @TestExecutionListeners is not present for class [com.zilch.payments.boundary.oubound.mongo.purchase.MongoPurchasesRepositorySpec]: using defaults.
07:32:25.953 [main] INFO org.springframework.boot.test.autoconfigure.data.mongo.DataMongoTestContextBootstrapper - Loaded default TestExecutionListener class names from location [META-INF/spring.factories]: [org.springframework.boot.test.mock.mockito.MockitoTestExecutionListener, org.springframework.boot.test.mock.mockito.ResetMocksTestExecutionListener, org.springframework.boot.test.autoconfigure.restdocs.RestDocsTestExecutionListener, org.springframework.boot.test.autoconfigure.web.client.MockRestServiceServerResetTestExecutionListener, org.springframework.boot.test.autoconfigure.web.servlet.MockMvcPrintOnlyOnFailureTestExecutionListener, org.springframework.boot.test.autoconfigure.web.servlet.WebDriverTestExecutionListener, org.springframework.boot.test.autoconfigure.webservices.client.MockWebServiceServerTestExecutionListener, org.spockframework.spring.SpringMockTestExecutionListener, org.springframework.test.context.web.ServletTestExecutionListener, org.springframework.test.context.support.DirtiesContextBeforeModesTestExecutionListener, org.springframework.test.context.event.ApplicationEventsTestExecutionListener, org.springframework.test.context.support.DependencyInjectionTestExecutionListener, org.springframework.test.context.support.DirtiesContextTestExecutionListener, org.springframework.test.context.transaction.TransactionalTestExecutionListener, org.springframework.test.context.jdbc.SqlScriptsTestExecutionListener, org.springframework.test.context.event.EventPublishingTestExecutionListener]
07:32:25.954 [main] INFO org.springframework.boot.test.autoconfigure.data.mongo.DataMongoTestContextBootstrapper - Using TestExecutionListeners: [org.springframework.test.context.web.ServletTestExecutionListener@58bf8650, org.springframework.test.context.support.DirtiesContextBeforeModesTestExecutionListener@73c60324, org.springframework.test.context.event.ApplicationEventsTestExecutionListener@71ae31b0, org.springframework.boot.test.mock.mockito.MockitoTestExecutionListener@4ba534b0, org.springframework.boot.test.autoconfigure.SpringBootDependencyInjectionTestExecutionListener@6f0ca692, org.springframework.test.context.support.DirtiesContextTestExecutionListener@2c104774, org.springframework.test.context.transaction.TransactionalTestExecutionListener@2cb3d0f7, org.springframework.test.context.jdbc.SqlScriptsTestExecutionListener@4e517165, org.springframework.test.context.event.EventPublishingTestExecutionListener@44e3760b, org.springframework.boot.test.mock.mockito.ResetMocksTestExecutionListener@6a66a204, org.springframework.boot.test.autoconfigure.restdocs.RestDocsTestExecutionListener@5860f3d7, org.springframework.boot.test.autoconfigure.web.client.MockRestServiceServerResetTestExecutionListener@1d7f7be7, org.springframework.boot.test.autoconfigure.web.servlet.MockMvcPrintOnlyOnFailureTestExecutionListener@42f3156d, org.springframework.boot.test.autoconfigure.web.servlet.WebDriverTestExecutionListener@1ddae9b5, org.springframework.boot.test.autoconfigure.webservices.client.MockWebServiceServerTestExecutionListener@427b5f92, org.spockframework.spring.SpringMockTestExecutionListener@24bdb479]
07:32:25.957 [main] DEBUG org.springframework.test.annotation.ProfileValueUtils - Retrieved @ProfileValueSourceConfiguration [null] for test class [com.zilch.payments.boundary.oubound.mongo.account.MongoAccountsRepositorySpec]
07:32:25.957 [main] DEBUG org.springframework.test.annotation.ProfileValueUtils - Retrieved ProfileValueSource type [class org.springframework.test.annotation.SystemProfileValueSource] for class [com.zilch.payments.boundary.oubound.mongo.account.MongoAccountsRepositorySpec]
07:32:25.957 [main] DEBUG org.springframework.test.annotation.ProfileValueUtils - Retrieved @ProfileValueSourceConfiguration [null] for test class [com.zilch.payments.boundary.oubound.mongo.account.MongoAccountsRepositorySpec]
07:32:25.957 [main] DEBUG org.springframework.test.annotation.ProfileValueUtils - Retrieved ProfileValueSource type [class org.springframework.test.annotation.SystemProfileValueSource] for class [com.zilch.payments.boundary.oubound.mongo.account.MongoAccountsRepositorySpec]
07:32:25.957 [main] DEBUG org.springframework.test.context.BootstrapUtils - Instantiating CacheAwareContextLoaderDelegate from class [org.springframework.test.context.cache.DefaultCacheAwareContextLoaderDelegate]
07:32:25.957 [main] DEBUG org.springframework.test.context.BootstrapUtils - Instantiating BootstrapContext using constructor [public org.springframework.test.context.support.DefaultBootstrapContext(java.lang.Class,org.springframework.test.context.CacheAwareContextLoaderDelegate)]
07:32:25.957 [main] DEBUG org.springframework.test.context.BootstrapUtils - Instantiating TestContextBootstrapper for test class [com.zilch.payments.boundary.oubound.mongo.account.MongoAccountsRepositorySpec] from class [org.springframework.boot.test.autoconfigure.data.mongo.DataMongoTestContextBootstrapper]
07:32:25.958 [main] DEBUG org.springframework.test.context.support.AbstractContextLoader - Did not detect default resource location for test class [com.zilch.payments.boundary.oubound.mongo.MongoDbSliceBaseTest]: class path resource [com/zilch/payments/boundary/oubound/mongo/MongoDbSliceBaseTest-context.xml] does not exist
07:32:25.958 [main] DEBUG org.springframework.test.context.support.AbstractContextLoader - Did not detect default resource location for test class [com.zilch.payments.boundary.oubound.mongo.MongoDbSliceBaseTest]: class path resource [com/zilch/payments/boundary/oubound/mongo/MongoDbSliceBaseTestContext.groovy] does not exist
07:32:25.958 [main] INFO org.springframework.test.context.support.AbstractContextLoader - Could not detect default resource locations for test class [com.zilch.payments.boundary.oubound.mongo.MongoDbSliceBaseTest]: no resource found for suffixes {-context.xml, Context.groovy}.
07:32:25.960 [main] DEBUG org.springframework.test.context.support.ActiveProfilesUtils - Could not find an 'annotation declaring class' for annotation type [org.springframework.test.context.ActiveProfiles] and class [com.zilch.payments.boundary.oubound.mongo.account.MongoAccountsRepositorySpec]
07:32:25.961 [main] DEBUG org.springframework.boot.test.autoconfigure.data.mongo.DataMongoTestContextBootstrapper - @TestExecutionListeners is not present for class [com.zilch.payments.boundary.oubound.mongo.account.MongoAccountsRepositorySpec]: using defaults.
07:32:25.961 [main] INFO org.springframework.boot.test.autoconfigure.data.mongo.DataMongoTestContextBootstrapper - Loaded default TestExecutionListener class names from location [META-INF/spring.factories]: [org.springframework.boot.test.mock.mockito.MockitoTestExecutionListener, org.springframework.boot.test.mock.mockito.ResetMocksTestExecutionListener, org.springframework.boot.test.autoconfigure.restdocs.RestDocsTestExecutionListener, org.springframework.boot.test.autoconfigure.web.client.MockRestServiceServerResetTestExecutionListener, org.springframework.boot.test.autoconfigure.web.servlet.MockMvcPrintOnlyOnFailureTestExecutionListener, org.springframework.boot.test.autoconfigure.web.servlet.WebDriverTestExecutionListener, org.springframework.boot.test.autoconfigure.webservices.client.MockWebServiceServerTestExecutionListener, org.spockframework.spring.SpringMockTestExecutionListener, org.springframework.test.context.web.ServletTestExecutionListener, org.springframework.test.context.support.DirtiesContextBeforeModesTestExecutionListener, org.springframework.test.context.event.ApplicationEventsTestExecutionListener, org.springframework.test.context.support.DependencyInjectionTestExecutionListener, org.springframework.test.context.support.DirtiesContextTestExecutionListener, org.springframework.test.context.transaction.TransactionalTestExecutionListener, org.springframework.test.context.jdbc.SqlScriptsTestExecutionListener, org.springframework.test.context.event.EventPublishingTestExecutionListener]
07:32:25.961 [main] INFO org.springframework.boot.test.autoconfigure.data.mongo.DataMongoTestContextBootstrapper - Using TestExecutionListeners: [org.springframework.test.context.web.ServletTestExecutionListener@f6c03cb, org.springframework.test.context.support.DirtiesContextBeforeModesTestExecutionListener@46f699d5, org.springframework.test.context.event.ApplicationEventsTestExecutionListener@18518ccf, org.springframework.boot.test.mock.mockito.MockitoTestExecutionListener@1991f767, org.springframework.boot.test.autoconfigure.SpringBootDependencyInjectionTestExecutionListener@768ccdc5, org.springframework.test.context.support.DirtiesContextTestExecutionListener@4c6daf0, org.springframework.test.context.transaction.TransactionalTestExecutionListener@10650953, org.springframework.test.context.jdbc.SqlScriptsTestExecutionListener@659eef7, org.springframework.test.context.event.EventPublishingTestExecutionListener@162be91c, org.springframework.boot.test.mock.mockito.ResetMocksTestExecutionListener@2488b073, org.springframework.boot.test.autoconfigure.restdocs.RestDocsTestExecutionListener@1c9f0a20, org.springframework.boot.test.autoconfigure.web.client.MockRestServiceServerResetTestExecutionListener@55787112, org.springframework.boot.test.autoconfigure.web.servlet.MockMvcPrintOnlyOnFailureTestExecutionListener@1cd201a8, org.springframework.boot.test.autoconfigure.web.servlet.WebDriverTestExecutionListener@7db82169, org.springframework.boot.test.autoconfigure.webservices.client.MockWebServiceServerTestExecutionListener@1992eaf4, org.spockframework.spring.SpringMockTestExecutionListener@f74e835]
07:32:25.970 [main] DEBUG org.springframework.test.annotation.ProfileValueUtils - Retrieved @ProfileValueSourceConfiguration [null] for test class [com.zilch.payments.boundary.inbound.controllers.purchase.PurchaseControllerSpec]
07:32:25.970 [main] DEBUG org.springframework.test.annotation.ProfileValueUtils - Retrieved ProfileValueSource type [class org.springframework.test.annotation.SystemProfileValueSource] for class [com.zilch.payments.boundary.inbound.controllers.purchase.PurchaseControllerSpec]
07:32:25.970 [main] DEBUG org.springframework.test.annotation.ProfileValueUtils - Retrieved @ProfileValueSourceConfiguration [null] for test class [com.zilch.payments.boundary.inbound.controllers.purchase.PurchaseControllerSpec]
07:32:25.970 [main] DEBUG org.springframework.test.annotation.ProfileValueUtils - Retrieved ProfileValueSource type [class org.springframework.test.annotation.SystemProfileValueSource] for class [com.zilch.payments.boundary.inbound.controllers.purchase.PurchaseControllerSpec]
07:32:25.970 [main] DEBUG org.springframework.test.annotation.ProfileValueUtils - Retrieved @ProfileValueSourceConfiguration [null] for test class [com.zilch.payments.boundary.inbound.controllers.purchase.PurchaseControllerSpec]
07:32:25.970 [main] DEBUG org.springframework.test.annotation.ProfileValueUtils - Retrieved ProfileValueSource type [class org.springframework.test.annotation.SystemProfileValueSource] for class [com.zilch.payments.boundary.inbound.controllers.purchase.PurchaseControllerSpec]
07:32:25.970 [main] DEBUG org.springframework.test.annotation.ProfileValueUtils - Retrieved @ProfileValueSourceConfiguration [null] for test class [com.zilch.payments.boundary.inbound.controllers.purchase.PurchaseControllerSpec]
07:32:25.970 [main] DEBUG org.springframework.test.annotation.ProfileValueUtils - Retrieved ProfileValueSource type [class org.springframework.test.annotation.SystemProfileValueSource] for class [com.zilch.payments.boundary.inbound.controllers.purchase.PurchaseControllerSpec]
07:32:25.970 [main] DEBUG org.springframework.test.context.BootstrapUtils - Instantiating CacheAwareContextLoaderDelegate from class [org.springframework.test.context.cache.DefaultCacheAwareContextLoaderDelegate]
07:32:25.971 [main] DEBUG org.springframework.test.context.BootstrapUtils - Instantiating BootstrapContext using constructor [public org.springframework.test.context.support.DefaultBootstrapContext(java.lang.Class,org.springframework.test.context.CacheAwareContextLoaderDelegate)]
07:32:25.971 [main] DEBUG org.springframework.test.context.BootstrapUtils - Instantiating TestContextBootstrapper for test class [com.zilch.payments.boundary.inbound.controllers.purchase.PurchaseControllerSpec] from class [org.springframework.boot.test.autoconfigure.web.servlet.WebMvcTestContextBootstrapper]
07:32:25.972 [main] DEBUG org.springframework.test.context.support.AbstractContextLoader - Did not detect default resource location for test class [com.zilch.payments.boundary.inbound.controllers.purchase.PurchaseControllerSpec]: class path resource [com/zilch/payments/boundary/inbound/controllers/purchase/PurchaseControllerSpec-context.xml] does not exist
07:32:25.972 [main] DEBUG org.springframework.test.context.support.AbstractContextLoader - Did not detect default resource location for test class [com.zilch.payments.boundary.inbound.controllers.purchase.PurchaseControllerSpec]: class path resource [com/zilch/payments/boundary/inbound/controllers/purchase/PurchaseControllerSpecContext.groovy] does not exist
07:32:25.972 [main] INFO org.springframework.test.context.support.AbstractContextLoader - Could not detect default resource locations for test class [com.zilch.payments.boundary.inbound.controllers.purchase.PurchaseControllerSpec]: no resource found for suffixes {-context.xml, Context.groovy}.
07:32:25.973 [main] DEBUG org.springframework.test.context.support.AbstractContextLoader - Did not detect default resource location for test class [com.zilch.payments.boundary.inbound.controllers.RestIntegrationBaseSpec]: class path resource [com/zilch/payments/boundary/inbound/controllers/RestIntegrationBaseSpec-context.xml] does not exist
07:32:25.973 [main] DEBUG org.springframework.test.context.support.AbstractContextLoader - Did not detect default resource location for test class [com.zilch.payments.boundary.inbound.controllers.RestIntegrationBaseSpec]: class path resource [com/zilch/payments/boundary/inbound/controllers/RestIntegrationBaseSpecContext.groovy] does not exist
07:32:25.973 [main] INFO org.springframework.test.context.support.AbstractContextLoader - Could not detect default resource locations for test class [com.zilch.payments.boundary.inbound.controllers.RestIntegrationBaseSpec]: no resource found for suffixes {-context.xml, Context.groovy}.
07:32:25.984 [main] DEBUG org.springframework.boot.test.autoconfigure.web.servlet.WebMvcTestContextBootstrapper - @TestExecutionListeners is not present for class [com.zilch.payments.boundary.inbound.controllers.purchase.PurchaseControllerSpec]: using defaults.
07:32:25.984 [main] INFO org.springframework.boot.test.autoconfigure.web.servlet.WebMvcTestContextBootstrapper - Loaded default TestExecutionListener class names from location [META-INF/spring.factories]: [org.springframework.boot.test.mock.mockito.MockitoTestExecutionListener, org.springframework.boot.test.mock.mockito.ResetMocksTestExecutionListener, org.springframework.boot.test.autoconfigure.restdocs.RestDocsTestExecutionListener, org.springframework.boot.test.autoconfigure.web.client.MockRestServiceServerResetTestExecutionListener, org.springframework.boot.test.autoconfigure.web.servlet.MockMvcPrintOnlyOnFailureTestExecutionListener, org.springframework.boot.test.autoconfigure.web.servlet.WebDriverTestExecutionListener, org.springframework.boot.test.autoconfigure.webservices.client.MockWebServiceServerTestExecutionListener, org.spockframework.spring.SpringMockTestExecutionListener, org.springframework.test.context.web.ServletTestExecutionListener, org.springframework.test.context.support.DirtiesContextBeforeModesTestExecutionListener, org.springframework.test.context.event.ApplicationEventsTestExecutionListener, org.springframework.test.context.support.DependencyInjectionTestExecutionListener, org.springframework.test.context.support.DirtiesContextTestExecutionListener, org.springframework.test.context.transaction.TransactionalTestExecutionListener, org.springframework.test.context.jdbc.SqlScriptsTestExecutionListener, org.springframework.test.context.event.EventPublishingTestExecutionListener]
07:32:25.984 [main] INFO org.springframework.boot.test.autoconfigure.web.servlet.WebMvcTestContextBootstrapper - Using TestExecutionListeners: [org.springframework.test.context.web.ServletTestExecutionListener@31024624, org.springframework.test.context.support.DirtiesContextBeforeModesTestExecutionListener@25bcd0c7, org.springframework.test.context.event.ApplicationEventsTestExecutionListener@32cb636e, org.springframework.boot.test.mock.mockito.MockitoTestExecutionListener@63cd604c, org.springframework.boot.test.autoconfigure.SpringBootDependencyInjectionTestExecutionListener@40dd3977, org.springframework.test.context.support.DirtiesContextTestExecutionListener@3a4e343, org.springframework.test.context.transaction.TransactionalTestExecutionListener@6a1d204a, org.springframework.test.context.jdbc.SqlScriptsTestExecutionListener@62dae245, org.springframework.test.context.event.EventPublishingTestExecutionListener@4b6579e8, org.springframework.boot.test.mock.mockito.ResetMocksTestExecutionListener@6fff253c, org.springframework.boot.test.autoconfigure.restdocs.RestDocsTestExecutionListener@6c6357f9, org.springframework.boot.test.autoconfigure.web.client.MockRestServiceServerResetTestExecutionListener@591e58fa, org.springframework.boot.test.autoconfigure.web.servlet.MockMvcPrintOnlyOnFailureTestExecutionListener@3954d008, org.springframework.boot.test.autoconfigure.web.servlet.WebDriverTestExecutionListener@2f94c4db, org.springframework.boot.test.autoconfigure.webservices.client.MockWebServiceServerTestExecutionListener@593e824f, org.spockframework.spring.SpringMockTestExecutionListener@72ccd81a]
07:32:25.987 [main] DEBUG org.springframework.test.annotation.ProfileValueUtils - Retrieved @ProfileValueSourceConfiguration [null] for test class [com.zilch.payments.boundary.inbound.controllers.purchase.AccountPurchasesSummaryControllerSpec]
07:32:25.987 [main] DEBUG org.springframework.test.annotation.ProfileValueUtils - Retrieved ProfileValueSource type [class org.springframework.test.annotation.SystemProfileValueSource] for class [com.zilch.payments.boundary.inbound.controllers.purchase.AccountPurchasesSummaryControllerSpec]
07:32:25.987 [main] DEBUG org.springframework.test.annotation.ProfileValueUtils - Retrieved @ProfileValueSourceConfiguration [null] for test class [com.zilch.payments.boundary.inbound.controllers.purchase.AccountPurchasesSummaryControllerSpec]
07:32:25.987 [main] DEBUG org.springframework.test.annotation.ProfileValueUtils - Retrieved ProfileValueSource type [class org.springframework.test.annotation.SystemProfileValueSource] for class [com.zilch.payments.boundary.inbound.controllers.purchase.AccountPurchasesSummaryControllerSpec]
07:32:25.987 [main] DEBUG org.springframework.test.context.BootstrapUtils - Instantiating CacheAwareContextLoaderDelegate from class [org.springframework.test.context.cache.DefaultCacheAwareContextLoaderDelegate]
07:32:25.987 [main] DEBUG org.springframework.test.context.BootstrapUtils - Instantiating BootstrapContext using constructor [public org.springframework.test.context.support.DefaultBootstrapContext(java.lang.Class,org.springframework.test.context.CacheAwareContextLoaderDelegate)]
07:32:25.988 [main] DEBUG org.springframework.test.context.BootstrapUtils - Instantiating TestContextBootstrapper for test class [com.zilch.payments.boundary.inbound.controllers.purchase.AccountPurchasesSummaryControllerSpec] from class [org.springframework.boot.test.autoconfigure.web.servlet.WebMvcTestContextBootstrapper]
07:32:25.989 [main] DEBUG org.springframework.test.context.support.AbstractContextLoader - Did not detect default resource location for test class [com.zilch.payments.boundary.inbound.controllers.purchase.AccountPurchasesSummaryControllerSpec]: class path resource [com/zilch/payments/boundary/inbound/controllers/purchase/AccountPurchasesSummaryControllerSpec-context.xml] does not exist
07:32:25.989 [main] DEBUG org.springframework.test.context.support.AbstractContextLoader - Did not detect default resource location for test class [com.zilch.payments.boundary.inbound.controllers.purchase.AccountPurchasesSummaryControllerSpec]: class path resource [com/zilch/payments/boundary/inbound/controllers/purchase/AccountPurchasesSummaryControllerSpecContext.groovy] does not exist
07:32:25.989 [main] INFO org.springframework.test.context.support.AbstractContextLoader - Could not detect default resource locations for test class [com.zilch.payments.boundary.inbound.controllers.purchase.AccountPurchasesSummaryControllerSpec]: no resource found for suffixes {-context.xml, Context.groovy}.
07:32:25.989 [main] DEBUG org.springframework.test.context.support.AbstractContextLoader - Did not detect default resource location for test class [com.zilch.payments.boundary.inbound.controllers.RestIntegrationBaseSpec]: class path resource [com/zilch/payments/boundary/inbound/controllers/RestIntegrationBaseSpec-context.xml] does not exist
07:32:25.989 [main] DEBUG org.springframework.test.context.support.AbstractContextLoader - Did not detect default resource location for test class [com.zilch.payments.boundary.inbound.controllers.RestIntegrationBaseSpec]: class path resource [com/zilch/payments/boundary/inbound/controllers/RestIntegrationBaseSpecContext.groovy] does not exist
07:32:25.989 [main] INFO org.springframework.test.context.support.AbstractContextLoader - Could not detect default resource locations for test class [com.zilch.payments.boundary.inbound.controllers.RestIntegrationBaseSpec]: no resource found for suffixes {-context.xml, Context.groovy}.
07:32:25.992 [main] DEBUG org.springframework.boot.test.autoconfigure.web.servlet.WebMvcTestContextBootstrapper - @TestExecutionListeners is not present for class [com.zilch.payments.boundary.inbound.controllers.purchase.AccountPurchasesSummaryControllerSpec]: using defaults.
07:32:25.992 [main] INFO org.springframework.boot.test.autoconfigure.web.servlet.WebMvcTestContextBootstrapper - Loaded default TestExecutionListener class names from location [META-INF/spring.factories]: [org.springframework.boot.test.mock.mockito.MockitoTestExecutionListener, org.springframework.boot.test.mock.mockito.ResetMocksTestExecutionListener, org.springframework.boot.test.autoconfigure.restdocs.RestDocsTestExecutionListener, org.springframework.boot.test.autoconfigure.web.client.MockRestServiceServerResetTestExecutionListener, org.springframework.boot.test.autoconfigure.web.servlet.MockMvcPrintOnlyOnFailureTestExecutionListener, org.springframework.boot.test.autoconfigure.web.servlet.WebDriverTestExecutionListener, org.springframework.boot.test.autoconfigure.webservices.client.MockWebServiceServerTestExecutionListener, org.spockframework.spring.SpringMockTestExecutionListener, org.springframework.test.context.web.ServletTestExecutionListener, org.springframework.test.context.support.DirtiesContextBeforeModesTestExecutionListener, org.springframework.test.context.event.ApplicationEventsTestExecutionListener, org.springframework.test.context.support.DependencyInjectionTestExecutionListener, org.springframework.test.context.support.DirtiesContextTestExecutionListener, org.springframework.test.context.transaction.TransactionalTestExecutionListener, org.springframework.test.context.jdbc.SqlScriptsTestExecutionListener, org.springframework.test.context.event.EventPublishingTestExecutionListener]
07:32:25.992 [main] INFO org.springframework.boot.test.autoconfigure.web.servlet.WebMvcTestContextBootstrapper - Using TestExecutionListeners: [org.springframework.test.context.web.ServletTestExecutionListener@549621f3, org.springframework.test.context.support.DirtiesContextBeforeModesTestExecutionListener@54361a9, org.springframework.test.context.event.ApplicationEventsTestExecutionListener@32232e55, org.springframework.boot.test.mock.mockito.MockitoTestExecutionListener@5217f3d0, org.springframework.boot.test.autoconfigure.SpringBootDependencyInjectionTestExecutionListener@37ebc9d8, org.springframework.test.context.support.DirtiesContextTestExecutionListener@293bb8a5, org.springframework.test.context.transaction.TransactionalTestExecutionListener@2416a51, org.springframework.test.context.jdbc.SqlScriptsTestExecutionListener@6fa590ba, org.springframework.test.context.event.EventPublishingTestExecutionListener@6e9319f, org.springframework.boot.test.mock.mockito.ResetMocksTestExecutionListener@72e34f77, org.springframework.boot.test.autoconfigure.restdocs.RestDocsTestExecutionListener@7bf9b098, org.springframework.boot.test.autoconfigure.web.client.MockRestServiceServerResetTestExecutionListener@389adf1d, org.springframework.boot.test.autoconfigure.web.servlet.MockMvcPrintOnlyOnFailureTestExecutionListener@77307458, org.springframework.boot.test.autoconfigure.web.servlet.WebDriverTestExecutionListener@1fc0053e, org.springframework.boot.test.autoconfigure.webservices.client.MockWebServiceServerTestExecutionListener@290b1b2e, org.spockframework.spring.SpringMockTestExecutionListener@47874b25]
07:32:25.996 [main] DEBUG org.springframework.test.annotation.ProfileValueUtils - Retrieved @ProfileValueSourceConfiguration [null] for test class [com.zilch.payments.boundary.inbound.controllers.account.AccountsControllerSpec]
07:32:25.996 [main] DEBUG org.springframework.test.annotation.ProfileValueUtils - Retrieved ProfileValueSource type [class org.springframework.test.annotation.SystemProfileValueSource] for class [com.zilch.payments.boundary.inbound.controllers.account.AccountsControllerSpec]
07:32:25.996 [main] DEBUG org.springframework.test.annotation.ProfileValueUtils - Retrieved @ProfileValueSourceConfiguration [null] for test class [com.zilch.payments.boundary.inbound.controllers.account.AccountsControllerSpec]
07:32:25.996 [main] DEBUG org.springframework.test.annotation.ProfileValueUtils - Retrieved ProfileValueSource type [class org.springframework.test.annotation.SystemProfileValueSource] for class [com.zilch.payments.boundary.inbound.controllers.account.AccountsControllerSpec]
07:32:25.996 [main] DEBUG org.springframework.test.annotation.ProfileValueUtils - Retrieved @ProfileValueSourceConfiguration [null] for test class [com.zilch.payments.boundary.inbound.controllers.account.AccountsControllerSpec]
07:32:25.996 [main] DEBUG org.springframework.test.annotation.ProfileValueUtils - Retrieved ProfileValueSource type [class org.springframework.test.annotation.SystemProfileValueSource] for class [com.zilch.payments.boundary.inbound.controllers.account.AccountsControllerSpec]
07:32:25.996 [main] DEBUG org.springframework.test.annotation.ProfileValueUtils - Retrieved @ProfileValueSourceConfiguration [null] for test class [com.zilch.payments.boundary.inbound.controllers.account.AccountsControllerSpec]
07:32:25.996 [main] DEBUG org.springframework.test.annotation.ProfileValueUtils - Retrieved ProfileValueSource type [class org.springframework.test.annotation.SystemProfileValueSource] for class [com.zilch.payments.boundary.inbound.controllers.account.AccountsControllerSpec]
07:32:25.996 [main] DEBUG org.springframework.test.annotation.ProfileValueUtils - Retrieved @ProfileValueSourceConfiguration [null] for test class [com.zilch.payments.boundary.inbound.controllers.account.AccountsControllerSpec]
07:32:25.996 [main] DEBUG org.springframework.test.annotation.ProfileValueUtils - Retrieved ProfileValueSource type [class org.springframework.test.annotation.SystemProfileValueSource] for class [com.zilch.payments.boundary.inbound.controllers.account.AccountsControllerSpec]
07:32:25.996 [main] DEBUG org.springframework.test.annotation.ProfileValueUtils - Retrieved @ProfileValueSourceConfiguration [null] for test class [com.zilch.payments.boundary.inbound.controllers.account.AccountsControllerSpec]
07:32:25.996 [main] DEBUG org.springframework.test.annotation.ProfileValueUtils - Retrieved ProfileValueSource type [class org.springframework.test.annotation.SystemProfileValueSource] for class [com.zilch.payments.boundary.inbound.controllers.account.AccountsControllerSpec]
07:32:25.996 [main] DEBUG org.springframework.test.context.BootstrapUtils - Instantiating CacheAwareContextLoaderDelegate from class [org.springframework.test.context.cache.DefaultCacheAwareContextLoaderDelegate]
07:32:25.997 [main] DEBUG org.springframework.test.context.BootstrapUtils - Instantiating BootstrapContext using constructor [public org.springframework.test.context.support.DefaultBootstrapContext(java.lang.Class,org.springframework.test.context.CacheAwareContextLoaderDelegate)]
07:32:25.997 [main] DEBUG org.springframework.test.context.BootstrapUtils - Instantiating TestContextBootstrapper for test class [com.zilch.payments.boundary.inbound.controllers.account.AccountsControllerSpec] from class [org.springframework.boot.test.autoconfigure.web.servlet.WebMvcTestContextBootstrapper]
07:32:25.997 [main] DEBUG org.springframework.test.context.support.AbstractContextLoader - Did not detect default resource location for test class [com.zilch.payments.boundary.inbound.controllers.account.AccountsControllerSpec]: class path resource [com/zilch/payments/boundary/inbound/controllers/account/AccountsControllerSpec-context.xml] does not exist
07:32:25.997 [main] DEBUG org.springframework.test.context.support.AbstractContextLoader - Did not detect default resource location for test class [com.zilch.payments.boundary.inbound.controllers.account.AccountsControllerSpec]: class path resource [com/zilch/payments/boundary/inbound/controllers/account/AccountsControllerSpecContext.groovy] does not exist
07:32:25.997 [main] INFO org.springframework.test.context.support.AbstractContextLoader - Could not detect default resource locations for test class [com.zilch.payments.boundary.inbound.controllers.account.AccountsControllerSpec]: no resource found for suffixes {-context.xml, Context.groovy}.
07:32:25.997 [main] DEBUG org.springframework.test.context.support.AbstractContextLoader - Did not detect default resource location for test class [com.zilch.payments.boundary.inbound.controllers.RestIntegrationBaseSpec]: class path resource [com/zilch/payments/boundary/inbound/controllers/RestIntegrationBaseSpec-context.xml] does not exist
07:32:25.998 [main] DEBUG org.springframework.test.context.support.AbstractContextLoader - Did not detect default resource location for test class [com.zilch.payments.boundary.inbound.controllers.RestIntegrationBaseSpec]: class path resource [com/zilch/payments/boundary/inbound/controllers/RestIntegrationBaseSpecContext.groovy] does not exist
07:32:25.998 [main] INFO org.springframework.test.context.support.AbstractContextLoader - Could not detect default resource locations for test class [com.zilch.payments.boundary.inbound.controllers.RestIntegrationBaseSpec]: no resource found for suffixes {-context.xml, Context.groovy}.
07:32:26.001 [main] DEBUG org.springframework.boot.test.autoconfigure.web.servlet.WebMvcTestContextBootstrapper - @TestExecutionListeners is not present for class [com.zilch.payments.boundary.inbound.controllers.account.AccountsControllerSpec]: using defaults.
07:32:26.001 [main] INFO org.springframework.boot.test.autoconfigure.web.servlet.WebMvcTestContextBootstrapper - Loaded default TestExecutionListener class names from location [META-INF/spring.factories]: [org.springframework.boot.test.mock.mockito.MockitoTestExecutionListener, org.springframework.boot.test.mock.mockito.ResetMocksTestExecutionListener, org.springframework.boot.test.autoconfigure.restdocs.RestDocsTestExecutionListener, org.springframework.boot.test.autoconfigure.web.client.MockRestServiceServerResetTestExecutionListener, org.springframework.boot.test.autoconfigure.web.servlet.MockMvcPrintOnlyOnFailureTestExecutionListener, org.springframework.boot.test.autoconfigure.web.servlet.WebDriverTestExecutionListener, org.springframework.boot.test.autoconfigure.webservices.client.MockWebServiceServerTestExecutionListener, org.spockframework.spring.SpringMockTestExecutionListener, org.springframework.test.context.web.ServletTestExecutionListener, org.springframework.test.context.support.DirtiesContextBeforeModesTestExecutionListener, org.springframework.test.context.event.ApplicationEventsTestExecutionListener, org.springframework.test.context.support.DependencyInjectionTestExecutionListener, org.springframework.test.context.support.DirtiesContextTestExecutionListener, org.springframework.test.context.transaction.TransactionalTestExecutionListener, org.springframework.test.context.jdbc.SqlScriptsTestExecutionListener, org.springframework.test.context.event.EventPublishingTestExecutionListener]
07:32:26.001 [main] INFO org.springframework.boot.test.autoconfigure.web.servlet.WebMvcTestContextBootstrapper - Using TestExecutionListeners: [org.springframework.test.context.web.ServletTestExecutionListener@6bab2585, org.springframework.test.context.support.DirtiesContextBeforeModesTestExecutionListener@74bdc168, org.springframework.test.context.event.ApplicationEventsTestExecutionListener@644c78d4, org.springframework.boot.test.mock.mockito.MockitoTestExecutionListener@532a02d9, org.springframework.boot.test.autoconfigure.SpringBootDependencyInjectionTestExecutionListener@611f8234, org.springframework.test.context.support.DirtiesContextTestExecutionListener@7bb3a9fe, org.springframework.test.context.transaction.TransactionalTestExecutionListener@7cbee484, org.springframework.test.context.jdbc.SqlScriptsTestExecutionListener@7f811d00, org.springframework.test.context.event.EventPublishingTestExecutionListener@62923ee6, org.springframework.boot.test.mock.mockito.ResetMocksTestExecutionListener@4089713, org.springframework.boot.test.autoconfigure.restdocs.RestDocsTestExecutionListener@f19c9d2, org.springframework.boot.test.autoconfigure.web.client.MockRestServiceServerResetTestExecutionListener@7807ac2c, org.springframework.boot.test.autoconfigure.web.servlet.MockMvcPrintOnlyOnFailureTestExecutionListener@b91d8c4, org.springframework.boot.test.autoconfigure.web.servlet.WebDriverTestExecutionListener@4b6166aa, org.springframework.boot.test.autoconfigure.webservices.client.MockWebServiceServerTestExecutionListener@a77614d, org.spockframework.spring.SpringMockTestExecutionListener@4fd4cae3]
07:32:26.018 [main] DEBUG org.springframework.test.annotation.ProfileValueUtils - Retrieved @ProfileValueSourceConfiguration [null] for test class [com.zilch.payments.boundary.oubound.elastic.purchase.ElasticsearchPurchaseRepositorySpec]
07:32:26.018 [main] DEBUG org.springframework.test.annotation.ProfileValueUtils - Retrieved ProfileValueSource type [class org.springframework.test.annotation.SystemProfileValueSource] for class [com.zilch.payments.boundary.oubound.elastic.purchase.ElasticsearchPurchaseRepositorySpec]
07:32:26.018 [main] DEBUG org.springframework.test.annotation.ProfileValueUtils - Retrieved @ProfileValueSourceConfiguration [null] for test class [com.zilch.payments.boundary.oubound.elastic.purchase.ElasticsearchPurchaseRepositorySpec]
07:32:26.018 [main] DEBUG org.springframework.test.annotation.ProfileValueUtils - Retrieved ProfileValueSource type [class org.springframework.test.annotation.SystemProfileValueSource] for class [com.zilch.payments.boundary.oubound.elastic.purchase.ElasticsearchPurchaseRepositorySpec]
07:32:26.019 [main] DEBUG org.springframework.test.context.BootstrapUtils - Instantiating CacheAwareContextLoaderDelegate from class [org.springframework.test.context.cache.DefaultCacheAwareContextLoaderDelegate]
07:32:26.019 [main] DEBUG org.springframework.test.context.BootstrapUtils - Instantiating BootstrapContext using constructor [public org.springframework.test.context.support.DefaultBootstrapContext(java.lang.Class,org.springframework.test.context.CacheAwareContextLoaderDelegate)]
07:32:26.019 [main] DEBUG org.springframework.test.context.BootstrapUtils - Instantiating TestContextBootstrapper for test class [com.zilch.payments.boundary.oubound.elastic.purchase.ElasticsearchPurchaseRepositorySpec] from class [org.springframework.test.context.support.DefaultTestContextBootstrapper]
07:32:26.019 [main] DEBUG org.springframework.test.context.support.AbstractDelegatingSmartContextLoader - Delegating to AnnotationConfigContextLoader to process context configuration [ContextConfigurationAttributes@a486d78 declaringClass = 'com.zilch.payments.boundary.oubound.elastic.ElasticsearchSliceBaseTest', classes = '{class com.zilch.payments.application.config.elasticsearch.ElasticsearchConfig}', locations = '{}', inheritLocations = true, initializers = '{class com.zilch.payments.boundary.oubound.elastic.ElasticsearchTestContainerRunner$Initializer}', inheritInitializers = true, name = [null], contextLoaderClass = 'org.springframework.test.context.ContextLoader'].
07:32:26.020 [main] DEBUG org.springframework.test.context.support.ActiveProfilesUtils - Could not find an 'annotation declaring class' for annotation type [org.springframework.test.context.ActiveProfiles] and class [com.zilch.payments.boundary.oubound.elastic.purchase.ElasticsearchPurchaseRepositorySpec]
07:32:26.020 [main] DEBUG org.springframework.test.context.support.DefaultTestContextBootstrapper - @TestExecutionListeners is not present for class [com.zilch.payments.boundary.oubound.elastic.purchase.ElasticsearchPurchaseRepositorySpec]: using defaults.
07:32:26.020 [main] INFO org.springframework.test.context.support.DefaultTestContextBootstrapper - Loaded default TestExecutionListener class names from location [META-INF/spring.factories]: [org.springframework.boot.test.mock.mockito.MockitoTestExecutionListener, org.springframework.boot.test.mock.mockito.ResetMocksTestExecutionListener, org.springframework.boot.test.autoconfigure.restdocs.RestDocsTestExecutionListener, org.springframework.boot.test.autoconfigure.web.client.MockRestServiceServerResetTestExecutionListener, org.springframework.boot.test.autoconfigure.web.servlet.MockMvcPrintOnlyOnFailureTestExecutionListener, org.springframework.boot.test.autoconfigure.web.servlet.WebDriverTestExecutionListener, org.springframework.boot.test.autoconfigure.webservices.client.MockWebServiceServerTestExecutionListener, org.spockframework.spring.SpringMockTestExecutionListener, org.springframework.test.context.web.ServletTestExecutionListener, org.springframework.test.context.support.DirtiesContextBeforeModesTestExecutionListener, org.springframework.test.context.event.ApplicationEventsTestExecutionListener, org.springframework.test.context.support.DependencyInjectionTestExecutionListener, org.springframework.test.context.support.DirtiesContextTestExecutionListener, org.springframework.test.context.transaction.TransactionalTestExecutionListener, org.springframework.test.context.jdbc.SqlScriptsTestExecutionListener, org.springframework.test.context.event.EventPublishingTestExecutionListener]
07:32:26.020 [main] INFO org.springframework.test.context.support.DefaultTestContextBootstrapper - Using TestExecutionListeners: [org.springframework.test.context.web.ServletTestExecutionListener@cdc3aae, org.springframework.test.context.support.DirtiesContextBeforeModesTestExecutionListener@7ef2d7a6, org.springframework.test.context.event.ApplicationEventsTestExecutionListener@5dcbb60, org.springframework.boot.test.mock.mockito.MockitoTestExecutionListener@4c36250e, org.springframework.test.context.support.DependencyInjectionTestExecutionListener@21526f6c, org.springframework.test.context.support.DirtiesContextTestExecutionListener@49f5c307, org.springframework.test.context.transaction.TransactionalTestExecutionListener@299266e2, org.springframework.test.context.jdbc.SqlScriptsTestExecutionListener@5471388b, org.springframework.test.context.event.EventPublishingTestExecutionListener@66ea1466, org.springframework.boot.test.mock.mockito.ResetMocksTestExecutionListener@1601e47, org.springframework.boot.test.autoconfigure.restdocs.RestDocsTestExecutionListener@3bffddff, org.springframework.boot.test.autoconfigure.web.client.MockRestServiceServerResetTestExecutionListener@66971f6b, org.springframework.boot.test.autoconfigure.web.servlet.MockMvcPrintOnlyOnFailureTestExecutionListener@50687efb, org.springframework.boot.test.autoconfigure.web.servlet.WebDriverTestExecutionListener@517bd097, org.springframework.boot.test.autoconfigure.webservices.client.MockWebServiceServerTestExecutionListener@142eef62, org.spockframework.spring.SpringMockTestExecutionListener@4a9cc6cb]
07:32:26.020 [main] DEBUG org.springframework.test.annotation.ProfileValueUtils - Retrieved @ProfileValueSourceConfiguration [null] for test class [com.zilch.payments.boundary.oubound.mongo.purchase.MongoPurchasesRepositorySpec]
07:32:26.020 [main] DEBUG org.springframework.test.annotation.ProfileValueUtils - Retrieved ProfileValueSource type [class org.springframework.test.annotation.SystemProfileValueSource] for class [com.zilch.payments.boundary.oubound.mongo.purchase.MongoPurchasesRepositorySpec]
07:32:26.020 [main] DEBUG org.springframework.test.annotation.ProfileValueUtils - Retrieved @ProfileValueSourceConfiguration [null] for test class [com.zilch.payments.boundary.oubound.mongo.purchase.MongoPurchasesRepositorySpec]
07:32:26.020 [main] DEBUG org.springframework.test.annotation.ProfileValueUtils - Retrieved ProfileValueSource type [class org.springframework.test.annotation.SystemProfileValueSource] for class [com.zilch.payments.boundary.oubound.mongo.purchase.MongoPurchasesRepositorySpec]
07:32:26.020 [main] DEBUG org.springframework.test.annotation.ProfileValueUtils - Retrieved @ProfileValueSourceConfiguration [null] for test class [com.zilch.payments.boundary.oubound.mongo.purchase.MongoPurchasesRepositorySpec]
07:32:26.020 [main] DEBUG org.springframework.test.annotation.ProfileValueUtils - Retrieved ProfileValueSource type [class org.springframework.test.annotation.SystemProfileValueSource] for class [com.zilch.payments.boundary.oubound.mongo.purchase.MongoPurchasesRepositorySpec]
07:32:26.020 [main] DEBUG org.springframework.test.context.BootstrapUtils - Instantiating CacheAwareContextLoaderDelegate from class [org.springframework.test.context.cache.DefaultCacheAwareContextLoaderDelegate]
07:32:26.021 [main] DEBUG org.springframework.test.context.BootstrapUtils - Instantiating BootstrapContext using constructor [public org.springframework.test.context.support.DefaultBootstrapContext(java.lang.Class,org.springframework.test.context.CacheAwareContextLoaderDelegate)]
07:32:26.021 [main] DEBUG org.springframework.test.context.BootstrapUtils - Instantiating TestContextBootstrapper for test class [com.zilch.payments.boundary.oubound.mongo.purchase.MongoPurchasesRepositorySpec] from class [org.springframework.boot.test.autoconfigure.data.mongo.DataMongoTestContextBootstrapper]
07:32:26.021 [main] DEBUG org.springframework.test.context.support.AbstractContextLoader - Did not detect default resource location for test class [com.zilch.payments.boundary.oubound.mongo.MongoDbSliceBaseTest]: class path resource [com/zilch/payments/boundary/oubound/mongo/MongoDbSliceBaseTest-context.xml] does not exist
07:32:26.021 [main] DEBUG org.springframework.test.context.support.AbstractContextLoader - Did not detect default resource location for test class [com.zilch.payments.boundary.oubound.mongo.MongoDbSliceBaseTest]: class path resource [com/zilch/payments/boundary/oubound/mongo/MongoDbSliceBaseTestContext.groovy] does not exist
07:32:26.021 [main] INFO org.springframework.test.context.support.AbstractContextLoader - Could not detect default resource locations for test class [com.zilch.payments.boundary.oubound.mongo.MongoDbSliceBaseTest]: no resource found for suffixes {-context.xml, Context.groovy}.
07:32:26.023 [main] DEBUG org.springframework.test.context.support.ActiveProfilesUtils - Could not find an 'annotation declaring class' for annotation type [org.springframework.test.context.ActiveProfiles] and class [com.zilch.payments.boundary.oubound.mongo.purchase.MongoPurchasesRepositorySpec]
07:32:26.024 [main] DEBUG org.springframework.boot.test.autoconfigure.data.mongo.DataMongoTestContextBootstrapper - @TestExecutionListeners is not present for class [com.zilch.payments.boundary.oubound.mongo.purchase.MongoPurchasesRepositorySpec]: using defaults.
07:32:26.024 [main] INFO org.springframework.boot.test.autoconfigure.data.mongo.DataMongoTestContextBootstrapper - Loaded default TestExecutionListener class names from location [META-INF/spring.factories]: [org.springframework.boot.test.mock.mockito.MockitoTestExecutionListener, org.springframework.boot.test.mock.mockito.ResetMocksTestExecutionListener, org.springframework.boot.test.autoconfigure.restdocs.RestDocsTestExecutionListener, org.springframework.boot.test.autoconfigure.web.client.MockRestServiceServerResetTestExecutionListener, org.springframework.boot.test.autoconfigure.web.servlet.MockMvcPrintOnlyOnFailureTestExecutionListener, org.springframework.boot.test.autoconfigure.web.servlet.WebDriverTestExecutionListener, org.springframework.boot.test.autoconfigure.webservices.client.MockWebServiceServerTestExecutionListener, org.spockframework.spring.SpringMockTestExecutionListener, org.springframework.test.context.web.ServletTestExecutionListener, org.springframework.test.context.support.DirtiesContextBeforeModesTestExecutionListener, org.springframework.test.context.event.ApplicationEventsTestExecutionListener, org.springframework.test.context.support.DependencyInjectionTestExecutionListener, org.springframework.test.context.support.DirtiesContextTestExecutionListener, org.springframework.test.context.transaction.TransactionalTestExecutionListener, org.springframework.test.context.jdbc.SqlScriptsTestExecutionListener, org.springframework.test.context.event.EventPublishingTestExecutionListener]
07:32:26.024 [main] INFO org.springframework.boot.test.autoconfigure.data.mongo.DataMongoTestContextBootstrapper - Using TestExecutionListeners: [org.springframework.test.context.web.ServletTestExecutionListener@c9413d8, org.springframework.test.context.support.DirtiesContextBeforeModesTestExecutionListener@64da2a7, org.springframework.test.context.event.ApplicationEventsTestExecutionListener@46074492, org.springframework.boot.test.mock.mockito.MockitoTestExecutionListener@d78795, org.springframework.boot.test.autoconfigure.SpringBootDependencyInjectionTestExecutionListener@2c715e84, org.springframework.test.context.support.DirtiesContextTestExecutionListener@47428937, org.springframework.test.context.transaction.TransactionalTestExecutionListener@3b9d6699, org.springframework.test.context.jdbc.SqlScriptsTestExecutionListener@7caa550, org.springframework.test.context.event.EventPublishingTestExecutionListener@21694e53, org.springframework.boot.test.mock.mockito.ResetMocksTestExecutionListener@72b16078, org.springframework.boot.test.autoconfigure.restdocs.RestDocsTestExecutionListener@22c86919, org.springframework.boot.test.autoconfigure.web.client.MockRestServiceServerResetTestExecutionListener@70fab835, org.springframework.boot.test.autoconfigure.web.servlet.MockMvcPrintOnlyOnFailureTestExecutionListener@1b0a7baf, org.springframework.boot.test.autoconfigure.web.servlet.WebDriverTestExecutionListener@62417a16, org.springframework.boot.test.autoconfigure.webservices.client.MockWebServiceServerTestExecutionListener@32057e6, org.spockframework.spring.SpringMockTestExecutionListener@26be6ca7]
07:32:26.025 [main] DEBUG org.springframework.test.annotation.ProfileValueUtils - Retrieved @ProfileValueSourceConfiguration [null] for test class [com.zilch.payments.boundary.oubound.mongo.account.MongoAccountsRepositorySpec]
07:32:26.025 [main] DEBUG org.springframework.test.annotation.ProfileValueUtils - Retrieved ProfileValueSource type [class org.springframework.test.annotation.SystemProfileValueSource] for class [com.zilch.payments.boundary.oubound.mongo.account.MongoAccountsRepositorySpec]
07:32:26.026 [main] DEBUG org.springframework.test.annotation.ProfileValueUtils - Retrieved @ProfileValueSourceConfiguration [null] for test class [com.zilch.payments.boundary.oubound.mongo.account.MongoAccountsRepositorySpec]
07:32:26.026 [main] DEBUG org.springframework.test.annotation.ProfileValueUtils - Retrieved ProfileValueSource type [class org.springframework.test.annotation.SystemProfileValueSource] for class [com.zilch.payments.boundary.oubound.mongo.account.MongoAccountsRepositorySpec]
07:32:26.026 [main] DEBUG org.springframework.test.context.BootstrapUtils - Instantiating CacheAwareContextLoaderDelegate from class [org.springframework.test.context.cache.DefaultCacheAwareContextLoaderDelegate]
07:32:26.026 [main] DEBUG org.springframework.test.context.BootstrapUtils - Instantiating BootstrapContext using constructor [public org.springframework.test.context.support.DefaultBootstrapContext(java.lang.Class,org.springframework.test.context.CacheAwareContextLoaderDelegate)]
07:32:26.027 [main] DEBUG org.springframework.test.context.BootstrapUtils - Instantiating TestContextBootstrapper for test class [com.zilch.payments.boundary.oubound.mongo.account.MongoAccountsRepositorySpec] from class [org.springframework.boot.test.autoconfigure.data.mongo.DataMongoTestContextBootstrapper]
07:32:26.028 [main] DEBUG org.springframework.test.context.support.AbstractContextLoader - Did not detect default resource location for test class [com.zilch.payments.boundary.oubound.mongo.MongoDbSliceBaseTest]: class path resource [com/zilch/payments/boundary/oubound/mongo/MongoDbSliceBaseTest-context.xml] does not exist
07:32:26.028 [main] DEBUG org.springframework.test.context.support.AbstractContextLoader - Did not detect default resource location for test class [com.zilch.payments.boundary.oubound.mongo.MongoDbSliceBaseTest]: class path resource [com/zilch/payments/boundary/oubound/mongo/MongoDbSliceBaseTestContext.groovy] does not exist
07:32:26.028 [main] INFO org.springframework.test.context.support.AbstractContextLoader - Could not detect default resource locations for test class [com.zilch.payments.boundary.oubound.mongo.MongoDbSliceBaseTest]: no resource found for suffixes {-context.xml, Context.groovy}.
07:32:26.032 [main] DEBUG org.springframework.test.context.support.ActiveProfilesUtils - Could not find an 'annotation declaring class' for annotation type [org.springframework.test.context.ActiveProfiles] and class [com.zilch.payments.boundary.oubound.mongo.account.MongoAccountsRepositorySpec]
07:32:26.034 [main] DEBUG org.springframework.boot.test.autoconfigure.data.mongo.DataMongoTestContextBootstrapper - @TestExecutionListeners is not present for class [com.zilch.payments.boundary.oubound.mongo.account.MongoAccountsRepositorySpec]: using defaults.
07:32:26.034 [main] INFO org.springframework.boot.test.autoconfigure.data.mongo.DataMongoTestContextBootstrapper - Loaded default TestExecutionListener class names from location [META-INF/spring.factories]: [org.springframework.boot.test.mock.mockito.MockitoTestExecutionListener, org.springframework.boot.test.mock.mockito.ResetMocksTestExecutionListener, org.springframework.boot.test.autoconfigure.restdocs.RestDocsTestExecutionListener, org.springframework.boot.test.autoconfigure.web.client.MockRestServiceServerResetTestExecutionListener, org.springframework.boot.test.autoconfigure.web.servlet.MockMvcPrintOnlyOnFailureTestExecutionListener, org.springframework.boot.test.autoconfigure.web.servlet.WebDriverTestExecutionListener, org.springframework.boot.test.autoconfigure.webservices.client.MockWebServiceServerTestExecutionListener, org.spockframework.spring.SpringMockTestExecutionListener, org.springframework.test.context.web.ServletTestExecutionListener, org.springframework.test.context.support.DirtiesContextBeforeModesTestExecutionListener, org.springframework.test.context.event.ApplicationEventsTestExecutionListener, org.springframework.test.context.support.DependencyInjectionTestExecutionListener, org.springframework.test.context.support.DirtiesContextTestExecutionListener, org.springframework.test.context.transaction.TransactionalTestExecutionListener, org.springframework.test.context.jdbc.SqlScriptsTestExecutionListener, org.springframework.test.context.event.EventPublishingTestExecutionListener]
07:32:26.034 [main] INFO org.springframework.boot.test.autoconfigure.data.mongo.DataMongoTestContextBootstrapper - Using TestExecutionListeners: [org.springframework.test.context.web.ServletTestExecutionListener@1133ec6e, org.springframework.test.context.support.DirtiesContextBeforeModesTestExecutionListener@355e34c7, org.springframework.test.context.event.ApplicationEventsTestExecutionListener@54709809, org.springframework.boot.test.mock.mockito.MockitoTestExecutionListener@2a2da905, org.springframework.boot.test.autoconfigure.SpringBootDependencyInjectionTestExecutionListener@24f360b2, org.springframework.test.context.support.DirtiesContextTestExecutionListener@60cf80e7, org.springframework.test.context.transaction.TransactionalTestExecutionListener@302fec27, org.springframework.test.context.jdbc.SqlScriptsTestExecutionListener@770d0ea6, org.springframework.test.context.event.EventPublishingTestExecutionListener@48c40605, org.springframework.boot.test.mock.mockito.ResetMocksTestExecutionListener@54107f42, org.springframework.boot.test.autoconfigure.restdocs.RestDocsTestExecutionListener@1b11ef33, org.springframework.boot.test.autoconfigure.web.client.MockRestServiceServerResetTestExecutionListener@476aac9, org.springframework.boot.test.autoconfigure.web.servlet.MockMvcPrintOnlyOnFailureTestExecutionListener@6cea706c, org.springframework.boot.test.autoconfigure.web.servlet.WebDriverTestExecutionListener@3bd7f8dc, org.springframework.boot.test.autoconfigure.webservices.client.MockWebServiceServerTestExecutionListener@2f2bf0e2, org.spockframework.spring.SpringMockTestExecutionListener@1eba372c]
07:32:26.035 [main] DEBUG org.springframework.test.annotation.ProfileValueUtils - Retrieved @ProfileValueSourceConfiguration [null] for test class [com.zilch.payments.boundary.inbound.controllers.purchase.PurchaseControllerSpec]
07:32:26.035 [main] DEBUG org.springframework.test.annotation.ProfileValueUtils - Retrieved ProfileValueSource type [class org.springframework.test.annotation.SystemProfileValueSource] for class [com.zilch.payments.boundary.inbound.controllers.purchase.PurchaseControllerSpec]
07:32:26.035 [main] DEBUG org.springframework.test.annotation.ProfileValueUtils - Retrieved @ProfileValueSourceConfiguration [null] for test class [com.zilch.payments.boundary.inbound.controllers.purchase.PurchaseControllerSpec]
07:32:26.035 [main] DEBUG org.springframework.test.annotation.ProfileValueUtils - Retrieved ProfileValueSource type [class org.springframework.test.annotation.SystemProfileValueSource] for class [com.zilch.payments.boundary.inbound.controllers.purchase.PurchaseControllerSpec]
07:32:26.035 [main] DEBUG org.springframework.test.annotation.ProfileValueUtils - Retrieved @ProfileValueSourceConfiguration [null] for test class [com.zilch.payments.boundary.inbound.controllers.purchase.PurchaseControllerSpec]
07:32:26.035 [main] DEBUG org.springframework.test.annotation.ProfileValueUtils - Retrieved ProfileValueSource type [class org.springframework.test.annotation.SystemProfileValueSource] for class [com.zilch.payments.boundary.inbound.controllers.purchase.PurchaseControllerSpec]
07:32:26.035 [main] DEBUG org.springframework.test.annotation.ProfileValueUtils - Retrieved @ProfileValueSourceConfiguration [null] for test class [com.zilch.payments.boundary.inbound.controllers.purchase.PurchaseControllerSpec]
07:32:26.035 [main] DEBUG org.springframework.test.annotation.ProfileValueUtils - Retrieved ProfileValueSource type [class org.springframework.test.annotation.SystemProfileValueSource] for class [com.zilch.payments.boundary.inbound.controllers.purchase.PurchaseControllerSpec]
07:32:26.035 [main] DEBUG org.springframework.test.context.BootstrapUtils - Instantiating CacheAwareContextLoaderDelegate from class [org.springframework.test.context.cache.DefaultCacheAwareContextLoaderDelegate]
07:32:26.035 [main] DEBUG org.springframework.test.context.BootstrapUtils - Instantiating BootstrapContext using constructor [public org.springframework.test.context.support.DefaultBootstrapContext(java.lang.Class,org.springframework.test.context.CacheAwareContextLoaderDelegate)]
07:32:26.035 [main] DEBUG org.springframework.test.context.BootstrapUtils - Instantiating TestContextBootstrapper for test class [com.zilch.payments.boundary.inbound.controllers.purchase.PurchaseControllerSpec] from class [org.springframework.boot.test.autoconfigure.web.servlet.WebMvcTestContextBootstrapper]
07:32:26.036 [main] DEBUG org.springframework.test.context.support.AbstractContextLoader - Did not detect default resource location for test class [com.zilch.payments.boundary.inbound.controllers.purchase.PurchaseControllerSpec]: class path resource [com/zilch/payments/boundary/inbound/controllers/purchase/PurchaseControllerSpec-context.xml] does not exist
07:32:26.036 [main] DEBUG org.springframework.test.context.support.AbstractContextLoader - Did not detect default resource location for test class [com.zilch.payments.boundary.inbound.controllers.purchase.PurchaseControllerSpec]: class path resource [com/zilch/payments/boundary/inbound/controllers/purchase/PurchaseControllerSpecContext.groovy] does not exist
07:32:26.036 [main] INFO org.springframework.test.context.support.AbstractContextLoader - Could not detect default resource locations for test class [com.zilch.payments.boundary.inbound.controllers.purchase.PurchaseControllerSpec]: no resource found for suffixes {-context.xml, Context.groovy}.
07:32:26.036 [main] DEBUG org.springframework.test.context.support.AbstractContextLoader - Did not detect default resource location for test class [com.zilch.payments.boundary.inbound.controllers.RestIntegrationBaseSpec]: class path resource [com/zilch/payments/boundary/inbound/controllers/RestIntegrationBaseSpec-context.xml] does not exist
07:32:26.036 [main] DEBUG org.springframework.test.context.support.AbstractContextLoader - Did not detect default resource location for test class [com.zilch.payments.boundary.inbound.controllers.RestIntegrationBaseSpec]: class path resource [com/zilch/payments/boundary/inbound/controllers/RestIntegrationBaseSpecContext.groovy] does not exist
07:32:26.036 [main] INFO org.springframework.test.context.support.AbstractContextLoader - Could not detect default resource locations for test class [com.zilch.payments.boundary.inbound.controllers.RestIntegrationBaseSpec]: no resource found for suffixes {-context.xml, Context.groovy}.
07:32:26.040 [main] DEBUG org.springframework.boot.test.autoconfigure.web.servlet.WebMvcTestContextBootstrapper - @TestExecutionListeners is not present for class [com.zilch.payments.boundary.inbound.controllers.purchase.PurchaseControllerSpec]: using defaults.
07:32:26.040 [main] INFO org.springframework.boot.test.autoconfigure.web.servlet.WebMvcTestContextBootstrapper - Loaded default TestExecutionListener class names from location [META-INF/spring.factories]: [org.springframework.boot.test.mock.mockito.MockitoTestExecutionListener, org.springframework.boot.test.mock.mockito.ResetMocksTestExecutionListener, org.springframework.boot.test.autoconfigure.restdocs.RestDocsTestExecutionListener, org.springframework.boot.test.autoconfigure.web.client.MockRestServiceServerResetTestExecutionListener, org.springframework.boot.test.autoconfigure.web.servlet.MockMvcPrintOnlyOnFailureTestExecutionListener, org.springframework.boot.test.autoconfigure.web.servlet.WebDriverTestExecutionListener, org.springframework.boot.test.autoconfigure.webservices.client.MockWebServiceServerTestExecutionListener, org.spockframework.spring.SpringMockTestExecutionListener, org.springframework.test.context.web.ServletTestExecutionListener, org.springframework.test.context.support.DirtiesContextBeforeModesTestExecutionListener, org.springframework.test.context.event.ApplicationEventsTestExecutionListener, org.springframework.test.context.support.DependencyInjectionTestExecutionListener, org.springframework.test.context.support.DirtiesContextTestExecutionListener, org.springframework.test.context.transaction.TransactionalTestExecutionListener, org.springframework.test.context.jdbc.SqlScriptsTestExecutionListener, org.springframework.test.context.event.EventPublishingTestExecutionListener]
07:32:26.040 [main] INFO org.springframework.boot.test.autoconfigure.web.servlet.WebMvcTestContextBootstrapper - Using TestExecutionListeners: [org.springframework.test.context.web.ServletTestExecutionListener@7a138fc5, org.springframework.test.context.support.DirtiesContextBeforeModesTestExecutionListener@379ab47b, org.springframework.test.context.event.ApplicationEventsTestExecutionListener@307765b4, org.springframework.boot.test.mock.mockito.MockitoTestExecutionListener@4a9e6faf, org.springframework.boot.test.autoconfigure.SpringBootDependencyInjectionTestExecutionListener@2c95ac9e, org.springframework.test.context.support.DirtiesContextTestExecutionListener@4e4efc1b, org.springframework.test.context.transaction.TransactionalTestExecutionListener@459f7aa3, org.springframework.test.context.jdbc.SqlScriptsTestExecutionListener@7cc586a8, org.springframework.test.context.event.EventPublishingTestExecutionListener@7db534f2, org.springframework.boot.test.mock.mockito.ResetMocksTestExecutionListener@44a2b17b, org.springframework.boot.test.autoconfigure.restdocs.RestDocsTestExecutionListener@7a56812e, org.springframework.boot.test.autoconfigure.web.client.MockRestServiceServerResetTestExecutionListener@2a76b80a, org.springframework.boot.test.autoconfigure.web.servlet.MockMvcPrintOnlyOnFailureTestExecutionListener@7eb01b12, org.springframework.boot.test.autoconfigure.web.servlet.WebDriverTestExecutionListener@2f4854d6, org.springframework.boot.test.autoconfigure.webservices.client.MockWebServiceServerTestExecutionListener@61d9efe0, org.spockframework.spring.SpringMockTestExecutionListener@7e70bd39]
07:32:26.040 [main] DEBUG org.springframework.test.annotation.ProfileValueUtils - Retrieved @ProfileValueSourceConfiguration [null] for test class [com.zilch.payments.boundary.inbound.controllers.purchase.AccountPurchasesSummaryControllerSpec]
07:32:26.040 [main] DEBUG org.springframework.test.annotation.ProfileValueUtils - Retrieved ProfileValueSource type [class org.springframework.test.annotation.SystemProfileValueSource] for class [com.zilch.payments.boundary.inbound.controllers.purchase.AccountPurchasesSummaryControllerSpec]
07:32:26.040 [main] DEBUG org.springframework.test.annotation.ProfileValueUtils - Retrieved @ProfileValueSourceConfiguration [null] for test class [com.zilch.payments.boundary.inbound.controllers.purchase.AccountPurchasesSummaryControllerSpec]
07:32:26.040 [main] DEBUG org.springframework.test.annotation.ProfileValueUtils - Retrieved ProfileValueSource type [class org.springframework.test.annotation.SystemProfileValueSource] for class [com.zilch.payments.boundary.inbound.controllers.purchase.AccountPurchasesSummaryControllerSpec]
07:32:26.040 [main] DEBUG org.springframework.test.context.BootstrapUtils - Instantiating CacheAwareContextLoaderDelegate from class [org.springframework.test.context.cache.DefaultCacheAwareContextLoaderDelegate]
07:32:26.041 [main] DEBUG org.springframework.test.context.BootstrapUtils - Instantiating BootstrapContext using constructor [public org.springframework.test.context.support.DefaultBootstrapContext(java.lang.Class,org.springframework.test.context.CacheAwareContextLoaderDelegate)]
07:32:26.041 [main] DEBUG org.springframework.test.context.BootstrapUtils - Instantiating TestContextBootstrapper for test class [com.zilch.payments.boundary.inbound.controllers.purchase.AccountPurchasesSummaryControllerSpec] from class [org.springframework.boot.test.autoconfigure.web.servlet.WebMvcTestContextBootstrapper]
07:32:26.041 [main] DEBUG org.springframework.test.context.support.AbstractContextLoader - Did not detect default resource location for test class [com.zilch.payments.boundary.inbound.controllers.purchase.AccountPurchasesSummaryControllerSpec]: class path resource [com/zilch/payments/boundary/inbound/controllers/purchase/AccountPurchasesSummaryControllerSpec-context.xml] does not exist
07:32:26.041 [main] DEBUG org.springframework.test.context.support.AbstractContextLoader - Did not detect default resource location for test class [com.zilch.payments.boundary.inbound.controllers.purchase.AccountPurchasesSummaryControllerSpec]: class path resource [com/zilch/payments/boundary/inbound/controllers/purchase/AccountPurchasesSummaryControllerSpecContext.groovy] does not exist
07:32:26.041 [main] INFO org.springframework.test.context.support.AbstractContextLoader - Could not detect default resource locations for test class [com.zilch.payments.boundary.inbound.controllers.purchase.AccountPurchasesSummaryControllerSpec]: no resource found for suffixes {-context.xml, Context.groovy}.
07:32:26.041 [main] DEBUG org.springframework.test.context.support.AbstractContextLoader - Did not detect default resource location for test class [com.zilch.payments.boundary.inbound.controllers.RestIntegrationBaseSpec]: class path resource [com/zilch/payments/boundary/inbound/controllers/RestIntegrationBaseSpec-context.xml] does not exist
07:32:26.041 [main] DEBUG org.springframework.test.context.support.AbstractContextLoader - Did not detect default resource location for test class [com.zilch.payments.boundary.inbound.controllers.RestIntegrationBaseSpec]: class path resource [com/zilch/payments/boundary/inbound/controllers/RestIntegrationBaseSpecContext.groovy] does not exist
07:32:26.041 [main] INFO org.springframework.test.context.support.AbstractContextLoader - Could not detect default resource locations for test class [com.zilch.payments.boundary.inbound.controllers.RestIntegrationBaseSpec]: no resource found for suffixes {-context.xml, Context.groovy}.
07:32:26.044 [main] DEBUG org.springframework.boot.test.autoconfigure.web.servlet.WebMvcTestContextBootstrapper - @TestExecutionListeners is not present for class [com.zilch.payments.boundary.inbound.controllers.purchase.AccountPurchasesSummaryControllerSpec]: using defaults.
07:32:26.044 [main] INFO org.springframework.boot.test.autoconfigure.web.servlet.WebMvcTestContextBootstrapper - Loaded default TestExecutionListener class names from location [META-INF/spring.factories]: [org.springframework.boot.test.mock.mockito.MockitoTestExecutionListener, org.springframework.boot.test.mock.mockito.ResetMocksTestExecutionListener, org.springframework.boot.test.autoconfigure.restdocs.RestDocsTestExecutionListener, org.springframework.boot.test.autoconfigure.web.client.MockRestServiceServerResetTestExecutionListener, org.springframework.boot.test.autoconfigure.web.servlet.MockMvcPrintOnlyOnFailureTestExecutionListener, org.springframework.boot.test.autoconfigure.web.servlet.WebDriverTestExecutionListener, org.springframework.boot.test.autoconfigure.webservices.client.MockWebServiceServerTestExecutionListener, org.spockframework.spring.SpringMockTestExecutionListener, org.springframework.test.context.web.ServletTestExecutionListener, org.springframework.test.context.support.DirtiesContextBeforeModesTestExecutionListener, org.springframework.test.context.event.ApplicationEventsTestExecutionListener, org.springframework.test.context.support.DependencyInjectionTestExecutionListener, org.springframework.test.context.support.DirtiesContextTestExecutionListener, org.springframework.test.context.transaction.TransactionalTestExecutionListener, org.springframework.test.context.jdbc.SqlScriptsTestExecutionListener, org.springframework.test.context.event.EventPublishingTestExecutionListener]
07:32:26.045 [main] INFO org.springframework.boot.test.autoconfigure.web.servlet.WebMvcTestContextBootstrapper - Using TestExecutionListeners: [org.springframework.test.context.web.ServletTestExecutionListener@3ec11999, org.springframework.test.context.support.DirtiesContextBeforeModesTestExecutionListener@5c1bd44c, org.springframework.test.context.event.ApplicationEventsTestExecutionListener@9f46d94, org.springframework.boot.test.mock.mockito.MockitoTestExecutionListener@18cc679e, org.springframework.boot.test.autoconfigure.SpringBootDependencyInjectionTestExecutionListener@2e77b8cf, org.springframework.test.context.support.DirtiesContextTestExecutionListener@2c4ca0f9, org.springframework.test.context.transaction.TransactionalTestExecutionListener@67ef029, org.springframework.test.context.jdbc.SqlScriptsTestExecutionListener@7df587ef, org.springframework.test.context.event.EventPublishingTestExecutionListener@6e57e95e, org.springframework.boot.test.mock.mockito.ResetMocksTestExecutionListener@2755d705, org.springframework.boot.test.autoconfigure.restdocs.RestDocsTestExecutionListener@56db847e, org.springframework.boot.test.autoconfigure.web.client.MockRestServiceServerResetTestExecutionListener@740abb5, org.springframework.boot.test.autoconfigure.web.servlet.MockMvcPrintOnlyOnFailureTestExecutionListener@560cbf1a, org.springframework.boot.test.autoconfigure.web.servlet.WebDriverTestExecutionListener@5fe8b721, org.springframework.boot.test.autoconfigure.webservices.client.MockWebServiceServerTestExecutionListener@551a20d6, org.spockframework.spring.SpringMockTestExecutionListener@578524c3]
07:32:26.045 [main] DEBUG org.springframework.test.annotation.ProfileValueUtils - Retrieved @ProfileValueSourceConfiguration [null] for test class [com.zilch.payments.boundary.inbound.controllers.account.AccountsControllerSpec]
07:32:26.045 [main] DEBUG org.springframework.test.annotation.ProfileValueUtils - Retrieved ProfileValueSource type [class org.springframework.test.annotation.SystemProfileValueSource] for class [com.zilch.payments.boundary.inbound.controllers.account.AccountsControllerSpec]
07:32:26.045 [main] DEBUG org.springframework.test.annotation.ProfileValueUtils - Retrieved @ProfileValueSourceConfiguration [null] for test class [com.zilch.payments.boundary.inbound.controllers.account.AccountsControllerSpec]
07:32:26.045 [main] DEBUG org.springframework.test.annotation.ProfileValueUtils - Retrieved ProfileValueSource type [class org.springframework.test.annotation.SystemProfileValueSource] for class [com.zilch.payments.boundary.inbound.controllers.account.AccountsControllerSpec]
07:32:26.045 [main] DEBUG org.springframework.test.annotation.ProfileValueUtils - Retrieved @ProfileValueSourceConfiguration [null] for test class [com.zilch.payments.boundary.inbound.controllers.account.AccountsControllerSpec]
07:32:26.045 [main] DEBUG org.springframework.test.annotation.ProfileValueUtils - Retrieved ProfileValueSource type [class org.springframework.test.annotation.SystemProfileValueSource] for class [com.zilch.payments.boundary.inbound.controllers.account.AccountsControllerSpec]
07:32:26.045 [main] DEBUG org.springframework.test.annotation.ProfileValueUtils - Retrieved @ProfileValueSourceConfiguration [null] for test class [com.zilch.payments.boundary.inbound.controllers.account.AccountsControllerSpec]
07:32:26.045 [main] DEBUG org.springframework.test.annotation.ProfileValueUtils - Retrieved ProfileValueSource type [class org.springframework.test.annotation.SystemProfileValueSource] for class [com.zilch.payments.boundary.inbound.controllers.account.AccountsControllerSpec]
07:32:26.045 [main] DEBUG org.springframework.test.annotation.ProfileValueUtils - Retrieved @ProfileValueSourceConfiguration [null] for test class [com.zilch.payments.boundary.inbound.controllers.account.AccountsControllerSpec]
07:32:26.045 [main] DEBUG org.springframework.test.annotation.ProfileValueUtils - Retrieved ProfileValueSource type [class org.springframework.test.annotation.SystemProfileValueSource] for class [com.zilch.payments.boundary.inbound.controllers.account.AccountsControllerSpec]
07:32:26.045 [main] DEBUG org.springframework.test.annotation.ProfileValueUtils - Retrieved @ProfileValueSourceConfiguration [null] for test class [com.zilch.payments.boundary.inbound.controllers.account.AccountsControllerSpec]
07:32:26.045 [main] DEBUG org.springframework.test.annotation.ProfileValueUtils - Retrieved ProfileValueSource type [class org.springframework.test.annotation.SystemProfileValueSource] for class [com.zilch.payments.boundary.inbound.controllers.account.AccountsControllerSpec]
07:32:26.045 [main] DEBUG org.springframework.test.context.BootstrapUtils - Instantiating CacheAwareContextLoaderDelegate from class [org.springframework.test.context.cache.DefaultCacheAwareContextLoaderDelegate]
07:32:26.045 [main] DEBUG org.springframework.test.context.BootstrapUtils - Instantiating BootstrapContext using constructor [public org.springframework.test.context.support.DefaultBootstrapContext(java.lang.Class,org.springframework.test.context.CacheAwareContextLoaderDelegate)]
07:32:26.046 [main] DEBUG org.springframework.test.context.BootstrapUtils - Instantiating TestContextBootstrapper for test class [com.zilch.payments.boundary.inbound.controllers.account.AccountsControllerSpec] from class [org.springframework.boot.test.autoconfigure.web.servlet.WebMvcTestContextBootstrapper]
07:32:26.046 [main] DEBUG org.springframework.test.context.support.AbstractContextLoader - Did not detect default resource location for test class [com.zilch.payments.boundary.inbound.controllers.account.AccountsControllerSpec]: class path resource [com/zilch/payments/boundary/inbound/controllers/account/AccountsControllerSpec-context.xml] does not exist
07:32:26.046 [main] DEBUG org.springframework.test.context.support.AbstractContextLoader - Did not detect default resource location for test class [com.zilch.payments.boundary.inbound.controllers.account.AccountsControllerSpec]: class path resource [com/zilch/payments/boundary/inbound/controllers/account/AccountsControllerSpecContext.groovy] does not exist
07:32:26.046 [main] INFO org.springframework.test.context.support.AbstractContextLoader - Could not detect default resource locations for test class [com.zilch.payments.boundary.inbound.controllers.account.AccountsControllerSpec]: no resource found for suffixes {-context.xml, Context.groovy}.
07:32:26.046 [main] DEBUG org.springframework.test.context.support.AbstractContextLoader - Did not detect default resource location for test class [com.zilch.payments.boundary.inbound.controllers.RestIntegrationBaseSpec]: class path resource [com/zilch/payments/boundary/inbound/controllers/RestIntegrationBaseSpec-context.xml] does not exist
07:32:26.046 [main] DEBUG org.springframework.test.context.support.AbstractContextLoader - Did not detect default resource location for test class [com.zilch.payments.boundary.inbound.controllers.RestIntegrationBaseSpec]: class path resource [com/zilch/payments/boundary/inbound/controllers/RestIntegrationBaseSpecContext.groovy] does not exist
07:32:26.046 [main] INFO org.springframework.test.context.support.AbstractContextLoader - Could not detect default resource locations for test class [com.zilch.payments.boundary.inbound.controllers.RestIntegrationBaseSpec]: no resource found for suffixes {-context.xml, Context.groovy}.
07:32:26.050 [main] DEBUG org.springframework.boot.test.autoconfigure.web.servlet.WebMvcTestContextBootstrapper - @TestExecutionListeners is not present for class [com.zilch.payments.boundary.inbound.controllers.account.AccountsControllerSpec]: using defaults.
07:32:26.050 [main] INFO org.springframework.boot.test.autoconfigure.web.servlet.WebMvcTestContextBootstrapper - Loaded default TestExecutionListener class names from location [META-INF/spring.factories]: [org.springframework.boot.test.mock.mockito.MockitoTestExecutionListener, org.springframework.boot.test.mock.mockito.ResetMocksTestExecutionListener, org.springframework.boot.test.autoconfigure.restdocs.RestDocsTestExecutionListener, org.springframework.boot.test.autoconfigure.web.client.MockRestServiceServerResetTestExecutionListener, org.springframework.boot.test.autoconfigure.web.servlet.MockMvcPrintOnlyOnFailureTestExecutionListener, org.springframework.boot.test.autoconfigure.web.servlet.WebDriverTestExecutionListener, org.springframework.boot.test.autoconfigure.webservices.client.MockWebServiceServerTestExecutionListener, org.spockframework.spring.SpringMockTestExecutionListener, org.springframework.test.context.web.ServletTestExecutionListener, org.springframework.test.context.support.DirtiesContextBeforeModesTestExecutionListener, org.springframework.test.context.event.ApplicationEventsTestExecutionListener, org.springframework.test.context.support.DependencyInjectionTestExecutionListener, org.springframework.test.context.support.DirtiesContextTestExecutionListener, org.springframework.test.context.transaction.TransactionalTestExecutionListener, org.springframework.test.context.jdbc.SqlScriptsTestExecutionListener, org.springframework.test.context.event.EventPublishingTestExecutionListener]
07:32:26.050 [main] INFO org.springframework.boot.test.autoconfigure.web.servlet.WebMvcTestContextBootstrapper - Using TestExecutionListeners: [org.springframework.test.context.web.ServletTestExecutionListener@2de366bb, org.springframework.test.context.support.DirtiesContextBeforeModesTestExecutionListener@3f093abe, org.springframework.test.context.event.ApplicationEventsTestExecutionListener@61a002b1, org.springframework.boot.test.mock.mockito.MockitoTestExecutionListener@4eeea57d, org.springframework.boot.test.autoconfigure.SpringBootDependencyInjectionTestExecutionListener@780ec4a5, org.springframework.test.context.support.DirtiesContextTestExecutionListener@e24ddd0, org.springframework.test.context.transaction.TransactionalTestExecutionListener@6f70f32f, org.springframework.test.context.jdbc.SqlScriptsTestExecutionListener@548e76f1, org.springframework.test.context.event.EventPublishingTestExecutionListener@5aabbb29, org.springframework.boot.test.mock.mockito.ResetMocksTestExecutionListener@72c927f1, org.springframework.boot.test.autoconfigure.restdocs.RestDocsTestExecutionListener@1ac85b0c, org.springframework.boot.test.autoconfigure.web.client.MockRestServiceServerResetTestExecutionListener@3dd69f5a, org.springframework.boot.test.autoconfigure.web.servlet.MockMvcPrintOnlyOnFailureTestExecutionListener@3aa3193a, org.springframework.boot.test.autoconfigure.web.servlet.WebDriverTestExecutionListener@1ee4730, org.springframework.boot.test.autoconfigure.webservices.client.MockWebServiceServerTestExecutionListener@59a67c3a, org.spockframework.spring.SpringMockTestExecutionListener@5003041b]
07:32:26.081 [main] DEBUG org.springframework.test.context.support.AbstractDirtiesContextTestExecutionListener - Before test class: context [DefaultTestContext@62c5bbdc testClass = ElasticsearchPurchaseRepositorySpec, testInstance = [null], testMethod = [null], testException = [null], mergedContextConfiguration = [MergedContextConfiguration@7bdf6bb7 testClass = ElasticsearchPurchaseRepositorySpec, locations = '{}', classes = '{class com.zilch.payments.application.config.elasticsearch.ElasticsearchConfig}', contextInitializerClasses = '[class com.zilch.payments.boundary.oubound.elastic.ElasticsearchTestContainerRunner$Initializer]', activeProfiles = '{}', propertySourceLocations = '{}', propertySourceProperties = '{}', contextCustomizers = set[org.springframework.boot.test.context.filter.ExcludeFilterContextCustomizer@5fbdfdcf, org.springframework.boot.test.json.DuplicateJsonObjectContextCustomizerFactory$DuplicateJsonObjectContextCustomizer@3bf9ce3e, org.springframework.boot.test.mock.mockito.MockitoContextCustomizer@0, org.springframework.boot.test.autoconfigure.actuate.metrics.MetricsExportContextCustomizerFactory$DisableMetricExportContextCustomizer@543588e6, org.springframework.boot.test.autoconfigure.properties.PropertyMappingContextCustomizer@0, org.springframework.boot.test.autoconfigure.web.servlet.WebDriverContextCustomizerFactory$Customizer@6e0f5f7f, org.spockframework.spring.mock.SpockContextCustomizer@0], contextLoader = 'org.springframework.test.context.support.DelegatingSmartContextLoader', parent = [null]], attributes = map[[empty]]], class annotated with @DirtiesContext [false] with mode [null].
07:32:26.131 [main] DEBUG org.springframework.test.context.support.DependencyInjectionTestExecutionListener - Performing dependency injection for test context [[DefaultTestContext@62c5bbdc testClass = ElasticsearchPurchaseRepositorySpec, testInstance = com.zilch.payments.boundary.oubound.elastic.purchase.ElasticsearchPurchaseRepositorySpec@faa3fed, testMethod = [null], testException = [null], mergedContextConfiguration = [MergedContextConfiguration@7bdf6bb7 testClass = ElasticsearchPurchaseRepositorySpec, locations = '{}', classes = '{class com.zilch.payments.application.config.elasticsearch.ElasticsearchConfig}', contextInitializerClasses = '[class com.zilch.payments.boundary.oubound.elastic.ElasticsearchTestContainerRunner$Initializer]', activeProfiles = '{}', propertySourceLocations = '{}', propertySourceProperties = '{}', contextCustomizers = set[org.springframework.boot.test.context.filter.ExcludeFilterContextCustomizer@5fbdfdcf, org.springframework.boot.test.json.DuplicateJsonObjectContextCustomizerFactory$DuplicateJsonObjectContextCustomizer@3bf9ce3e, org.springframework.boot.test.mock.mockito.MockitoContextCustomizer@0, org.springframework.boot.test.autoconfigure.actuate.metrics.MetricsExportContextCustomizerFactory$DisableMetricExportContextCustomizer@543588e6, org.springframework.boot.test.autoconfigure.properties.PropertyMappingContextCustomizer@0, org.springframework.boot.test.autoconfigure.web.servlet.WebDriverContextCustomizerFactory$Customizer@6e0f5f7f, org.spockframework.spring.mock.SpockContextCustomizer@0], contextLoader = 'org.springframework.test.context.support.DelegatingSmartContextLoader', parent = [null]], attributes = map['org.springframework.test.context.event.ApplicationEventsTestExecutionListener.recordApplicationEvents' -> false]]].
07:32:26.131 [main] DEBUG org.springframework.test.context.support.AbstractDelegatingSmartContextLoader - Delegating to AnnotationConfigContextLoader to load context from [MergedContextConfiguration@7bdf6bb7 testClass = ElasticsearchPurchaseRepositorySpec, locations = '{}', classes = '{class com.zilch.payments.application.config.elasticsearch.ElasticsearchConfig}', contextInitializerClasses = '[class com.zilch.payments.boundary.oubound.elastic.ElasticsearchTestContainerRunner$Initializer]', activeProfiles = '{}', propertySourceLocations = '{}', propertySourceProperties = '{}', contextCustomizers = set[org.springframework.boot.test.context.filter.ExcludeFilterContextCustomizer@5fbdfdcf, org.springframework.boot.test.json.DuplicateJsonObjectContextCustomizerFactory$DuplicateJsonObjectContextCustomizer@3bf9ce3e, org.springframework.boot.test.mock.mockito.MockitoContextCustomizer@0, org.springframework.boot.test.autoconfigure.actuate.metrics.MetricsExportContextCustomizerFactory$DisableMetricExportContextCustomizer@543588e6, org.springframework.boot.test.autoconfigure.properties.PropertyMappingContextCustomizer@0, org.springframework.boot.test.autoconfigure.web.servlet.WebDriverContextCustomizerFactory$Customizer@6e0f5f7f, org.spockframework.spring.mock.SpockContextCustomizer@0], contextLoader = 'org.springframework.test.context.support.DelegatingSmartContextLoader', parent = [null]].
07:32:26.131 [main] DEBUG org.springframework.test.context.support.AbstractGenericContextLoader - Loading ApplicationContext for merged context configuration [[MergedContextConfiguration@7bdf6bb7 testClass = ElasticsearchPurchaseRepositorySpec, locations = '{}', classes = '{class com.zilch.payments.application.config.elasticsearch.ElasticsearchConfig}', contextInitializerClasses = '[class com.zilch.payments.boundary.oubound.elastic.ElasticsearchTestContainerRunner$Initializer]', activeProfiles = '{}', propertySourceLocations = '{}', propertySourceProperties = '{}', contextCustomizers = set[org.springframework.boot.test.context.filter.ExcludeFilterContextCustomizer@5fbdfdcf, org.springframework.boot.test.json.DuplicateJsonObjectContextCustomizerFactory$DuplicateJsonObjectContextCustomizer@3bf9ce3e, org.springframework.boot.test.mock.mockito.MockitoContextCustomizer@0, org.springframework.boot.test.autoconfigure.actuate.metrics.MetricsExportContextCustomizerFactory$DisableMetricExportContextCustomizer@543588e6, org.springframework.boot.test.autoconfigure.properties.PropertyMappingContextCustomizer@0, org.springframework.boot.test.autoconfigure.web.servlet.WebDriverContextCustomizerFactory$Customizer@6e0f5f7f, org.spockframework.spring.mock.SpockContextCustomizer@0], contextLoader = 'org.springframework.test.context.support.DelegatingSmartContextLoader', parent = [null]]].
07:32:26.149 [main] DEBUG org.springframework.core.env.StandardEnvironment - Activating profiles []
07:32:26.168 [main] DEBUG org.testcontainers.utility.TestcontainersConfiguration - Testcontainers configuration overrides will be loaded from file:/Users/marekchodak/.testcontainers.properties
07:32:26.169 [main] INFO org.testcontainers.utility.ImageNameSubstitutor - Image name substitution will be performed by: DefaultImageNameSubstitutor (composite of 'ConfigurationFileImageNameSubstitutor' and 'PrefixingImageNameSubstitutor')
07:32:26.180 [testcontainers-lifecycle-0] INFO org.testcontainers.dockerclient.DockerClientProviderStrategy - Loaded org.testcontainers.dockerclient.UnixSocketClientProviderStrategy from ~/.testcontainers.properties, will try it first
07:32:26.180 [testcontainers-lifecycle-0] DEBUG org.testcontainers.dockerclient.DockerClientProviderStrategy - Trying out strategy: UnixSocketClientProviderStrategy
07:32:26.306 [testcontainers-lifecycle-0] DEBUG org.testcontainers.shaded.com.github.dockerjava.core.command.AbstrDockerCmd - Cmd: 
07:32:26.318 [testcontainers-lifecycle-0] DEBUG com.github.dockerjava.zerodep.shaded.org.apache.hc.client5.http.impl.classic.InternalHttpClient - ex-00000001: preparing request execution
07:32:26.320 [testcontainers-lifecycle-0] DEBUG com.github.dockerjava.zerodep.shaded.org.apache.hc.client5.http.protocol.RequestAddCookies - Cookie spec selected: strict
07:32:26.321 [testcontainers-lifecycle-0] DEBUG com.github.dockerjava.zerodep.shaded.org.apache.hc.client5.http.protocol.RequestAuthCache - Auth cache not set in the context
07:32:26.321 [testcontainers-lifecycle-0] DEBUG com.github.dockerjava.zerodep.shaded.org.apache.hc.client5.http.impl.classic.ProtocolExec - ex-00000001: target auth state: UNCHALLENGED
07:32:26.322 [testcontainers-lifecycle-0] DEBUG com.github.dockerjava.zerodep.shaded.org.apache.hc.client5.http.impl.classic.ProtocolExec - ex-00000001: proxy auth state: UNCHALLENGED
07:32:26.322 [testcontainers-lifecycle-0] DEBUG com.github.dockerjava.zerodep.shaded.org.apache.hc.client5.http.impl.classic.ConnectExec - ex-00000001: acquiring connection with route {}->unix://localhost:2375
07:32:26.322 [testcontainers-lifecycle-0] DEBUG com.github.dockerjava.zerodep.shaded.org.apache.hc.client5.http.impl.classic.InternalHttpClient - ex-00000001: acquiring endpoint (3 MINUTES)
07:32:26.322 [testcontainers-lifecycle-0] DEBUG com.github.dockerjava.zerodep.shaded.org.apache.hc.client5.http.impl.io.PoolingHttpClientConnectionManager - ex-00000001: endpoint lease request (3 MINUTES) [route: {}->unix://localhost:2375][total available: 0; route allocated: 0 of 2147483647; total allocated: 0 of 2147483647]
07:32:26.323 [testcontainers-lifecycle-0] DEBUG com.github.dockerjava.zerodep.shaded.org.apache.hc.client5.http.impl.io.PoolingHttpClientConnectionManager - ex-00000001: endpoint leased [route: {}->unix://localhost:2375][total available: 0; route allocated: 1 of 2147483647; total allocated: 1 of 2147483647]
07:32:26.327 [testcontainers-lifecycle-0] DEBUG com.github.dockerjava.zerodep.shaded.org.apache.hc.client5.http.impl.io.PoolingHttpClientConnectionManager - ex-00000001: acquired ep-00000000
07:32:26.328 [testcontainers-lifecycle-0] DEBUG com.github.dockerjava.zerodep.shaded.org.apache.hc.client5.http.impl.classic.InternalHttpClient - ex-00000001: acquired endpoint ep-00000000
07:32:26.328 [testcontainers-lifecycle-0] DEBUG com.github.dockerjava.zerodep.shaded.org.apache.hc.client5.http.impl.classic.ConnectExec - ex-00000001: opening connection {}->unix://localhost:2375
07:32:26.328 [testcontainers-lifecycle-0] DEBUG com.github.dockerjava.zerodep.shaded.org.apache.hc.client5.http.impl.classic.InternalHttpClient - ep-00000000: connecting endpoint (3 MINUTES)
07:32:26.328 [testcontainers-lifecycle-0] DEBUG com.github.dockerjava.zerodep.shaded.org.apache.hc.client5.http.impl.io.PoolingHttpClientConnectionManager - ep-00000000: connecting endpoint to unix://localhost:2375 (3 MINUTES)
07:32:26.333 [testcontainers-lifecycle-0] DEBUG com.github.dockerjava.zerodep.shaded.org.apache.hc.client5.http.impl.io.DefaultHttpClientConnectionOperator - http-outgoing-0: connecting to localhost/127.0.0.1:2375
07:32:26.333 [testcontainers-lifecycle-0] DEBUG com.github.dockerjava.zerodep.shaded.org.apache.hc.client5.http.impl.io.DefaultHttpClientConnectionOperator - http-outgoing-0: connection established /var/run/docker.sock<->/var/run/docker.sock
07:32:26.334 [testcontainers-lifecycle-0] DEBUG com.github.dockerjava.zerodep.shaded.org.apache.hc.client5.http.impl.io.PoolingHttpClientConnectionManager - ep-00000000: connected http-outgoing-0
07:32:26.334 [testcontainers-lifecycle-0] DEBUG com.github.dockerjava.zerodep.shaded.org.apache.hc.client5.http.impl.classic.InternalHttpClient - ep-00000000: endpoint connected
07:32:26.334 [testcontainers-lifecycle-0] DEBUG com.github.dockerjava.zerodep.shaded.org.apache.hc.client5.http.impl.classic.MainClientExec - ex-00000001: executing GET /v1.32/info HTTP/1.1
07:32:26.334 [testcontainers-lifecycle-0] DEBUG com.github.dockerjava.zerodep.shaded.org.apache.hc.client5.http.impl.classic.InternalHttpClient - ep-00000000: start execution ex-00000001
07:32:26.334 [testcontainers-lifecycle-0] DEBUG com.github.dockerjava.zerodep.shaded.org.apache.hc.client5.http.impl.io.PoolingHttpClientConnectionManager - ep-00000000: executing exchange ex-00000001 over http-outgoing-0
07:32:26.335 [testcontainers-lifecycle-0] DEBUG com.github.dockerjava.zerodep.shaded.org.apache.hc.client5.http.headers - http-outgoing-0 >> GET /v1.32/info HTTP/1.1
07:32:26.335 [testcontainers-lifecycle-0] DEBUG com.github.dockerjava.zerodep.shaded.org.apache.hc.client5.http.headers - http-outgoing-0 >> x-tc-sid: c71ac4c9-df80-4afc-a65e-4c14f7b4213e
07:32:26.335 [testcontainers-lifecycle-0] DEBUG com.github.dockerjava.zerodep.shaded.org.apache.hc.client5.http.headers - http-outgoing-0 >> Accept-Encoding: gzip, x-gzip, deflate
07:32:26.335 [testcontainers-lifecycle-0] DEBUG com.github.dockerjava.zerodep.shaded.org.apache.hc.client5.http.headers - http-outgoing-0 >> Host: localhost:2375
07:32:26.335 [testcontainers-lifecycle-0] DEBUG com.github.dockerjava.zerodep.shaded.org.apache.hc.client5.http.headers - http-outgoing-0 >> Connection: keep-alive
07:32:26.335 [testcontainers-lifecycle-0] DEBUG com.github.dockerjava.zerodep.shaded.org.apache.hc.client5.http.headers - http-outgoing-0 >> User-Agent: Apache-HttpClient/5.0.3 (Java/17)
07:32:26.335 [testcontainers-lifecycle-0] DEBUG com.github.dockerjava.zerodep.shaded.org.apache.hc.client5.http.wire - http-outgoing-0 >> "GET /v1.32/info HTTP/1.1[\r][\n]"
07:32:26.335 [testcontainers-lifecycle-0] DEBUG com.github.dockerjava.zerodep.shaded.org.apache.hc.client5.http.wire - http-outgoing-0 >> "x-tc-sid: c71ac4c9-df80-4afc-a65e-4c14f7b4213e[\r][\n]"
07:32:26.335 [testcontainers-lifecycle-0] DEBUG com.github.dockerjava.zerodep.shaded.org.apache.hc.client5.http.wire - http-outgoing-0 >> "Accept-Encoding: gzip, x-gzip, deflate[\r][\n]"
07:32:26.335 [testcontainers-lifecycle-0] DEBUG com.github.dockerjava.zerodep.shaded.org.apache.hc.client5.http.wire - http-outgoing-0 >> "Host: localhost:2375[\r][\n]"
07:32:26.335 [testcontainers-lifecycle-0] DEBUG com.github.dockerjava.zerodep.shaded.org.apache.hc.client5.http.wire - http-outgoing-0 >> "Connection: keep-alive[\r][\n]"
07:32:26.335 [testcontainers-lifecycle-0] DEBUG com.github.dockerjava.zerodep.shaded.org.apache.hc.client5.http.wire - http-outgoing-0 >> "User-Agent: Apache-HttpClient/5.0.3 (Java/17)[\r][\n]"
07:32:26.335 [testcontainers-lifecycle-0] DEBUG com.github.dockerjava.zerodep.shaded.org.apache.hc.client5.http.wire - http-outgoing-0 >> "[\r][\n]"
07:32:26.369 [testcontainers-lifecycle-0] DEBUG com.github.dockerjava.zerodep.shaded.org.apache.hc.client5.http.wire - http-outgoing-0 << "HTTP/1.1 200 OK[\r][\n]"
07:32:26.369 [testcontainers-lifecycle-0] DEBUG com.github.dockerjava.zerodep.shaded.org.apache.hc.client5.http.wire - http-outgoing-0 << "Api-Version: 1.41[\r][\n]"
07:32:26.369 [testcontainers-lifecycle-0] DEBUG com.github.dockerjava.zerodep.shaded.org.apache.hc.client5.http.wire - http-outgoing-0 << "Content-Type: application/json[\r][\n]"
07:32:26.369 [testcontainers-lifecycle-0] DEBUG com.github.dockerjava.zerodep.shaded.org.apache.hc.client5.http.wire - http-outgoing-0 << "Date: Sun, 20 Nov 2022 07:32:26 GMT[\r][\n]"
07:32:26.369 [testcontainers-lifecycle-0] DEBUG com.github.dockerjava.zerodep.shaded.org.apache.hc.client5.http.wire - http-outgoing-0 << "Docker-Experimental: false[\r][\n]"
07:32:26.369 [testcontainers-lifecycle-0] DEBUG com.github.dockerjava.zerodep.shaded.org.apache.hc.client5.http.wire - http-outgoing-0 << "Ostype: linux[\r][\n]"
07:32:26.369 [testcontainers-lifecycle-0] DEBUG com.github.dockerjava.zerodep.shaded.org.apache.hc.client5.http.wire - http-outgoing-0 << "Server: Docker/20.10.5 (linux)[\r][\n]"
07:32:26.369 [testcontainers-lifecycle-0] DEBUG com.github.dockerjava.zerodep.shaded.org.apache.hc.client5.http.wire - http-outgoing-0 << "Transfer-Encoding: chunked[\r][\n]"
07:32:26.369 [testcontainers-lifecycle-0] DEBUG com.github.dockerjava.zerodep.shaded.org.apache.hc.client5.http.wire - http-outgoing-0 << "[\r][\n]"
07:32:26.370 [testcontainers-lifecycle-0] DEBUG com.github.dockerjava.zerodep.shaded.org.apache.hc.client5.http.headers - http-outgoing-0 << HTTP/1.1 200 OK
07:32:26.370 [testcontainers-lifecycle-0] DEBUG com.github.dockerjava.zerodep.shaded.org.apache.hc.client5.http.headers - http-outgoing-0 << Api-Version: 1.41
07:32:26.370 [testcontainers-lifecycle-0] DEBUG com.github.dockerjava.zerodep.shaded.org.apache.hc.client5.http.headers - http-outgoing-0 << Content-Type: application/json
07:32:26.370 [testcontainers-lifecycle-0] DEBUG com.github.dockerjava.zerodep.shaded.org.apache.hc.client5.http.headers - http-outgoing-0 << Date: Sun, 20 Nov 2022 07:32:26 GMT
07:32:26.370 [testcontainers-lifecycle-0] DEBUG com.github.dockerjava.zerodep.shaded.org.apache.hc.client5.http.headers - http-outgoing-0 << Docker-Experimental: false
07:32:26.370 [testcontainers-lifecycle-0] DEBUG com.github.dockerjava.zerodep.shaded.org.apache.hc.client5.http.headers - http-outgoing-0 << Ostype: linux
07:32:26.370 [testcontainers-lifecycle-0] DEBUG com.github.dockerjava.zerodep.shaded.org.apache.hc.client5.http.headers - http-outgoing-0 << Server: Docker/20.10.5 (linux)
07:32:26.370 [testcontainers-lifecycle-0] DEBUG com.github.dockerjava.zerodep.shaded.org.apache.hc.client5.http.headers - http-outgoing-0 << Transfer-Encoding: chunked
07:32:26.372 [testcontainers-lifecycle-0] DEBUG com.github.dockerjava.zerodep.shaded.org.apache.hc.client5.http.impl.classic.MainClientExec - ex-00000001: connection can be kept alive for 3 MINUTES
07:32:26.375 [testcontainers-lifecycle-0] DEBUG com.github.dockerjava.zerodep.shaded.org.apache.hc.client5.http.wire - http-outgoing-0 << "92b[\r][\n]"
07:32:26.375 [testcontainers-lifecycle-0] DEBUG com.github.dockerjava.zerodep.shaded.org.apache.hc.client5.http.wire - http-outgoing-0 << "{"ID":"5MCN:4TMI:VKDJ:XVHI:5VCS:QIBT:G45A:2MPG:GAXC:L7MP:BNLV:YC76","Containers":9,"ContainersRunning":2,"ContainersPaused":0,"ContainersStopped":7,"Images":10,"Driver":"overlay2","DriverStatus":[["Backing Filesystem","extfs"],["Supports d_type","true"],["Native Overlay Diff","true"]],"Plugins":{"Volume":["local"],"Network":["bridge","host","ipvlan","macvlan","null","overlay"],"Authorization":null,"Log":["awslogs","fluentd","gcplogs","gelf","journald","json-file","local","logentries","splunk","syslog"]},"MemoryLimit":true,"SwapLimit":true,"KernelMemory":true,"KernelMemoryTCP":true,"CpuCfsPeriod":true,"CpuCfsQuota":true,"CPUShares":true,"CPUSet":true,"PidsLimit":true,"IPv4Forwarding":true,"BridgeNfIptables":true,"BridgeNfIp6tables":true,"Debug":false,"NFd":56,"OomKillDisable":true,"NGoroutines":54,"SystemTime":"2022-11-20T07:32:26.339229506Z","LoggingDriver":"json-file","CgroupDriver":"cgroupfs","CgroupVersion":"1","NEventsListener":3,"KernelVersion":"5.10.25-linuxkit","OperatingSystem":"Docker Desktop","OSVersion":"","OSType":"linux","Architecture":"aarch64","IndexServerAddress":"https://index.docker.io/v1/","RegistryConfig":{"AllowNondistributableArtifactsCIDRs":[],"AllowNondistributableArtifactsHostnames":[],"InsecureRegistryCIDRs":["127.0.0.0/8"],"IndexConfigs":{"docker.io":{"Name":"docker.io","Mirrors":[],"Secure":true,"Official":true}},"Mirrors":[]},"NCPU":4,"MemTotal":5173260288,"GenericResources":null,"DockerRootDir":"/var/lib/docker","HttpProxy":"http.docker.internal:3128","HttpsProxy":"http.docker.internal:3128","NoProxy":"","Name":"docker-desktop","Labels":[],"ExperimentalBuild":false,"ServerVersion":"20.10.5","Runtimes":{"io.containerd.runc.v2":{"path":"runc"},"io.containerd.runtime.v1.linux":{"path":"runc"},"runc":{"path":"runc"}},"DefaultRuntime":"runc","Swarm":{"NodeID":"","NodeAddr":"","LocalNodeState":"inactive","ControlAvailable":false,"Error":"","RemoteManagers":null},"LiveRestoreEnabled":false,"Isolation":"","InitBinary":"docker-init","ContainerdCommit":{"ID":"05f951a3781f4f2c1911b05e61c160e9c30eaa8e","Expected":"05f951a3781f4f2c1911b05e61c160e9c30eaa8e"},"RuncCommit":{"ID":"12644e614e25b05da6fd08a38ffa0cfe1903fdec","Expected":"12644e614e25b05da6fd08a38ffa0cfe1903fdec"},"InitCommit":{"ID":"de40ad0","Expected":"de40ad0"},"SecurityOptions":["name=seccomp,profile=default"],"Warnings":null}[\n]"
07:32:26.375 [testcontainers-lifecycle-0] DEBUG com.github.dockerjava.zerodep.shaded.org.apache.hc.client5.http.wire - http-outgoing-0 << "[\r][\n]"
07:32:26.375 [testcontainers-lifecycle-0] DEBUG com.github.dockerjava.zerodep.shaded.org.apache.hc.client5.http.wire - http-outgoing-0 << "0[\r][\n]"
07:32:26.375 [testcontainers-lifecycle-0] DEBUG com.github.dockerjava.zerodep.shaded.org.apache.hc.client5.http.wire - http-outgoing-0 << "[\r][\n]"
07:32:26.420 [testcontainers-lifecycle-0] DEBUG com.github.dockerjava.zerodep.shaded.org.apache.hc.client5.http.impl.classic.InternalHttpClient - ep-00000000: releasing valid endpoint
07:32:26.420 [testcontainers-lifecycle-0] DEBUG com.github.dockerjava.zerodep.shaded.org.apache.hc.client5.http.impl.io.PoolingHttpClientConnectionManager - ep-00000000: releasing endpoint
07:32:26.421 [testcontainers-lifecycle-0] DEBUG com.github.dockerjava.zerodep.shaded.org.apache.hc.client5.http.impl.io.PoolingHttpClientConnectionManager - ep-00000000: connection http-outgoing-0 can be kept alive for 3 MINUTES
07:32:26.421 [testcontainers-lifecycle-0] DEBUG com.github.dockerjava.zerodep.shaded.org.apache.hc.client5.http.impl.io.PoolingHttpClientConnectionManager - ep-00000000: connection released [route: {}->unix://localhost:2375][total available: 1; route allocated: 1 of 2147483647; total allocated: 1 of 2147483647]
07:32:26.421 [testcontainers-lifecycle-0] INFO org.testcontainers.dockerclient.DockerClientProviderStrategy - Found Docker environment with local Unix socket (unix:///var/run/docker.sock)
07:32:26.421 [testcontainers-lifecycle-0] DEBUG org.testcontainers.dockerclient.DockerClientProviderStrategy - Transport type: 'httpclient5', Docker host: 'unix:///var/run/docker.sock'
07:32:26.421 [testcontainers-lifecycle-0] DEBUG org.testcontainers.dockerclient.DockerClientProviderStrategy - Checking Docker OS type for local Unix socket (unix:///var/run/docker.sock)
07:32:26.422 [testcontainers-lifecycle-0] INFO org.testcontainers.DockerClientFactory - Docker host IP address is localhost
07:32:26.422 [testcontainers-lifecycle-0] DEBUG org.testcontainers.DockerClientFactory - Docker info: {NGoroutines=54, Name=docker-desktop, Swarm={NodeID=, NodeAddr=, LocalNodeState=inactive, ControlAvailable=false, Error=, RemoteManagers=null}, RuncCommit={ID=12644e614e25b05da6fd08a38ffa0cfe1903fdec, Expected=12644e614e25b05da6fd08a38ffa0cfe1903fdec}, OSVersion=, Runtimes={io.containerd.runc.v2={path=runc}, io.containerd.runtime.v1.linux={path=runc}, runc={path=runc}}, ID=5MCN:4TMI:VKDJ:XVHI:5VCS:QIBT:G45A:2MPG:GAXC:L7MP:BNLV:YC76, DriverStatus=[[Backing Filesystem, extfs], [Supports d_type, true], [Native Overlay Diff, true]], BridgeNfIptables=true, LiveRestoreEnabled=false, SystemTime=2022-11-20T07:32:26.339229506Z, NoProxy=, Architecture=aarch64, NEventsListener=3, HttpsProxy=http.docker.internal:3128, Images=10, ContainersRunning=2, Labels=[], InitCommit={ID=de40ad0, Expected=de40ad0}, NFd=56, KernelVersion=5.10.25-linuxkit, LoggingDriver=json-file, OSType=linux, SecurityOptions=[name=seccomp,profile=default], ContainerdCommit={ID=05f951a3781f4f2c1911b05e61c160e9c30eaa8e, Expected=05f951a3781f4f2c1911b05e61c160e9c30eaa8e}, GenericResources=null, KernelMemory=true, OperatingSystem=Docker Desktop, RegistryConfig={AllowNondistributableArtifactsCIDRs=[], AllowNondistributableArtifactsHostnames=[], InsecureRegistryCIDRs=[127.0.0.0/8], IndexConfigs={docker.io={Name=docker.io, Mirrors=[], Secure=true, Official=true}}, Mirrors=[]}, ServerVersion=20.10.5, OomKillDisable=true, CpuCfsQuota=true, Containers=9, Driver=overlay2, KernelMemoryTCP=true, IPv4Forwarding=true, ExperimentalBuild=false, DockerRootDir=/var/lib/docker, CPUSet=true, CpuCfsPeriod=true, DefaultRuntime=runc, CPUShares=true, Debug=false, NCPU=4, Plugins={Volume=[local], Network=[bridge, host, ipvlan, macvlan, null, overlay], Authorization=null, Log=[awslogs, fluentd, gcplogs, gelf, journald, json-file, local, logentries, splunk, syslog]}, SwapLimit=true, CgroupDriver=cgroupfs, ContainersPaused=0, MemTotal=5173260288, IndexServerAddress=https://index.docker.io/v1/, MemoryLimit=true, HttpProxy=http.docker.internal:3128, InitBinary=docker-init, CgroupVersion=1, PidsLimit=true, Isolation=, BridgeNfIp6tables=true, Warnings=null, ContainersStopped=7}
07:32:26.423 [testcontainers-lifecycle-0] DEBUG org.testcontainers.shaded.com.github.dockerjava.core.command.AbstrDockerCmd - Cmd: 
07:32:26.423 [testcontainers-lifecycle-0] DEBUG com.github.dockerjava.zerodep.shaded.org.apache.hc.client5.http.impl.classic.InternalHttpClient - ex-00000002: preparing request execution
07:32:26.423 [testcontainers-lifecycle-0] DEBUG com.github.dockerjava.zerodep.shaded.org.apache.hc.client5.http.protocol.RequestAddCookies - Cookie spec selected: strict
07:32:26.423 [testcontainers-lifecycle-0] DEBUG com.github.dockerjava.zerodep.shaded.org.apache.hc.client5.http.protocol.RequestAuthCache - Auth cache not set in the context
07:32:26.423 [testcontainers-lifecycle-0] DEBUG com.github.dockerjava.zerodep.shaded.org.apache.hc.client5.http.impl.classic.ProtocolExec - ex-00000002: target auth state: UNCHALLENGED
07:32:26.423 [testcontainers-lifecycle-0] DEBUG com.github.dockerjava.zerodep.shaded.org.apache.hc.client5.http.impl.classic.ProtocolExec - ex-00000002: proxy auth state: UNCHALLENGED
07:32:26.423 [testcontainers-lifecycle-0] DEBUG com.github.dockerjava.zerodep.shaded.org.apache.hc.client5.http.impl.classic.ConnectExec - ex-00000002: acquiring connection with route {}->unix://localhost:2375
07:32:26.423 [testcontainers-lifecycle-0] DEBUG com.github.dockerjava.zerodep.shaded.org.apache.hc.client5.http.impl.classic.InternalHttpClient - ex-00000002: acquiring endpoint (3 MINUTES)
07:32:26.423 [testcontainers-lifecycle-0] DEBUG com.github.dockerjava.zerodep.shaded.org.apache.hc.client5.http.impl.io.PoolingHttpClientConnectionManager - ex-00000002: endpoint lease request (3 MINUTES) [route: {}->unix://localhost:2375][total available: 1; route allocated: 1 of 2147483647; total allocated: 1 of 2147483647]
07:32:26.424 [testcontainers-lifecycle-0] DEBUG com.github.dockerjava.zerodep.shaded.org.apache.hc.client5.http.impl.io.PoolingHttpClientConnectionManager - ex-00000002: endpoint leased [route: {}->unix://localhost:2375][total available: 0; route allocated: 1 of 2147483647; total allocated: 1 of 2147483647]
07:32:26.424 [testcontainers-lifecycle-0] DEBUG com.github.dockerjava.zerodep.shaded.org.apache.hc.client5.http.impl.io.PoolingHttpClientConnectionManager - ex-00000002: acquired ep-00000001
07:32:26.424 [testcontainers-lifecycle-0] DEBUG com.github.dockerjava.zerodep.shaded.org.apache.hc.client5.http.impl.classic.InternalHttpClient - ex-00000002: acquired endpoint ep-00000001
07:32:26.424 [testcontainers-lifecycle-0] DEBUG com.github.dockerjava.zerodep.shaded.org.apache.hc.client5.http.impl.classic.MainClientExec - ex-00000002: executing GET /v1.32/version HTTP/1.1
07:32:26.424 [testcontainers-lifecycle-0] DEBUG com.github.dockerjava.zerodep.shaded.org.apache.hc.client5.http.impl.classic.InternalHttpClient - ep-00000001: start execution ex-00000002
07:32:26.424 [testcontainers-lifecycle-0] DEBUG com.github.dockerjava.zerodep.shaded.org.apache.hc.client5.http.impl.io.PoolingHttpClientConnectionManager - ep-00000001: executing exchange ex-00000002 over http-outgoing-0
07:32:26.424 [testcontainers-lifecycle-0] DEBUG com.github.dockerjava.zerodep.shaded.org.apache.hc.client5.http.headers - http-outgoing-0 >> GET /v1.32/version HTTP/1.1
07:32:26.424 [testcontainers-lifecycle-0] DEBUG com.github.dockerjava.zerodep.shaded.org.apache.hc.client5.http.headers - http-outgoing-0 >> accept: application/json
07:32:26.424 [testcontainers-lifecycle-0] DEBUG com.github.dockerjava.zerodep.shaded.org.apache.hc.client5.http.headers - http-outgoing-0 >> x-tc-sid: c71ac4c9-df80-4afc-a65e-4c14f7b4213e
07:32:26.424 [testcontainers-lifecycle-0] DEBUG com.github.dockerjava.zerodep.shaded.org.apache.hc.client5.http.headers - http-outgoing-0 >> Accept-Encoding: gzip, x-gzip, deflate
07:32:26.424 [testcontainers-lifecycle-0] DEBUG com.github.dockerjava.zerodep.shaded.org.apache.hc.client5.http.headers - http-outgoing-0 >> Host: localhost:2375
07:32:26.424 [testcontainers-lifecycle-0] DEBUG com.github.dockerjava.zerodep.shaded.org.apache.hc.client5.http.headers - http-outgoing-0 >> Connection: keep-alive
07:32:26.424 [testcontainers-lifecycle-0] DEBUG com.github.dockerjava.zerodep.shaded.org.apache.hc.client5.http.headers - http-outgoing-0 >> User-Agent: Apache-HttpClient/5.0.3 (Java/17)
07:32:26.424 [testcontainers-lifecycle-0] DEBUG com.github.dockerjava.zerodep.shaded.org.apache.hc.client5.http.wire - http-outgoing-0 >> "GET /v1.32/version HTTP/1.1[\r][\n]"
07:32:26.424 [testcontainers-lifecycle-0] DEBUG com.github.dockerjava.zerodep.shaded.org.apache.hc.client5.http.wire - http-outgoing-0 >> "accept: application/json[\r][\n]"
07:32:26.424 [testcontainers-lifecycle-0] DEBUG com.github.dockerjava.zerodep.shaded.org.apache.hc.client5.http.wire - http-outgoing-0 >> "x-tc-sid: c71ac4c9-df80-4afc-a65e-4c14f7b4213e[\r][\n]"
07:32:26.424 [testcontainers-lifecycle-0] DEBUG com.github.dockerjava.zerodep.shaded.org.apache.hc.client5.http.wire - http-outgoing-0 >> "Accept-Encoding: gzip, x-gzip, deflate[\r][\n]"
07:32:26.424 [testcontainers-lifecycle-0] DEBUG com.github.dockerjava.zerodep.shaded.org.apache.hc.client5.http.wire - http-outgoing-0 >> "Host: localhost:2375[\r][\n]"
07:32:26.424 [testcontainers-lifecycle-0] DEBUG com.github.dockerjava.zerodep.shaded.org.apache.hc.client5.http.wire - http-outgoing-0 >> "Connection: keep-alive[\r][\n]"
07:32:26.424 [testcontainers-lifecycle-0] DEBUG com.github.dockerjava.zerodep.shaded.org.apache.hc.client5.http.wire - http-outgoing-0 >> "User-Agent: Apache-HttpClient/5.0.3 (Java/17)[\r][\n]"
07:32:26.424 [testcontainers-lifecycle-0] DEBUG com.github.dockerjava.zerodep.shaded.org.apache.hc.client5.http.wire - http-outgoing-0 >> "[\r][\n]"
07:32:26.438 [testcontainers-lifecycle-0] DEBUG com.github.dockerjava.zerodep.shaded.org.apache.hc.client5.http.wire - http-outgoing-0 << "HTTP/1.1 200 OK[\r][\n]"
07:32:26.438 [testcontainers-lifecycle-0] DEBUG com.github.dockerjava.zerodep.shaded.org.apache.hc.client5.http.wire - http-outgoing-0 << "Api-Version: 1.41[\r][\n]"
07:32:26.438 [testcontainers-lifecycle-0] DEBUG com.github.dockerjava.zerodep.shaded.org.apache.hc.client5.http.wire - http-outgoing-0 << "Content-Type: application/json[\r][\n]"
07:32:26.438 [testcontainers-lifecycle-0] DEBUG com.github.dockerjava.zerodep.shaded.org.apache.hc.client5.http.wire - http-outgoing-0 << "Date: Sun, 20 Nov 2022 07:32:26 GMT[\r][\n]"
07:32:26.438 [testcontainers-lifecycle-0] DEBUG com.github.dockerjava.zerodep.shaded.org.apache.hc.client5.http.wire - http-outgoing-0 << "Docker-Experimental: false[\r][\n]"
07:32:26.438 [testcontainers-lifecycle-0] DEBUG com.github.dockerjava.zerodep.shaded.org.apache.hc.client5.http.wire - http-outgoing-0 << "Ostype: linux[\r][\n]"
07:32:26.438 [testcontainers-lifecycle-0] DEBUG com.github.dockerjava.zerodep.shaded.org.apache.hc.client5.http.wire - http-outgoing-0 << "Server: Docker/20.10.5 (linux)[\r][\n]"
07:32:26.438 [testcontainers-lifecycle-0] DEBUG com.github.dockerjava.zerodep.shaded.org.apache.hc.client5.http.wire - http-outgoing-0 << "Transfer-Encoding: chunked[\r][\n]"
07:32:26.438 [testcontainers-lifecycle-0] DEBUG com.github.dockerjava.zerodep.shaded.org.apache.hc.client5.http.wire - http-outgoing-0 << "[\r][\n]"
07:32:26.438 [testcontainers-lifecycle-0] DEBUG com.github.dockerjava.zerodep.shaded.org.apache.hc.client5.http.wire - http-outgoing-0 << "353[\r][\n]"
07:32:26.438 [testcontainers-lifecycle-0] DEBUG com.github.dockerjava.zerodep.shaded.org.apache.hc.client5.http.wire - http-outgoing-0 << "{"Platform":{"Name":"Docker Engine - Community"},"Components":[{"Name":"Engine","Version":"20.10.5","Details":{"ApiVersion":"1.41","Arch":"arm64","BuildTime":"2021-03-02T20:16:48.000000000+00:00","Experimental":"false","GitCommit":"363e9a8","GoVersion":"go1.13.15","KernelVersion":"5.10.25-linuxkit","MinAPIVersion":"1.12","Os":"linux"}},{"Name":"containerd","Version":"1.4.4","Details":{"GitCommit":"05f951a3781f4f2c1911b05e61c160e9c30eaa8e"}},{"Name":"runc","Version":"1.0.0-rc93","Details":{"GitCommit":"12644e614e25b05da6fd08a38ffa0cfe1903fdec"}},{"Name":"docker-init","Version":"0.19.0","Details":{"GitCommit":"de40ad0"}}],"Version":"20.10.5","ApiVersion":"1.41","MinAPIVersion":"1.12","GitCommit":"363e9a8","GoVersion":"go1.13.15","Os":"linux","Arch":"arm64","KernelVersion":"5.10.25-linuxkit","BuildTime":"2021-03-02T20:16:48.000000000+00:00"}[\n]"
07:32:26.438 [testcontainers-lifecycle-0] DEBUG com.github.dockerjava.zerodep.shaded.org.apache.hc.client5.http.wire - http-outgoing-0 << "[\r][\n]"
07:32:26.438 [testcontainers-lifecycle-0] DEBUG com.github.dockerjava.zerodep.shaded.org.apache.hc.client5.http.headers - http-outgoing-0 << HTTP/1.1 200 OK
07:32:26.438 [testcontainers-lifecycle-0] DEBUG com.github.dockerjava.zerodep.shaded.org.apache.hc.client5.http.headers - http-outgoing-0 << Api-Version: 1.41
07:32:26.438 [testcontainers-lifecycle-0] DEBUG com.github.dockerjava.zerodep.shaded.org.apache.hc.client5.http.headers - http-outgoing-0 << Content-Type: application/json
07:32:26.438 [testcontainers-lifecycle-0] DEBUG com.github.dockerjava.zerodep.shaded.org.apache.hc.client5.http.headers - http-outgoing-0 << Date: Sun, 20 Nov 2022 07:32:26 GMT
07:32:26.438 [testcontainers-lifecycle-0] DEBUG com.github.dockerjava.zerodep.shaded.org.apache.hc.client5.http.headers - http-outgoing-0 << Docker-Experimental: false
07:32:26.438 [testcontainers-lifecycle-0] DEBUG com.github.dockerjava.zerodep.shaded.org.apache.hc.client5.http.headers - http-outgoing-0 << Ostype: linux
07:32:26.439 [testcontainers-lifecycle-0] DEBUG com.github.dockerjava.zerodep.shaded.org.apache.hc.client5.http.headers - http-outgoing-0 << Server: Docker/20.10.5 (linux)
07:32:26.439 [testcontainers-lifecycle-0] DEBUG com.github.dockerjava.zerodep.shaded.org.apache.hc.client5.http.headers - http-outgoing-0 << Transfer-Encoding: chunked
07:32:26.439 [testcontainers-lifecycle-0] DEBUG com.github.dockerjava.zerodep.shaded.org.apache.hc.client5.http.impl.classic.MainClientExec - ex-00000002: connection can be kept alive for 3 MINUTES
07:32:26.442 [testcontainers-lifecycle-0] DEBUG com.github.dockerjava.zerodep.shaded.org.apache.hc.client5.http.wire - http-outgoing-0 << "0[\r][\n]"
07:32:26.442 [testcontainers-lifecycle-0] DEBUG com.github.dockerjava.zerodep.shaded.org.apache.hc.client5.http.wire - http-outgoing-0 << "[\r][\n]"
07:32:26.442 [testcontainers-lifecycle-0] DEBUG com.github.dockerjava.zerodep.shaded.org.apache.hc.client5.http.impl.classic.InternalHttpClient - ep-00000001: releasing valid endpoint
07:32:26.442 [testcontainers-lifecycle-0] DEBUG com.github.dockerjava.zerodep.shaded.org.apache.hc.client5.http.impl.io.PoolingHttpClientConnectionManager - ep-00000001: releasing endpoint
07:32:26.442 [testcontainers-lifecycle-0] DEBUG com.github.dockerjava.zerodep.shaded.org.apache.hc.client5.http.impl.io.PoolingHttpClientConnectionManager - ep-00000001: connection http-outgoing-0 can be kept alive for 3 MINUTES
07:32:26.442 [testcontainers-lifecycle-0] DEBUG com.github.dockerjava.zerodep.shaded.org.apache.hc.client5.http.impl.io.PoolingHttpClientConnectionManager - ep-00000001: connection released [route: {}->unix://localhost:2375][total available: 1; route allocated: 1 of 2147483647; total allocated: 1 of 2147483647]
07:32:26.442 [testcontainers-lifecycle-0] DEBUG org.testcontainers.DockerClientFactory - Docker version: {Components=[{Name=Engine, Version=20.10.5, Details={ApiVersion=1.41, Arch=arm64, BuildTime=2021-03-02T20:16:48.000000000+00:00, Experimental=false, GitCommit=363e9a8, GoVersion=go1.13.15, KernelVersion=5.10.25-linuxkit, MinAPIVersion=1.12, Os=linux}}, {Name=containerd, Version=1.4.4, Details={GitCommit=05f951a3781f4f2c1911b05e61c160e9c30eaa8e}}, {Name=runc, Version=1.0.0-rc93, Details={GitCommit=12644e614e25b05da6fd08a38ffa0cfe1903fdec}}, {Name=docker-init, Version=0.19.0, Details={GitCommit=de40ad0}}], KernelVersion=5.10.25-linuxkit, ApiVersion=1.41, Platform={Name=Docker Engine - Community}, GitCommit=363e9a8, Os=linux, Version=20.10.5, MinAPIVersion=1.12, Arch=arm64, GoVersion=go1.13.15, BuildTime=2021-03-02T20:16:48.000000000+00:00}
07:32:26.442 [testcontainers-lifecycle-0] INFO org.testcontainers.DockerClientFactory - Connected to docker: 
  Server Version: 20.10.5
  API Version: 1.41
  Operating System: Docker Desktop
  Total Memory: 4933 MB
07:32:26.446 [testcontainers-lifecycle-0] DEBUG org.testcontainers.utility.RyukResourceReaper - Ryuk is enabled
07:32:26.448 [testcontainers-lifecycle-0] DEBUG org.testcontainers.utility.PrefixingImageNameSubstitutor - No prefix is configured
07:32:26.448 [testcontainers-lifecycle-0] DEBUG org.testcontainers.utility.ImageNameSubstitutor - Did not find a substitute image for testcontainers/ryuk:0.3.4 (using image substitutor: DefaultImageNameSubstitutor (composite of 'ConfigurationFileImageNameSubstitutor' and 'PrefixingImageNameSubstitutor'))
07:32:26.449 [testcontainers-lifecycle-0] DEBUG org.testcontainers.shaded.com.github.dockerjava.core.command.AbstrDockerCmd - Cmd: ListImagesCmdImpl[filters=org.testcontainers.shaded.com.github.dockerjava.core.util.FiltersBuilder@0,imageNameFilter=<null>,showAll=false]
07:32:26.450 [testcontainers-lifecycle-0] DEBUG com.github.dockerjava.zerodep.shaded.org.apache.hc.client5.http.impl.classic.InternalHttpClient - ex-00000003: preparing request execution
07:32:26.450 [testcontainers-lifecycle-0] DEBUG com.github.dockerjava.zerodep.shaded.org.apache.hc.client5.http.protocol.RequestAddCookies - Cookie spec selected: strict
07:32:26.450 [testcontainers-lifecycle-0] DEBUG com.github.dockerjava.zerodep.shaded.org.apache.hc.client5.http.protocol.RequestAuthCache - Auth cache not set in the context
07:32:26.451 [testcontainers-lifecycle-0] DEBUG com.github.dockerjava.zerodep.shaded.org.apache.hc.client5.http.impl.classic.ProtocolExec - ex-00000003: target auth state: UNCHALLENGED
07:32:26.451 [testcontainers-lifecycle-0] DEBUG com.github.dockerjava.zerodep.shaded.org.apache.hc.client5.http.impl.classic.ProtocolExec - ex-00000003: proxy auth state: UNCHALLENGED
07:32:26.451 [testcontainers-lifecycle-0] DEBUG com.github.dockerjava.zerodep.shaded.org.apache.hc.client5.http.impl.classic.ConnectExec - ex-00000003: acquiring connection with route {}->unix://localhost:2375
07:32:26.451 [testcontainers-lifecycle-0] DEBUG com.github.dockerjava.zerodep.shaded.org.apache.hc.client5.http.impl.classic.InternalHttpClient - ex-00000003: acquiring endpoint (3 MINUTES)
07:32:26.451 [testcontainers-lifecycle-0] DEBUG com.github.dockerjava.zerodep.shaded.org.apache.hc.client5.http.impl.io.PoolingHttpClientConnectionManager - ex-00000003: endpoint lease request (3 MINUTES) [route: {}->unix://localhost:2375][total available: 1; route allocated: 1 of 2147483647; total allocated: 1 of 2147483647]
07:32:26.451 [testcontainers-lifecycle-0] DEBUG com.github.dockerjava.zerodep.shaded.org.apache.hc.client5.http.impl.io.PoolingHttpClientConnectionManager - ex-00000003: endpoint leased [route: {}->unix://localhost:2375][total available: 0; route allocated: 1 of 2147483647; total allocated: 1 of 2147483647]
07:32:26.451 [testcontainers-lifecycle-0] DEBUG com.github.dockerjava.zerodep.shaded.org.apache.hc.client5.http.impl.io.PoolingHttpClientConnectionManager - ex-00000003: acquired ep-00000002
07:32:26.451 [testcontainers-lifecycle-0] DEBUG com.github.dockerjava.zerodep.shaded.org.apache.hc.client5.http.impl.classic.InternalHttpClient - ex-00000003: acquired endpoint ep-00000002
07:32:26.451 [testcontainers-lifecycle-0] DEBUG com.github.dockerjava.zerodep.shaded.org.apache.hc.client5.http.impl.classic.MainClientExec - ex-00000003: executing GET /v1.32/images/json HTTP/1.1
07:32:26.451 [testcontainers-lifecycle-0] DEBUG com.github.dockerjava.zerodep.shaded.org.apache.hc.client5.http.impl.classic.InternalHttpClient - ep-00000002: start execution ex-00000003
07:32:26.451 [testcontainers-lifecycle-0] DEBUG com.github.dockerjava.zerodep.shaded.org.apache.hc.client5.http.impl.io.PoolingHttpClientConnectionManager - ep-00000002: executing exchange ex-00000003 over http-outgoing-0
07:32:26.451 [testcontainers-lifecycle-0] DEBUG com.github.dockerjava.zerodep.shaded.org.apache.hc.client5.http.headers - http-outgoing-0 >> GET /v1.32/images/json HTTP/1.1
07:32:26.451 [testcontainers-lifecycle-0] DEBUG com.github.dockerjava.zerodep.shaded.org.apache.hc.client5.http.headers - http-outgoing-0 >> accept: application/json
07:32:26.451 [testcontainers-lifecycle-0] DEBUG com.github.dockerjava.zerodep.shaded.org.apache.hc.client5.http.headers - http-outgoing-0 >> x-tc-sid: c71ac4c9-df80-4afc-a65e-4c14f7b4213e
07:32:26.451 [testcontainers-lifecycle-0] DEBUG com.github.dockerjava.zerodep.shaded.org.apache.hc.client5.http.headers - http-outgoing-0 >> Accept-Encoding: gzip, x-gzip, deflate
07:32:26.451 [testcontainers-lifecycle-0] DEBUG com.github.dockerjava.zerodep.shaded.org.apache.hc.client5.http.headers - http-outgoing-0 >> Host: localhost:2375
07:32:26.451 [testcontainers-lifecycle-0] DEBUG com.github.dockerjava.zerodep.shaded.org.apache.hc.client5.http.headers - http-outgoing-0 >> Connection: keep-alive
07:32:26.451 [testcontainers-lifecycle-0] DEBUG com.github.dockerjava.zerodep.shaded.org.apache.hc.client5.http.headers - http-outgoing-0 >> User-Agent: Apache-HttpClient/5.0.3 (Java/17)
07:32:26.451 [testcontainers-lifecycle-0] DEBUG com.github.dockerjava.zerodep.shaded.org.apache.hc.client5.http.wire - http-outgoing-0 >> "GET /v1.32/images/json HTTP/1.1[\r][\n]"
07:32:26.451 [testcontainers-lifecycle-0] DEBUG com.github.dockerjava.zerodep.shaded.org.apache.hc.client5.http.wire - http-outgoing-0 >> "accept: application/json[\r][\n]"
07:32:26.451 [testcontainers-lifecycle-0] DEBUG com.github.dockerjava.zerodep.shaded.org.apache.hc.client5.http.wire - http-outgoing-0 >> "x-tc-sid: c71ac4c9-df80-4afc-a65e-4c14f7b4213e[\r][\n]"
07:32:26.451 [testcontainers-lifecycle-0] DEBUG com.github.dockerjava.zerodep.shaded.org.apache.hc.client5.http.wire - http-outgoing-0 >> "Accept-Encoding: gzip, x-gzip, deflate[\r][\n]"
07:32:26.451 [testcontainers-lifecycle-0] DEBUG com.github.dockerjava.zerodep.shaded.org.apache.hc.client5.http.wire - http-outgoing-0 >> "Host: localhost:2375[\r][\n]"
07:32:26.451 [testcontainers-lifecycle-0] DEBUG com.github.dockerjava.zerodep.shaded.org.apache.hc.client5.http.wire - http-outgoing-0 >> "Connection: keep-alive[\r][\n]"
07:32:26.451 [testcontainers-lifecycle-0] DEBUG com.github.dockerjava.zerodep.shaded.org.apache.hc.client5.http.wire - http-outgoing-0 >> "User-Agent: Apache-HttpClient/5.0.3 (Java/17)[\r][\n]"
07:32:26.451 [testcontainers-lifecycle-0] DEBUG com.github.dockerjava.zerodep.shaded.org.apache.hc.client5.http.wire - http-outgoing-0 >> "[\r][\n]"
07:32:26.455 [testcontainers-lifecycle-0] DEBUG com.github.dockerjava.zerodep.shaded.org.apache.hc.client5.http.wire - http-outgoing-0 << "HTTP/1.1 200 OK[\r][\n]"
07:32:26.455 [testcontainers-lifecycle-0] DEBUG com.github.dockerjava.zerodep.shaded.org.apache.hc.client5.http.wire - http-outgoing-0 << "Api-Version: 1.41[\r][\n]"
07:32:26.455 [testcontainers-lifecycle-0] DEBUG com.github.dockerjava.zerodep.shaded.org.apache.hc.client5.http.wire - http-outgoing-0 << "Content-Type: application/json[\r][\n]"
07:32:26.455 [testcontainers-lifecycle-0] DEBUG com.github.dockerjava.zerodep.shaded.org.apache.hc.client5.http.wire - http-outgoing-0 << "Date: Sun, 20 Nov 2022 07:32:26 GMT[\r][\n]"
07:32:26.455 [testcontainers-lifecycle-0] DEBUG com.github.dockerjava.zerodep.shaded.org.apache.hc.client5.http.wire - http-outgoing-0 << "Docker-Experimental: false[\r][\n]"
07:32:26.455 [testcontainers-lifecycle-0] DEBUG com.github.dockerjava.zerodep.shaded.org.apache.hc.client5.http.wire - http-outgoing-0 << "Ostype: linux[\r][\n]"
07:32:26.455 [testcontainers-lifecycle-0] DEBUG com.github.dockerjava.zerodep.shaded.org.apache.hc.client5.http.wire - http-outgoing-0 << "Server: Docker/20.10.5 (linux)[\r][\n]"
07:32:26.455 [testcontainers-lifecycle-0] DEBUG com.github.dockerjava.zerodep.shaded.org.apache.hc.client5.http.wire - http-outgoing-0 << "Transfer-Encoding: chunked[\r][\n]"
07:32:26.455 [testcontainers-lifecycle-0] DEBUG com.github.dockerjava.zerodep.shaded.org.apache.hc.client5.http.wire - http-outgoing-0 << "[\r][\n]"
07:32:26.455 [testcontainers-lifecycle-0] DEBUG com.github.dockerjava.zerodep.shaded.org.apache.hc.client5.http.headers - http-outgoing-0 << HTTP/1.1 200 OK
07:32:26.455 [testcontainers-lifecycle-0] DEBUG com.github.dockerjava.zerodep.shaded.org.apache.hc.client5.http.headers - http-outgoing-0 << Api-Version: 1.41
07:32:26.455 [testcontainers-lifecycle-0] DEBUG com.github.dockerjava.zerodep.shaded.org.apache.hc.client5.http.headers - http-outgoing-0 << Content-Type: application/json
07:32:26.455 [testcontainers-lifecycle-0] DEBUG com.github.dockerjava.zerodep.shaded.org.apache.hc.client5.http.headers - http-outgoing-0 << Date: Sun, 20 Nov 2022 07:32:26 GMT
07:32:26.455 [testcontainers-lifecycle-0] DEBUG com.github.dockerjava.zerodep.shaded.org.apache.hc.client5.http.headers - http-outgoing-0 << Docker-Experimental: false
07:32:26.455 [testcontainers-lifecycle-0] DEBUG com.github.dockerjava.zerodep.shaded.org.apache.hc.client5.http.headers - http-outgoing-0 << Ostype: linux
07:32:26.455 [testcontainers-lifecycle-0] DEBUG com.github.dockerjava.zerodep.shaded.org.apache.hc.client5.http.headers - http-outgoing-0 << Server: Docker/20.10.5 (linux)
07:32:26.455 [testcontainers-lifecycle-0] DEBUG com.github.dockerjava.zerodep.shaded.org.apache.hc.client5.http.headers - http-outgoing-0 << Transfer-Encoding: chunked
07:32:26.456 [testcontainers-lifecycle-0] DEBUG com.github.dockerjava.zerodep.shaded.org.apache.hc.client5.http.impl.classic.MainClientExec - ex-00000003: connection can be kept alive for 3 MINUTES
07:32:26.456 [testcontainers-lifecycle-0] DEBUG com.github.dockerjava.zerodep.shaded.org.apache.hc.client5.http.wire - http-outgoing-0 << "1743[\r][\n]"
07:32:26.456 [testcontainers-lifecycle-0] DEBUG com.github.dockerjava.zerodep.shaded.org.apache.hc.client5.http.wire - http-outgoing-0 << "[{"Containers":-1,"Created":1659017550,"Id":"sha256:5d28cedc492d64d21c11814d84d9d41566f07023b9c95245e163b05acfcb7172","Labels":null,"ParentId":"","RepoDigests":["testcontainers/ryuk@sha256:0c8faa0a3ad1e154f9d8d5d78627b40d7359ff3f7d3f98556aa32157ad8fd924"],"RepoTags":["testcontainers/ryuk:0.3.4"],"SharedSize":-1,"Size":11483382,"VirtualSize":11483382},{"Containers":-1,"Created":1637111730,"Id":"sha256:29915542a1eff00dd91e2cdd54bff4ab6c84d29fdb4626d5fdf56a1c2f3fb1a1","Labels":null,"ParentId":"","RepoDigests":["mongo@sha256:2821997cba3c26465b59cc2e863b940d21a58732434462100af10659fc0d164f"],"RepoTags":["mongo:4.4.10"],"SharedSize":-1,"Size":413151384,"VirtualSize":413151384},{"Containers":-1,"Created":1634350036,"Id":"sha256:addfd455919fa552fae7dc3cfd6d8fa690c784f7bf07aeaa866e5c87ab106063","Labels":null,"ParentId":"","RepoDigests":["mongo@sha256:4088649f737cf704deaf350ccd5ad8045552c5a0f8a5a2e81c1c23e280db2d80"],"RepoTags":["mongo:latest"],"SharedSize":-1,"Size":654201368,"VirtualSize":654201368},{"Containers":-1,"Created":1632109619,"Id":"sha256:985a15404858c588b2dc202b6a8f87d8a0071aaeb26f4bc0993bf62c7f940e97","Labels":{"maintainer":"Debezium Community","org.label-schema.build-date":"20200504","org.label-schema.license":"GPLv2","org.label-schema.name":"CentOS Base Image","org.label-schema.schema-version":"1.0","org.label-schema.vendor":"CentOS","org.opencontainers.image.created":"2020-05-04 00:00:00+01:00","org.opencontainers.image.licenses":"GPL-2.0-only","org.opencontainers.image.title":"CentOS Base Image","org.opencontainers.image.vendor":"CentOS"},"ParentId":"","RepoDigests":["debezium/connect@sha256:fad4ad0399074be9aba30e1cf22d5bdaebe3a9cf93ddfd1c7c894abd01dee73e"],"RepoTags":["debezium/connect:latest"],"SharedSize":-1,"Size":784932113,"VirtualSize":784932113},{"Containers":-1,"Created":1632108992,"Id":"sha256:aca3dcbad0a8b47edcb80bc7a715b717fdfc8ab27ffbafef0c068fc8527a1dc4","Labels":{"maintainer":"Debezium Community","org.label-schema.build-date":"20200504","org.label-schema.license":"GPLv2","org.label-schema.name":"CentOS Base Image","org.label-schema.schema-version":"1.0","org.label-schema.vendor":"CentOS","org.opencontainers.image.created":"2020-05-04 00:00:00+01:00","org.opencontainers.image.licenses":"GPL-2.0-only","org.opencontainers.image.title":"CentOS Base Image","org.opencontainers.image.vendor":"CentOS"},"ParentId":"","RepoDigests":["debezium/kafka@sha256:67df4a464da4375465b98d450786626cb5b6e442e5bf31d3e5ea74db497807e7"],"RepoTags":["debezium/kafka:latest"],"SharedSize":-1,"Size":678869789,"VirtualSize":678869789},{"Containers":-1,"Created":1632108709,"Id":"sha256:e65abc0cd9afd2ea0aaaeb61213e20cf1a4e73b477d1d3f2d6a6abe3fdddaf75","Labels":{"maintainer":"Debezium Community","org.label-schema.build-date":"20200504","org.label-schema.license":"GPLv2","org.label-schema.name":"CentOS Base Image","org.label-schema.schema-version":"1.0","org.label-schema.vendor":"CentOS","org.opencontainers.image.created":"2020-05-04 00:00:00+01:00","org.opencontainers.image.licenses":"GPL-2.0-only","org.opencontainers.image.title":"CentOS Base Image","org.opencontainers.image.vendor":"CentOS"},"ParentId":"","RepoDigests":["debezium/zookeeper@sha256:3b5aded93bc2f1076bc4f32423e0735a060fa7c93eff750ec97b9ab6e2eb4aa6"],"RepoTags":["debezium/zookeeper:latest"],"SharedSize":-1,"Size":489814412,"VirtualSize":489814412},{"Containers":-1,"Created":1630654036,"Id":"sha256:bc5d09b9811dd26c18690633034cade0f1e94f929961f1acd0d2df5281961400","Labels":null,"ParentId":"","RepoDigests":["postgres@sha256:97e5e91582e89514277912d4b7c95bceabdede3482e32395bcb40099abd9c506"],"RepoTags":["postgres:latest"],"SharedSize":-1,"Size":300403752,"VirtualSize":300403752},{"Containers":-1,"Created":1618955326,"Id":"sha256:d090d5af83cac5a69e3992c25547b39232e72acd13fe596f7f1fad39e086a6ad","Labels":{"org.label-schema.build-date":"2021-04-20T21:46:04.451368164Z","org.label-schema.license":"Elastic-License-2.0","org.label-schema.name":"Elasticsearch","org.label-schema.schema-version":"1.0","org.label-schema.url":"https://www.elastic.co/products/elasticsearch","org.label-schema.usage":"https://www.elastic.co/guide/en/elasticsearch/reference/index.html","org.label-schema.vcs-ref":"3186837139b9c6b6d23c3200870651f10d3343b7","org.label-schema.vcs-url":"https://github.com/elastic/elasticsearch","org.label-schema.vendor":"Elastic","org.label-schema.version":"7.12.1","org.opencontainers.image.created":"2021-04-20T21:46:04.451368164Z","org.opencontainers.image.documentation":"https://www.elastic.co/guide/en/elasticsearch/reference/index.html","org.opencontainers.image.licenses":"Elastic-License-2.0","org.opencontainers.image.revision":"3186837139b9c6b6d23c3200870651f10d3343b7","org.opencontainers.image.source":"https://github.com/elastic/elasticsearch","org.opencontainers.image.title":"Elasticsearch","org.opencontainers.image.url":"https://www.elastic.co/products/elasticsearch","org.opencontainers.image.vendor":"Elastic","org.opencontainers.image.version":"7.12.1"},"ParentId":"","RepoDigests":["docker.elastic.co/elasticsearch/elasticsearch@sha256:561bf27aa989803bfbac48ebd48e32daadb4215cf7940c599a62c13f225427fa"],"RepoTags":["docker.elastic.co/elasticsearch/elasticsearch:7.12.1"],"SharedSize":-1,"Size":894115559,"VirtualSize":894115559},{"Containers":-1,"Created":1611208558,"Id":"sha256:095aea9826c2c421ae2b1c4299766ba6461174f3a901019cb427b1d1cf54f5b0","Labels":null,"ParentId":"","RepoDigests":["mongo@sha256:6d8014d18ad1ad385e8ff572569ed5d750907db0ddf5cbcf04a43fd7371b7518"],"RepoTags":["mongo:4.4.3"],"SharedSize":-1,"Size":469052186,"VirtualSize":469052186},{"Containers":-1,"Created":1608726294,"Id":"sha256:e2d000c231995a9d5c446fca4bdac8fd318e4c39efcbdd7ff2a60b51eba69f6c","Labels":null,"ParentId":"","RepoDigests":["testcontainers/ryuk@sha256:58345bdf4fd056f7c5b772319c444d6a8dbbbad112d60b9e8023637cda6a6e30"],"RepoTags":["testcontainers/ryuk:0.3.1"],"SharedSize":-1,"Size":11483795,"VirtualSize":11483795}][\n]"
07:32:26.456 [testcontainers-lifecycle-0] DEBUG com.github.dockerjava.zerodep.shaded.org.apache.hc.client5.http.wire - http-outgoing-0 << "[\r][\n]"
07:32:26.456 [testcontainers-lifecycle-0] DEBUG com.github.dockerjava.zerodep.shaded.org.apache.hc.client5.http.wire - http-outgoing-0 << "0[\r][\n]"
07:32:26.456 [testcontainers-lifecycle-0] DEBUG com.github.dockerjava.zerodep.shaded.org.apache.hc.client5.http.wire - http-outgoing-0 << "[\r][\n]"
07:32:26.459 [testcontainers-lifecycle-0] DEBUG com.github.dockerjava.zerodep.shaded.org.apache.hc.client5.http.impl.classic.InternalHttpClient - ep-00000002: releasing valid endpoint
07:32:26.459 [testcontainers-lifecycle-0] DEBUG com.github.dockerjava.zerodep.shaded.org.apache.hc.client5.http.impl.io.PoolingHttpClientConnectionManager - ep-00000002: releasing endpoint
07:32:26.459 [testcontainers-lifecycle-0] DEBUG com.github.dockerjava.zerodep.shaded.org.apache.hc.client5.http.impl.io.PoolingHttpClientConnectionManager - ep-00000002: connection http-outgoing-0 can be kept alive for 3 MINUTES
07:32:26.459 [testcontainers-lifecycle-0] DEBUG com.github.dockerjava.zerodep.shaded.org.apache.hc.client5.http.impl.io.PoolingHttpClientConnectionManager - ep-00000002: connection released [route: {}->unix://localhost:2375][total available: 1; route allocated: 1 of 2147483647; total allocated: 1 of 2147483647]
07:32:26.460 [testcontainers-lifecycle-0] DEBUG org.testcontainers.images.AbstractImagePullPolicy - Using locally available and not pulling image: testcontainers/ryuk:0.3.4
07:32:26.460 [testcontainers-lifecycle-0] DEBUG 🐳 [testcontainers/ryuk:0.3.4] - Starting container: testcontainers/ryuk:0.3.4
07:32:26.461 [testcontainers-lifecycle-0] DEBUG 🐳 [testcontainers/ryuk:0.3.4] - Trying to start container: testcontainers/ryuk:0.3.4 (attempt 1/1)
07:32:26.461 [testcontainers-lifecycle-0] DEBUG 🐳 [testcontainers/ryuk:0.3.4] - Starting container: testcontainers/ryuk:0.3.4
07:32:26.461 [testcontainers-lifecycle-0] INFO 🐳 [testcontainers/ryuk:0.3.4] - Creating container for image: testcontainers/ryuk:0.3.4
07:32:26.465 [testcontainers-lifecycle-0] DEBUG org.testcontainers.utility.RegistryAuthLocator - Looking up auth config for image: testcontainers/ryuk:0.3.4 at registry: https://index.docker.io/v1/
07:32:26.466 [testcontainers-lifecycle-0] DEBUG org.testcontainers.utility.RegistryAuthLocator - RegistryAuthLocator has configFile: /Users/marekchodak/.docker/config.json (exists) and commandPathPrefix: 
07:32:26.466 [testcontainers-lifecycle-0] DEBUG org.testcontainers.utility.RegistryAuthLocator - registryName [https://index.docker.io/v1/] for dockerImageName [testcontainers/ryuk:0.3.4]
07:32:26.466 [testcontainers-lifecycle-0] DEBUG org.testcontainers.utility.RegistryAuthLocator - Executing docker credential provider: docker-credential-desktop to locate auth config for: https://index.docker.io/v1/
07:32:26.469 [testcontainers-lifecycle-0] DEBUG org.testcontainers.shaded.org.zeroturnaround.exec.ProcessExecutor - Executing [docker-credential-desktop, get].
07:32:26.473 [testcontainers-lifecycle-0] DEBUG org.testcontainers.shaded.org.zeroturnaround.exec.ProcessExecutor - Started Process[pid=82700, exitValue="not exited"]
07:32:26.567 [WaitForProcess-Process[pid=82700, exitValue="not exited"]] DEBUG org.testcontainers.shaded.org.zeroturnaround.exec.WaitForProcess - Process[pid=82700, exitValue=1] stopped with exit code 1
07:32:26.569 [testcontainers-lifecycle-0] DEBUG org.testcontainers.shaded.org.zeroturnaround.exec.ProcessExecutor - Executing [docker-credential-desktop, get].
07:32:26.571 [testcontainers-lifecycle-0] DEBUG org.testcontainers.shaded.org.zeroturnaround.exec.ProcessExecutor - Started Process[pid=82702, exitValue="not exited"]
07:32:26.604 [WaitForProcess-Process[pid=82702, exitValue="not exited"]] DEBUG org.testcontainers.shaded.org.zeroturnaround.exec.WaitForProcess - Process[pid=82702, exitValue=1] stopped with exit code 1
07:32:26.604 [testcontainers-lifecycle-0] DEBUG org.testcontainers.utility.RegistryAuthLocator - Got credentials not found error message from docker credential helper - credentials not found in native keychain
07:32:26.604 [testcontainers-lifecycle-0] INFO org.testcontainers.utility.RegistryAuthLocator - Credential helper/store (docker-credential-desktop) does not have credentials for https://index.docker.io/v1/
07:32:26.604 [testcontainers-lifecycle-0] DEBUG org.testcontainers.utility.RegistryAuthLocator - No matching Auth Configs - falling back to defaultAuthConfig [null]
07:32:26.604 [testcontainers-lifecycle-0] DEBUG org.testcontainers.dockerclient.AuthDelegatingDockerClientConfig - Effective auth config [null]
07:32:26.608 [testcontainers-lifecycle-0] DEBUG org.testcontainers.shaded.com.github.dockerjava.core.command.AbstrDockerCmd - Cmd: org.testcontainers.shaded.com.github.dockerjava.core.command.CreateContainerCmdImpl@d42b450[aliases=<null>,argsEscaped=<null>,attachStderr=<null>,attachStdin=<null>,attachStdout=<null>,authConfig=<null>,cmd={},domainName=<null>,entrypoint=<null>,env={},exposedPorts=ExposedPorts(exposedPorts=[8080/tcp]),healthcheck=<null>,hostConfig=HostConfig(binds=[/var/run/docker.sock:/var/run/docker.sock:rw], blkioWeight=null, blkioWeightDevice=null, blkioDeviceReadBps=null, blkioDeviceWriteBps=null, blkioDeviceReadIOps=null, blkioDeviceWriteIOps=null, memorySwappiness=null, nanoCPUs=null, capAdd=null, capDrop=null, containerIDFile=null, cpuPeriod=null, cpuRealtimePeriod=null, cpuRealtimeRuntime=null, cpuShares=null, cpuQuota=null, cpusetCpus=null, cpusetMems=null, devices=null, deviceCgroupRules=null, deviceRequests=null, diskQuota=null, dns=null, dnsOptions=null, dnsSearch=null, extraHosts=[], groupAdd=null, ipcMode=null, cgroup=null, links=[], logConfig=LogConfig(type=null, config=null), lxcConf=null, memory=null, memorySwap=null, memoryReservation=null, kernelMemory=null, networkMode=null, oomKillDisable=null, init=null, autoRemove=true, oomScoreAdj=null, portBindings={8080/tcp=[Lcom.github.dockerjava.api.model.Ports$Binding;@63e999a2}, privileged=false, publishAllPorts=null, readonlyRootfs=null, restartPolicy=null, ulimits=null, cpuCount=null, cpuPercent=null, ioMaximumIOps=null, ioMaximumBandwidth=null, volumesFrom=[], mounts=null, pidMode=null, isolation=null, securityOpts=null, storageOpt=null, cgroupParent=null, volumeDriver=null, shmSize=null, pidsLimit=null, runtime=null, tmpFs=null, utSMode=null, usernsMode=null, sysctls=null, consoleSize=null, cgroupnsMode=null),hostName=<null>,image=testcontainers/ryuk:0.3.4,ipv4Address=<null>,ipv6Address=<null>,labels={org.testcontainers=true, org.testcontainers.lang=java, org.testcontainers.version=1.17.6},macAddress=<null>,name=testcontainers-ryuk-c71ac4c9-df80-4afc-a65e-4c14f7b4213e,networkDisabled=<null>,networkingConfig=<null>,onBuild=<null>,platform=<null>,portSpecs=<null>,shell=<null>,stdInOnce=<null>,stdinOpen=<null>,stopSignal=<null>,stopTimeout=<null>,tty=<null>,user=<null>,volumes=Volumes(volumes=[]),workingDir=<null>]
07:32:26.634 [testcontainers-lifecycle-0] DEBUG com.github.dockerjava.zerodep.shaded.org.apache.hc.client5.http.impl.classic.InternalHttpClient - ex-00000004: preparing request execution
07:32:26.634 [testcontainers-lifecycle-0] DEBUG com.github.dockerjava.zerodep.shaded.org.apache.hc.client5.http.protocol.RequestAddCookies - Cookie spec selected: strict
07:32:26.634 [testcontainers-lifecycle-0] DEBUG com.github.dockerjava.zerodep.shaded.org.apache.hc.client5.http.protocol.RequestAuthCache - Auth cache not set in the context
07:32:26.634 [testcontainers-lifecycle-0] DEBUG com.github.dockerjava.zerodep.shaded.org.apache.hc.client5.http.impl.classic.ProtocolExec - ex-00000004: target auth state: UNCHALLENGED
07:32:26.634 [testcontainers-lifecycle-0] DEBUG com.github.dockerjava.zerodep.shaded.org.apache.hc.client5.http.impl.classic.ProtocolExec - ex-00000004: proxy auth state: UNCHALLENGED
07:32:26.634 [testcontainers-lifecycle-0] DEBUG com.github.dockerjava.zerodep.shaded.org.apache.hc.client5.http.impl.classic.ConnectExec - ex-00000004: acquiring connection with route {}->unix://localhost:2375
07:32:26.634 [testcontainers-lifecycle-0] DEBUG com.github.dockerjava.zerodep.shaded.org.apache.hc.client5.http.impl.classic.InternalHttpClient - ex-00000004: acquiring endpoint (3 MINUTES)
07:32:26.634 [testcontainers-lifecycle-0] DEBUG com.github.dockerjava.zerodep.shaded.org.apache.hc.client5.http.impl.io.PoolingHttpClientConnectionManager - ex-00000004: endpoint lease request (3 MINUTES) [route: {}->unix://localhost:2375][total available: 1; route allocated: 1 of 2147483647; total allocated: 1 of 2147483647]
07:32:26.634 [testcontainers-lifecycle-0] DEBUG com.github.dockerjava.zerodep.shaded.org.apache.hc.client5.http.impl.io.PoolingHttpClientConnectionManager - ex-00000004: endpoint leased [route: {}->unix://localhost:2375][total available: 0; route allocated: 1 of 2147483647; total allocated: 1 of 2147483647]
07:32:26.634 [testcontainers-lifecycle-0] DEBUG com.github.dockerjava.zerodep.shaded.org.apache.hc.client5.http.impl.io.PoolingHttpClientConnectionManager - ex-00000004: acquired ep-00000003
07:32:26.634 [testcontainers-lifecycle-0] DEBUG com.github.dockerjava.zerodep.shaded.org.apache.hc.client5.http.impl.classic.InternalHttpClient - ex-00000004: acquired endpoint ep-00000003
07:32:26.634 [testcontainers-lifecycle-0] DEBUG com.github.dockerjava.zerodep.shaded.org.apache.hc.client5.http.impl.classic.MainClientExec - ex-00000004: executing POST /v1.32/containers/create?name=testcontainers-ryuk-c71ac4c9-df80-4afc-a65e-4c14f7b4213e HTTP/1.1
07:32:26.634 [testcontainers-lifecycle-0] DEBUG com.github.dockerjava.zerodep.shaded.org.apache.hc.client5.http.impl.classic.InternalHttpClient - ep-00000003: start execution ex-00000004
07:32:26.634 [testcontainers-lifecycle-0] DEBUG com.github.dockerjava.zerodep.shaded.org.apache.hc.client5.http.impl.io.PoolingHttpClientConnectionManager - ep-00000003: executing exchange ex-00000004 over http-outgoing-0
07:32:26.634 [testcontainers-lifecycle-0] DEBUG com.github.dockerjava.zerodep.shaded.org.apache.hc.client5.http.headers - http-outgoing-0 >> POST /v1.32/containers/create?name=testcontainers-ryuk-c71ac4c9-df80-4afc-a65e-4c14f7b4213e HTTP/1.1
07:32:26.634 [testcontainers-lifecycle-0] DEBUG com.github.dockerjava.zerodep.shaded.org.apache.hc.client5.http.headers - http-outgoing-0 >> accept: application/json
07:32:26.634 [testcontainers-lifecycle-0] DEBUG com.github.dockerjava.zerodep.shaded.org.apache.hc.client5.http.headers - http-outgoing-0 >> content-type: application/json
07:32:26.634 [testcontainers-lifecycle-0] DEBUG com.github.dockerjava.zerodep.shaded.org.apache.hc.client5.http.headers - http-outgoing-0 >> x-tc-sid: c71ac4c9-df80-4afc-a65e-4c14f7b4213e
07:32:26.634 [testcontainers-lifecycle-0] DEBUG com.github.dockerjava.zerodep.shaded.org.apache.hc.client5.http.headers - http-outgoing-0 >> Accept-Encoding: gzip, x-gzip, deflate
07:32:26.634 [testcontainers-lifecycle-0] DEBUG com.github.dockerjava.zerodep.shaded.org.apache.hc.client5.http.headers - http-outgoing-0 >> Content-Length: 1955
07:32:26.634 [testcontainers-lifecycle-0] DEBUG com.github.dockerjava.zerodep.shaded.org.apache.hc.client5.http.headers - http-outgoing-0 >> Host: localhost:2375
07:32:26.634 [testcontainers-lifecycle-0] DEBUG com.github.dockerjava.zerodep.shaded.org.apache.hc.client5.http.headers - http-outgoing-0 >> Connection: keep-alive
07:32:26.634 [testcontainers-lifecycle-0] DEBUG com.github.dockerjava.zerodep.shaded.org.apache.hc.client5.http.headers - http-outgoing-0 >> User-Agent: Apache-HttpClient/5.0.3 (Java/17)
07:32:26.635 [testcontainers-lifecycle-0] DEBUG com.github.dockerjava.zerodep.shaded.org.apache.hc.client5.http.wire - http-outgoing-0 >> "POST /v1.32/containers/create?name=testcontainers-ryuk-c71ac4c9-df80-4afc-a65e-4c14f7b4213e HTTP/1.1[\r][\n]"
07:32:26.635 [testcontainers-lifecycle-0] DEBUG com.github.dockerjava.zerodep.shaded.org.apache.hc.client5.http.wire - http-outgoing-0 >> "accept: application/json[\r][\n]"
07:32:26.635 [testcontainers-lifecycle-0] DEBUG com.github.dockerjava.zerodep.shaded.org.apache.hc.client5.http.wire - http-outgoing-0 >> "content-type: application/json[\r][\n]"
07:32:26.635 [testcontainers-lifecycle-0] DEBUG com.github.dockerjava.zerodep.shaded.org.apache.hc.client5.http.wire - http-outgoing-0 >> "x-tc-sid: c71ac4c9-df80-4afc-a65e-4c14f7b4213e[\r][\n]"
07:32:26.635 [testcontainers-lifecycle-0] DEBUG com.github.dockerjava.zerodep.shaded.org.apache.hc.client5.http.wire - http-outgoing-0 >> "Accept-Encoding: gzip, x-gzip, deflate[\r][\n]"
07:32:26.635 [testcontainers-lifecycle-0] DEBUG com.github.dockerjava.zerodep.shaded.org.apache.hc.client5.http.wire - http-outgoing-0 >> "Content-Length: 1955[\r][\n]"
07:32:26.635 [testcontainers-lifecycle-0] DEBUG com.github.dockerjava.zerodep.shaded.org.apache.hc.client5.http.wire - http-outgoing-0 >> "Host: localhost:2375[\r][\n]"
07:32:26.635 [testcontainers-lifecycle-0] DEBUG com.github.dockerjava.zerodep.shaded.org.apache.hc.client5.http.wire - http-outgoing-0 >> "Connection: keep-alive[\r][\n]"
07:32:26.635 [testcontainers-lifecycle-0] DEBUG com.github.dockerjava.zerodep.shaded.org.apache.hc.client5.http.wire - http-outgoing-0 >> "User-Agent: Apache-HttpClient/5.0.3 (Java/17)[\r][\n]"
07:32:26.635 [testcontainers-lifecycle-0] DEBUG com.github.dockerjava.zerodep.shaded.org.apache.hc.client5.http.wire - http-outgoing-0 >> "[\r][\n]"
07:32:26.635 [testcontainers-lifecycle-0] DEBUG com.github.dockerjava.zerodep.shaded.org.apache.hc.client5.http.wire - http-outgoing-0 >> "{"Hostname":null,"Domainname":null,"User":null,"AttachStdin":null,"AttachStdout":null,"AttachStderr":null,"PortSpecs":null,"Tty":null,"OpenStdin":null,"StdinOnce":null,"Env":[],"Cmd":[],"Healthcheck":null,"ArgsEscaped":null,"Entrypoint":null,"Image":"testcontainers/ryuk:0.3.4","Volumes":{},"WorkingDir":null,"MacAddress":null,"OnBuild":null,"NetworkDisabled":null,"ExposedPorts":{"8080/tcp":{}},"StopSignal":null,"StopTimeout":null,"HostConfig":{"Binds":["/var/run/docker.sock:/var/run/docker.sock:rw"],"BlkioWeight":null,"BlkioWeightDevice":null,"BlkioDeviceReadBps":null,"BlkioDeviceWriteBps":null,"BlkioDeviceReadIOps":null,"BlkioDeviceWriteIOps":null,"MemorySwappiness":null,"NanoCpus":null,"CapAdd":null,"CapDrop":null,"ContainerIDFile":null,"CpuPeriod":null,"CpuRealtimePeriod":null,"CpuRealtimeRuntime":null,"CpuShares":null,"CpuQuota":null,"CpusetCpus":null,"CpusetMems":null,"Devices":null,"DeviceCgroupRules":null,"DeviceRequests":null,"DiskQuota":null,"Dns":null,"DnsOptions":null,"DnsSearch":null,"ExtraHosts":[],"GroupAdd":null,"IpcMode":null,"Cgroup":null,"Links":[],"LogConfig":null,"LxcConf":null,"Memory":null,"MemorySwap":null,"MemoryReservation":null,"KernelMemory":null,"NetworkMode":null,"OomKillDisable":null,"Init":null,"AutoRemove":true,"OomScoreAdj":null,"PortBindings":{"8080/tcp":[{"HostIp":"","HostPort":""}]},"Privileged":false,"PublishAllPorts":null,"ReadonlyRootfs":null,"RestartPolicy":null,"Ulimits":null,"CpuCount":null,"CpuPercent":null,"IOMaximumIOps":null,"IOMaximumBandwidth":null,"VolumesFrom":[],"Mounts":null,"PidMode":null,"Isolation":null,"SecurityOpt":null,"StorageOpt":null,"CgroupParent":null,"VolumeDriver":null,"ShmSize":null,"PidsLimit":null,"Runtime":null,"Tmpfs":null,"UTSMode":null,"UsernsMode":null,"Sysctls":null,"ConsoleSize":null,"CgroupnsMode":null},"Labels":{"org.testcontainers":"true","org.testcontainers.lang":"java","org.testcontainers.version":"1.17.6"},"Shell":null,"NetworkingConfig":null}"
07:32:26.679 [testcontainers-lifecycle-0] DEBUG com.github.dockerjava.zerodep.shaded.org.apache.hc.client5.http.wire - http-outgoing-0 << "HTTP/1.1 201 Created[\r][\n]"
07:32:26.679 [testcontainers-lifecycle-0] DEBUG com.github.dockerjava.zerodep.shaded.org.apache.hc.client5.http.wire - http-outgoing-0 << "Api-Version: 1.41[\r][\n]"
07:32:26.679 [testcontainers-lifecycle-0] DEBUG com.github.dockerjava.zerodep.shaded.org.apache.hc.client5.http.wire - http-outgoing-0 << "Content-Type: application/json[\r][\n]"
07:32:26.679 [testcontainers-lifecycle-0] DEBUG com.github.dockerjava.zerodep.shaded.org.apache.hc.client5.http.wire - http-outgoing-0 << "Date: Sun, 20 Nov 2022 07:32:26 GMT[\r][\n]"
07:32:26.679 [testcontainers-lifecycle-0] DEBUG com.github.dockerjava.zerodep.shaded.org.apache.hc.client5.http.wire - http-outgoing-0 << "Docker-Experimental: false[\r][\n]"
07:32:26.679 [testcontainers-lifecycle-0] DEBUG com.github.dockerjava.zerodep.shaded.org.apache.hc.client5.http.wire - http-outgoing-0 << "Ostype: linux[\r][\n]"
07:32:26.679 [testcontainers-lifecycle-0] DEBUG com.github.dockerjava.zerodep.shaded.org.apache.hc.client5.http.wire - http-outgoing-0 << "Server: Docker/20.10.5 (linux)[\r][\n]"
07:32:26.679 [testcontainers-lifecycle-0] DEBUG com.github.dockerjava.zerodep.shaded.org.apache.hc.client5.http.wire - http-outgoing-0 << "Transfer-Encoding: chunked[\r][\n]"
07:32:26.679 [testcontainers-lifecycle-0] DEBUG com.github.dockerjava.zerodep.shaded.org.apache.hc.client5.http.wire - http-outgoing-0 << "[\r][\n]"
07:32:26.679 [testcontainers-lifecycle-0] DEBUG com.github.dockerjava.zerodep.shaded.org.apache.hc.client5.http.headers - http-outgoing-0 << HTTP/1.1 201 Created
07:32:26.679 [testcontainers-lifecycle-0] DEBUG com.github.dockerjava.zerodep.shaded.org.apache.hc.client5.http.headers - http-outgoing-0 << Api-Version: 1.41
07:32:26.679 [testcontainers-lifecycle-0] DEBUG com.github.dockerjava.zerodep.shaded.org.apache.hc.client5.http.headers - http-outgoing-0 << Content-Type: application/json
07:32:26.679 [testcontainers-lifecycle-0] DEBUG com.github.dockerjava.zerodep.shaded.org.apache.hc.client5.http.headers - http-outgoing-0 << Date: Sun, 20 Nov 2022 07:32:26 GMT
07:32:26.679 [testcontainers-lifecycle-0] DEBUG com.github.dockerjava.zerodep.shaded.org.apache.hc.client5.http.headers - http-outgoing-0 << Docker-Experimental: false
07:32:26.679 [testcontainers-lifecycle-0] DEBUG com.github.dockerjava.zerodep.shaded.org.apache.hc.client5.http.headers - http-outgoing-0 << Ostype: linux
07:32:26.679 [testcontainers-lifecycle-0] DEBUG com.github.dockerjava.zerodep.shaded.org.apache.hc.client5.http.headers - http-outgoing-0 << Server: Docker/20.10.5 (linux)
07:32:26.679 [testcontainers-lifecycle-0] DEBUG com.github.dockerjava.zerodep.shaded.org.apache.hc.client5.http.headers - http-outgoing-0 << Transfer-Encoding: chunked
07:32:26.680 [testcontainers-lifecycle-0] DEBUG com.github.dockerjava.zerodep.shaded.org.apache.hc.client5.http.impl.classic.MainClientExec - ex-00000004: connection can be kept alive for 3 MINUTES
07:32:26.680 [testcontainers-lifecycle-0] DEBUG com.github.dockerjava.zerodep.shaded.org.apache.hc.client5.http.wire - http-outgoing-0 << "58[\r][\n]"
07:32:26.680 [testcontainers-lifecycle-0] DEBUG com.github.dockerjava.zerodep.shaded.org.apache.hc.client5.http.wire - http-outgoing-0 << "{"Id":"dba5ac00dce9f41fdeb3af303e9c472244071b641677518e18b68e159e2a3484","Warnings":[]}[\n]"
07:32:26.680 [testcontainers-lifecycle-0] DEBUG com.github.dockerjava.zerodep.shaded.org.apache.hc.client5.http.wire - http-outgoing-0 << "[\r][\n]"
07:32:26.680 [testcontainers-lifecycle-0] DEBUG com.github.dockerjava.zerodep.shaded.org.apache.hc.client5.http.wire - http-outgoing-0 << "0[\r][\n]"
07:32:26.680 [testcontainers-lifecycle-0] DEBUG com.github.dockerjava.zerodep.shaded.org.apache.hc.client5.http.wire - http-outgoing-0 << "[\r][\n]"
07:32:26.681 [testcontainers-lifecycle-0] DEBUG com.github.dockerjava.zerodep.shaded.org.apache.hc.client5.http.impl.classic.InternalHttpClient - ep-00000003: releasing valid endpoint
07:32:26.681 [testcontainers-lifecycle-0] DEBUG com.github.dockerjava.zerodep.shaded.org.apache.hc.client5.http.impl.io.PoolingHttpClientConnectionManager - ep-00000003: releasing endpoint
07:32:26.681 [testcontainers-lifecycle-0] DEBUG com.github.dockerjava.zerodep.shaded.org.apache.hc.client5.http.impl.io.PoolingHttpClientConnectionManager - ep-00000003: connection http-outgoing-0 can be kept alive for 3 MINUTES
07:32:26.681 [testcontainers-lifecycle-0] DEBUG com.github.dockerjava.zerodep.shaded.org.apache.hc.client5.http.impl.io.PoolingHttpClientConnectionManager - ep-00000003: connection released [route: {}->unix://localhost:2375][total available: 1; route allocated: 1 of 2147483647; total allocated: 1 of 2147483647]
07:32:26.681 [testcontainers-lifecycle-0] INFO 🐳 [testcontainers/ryuk:0.3.4] - Container testcontainers/ryuk:0.3.4 is starting: dba5ac00dce9f41fdeb3af303e9c472244071b641677518e18b68e159e2a3484
07:32:26.682 [testcontainers-lifecycle-0] DEBUG org.testcontainers.shaded.com.github.dockerjava.core.command.AbstrDockerCmd - Cmd: dba5ac00dce9f41fdeb3af303e9c472244071b641677518e18b68e159e2a3484
07:32:26.683 [testcontainers-lifecycle-0] DEBUG com.github.dockerjava.zerodep.shaded.org.apache.hc.client5.http.impl.classic.InternalHttpClient - ex-00000005: preparing request execution
07:32:26.683 [testcontainers-lifecycle-0] DEBUG com.github.dockerjava.zerodep.shaded.org.apache.hc.client5.http.protocol.RequestAddCookies - Cookie spec selected: strict
07:32:26.683 [testcontainers-lifecycle-0] DEBUG com.github.dockerjava.zerodep.shaded.org.apache.hc.client5.http.protocol.RequestAuthCache - Auth cache not set in the context
07:32:26.683 [testcontainers-lifecycle-0] DEBUG com.github.dockerjava.zerodep.shaded.org.apache.hc.client5.http.impl.classic.ProtocolExec - ex-00000005: target auth state: UNCHALLENGED
07:32:26.683 [testcontainers-lifecycle-0] DEBUG com.github.dockerjava.zerodep.shaded.org.apache.hc.client5.http.impl.classic.ProtocolExec - ex-00000005: proxy auth state: UNCHALLENGED
07:32:26.683 [testcontainers-lifecycle-0] DEBUG com.github.dockerjava.zerodep.shaded.org.apache.hc.client5.http.impl.classic.ConnectExec - ex-00000005: acquiring connection with route {}->unix://localhost:2375
07:32:26.683 [testcontainers-lifecycle-0] DEBUG com.github.dockerjava.zerodep.shaded.org.apache.hc.client5.http.impl.classic.InternalHttpClient - ex-00000005: acquiring endpoint (3 MINUTES)
07:32:26.683 [testcontainers-lifecycle-0] DEBUG com.github.dockerjava.zerodep.shaded.org.apache.hc.client5.http.impl.io.PoolingHttpClientConnectionManager - ex-00000005: endpoint lease request (3 MINUTES) [route: {}->unix://localhost:2375][total available: 1; route allocated: 1 of 2147483647; total allocated: 1 of 2147483647]
07:32:26.683 [testcontainers-lifecycle-0] DEBUG com.github.dockerjava.zerodep.shaded.org.apache.hc.client5.http.impl.io.PoolingHttpClientConnectionManager - ex-00000005: endpoint leased [route: {}->unix://localhost:2375][total available: 0; route allocated: 1 of 2147483647; total allocated: 1 of 2147483647]
07:32:26.683 [testcontainers-lifecycle-0] DEBUG com.github.dockerjava.zerodep.shaded.org.apache.hc.client5.http.impl.io.PoolingHttpClientConnectionManager - ex-00000005: acquired ep-00000004
07:32:26.683 [testcontainers-lifecycle-0] DEBUG com.github.dockerjava.zerodep.shaded.org.apache.hc.client5.http.impl.classic.InternalHttpClient - ex-00000005: acquired endpoint ep-00000004
07:32:26.683 [testcontainers-lifecycle-0] DEBUG com.github.dockerjava.zerodep.shaded.org.apache.hc.client5.http.impl.classic.MainClientExec - ex-00000005: executing POST /v1.32/containers/dba5ac00dce9f41fdeb3af303e9c472244071b641677518e18b68e159e2a3484/start HTTP/1.1
07:32:26.683 [testcontainers-lifecycle-0] DEBUG com.github.dockerjava.zerodep.shaded.org.apache.hc.client5.http.impl.classic.InternalHttpClient - ep-00000004: start execution ex-00000005
07:32:26.683 [testcontainers-lifecycle-0] DEBUG com.github.dockerjava.zerodep.shaded.org.apache.hc.client5.http.impl.io.PoolingHttpClientConnectionManager - ep-00000004: executing exchange ex-00000005 over http-outgoing-0
07:32:26.683 [testcontainers-lifecycle-0] DEBUG com.github.dockerjava.zerodep.shaded.org.apache.hc.client5.http.headers - http-outgoing-0 >> POST /v1.32/containers/dba5ac00dce9f41fdeb3af303e9c472244071b641677518e18b68e159e2a3484/start HTTP/1.1
07:32:26.683 [testcontainers-lifecycle-0] DEBUG com.github.dockerjava.zerodep.shaded.org.apache.hc.client5.http.headers - http-outgoing-0 >> accept: application/json
07:32:26.683 [testcontainers-lifecycle-0] DEBUG com.github.dockerjava.zerodep.shaded.org.apache.hc.client5.http.headers - http-outgoing-0 >> content-type: application/json
07:32:26.683 [testcontainers-lifecycle-0] DEBUG com.github.dockerjava.zerodep.shaded.org.apache.hc.client5.http.headers - http-outgoing-0 >> x-tc-sid: c71ac4c9-df80-4afc-a65e-4c14f7b4213e
07:32:26.683 [testcontainers-lifecycle-0] DEBUG com.github.dockerjava.zerodep.shaded.org.apache.hc.client5.http.headers - http-outgoing-0 >> Accept-Encoding: gzip, x-gzip, deflate
07:32:26.683 [testcontainers-lifecycle-0] DEBUG com.github.dockerjava.zerodep.shaded.org.apache.hc.client5.http.headers - http-outgoing-0 >> Host: localhost:2375
07:32:26.683 [testcontainers-lifecycle-0] DEBUG com.github.dockerjava.zerodep.shaded.org.apache.hc.client5.http.headers - http-outgoing-0 >> Connection: keep-alive
07:32:26.683 [testcontainers-lifecycle-0] DEBUG com.github.dockerjava.zerodep.shaded.org.apache.hc.client5.http.headers - http-outgoing-0 >> User-Agent: Apache-HttpClient/5.0.3 (Java/17)
07:32:26.683 [testcontainers-lifecycle-0] DEBUG com.github.dockerjava.zerodep.shaded.org.apache.hc.client5.http.wire - http-outgoing-0 >> "POST /v1.32/containers/dba5ac00dce9f41fdeb3af303e9c472244071b641677518e18b68e159e2a3484/start HTTP/1.1[\r][\n]"
07:32:26.683 [testcontainers-lifecycle-0] DEBUG com.github.dockerjava.zerodep.shaded.org.apache.hc.client5.http.wire - http-outgoing-0 >> "accept: application/json[\r][\n]"
07:32:26.683 [testcontainers-lifecycle-0] DEBUG com.github.dockerjava.zerodep.shaded.org.apache.hc.client5.http.wire - http-outgoing-0 >> "content-type: application/json[\r][\n]"
07:32:26.683 [testcontainers-lifecycle-0] DEBUG com.github.dockerjava.zerodep.shaded.org.apache.hc.client5.http.wire - http-outgoing-0 >> "x-tc-sid: c71ac4c9-df80-4afc-a65e-4c14f7b4213e[\r][\n]"
07:32:26.683 [testcontainers-lifecycle-0] DEBUG com.github.dockerjava.zerodep.shaded.org.apache.hc.client5.http.wire - http-outgoing-0 >> "Accept-Encoding: gzip, x-gzip, deflate[\r][\n]"
07:32:26.683 [testcontainers-lifecycle-0] DEBUG com.github.dockerjava.zerodep.shaded.org.apache.hc.client5.http.wire - http-outgoing-0 >> "Host: localhost:2375[\r][\n]"
07:32:26.683 [testcontainers-lifecycle-0] DEBUG com.github.dockerjava.zerodep.shaded.org.apache.hc.client5.http.wire - http-outgoing-0 >> "Connection: keep-alive[\r][\n]"
07:32:26.683 [testcontainers-lifecycle-0] DEBUG com.github.dockerjava.zerodep.shaded.org.apache.hc.client5.http.wire - http-outgoing-0 >> "User-Agent: Apache-HttpClient/5.0.3 (Java/17)[\r][\n]"
07:32:26.683 [testcontainers-lifecycle-0] DEBUG com.github.dockerjava.zerodep.shaded.org.apache.hc.client5.http.wire - http-outgoing-0 >> "[\r][\n]"
07:32:27.896 [testcontainers-lifecycle-0] DEBUG com.github.dockerjava.zerodep.shaded.org.apache.hc.client5.http.wire - http-outgoing-0 << "HTTP/1.1 204 No Content[\r][\n]"
07:32:27.896 [testcontainers-lifecycle-0] DEBUG com.github.dockerjava.zerodep.shaded.org.apache.hc.client5.http.wire - http-outgoing-0 << "Api-Version: 1.41[\r][\n]"
07:32:27.896 [testcontainers-lifecycle-0] DEBUG com.github.dockerjava.zerodep.shaded.org.apache.hc.client5.http.wire - http-outgoing-0 << "Date: Sun, 20 Nov 2022 07:32:27 GMT[\r][\n]"
07:32:27.896 [testcontainers-lifecycle-0] DEBUG com.github.dockerjava.zerodep.shaded.org.apache.hc.client5.http.wire - http-outgoing-0 << "Docker-Experimental: false[\r][\n]"
07:32:27.896 [testcontainers-lifecycle-0] DEBUG com.github.dockerjava.zerodep.shaded.org.apache.hc.client5.http.wire - http-outgoing-0 << "Ostype: linux[\r][\n]"
07:32:27.896 [testcontainers-lifecycle-0] DEBUG com.github.dockerjava.zerodep.shaded.org.apache.hc.client5.http.wire - http-outgoing-0 << "Server: Docker/20.10.5 (linux)[\r][\n]"
07:32:27.896 [testcontainers-lifecycle-0] DEBUG com.github.dockerjava.zerodep.shaded.org.apache.hc.client5.http.wire - http-outgoing-0 << "[\r][\n]"
07:32:27.896 [testcontainers-lifecycle-0] DEBUG com.github.dockerjava.zerodep.shaded.org.apache.hc.client5.http.headers - http-outgoing-0 << HTTP/1.1 204 No Content
07:32:27.896 [testcontainers-lifecycle-0] DEBUG com.github.dockerjava.zerodep.shaded.org.apache.hc.client5.http.headers - http-outgoing-0 << Api-Version: 1.41
07:32:27.896 [testcontainers-lifecycle-0] DEBUG com.github.dockerjava.zerodep.shaded.org.apache.hc.client5.http.headers - http-outgoing-0 << Date: Sun, 20 Nov 2022 07:32:27 GMT
07:32:27.896 [testcontainers-lifecycle-0] DEBUG com.github.dockerjava.zerodep.shaded.org.apache.hc.client5.http.headers - http-outgoing-0 << Docker-Experimental: false
07:32:27.896 [testcontainers-lifecycle-0] DEBUG com.github.dockerjava.zerodep.shaded.org.apache.hc.client5.http.headers - http-outgoing-0 << Ostype: linux
07:32:27.896 [testcontainers-lifecycle-0] DEBUG com.github.dockerjava.zerodep.shaded.org.apache.hc.client5.http.headers - http-outgoing-0 << Server: Docker/20.10.5 (linux)
07:32:27.896 [testcontainers-lifecycle-0] DEBUG com.github.dockerjava.zerodep.shaded.org.apache.hc.client5.http.impl.classic.MainClientExec - ex-00000005: connection can be kept alive for 3 MINUTES
07:32:27.896 [testcontainers-lifecycle-0] DEBUG com.github.dockerjava.zerodep.shaded.org.apache.hc.client5.http.impl.classic.InternalHttpClient - ep-00000004: releasing valid endpoint
07:32:27.897 [testcontainers-lifecycle-0] DEBUG com.github.dockerjava.zerodep.shaded.org.apache.hc.client5.http.impl.io.PoolingHttpClientConnectionManager - ep-00000004: releasing endpoint
07:32:27.897 [testcontainers-lifecycle-0] DEBUG com.github.dockerjava.zerodep.shaded.org.apache.hc.client5.http.impl.io.PoolingHttpClientConnectionManager - ep-00000004: connection http-outgoing-0 can be kept alive for 3 MINUTES
07:32:27.897 [testcontainers-lifecycle-0] DEBUG com.github.dockerjava.zerodep.shaded.org.apache.hc.client5.http.impl.io.PoolingHttpClientConnectionManager - ep-00000004: connection released [route: {}->unix://localhost:2375][total available: 1; route allocated: 1 of 2147483647; total allocated: 1 of 2147483647]
07:32:27.902 [testcontainers-lifecycle-0] DEBUG org.testcontainers.shaded.com.github.dockerjava.core.command.AbstrDockerCmd - Cmd: dba5ac00dce9f41fdeb3af303e9c472244071b641677518e18b68e159e2a3484,false
07:32:27.902 [testcontainers-lifecycle-0] DEBUG org.testcontainers.shaded.com.github.dockerjava.core.exec.InspectContainerCmdExec - GET: DefaultWebTarget{path=[/containers/dba5ac00dce9f41fdeb3af303e9c472244071b641677518e18b68e159e2a3484/json], queryParams={}}
07:32:27.902 [testcontainers-lifecycle-0] DEBUG com.github.dockerjava.zerodep.shaded.org.apache.hc.client5.http.impl.classic.InternalHttpClient - ex-00000006: preparing request execution
07:32:27.902 [testcontainers-lifecycle-0] DEBUG com.github.dockerjava.zerodep.shaded.org.apache.hc.client5.http.protocol.RequestAddCookies - Cookie spec selected: strict
07:32:27.902 [testcontainers-lifecycle-0] DEBUG com.github.dockerjava.zerodep.shaded.org.apache.hc.client5.http.protocol.RequestAuthCache - Auth cache not set in the context
07:32:27.902 [testcontainers-lifecycle-0] DEBUG com.github.dockerjava.zerodep.shaded.org.apache.hc.client5.http.impl.classic.ProtocolExec - ex-00000006: target auth state: UNCHALLENGED
07:32:27.902 [testcontainers-lifecycle-0] DEBUG com.github.dockerjava.zerodep.shaded.org.apache.hc.client5.http.impl.classic.ProtocolExec - ex-00000006: proxy auth state: UNCHALLENGED
07:32:27.902 [testcontainers-lifecycle-0] DEBUG com.github.dockerjava.zerodep.shaded.org.apache.hc.client5.http.impl.classic.ConnectExec - ex-00000006: acquiring connection with route {}->unix://localhost:2375
07:32:27.902 [testcontainers-lifecycle-0] DEBUG com.github.dockerjava.zerodep.shaded.org.apache.hc.client5.http.impl.classic.InternalHttpClient - ex-00000006: acquiring endpoint (3 MINUTES)
07:32:27.902 [testcontainers-lifecycle-0] DEBUG com.github.dockerjava.zerodep.shaded.org.apache.hc.client5.http.impl.io.PoolingHttpClientConnectionManager - ex-00000006: endpoint lease request (3 MINUTES) [route: {}->unix://localhost:2375][total available: 1; route allocated: 1 of 2147483647; total allocated: 1 of 2147483647]
07:32:27.902 [testcontainers-lifecycle-0] DEBUG com.github.dockerjava.zerodep.shaded.org.apache.hc.client5.http.impl.io.PoolingHttpClientConnectionManager - ex-00000006: endpoint leased [route: {}->unix://localhost:2375][total available: 0; route allocated: 1 of 2147483647; total allocated: 1 of 2147483647]
07:32:27.902 [testcontainers-lifecycle-0] DEBUG com.github.dockerjava.zerodep.shaded.org.apache.hc.client5.http.impl.io.PoolingHttpClientConnectionManager - ex-00000006: acquired ep-00000005
07:32:27.902 [testcontainers-lifecycle-0] DEBUG com.github.dockerjava.zerodep.shaded.org.apache.hc.client5.http.impl.classic.InternalHttpClient - ex-00000006: acquired endpoint ep-00000005
07:32:27.902 [testcontainers-lifecycle-0] DEBUG com.github.dockerjava.zerodep.shaded.org.apache.hc.client5.http.impl.classic.MainClientExec - ex-00000006: executing GET /v1.32/containers/dba5ac00dce9f41fdeb3af303e9c472244071b641677518e18b68e159e2a3484/json HTTP/1.1
07:32:27.902 [testcontainers-lifecycle-0] DEBUG com.github.dockerjava.zerodep.shaded.org.apache.hc.client5.http.impl.classic.InternalHttpClient - ep-00000005: start execution ex-00000006
07:32:27.902 [testcontainers-lifecycle-0] DEBUG com.github.dockerjava.zerodep.shaded.org.apache.hc.client5.http.impl.io.PoolingHttpClientConnectionManager - ep-00000005: executing exchange ex-00000006 over http-outgoing-0
07:32:27.902 [testcontainers-lifecycle-0] DEBUG com.github.dockerjava.zerodep.shaded.org.apache.hc.client5.http.headers - http-outgoing-0 >> GET /v1.32/containers/dba5ac00dce9f41fdeb3af303e9c472244071b641677518e18b68e159e2a3484/json HTTP/1.1
07:32:27.902 [testcontainers-lifecycle-0] DEBUG com.github.dockerjava.zerodep.shaded.org.apache.hc.client5.http.headers - http-outgoing-0 >> accept: application/json
07:32:27.902 [testcontainers-lifecycle-0] DEBUG com.github.dockerjava.zerodep.shaded.org.apache.hc.client5.http.headers - http-outgoing-0 >> x-tc-sid: c71ac4c9-df80-4afc-a65e-4c14f7b4213e
07:32:27.902 [testcontainers-lifecycle-0] DEBUG com.github.dockerjava.zerodep.shaded.org.apache.hc.client5.http.headers - http-outgoing-0 >> Accept-Encoding: gzip, x-gzip, deflate
07:32:27.902 [testcontainers-lifecycle-0] DEBUG com.github.dockerjava.zerodep.shaded.org.apache.hc.client5.http.headers - http-outgoing-0 >> Host: localhost:2375
07:32:27.902 [testcontainers-lifecycle-0] DEBUG com.github.dockerjava.zerodep.shaded.org.apache.hc.client5.http.headers - http-outgoing-0 >> Connection: keep-alive
07:32:27.903 [testcontainers-lifecycle-0] DEBUG com.github.dockerjava.zerodep.shaded.org.apache.hc.client5.http.headers - http-outgoing-0 >> User-Agent: Apache-HttpClient/5.0.3 (Java/17)
07:32:27.903 [testcontainers-lifecycle-0] DEBUG com.github.dockerjava.zerodep.shaded.org.apache.hc.client5.http.wire - http-outgoing-0 >> "GET /v1.32/containers/dba5ac00dce9f41fdeb3af303e9c472244071b641677518e18b68e159e2a3484/json HTTP/1.1[\r][\n]"
07:32:27.903 [testcontainers-lifecycle-0] DEBUG com.github.dockerjava.zerodep.shaded.org.apache.hc.client5.http.wire - http-outgoing-0 >> "accept: application/json[\r][\n]"
07:32:27.903 [testcontainers-lifecycle-0] DEBUG com.github.dockerjava.zerodep.shaded.org.apache.hc.client5.http.wire - http-outgoing-0 >> "x-tc-sid: c71ac4c9-df80-4afc-a65e-4c14f7b4213e[\r][\n]"
07:32:27.903 [testcontainers-lifecycle-0] DEBUG com.github.dockerjava.zerodep.shaded.org.apache.hc.client5.http.wire - http-outgoing-0 >> "Accept-Encoding: gzip, x-gzip, deflate[\r][\n]"
07:32:27.903 [testcontainers-lifecycle-0] DEBUG com.github.dockerjava.zerodep.shaded.org.apache.hc.client5.http.wire - http-outgoing-0 >> "Host: localhost:2375[\r][\n]"
07:32:27.903 [testcontainers-lifecycle-0] DEBUG com.github.dockerjava.zerodep.shaded.org.apache.hc.client5.http.wire - http-outgoing-0 >> "Connection: keep-alive[\r][\n]"
07:32:27.903 [testcontainers-lifecycle-0] DEBUG com.github.dockerjava.zerodep.shaded.org.apache.hc.client5.http.wire - http-outgoing-0 >> "User-Agent: Apache-HttpClient/5.0.3 (Java/17)[\r][\n]"
07:32:27.903 [testcontainers-lifecycle-0] DEBUG com.github.dockerjava.zerodep.shaded.org.apache.hc.client5.http.wire - http-outgoing-0 >> "[\r][\n]"
07:32:27.906 [testcontainers-lifecycle-0] DEBUG com.github.dockerjava.zerodep.shaded.org.apache.hc.client5.http.wire - http-outgoing-0 << "HTTP/1.1 200 OK[\r][\n]"
07:32:27.906 [testcontainers-lifecycle-0] DEBUG com.github.dockerjava.zerodep.shaded.org.apache.hc.client5.http.wire - http-outgoing-0 << "Api-Version: 1.41[\r][\n]"
07:32:27.906 [testcontainers-lifecycle-0] DEBUG com.github.dockerjava.zerodep.shaded.org.apache.hc.client5.http.wire - http-outgoing-0 << "Content-Type: application/json[\r][\n]"
07:32:27.906 [testcontainers-lifecycle-0] DEBUG com.github.dockerjava.zerodep.shaded.org.apache.hc.client5.http.wire - http-outgoing-0 << "Date: Sun, 20 Nov 2022 07:32:27 GMT[\r][\n]"
07:32:27.906 [testcontainers-lifecycle-0] DEBUG com.github.dockerjava.zerodep.shaded.org.apache.hc.client5.http.wire - http-outgoing-0 << "Docker-Experimental: false[\r][\n]"
07:32:27.906 [testcontainers-lifecycle-0] DEBUG com.github.dockerjava.zerodep.shaded.org.apache.hc.client5.http.wire - http-outgoing-0 << "Ostype: linux[\r][\n]"
07:32:27.906 [testcontainers-lifecycle-0] DEBUG com.github.dockerjava.zerodep.shaded.org.apache.hc.client5.http.wire - http-outgoing-0 << "Server: Docker/20.10.5 (linux)[\r][\n]"
07:32:27.906 [testcontainers-lifecycle-0] DEBUG com.github.dockerjava.zerodep.shaded.org.apache.hc.client5.http.wire - http-outgoing-0 << "Transfer-Encoding: chunked[\r][\n]"
07:32:27.906 [testcontainers-lifecycle-0] DEBUG com.github.dockerjava.zerodep.shaded.org.apache.hc.client5.http.wire - http-outgoing-0 << "[\r][\n]"
07:32:27.906 [testcontainers-lifecycle-0] DEBUG com.github.dockerjava.zerodep.shaded.org.apache.hc.client5.http.headers - http-outgoing-0 << HTTP/1.1 200 OK
07:32:27.906 [testcontainers-lifecycle-0] DEBUG com.github.dockerjava.zerodep.shaded.org.apache.hc.client5.http.headers - http-outgoing-0 << Api-Version: 1.41
07:32:27.906 [testcontainers-lifecycle-0] DEBUG com.github.dockerjava.zerodep.shaded.org.apache.hc.client5.http.headers - http-outgoing-0 << Content-Type: application/json
07:32:27.906 [testcontainers-lifecycle-0] DEBUG com.github.dockerjava.zerodep.shaded.org.apache.hc.client5.http.headers - http-outgoing-0 << Date: Sun, 20 Nov 2022 07:32:27 GMT
07:32:27.906 [testcontainers-lifecycle-0] DEBUG com.github.dockerjava.zerodep.shaded.org.apache.hc.client5.http.headers - http-outgoing-0 << Docker-Experimental: false
07:32:27.906 [testcontainers-lifecycle-0] DEBUG com.github.dockerjava.zerodep.shaded.org.apache.hc.client5.http.headers - http-outgoing-0 << Ostype: linux
07:32:27.906 [testcontainers-lifecycle-0] DEBUG com.github.dockerjava.zerodep.shaded.org.apache.hc.client5.http.headers - http-outgoing-0 << Server: Docker/20.10.5 (linux)
07:32:27.906 [testcontainers-lifecycle-0] DEBUG com.github.dockerjava.zerodep.shaded.org.apache.hc.client5.http.headers - http-outgoing-0 << Transfer-Encoding: chunked
07:32:27.906 [testcontainers-lifecycle-0] DEBUG com.github.dockerjava.zerodep.shaded.org.apache.hc.client5.http.impl.classic.MainClientExec - ex-00000006: connection can be kept alive for 3 MINUTES
07:32:27.906 [testcontainers-lifecycle-0] DEBUG com.github.dockerjava.zerodep.shaded.org.apache.hc.client5.http.wire - http-outgoing-0 << "1437[\r][\n]"
07:32:27.906 [testcontainers-lifecycle-0] DEBUG com.github.dockerjava.zerodep.shaded.org.apache.hc.client5.http.wire - http-outgoing-0 << "{"Id":"dba5ac00dce9f41fdeb3af303e9c472244071b641677518e18b68e159e2a3484","Created":"2022-11-20T07:32:26.646277381Z","Path":"/app","Args":[],"State":{"Status":"running","Running":true,"Paused":false,"Restarting":false,"OOMKilled":false,"Dead":false,"Pid":25831,"ExitCode":0,"Error":"","StartedAt":"2022-11-20T07:32:27.89249284Z","FinishedAt":"0001-01-01T00:00:00Z"},"Image":"sha256:5d28cedc492d64d21c11814d84d9d41566f07023b9c95245e163b05acfcb7172","ResolvConfPath":"/var/lib/docker/containers/dba5ac00dce9f41fdeb3af303e9c472244071b641677518e18b68e159e2a3484/resolv.conf","HostnamePath":"/var/lib/docker/containers/dba5ac00dce9f41fdeb3af303e9c472244071b641677518e18b68e159e2a3484/hostname","HostsPath":"/var/lib/docker/containers/dba5ac00dce9f41fdeb3af303e9c472244071b641677518e18b68e159e2a3484/hosts","LogPath":"/var/lib/docker/containers/dba5ac00dce9f41fdeb3af303e9c472244071b641677518e18b68e159e2a3484/dba5ac00dce9f41fdeb3af303e9c472244071b641677518e18b68e159e2a3484-json.log","Name":"/testcontainers-ryuk-c71ac4c9-df80-4afc-a65e-4c14f7b4213e","RestartCount":0,"Driver":"overlay2","Platform":"linux","MountLabel":"","ProcessLabel":"","AppArmorProfile":"","ExecIDs":null,"HostConfig":{"Binds":["/var/run/docker.sock:/var/run/docker.sock:rw"],"ContainerIDFile":"","LogConfig":{"Type":"json-file","Config":{}},"NetworkMode":"default","PortBindings":{"8080/tcp":[{"HostIp":"0.0.0.0","HostPort":"0"}]},"RestartPolicy":{"Name":"","MaximumRetryCount":0},"AutoRemove":true,"VolumeDriver":"","VolumesFrom":[],"CapAdd":null,"CapDrop":null,"CgroupnsMode":"host","Dns":null,"DnsOptions":null,"DnsSearch":null,"ExtraHosts":[],"GroupAdd":null,"IpcMode":"shareable","Cgroup":"","Links":null,"OomScoreAdj":0,"PidMode":"","Privileged":false,"PublishAllPorts":false,"ReadonlyRootfs":false,"SecurityOpt":null,"UTSMode":"","UsernsMode":"","ShmSize":67108864,"Runtime":"runc","ConsoleSize":[0,0],"Isolation":"","CpuShares":0,"Memory":0,"NanoCpus":0,"CgroupParent":"","BlkioWeight":0,"BlkioWeightDevice":null,"BlkioDeviceReadBps":null,"BlkioDeviceWriteBps":null,"BlkioDeviceReadIOps":null,"BlkioDeviceWriteIOps":null,"CpuPeriod":0,"CpuQuota":0,"CpuRealtimePeriod":0,"CpuRealtimeRuntime":0,"CpusetCpus":"","CpusetMems":"","Devices":null,"DeviceCgroupRules":null,"DeviceRequests":null,"KernelMemory":0,"KernelMemoryTCP":0,"MemoryReservation":0,"MemorySwap":0,"MemorySwappiness":null,"OomKillDisable":false,"PidsLimit":null,"Ulimits":null,"CpuCount":0,"CpuPercent":0,"IOMaximumIOps":0,"IOMaximumBandwidth":0,"MaskedPaths":["/proc/asound","/proc/acpi","/proc/kcore","/proc/keys","/proc/latency_stats","/proc/timer_list","/proc/timer_stats","/proc/sched_debug","/proc/scsi","/sys/firmware"],"ReadonlyPaths":["/proc/bus","/proc/fs","/proc/irq","/proc/sys","/proc/sysrq-trigger"]},"GraphDriver":{"Data":{"LowerDir":"/var/lib/docker/overlay2/ea287c9669d49e33cf56457ee1ea3a6ec7fc034d4eaa21d4de54f5490cb0b67b-init/diff:/var/lib/docker/overlay2/0a3f70f5d6d210db2db157a42fe32cc103f1aaf61310ea4a470f3ae45bd857c7/diff:/var/lib/docker/overlay2/739775eb28fd602b07f947fcdbe029fa9e5053a8d1b4a73fe88e1a91f5953a52/diff:/var/lib/docker/overlay2/da2a287bd791e3c430bb0b866e99788a75a84764e1183cc9e6296b7f26cad6e7/diff","MergedDir":"/var/lib/docker/overlay2/ea287c9669d49e33cf56457ee1ea3a6ec7fc034d4eaa21d4de54f5490cb0b67b/merged","UpperDir":"/var/lib/docker/overlay2/ea287c9669d49e33cf56457ee1ea3a6ec7fc034d4eaa21d4de54f5490cb0b67b/diff","WorkDir":"/var/lib/docker/overlay2/ea287c9669d49e33cf56457ee1ea3a6ec7fc034d4eaa21d4de54f5490cb0b67b/work"},"Name":"overlay2"},"Mounts":[{"Type":"bind","Source":"/var/run/docker.sock","Destination":"/var/run/docker.sock","Mode":"rw","RW":true,"Propagation":"rprivate"}],"Config":{"Hostname":"dba5ac00dce9","Domainname":"","User":"","AttachStdin":false,"AttachStdout":false,"AttachStderr":false,"ExposedPorts":{"8080/tcp":{}},"Tty":false,"OpenStdin":false,"StdinOnce":false,"Env":["PATH=/usr/local/sbin:/usr/local/bin:/usr/sbin:/usr/bin:/sbin:/bin"],"Cmd":["/app"],"Image":"testcontainers/ryuk:0.3.4","Volumes":null,"WorkingDir":"","Entrypoint":null,"OnBuild":null,"Labels":{"org.testcontainers":"true","org.testcontainers.lang":"java","org.testcontainers.version":"1.17.6"}},"NetworkSettings":{"Bridge":"","SandboxID":"6d84dc3fef6bfa85238349ef87566101ec595ed46de7978810a7e9c9ce01a5e4","HairpinMode":false,"LinkLocalIPv6Address":"","LinkLocalIPv6PrefixLen":0,"Ports":{"8080/tcp":[{"HostIp":"0.0.0.0","HostPort":"59950"}]},"SandboxKey":"/var/run/docker/netns/6d84dc3fef6b","SecondaryIPAddresses":null,"SecondaryIPv6Addresses":null,"EndpointID":"cbff0025164a8845b62ef539fa121a95d2201ea4f80cac628ea1279c287fba03","Gateway":"172.17.0.1","GlobalIPv6Address":"","GlobalIPv6PrefixLen":0,"IPAddress":"172.17.0.4","IPPrefixLen":16,"IPv6Gateway":"","MacAddress":"02:42:ac:11:00:04","Networks":{"bridge":{"IPAMConfig":null,"Links":null,"Aliases":null,"NetworkID":"cd2c18d6a94a459705576abd5915413379458725e737e0c2cfcf9bb258c4cc7e","EndpointID":"cbff0025164a8845b62ef539fa121a95d2201ea4f80cac628ea1279c287fba03","Gateway":"172.17.0.1","IPAddress":"172.17.0.4","IPPrefixLen":16,"IPv6Gateway":"","GlobalIPv6Address":"","GlobalIPv6PrefixLen":0,"MacAddress":"02:42:ac:11:00:04","DriverOpts":null}}}}[\n]"
07:32:27.906 [testcontainers-lifecycle-0] DEBUG com.github.dockerjava.zerodep.shaded.org.apache.hc.client5.http.wire - http-outgoing-0 << "[\r][\n]"
07:32:27.906 [testcontainers-lifecycle-0] DEBUG com.github.dockerjava.zerodep.shaded.org.apache.hc.client5.http.wire - http-outgoing-0 << "0[\r][\n]"
07:32:27.906 [testcontainers-lifecycle-0] DEBUG com.github.dockerjava.zerodep.shaded.org.apache.hc.client5.http.wire - http-outgoing-0 << "[\r][\n]"
07:32:27.935 [testcontainers-lifecycle-0] DEBUG com.github.dockerjava.zerodep.shaded.org.apache.hc.client5.http.impl.classic.InternalHttpClient - ep-00000005: releasing valid endpoint
07:32:27.935 [testcontainers-lifecycle-0] DEBUG com.github.dockerjava.zerodep.shaded.org.apache.hc.client5.http.impl.io.PoolingHttpClientConnectionManager - ep-00000005: releasing endpoint
07:32:27.935 [testcontainers-lifecycle-0] DEBUG com.github.dockerjava.zerodep.shaded.org.apache.hc.client5.http.impl.io.PoolingHttpClientConnectionManager - ep-00000005: connection http-outgoing-0 can be kept alive for 3 MINUTES
07:32:27.935 [testcontainers-lifecycle-0] DEBUG com.github.dockerjava.zerodep.shaded.org.apache.hc.client5.http.impl.io.PoolingHttpClientConnectionManager - ep-00000005: connection released [route: {}->unix://localhost:2375][total available: 1; route allocated: 1 of 2147483647; total allocated: 1 of 2147483647]
07:32:27.939 [docker-java-stream-1148667394] DEBUG com.github.dockerjava.zerodep.shaded.org.apache.hc.client5.http.impl.classic.InternalHttpClient - ex-00000007: preparing request execution
07:32:27.939 [docker-java-stream-1148667394] DEBUG com.github.dockerjava.zerodep.shaded.org.apache.hc.client5.http.protocol.RequestAddCookies - Cookie spec selected: strict
07:32:27.939 [docker-java-stream-1148667394] DEBUG com.github.dockerjava.zerodep.shaded.org.apache.hc.client5.http.protocol.RequestAuthCache - Auth cache not set in the context
07:32:27.939 [docker-java-stream-1148667394] DEBUG com.github.dockerjava.zerodep.shaded.org.apache.hc.client5.http.impl.classic.ProtocolExec - ex-00000007: target auth state: UNCHALLENGED
07:32:27.939 [docker-java-stream-1148667394] DEBUG com.github.dockerjava.zerodep.shaded.org.apache.hc.client5.http.impl.classic.ProtocolExec - ex-00000007: proxy auth state: UNCHALLENGED
07:32:27.939 [docker-java-stream-1148667394] DEBUG com.github.dockerjava.zerodep.shaded.org.apache.hc.client5.http.impl.classic.ConnectExec - ex-00000007: acquiring connection with route {}->unix://localhost:2375
07:32:27.939 [docker-java-stream-1148667394] DEBUG com.github.dockerjava.zerodep.shaded.org.apache.hc.client5.http.impl.classic.InternalHttpClient - ex-00000007: acquiring endpoint (3 MINUTES)
07:32:27.939 [docker-java-stream-1148667394] DEBUG com.github.dockerjava.zerodep.shaded.org.apache.hc.client5.http.impl.io.PoolingHttpClientConnectionManager - ex-00000007: endpoint lease request (3 MINUTES) [route: {}->unix://localhost:2375][total available: 1; route allocated: 1 of 2147483647; total allocated: 1 of 2147483647]
07:32:27.939 [docker-java-stream-1148667394] DEBUG com.github.dockerjava.zerodep.shaded.org.apache.hc.client5.http.impl.io.PoolingHttpClientConnectionManager - ex-00000007: endpoint leased [route: {}->unix://localhost:2375][total available: 0; route allocated: 1 of 2147483647; total allocated: 1 of 2147483647]
07:32:27.939 [docker-java-stream-1148667394] DEBUG com.github.dockerjava.zerodep.shaded.org.apache.hc.client5.http.impl.io.PoolingHttpClientConnectionManager - ex-00000007: acquired ep-00000006
07:32:27.939 [docker-java-stream-1148667394] DEBUG com.github.dockerjava.zerodep.shaded.org.apache.hc.client5.http.impl.classic.InternalHttpClient - ex-00000007: acquired endpoint ep-00000006
07:32:27.939 [docker-java-stream-1148667394] DEBUG com.github.dockerjava.zerodep.shaded.org.apache.hc.client5.http.impl.classic.MainClientExec - ex-00000007: executing GET /v1.32/containers/dba5ac00dce9f41fdeb3af303e9c472244071b641677518e18b68e159e2a3484/logs?stdout=true&stderr=true&follow=true&since=0 HTTP/1.1
07:32:27.939 [docker-java-stream-1148667394] DEBUG com.github.dockerjava.zerodep.shaded.org.apache.hc.client5.http.impl.classic.InternalHttpClient - ep-00000006: start execution ex-00000007
07:32:27.939 [docker-java-stream-1148667394] DEBUG com.github.dockerjava.zerodep.shaded.org.apache.hc.client5.http.impl.io.PoolingHttpClientConnectionManager - ep-00000006: executing exchange ex-00000007 over http-outgoing-0
07:32:27.939 [docker-java-stream-1148667394] DEBUG com.github.dockerjava.zerodep.shaded.org.apache.hc.client5.http.headers - http-outgoing-0 >> GET /v1.32/containers/dba5ac00dce9f41fdeb3af303e9c472244071b641677518e18b68e159e2a3484/logs?stdout=true&stderr=true&follow=true&since=0 HTTP/1.1
07:32:27.939 [docker-java-stream-1148667394] DEBUG com.github.dockerjava.zerodep.shaded.org.apache.hc.client5.http.headers - http-outgoing-0 >> x-tc-sid: c71ac4c9-df80-4afc-a65e-4c14f7b4213e
07:32:27.939 [docker-java-stream-1148667394] DEBUG com.github.dockerjava.zerodep.shaded.org.apache.hc.client5.http.headers - http-outgoing-0 >> Accept-Encoding: gzip, x-gzip, deflate
07:32:27.939 [docker-java-stream-1148667394] DEBUG com.github.dockerjava.zerodep.shaded.org.apache.hc.client5.http.headers - http-outgoing-0 >> Host: localhost:2375
07:32:27.939 [docker-java-stream-1148667394] DEBUG com.github.dockerjava.zerodep.shaded.org.apache.hc.client5.http.headers - http-outgoing-0 >> Connection: keep-alive
07:32:27.939 [docker-java-stream-1148667394] DEBUG com.github.dockerjava.zerodep.shaded.org.apache.hc.client5.http.headers - http-outgoing-0 >> User-Agent: Apache-HttpClient/5.0.3 (Java/17)
07:32:27.939 [docker-java-stream-1148667394] DEBUG com.github.dockerjava.zerodep.shaded.org.apache.hc.client5.http.wire - http-outgoing-0 >> "GET /v1.32/containers/dba5ac00dce9f41fdeb3af303e9c472244071b641677518e18b68e159e2a3484/logs?stdout=true&stderr=true&follow=true&since=0 HTTP/1.1[\r][\n]"
07:32:27.939 [docker-java-stream-1148667394] DEBUG com.github.dockerjava.zerodep.shaded.org.apache.hc.client5.http.wire - http-outgoing-0 >> "x-tc-sid: c71ac4c9-df80-4afc-a65e-4c14f7b4213e[\r][\n]"
07:32:27.939 [docker-java-stream-1148667394] DEBUG com.github.dockerjava.zerodep.shaded.org.apache.hc.client5.http.wire - http-outgoing-0 >> "Accept-Encoding: gzip, x-gzip, deflate[\r][\n]"
07:32:27.939 [docker-java-stream-1148667394] DEBUG com.github.dockerjava.zerodep.shaded.org.apache.hc.client5.http.wire - http-outgoing-0 >> "Host: localhost:2375[\r][\n]"
07:32:27.939 [docker-java-stream-1148667394] DEBUG com.github.dockerjava.zerodep.shaded.org.apache.hc.client5.http.wire - http-outgoing-0 >> "Connection: keep-alive[\r][\n]"
07:32:27.939 [docker-java-stream-1148667394] DEBUG com.github.dockerjava.zerodep.shaded.org.apache.hc.client5.http.wire - http-outgoing-0 >> "User-Agent: Apache-HttpClient/5.0.3 (Java/17)[\r][\n]"
07:32:27.939 [docker-java-stream-1148667394] DEBUG com.github.dockerjava.zerodep.shaded.org.apache.hc.client5.http.wire - http-outgoing-0 >> "[\r][\n]"
07:32:27.942 [docker-java-stream-1148667394] DEBUG com.github.dockerjava.zerodep.shaded.org.apache.hc.client5.http.wire - http-outgoing-0 << "HTTP/1.1 200 OK[\r][\n]"
07:32:27.943 [docker-java-stream-1148667394] DEBUG com.github.dockerjava.zerodep.shaded.org.apache.hc.client5.http.wire - http-outgoing-0 << "Api-Version: 1.41[\r][\n]"
07:32:27.943 [docker-java-stream-1148667394] DEBUG com.github.dockerjava.zerodep.shaded.org.apache.hc.client5.http.wire - http-outgoing-0 << "Date: Sun, 20 Nov 2022 07:32:27 GMT[\r][\n]"
07:32:27.943 [docker-java-stream-1148667394] DEBUG com.github.dockerjava.zerodep.shaded.org.apache.hc.client5.http.wire - http-outgoing-0 << "Docker-Experimental: false[\r][\n]"
07:32:27.943 [docker-java-stream-1148667394] DEBUG com.github.dockerjava.zerodep.shaded.org.apache.hc.client5.http.wire - http-outgoing-0 << "Ostype: linux[\r][\n]"
07:32:27.943 [docker-java-stream-1148667394] DEBUG com.github.dockerjava.zerodep.shaded.org.apache.hc.client5.http.wire - http-outgoing-0 << "Server: Docker/20.10.5 (linux)[\r][\n]"
07:32:27.943 [docker-java-stream-1148667394] DEBUG com.github.dockerjava.zerodep.shaded.org.apache.hc.client5.http.wire - http-outgoing-0 << "Transfer-Encoding: chunked[\r][\n]"
07:32:27.943 [docker-java-stream-1148667394] DEBUG com.github.dockerjava.zerodep.shaded.org.apache.hc.client5.http.wire - http-outgoing-0 << "[\r][\n]"
07:32:27.943 [docker-java-stream-1148667394] DEBUG com.github.dockerjava.zerodep.shaded.org.apache.hc.client5.http.headers - http-outgoing-0 << HTTP/1.1 200 OK
07:32:27.943 [docker-java-stream-1148667394] DEBUG com.github.dockerjava.zerodep.shaded.org.apache.hc.client5.http.headers - http-outgoing-0 << Api-Version: 1.41
07:32:27.943 [docker-java-stream-1148667394] DEBUG com.github.dockerjava.zerodep.shaded.org.apache.hc.client5.http.headers - http-outgoing-0 << Date: Sun, 20 Nov 2022 07:32:27 GMT
07:32:27.943 [docker-java-stream-1148667394] DEBUG com.github.dockerjava.zerodep.shaded.org.apache.hc.client5.http.headers - http-outgoing-0 << Docker-Experimental: false
07:32:27.943 [docker-java-stream-1148667394] DEBUG com.github.dockerjava.zerodep.shaded.org.apache.hc.client5.http.headers - http-outgoing-0 << Ostype: linux
07:32:27.943 [docker-java-stream-1148667394] DEBUG com.github.dockerjava.zerodep.shaded.org.apache.hc.client5.http.headers - http-outgoing-0 << Server: Docker/20.10.5 (linux)
07:32:27.943 [docker-java-stream-1148667394] DEBUG com.github.dockerjava.zerodep.shaded.org.apache.hc.client5.http.headers - http-outgoing-0 << Transfer-Encoding: chunked
07:32:27.943 [docker-java-stream-1148667394] DEBUG com.github.dockerjava.zerodep.shaded.org.apache.hc.client5.http.impl.classic.MainClientExec - ex-00000007: connection can be kept alive for 3 MINUTES
07:32:27.943 [docker-java-stream-1148667394] DEBUG com.github.dockerjava.zerodep.shaded.org.apache.hc.client5.http.wire - http-outgoing-0 << "c0[\r][\n]"
07:32:27.943 [docker-java-stream-1148667394] DEBUG com.github.dockerjava.zerodep.shaded.org.apache.hc.client5.http.wire - http-outgoing-0 << "[0x2][0x0][0x0][0x0][0x0][0x0][0x0]&2022/11/20 07:32:27 Pinging Docker...[\n]"
07:32:27.943 [docker-java-stream-1148667394] DEBUG com.github.dockerjava.zerodep.shaded.org.apache.hc.client5.http.wire - http-outgoing-0 << "[0x2][0x0][0x0][0x0][0x0][0x0][0x0]02022/11/20 07:32:27 Docker daemon is available![\n]"
07:32:27.943 [docker-java-stream-1148667394] DEBUG com.github.dockerjava.zerodep.shaded.org.apache.hc.client5.http.wire - http-outgoing-0 << "[0x2][0x0][0x0][0x0][0x0][0x0][0x0]-2022/11/20 07:32:27 Starting on port 8080...[\n]"
07:32:27.943 [docker-java-stream-1148667394] DEBUG com.github.dockerjava.zerodep.shaded.org.apache.hc.client5.http.wire - http-outgoing-0 << "[0x2][0x0][0x0][0x0][0x0][0x0][0x0][0x1d]2022/11/20 07:32:27 Started![\n]"
07:32:27.943 [docker-java-stream-1148667394] DEBUG com.github.dockerjava.zerodep.shaded.org.apache.hc.client5.http.wire - http-outgoing-0 << "[\r][\n]"
07:32:27.944 [testcontainers-lifecycle-0] DEBUG org.testcontainers.containers.output.WaitingConsumer - STDERR: 2022/11/20 07:32:27 Pinging Docker...
07:32:27.944 [testcontainers-lifecycle-0] DEBUG org.testcontainers.containers.output.WaitingConsumer - STDERR: 2022/11/20 07:32:27 Started!
07:32:27.945 [testcontainers-lifecycle-0] DEBUG com.github.dockerjava.zerodep.shaded.org.apache.hc.client5.http.impl.classic.InternalHttpClient - ep-00000006: cancel
07:32:27.945 [docker-java-stream-1148667394] DEBUG com.github.dockerjava.zerodep.shaded.org.apache.hc.client5.http.wire - http-outgoing-0 << "[read] I/O error: null"
07:32:27.945 [testcontainers-lifecycle-0] DEBUG com.github.dockerjava.zerodep.shaded.org.apache.hc.client5.http.impl.io.DefaultManagedHttpClientConnection - http-outgoing-0: close connection IMMEDIATE
07:32:27.945 [docker-java-stream-1148667394] DEBUG com.github.dockerjava.zerodep.shaded.org.apache.hc.client5.http.wire - http-outgoing-0 << "[read] I/O error: null"
07:32:27.946 [testcontainers-lifecycle-0] DEBUG com.github.dockerjava.zerodep.shaded.org.apache.hc.client5.http.impl.classic.InternalHttpClient - ep-00000006: endpoint closed
07:32:27.946 [testcontainers-lifecycle-0] DEBUG com.github.dockerjava.zerodep.shaded.org.apache.hc.client5.http.impl.classic.InternalHttpClient - ep-00000006: discarding endpoint
07:32:27.946 [testcontainers-lifecycle-0] DEBUG com.github.dockerjava.zerodep.shaded.org.apache.hc.client5.http.impl.io.PoolingHttpClientConnectionManager - ep-00000006: releasing endpoint
07:32:27.946 [testcontainers-lifecycle-0] DEBUG com.github.dockerjava.zerodep.shaded.org.apache.hc.client5.http.impl.io.PoolingHttpClientConnectionManager - ep-00000006: connection is not kept alive
07:32:27.946 [testcontainers-lifecycle-0] DEBUG com.github.dockerjava.zerodep.shaded.org.apache.hc.client5.http.impl.io.PoolingHttpClientConnectionManager - ep-00000006: connection released [route: {}->unix://localhost:2375][total available: 0; route allocated: 0 of 2147483647; total allocated: 0 of 2147483647]
07:32:27.946 [testcontainers-lifecycle-0] INFO 🐳 [testcontainers/ryuk:0.3.4] - Container testcontainers/ryuk:0.3.4 started in PT1.499053S
07:32:27.946 [docker-java-stream-1148667394] DEBUG com.github.dockerjava.zerodep.ApacheDockerHttpClientImpl$ApacheResponse - Failed to close the response
java.nio.channels.ClosedChannelException: null
	at java.base/sun.nio.ch.SocketChannelImpl.ensureOpenAndConnected(SocketChannelImpl.java:215)
	at java.base/sun.nio.ch.SocketChannelImpl.read(SocketChannelImpl.java:403)
	at java.base/sun.nio.ch.ChannelInputStream.read(ChannelInputStream.java:59)
	at java.base/sun.nio.ch.ChannelInputStream.read(ChannelInputStream.java:107)
	at java.base/sun.nio.ch.ChannelInputStream.read(ChannelInputStream.java:101)
	at com.github.dockerjava.zerodep.shaded.org.apache.hc.client5.http.impl.io.LoggingInputStream.read(LoggingInputStream.java:81)
	at com.github.dockerjava.zerodep.shaded.org.apache.hc.core5.http.impl.io.SessionInputBufferImpl.fillBuffer(SessionInputBufferImpl.java:149)
	at com.github.dockerjava.zerodep.shaded.org.apache.hc.core5.http.impl.io.SessionInputBufferImpl.readLine(SessionInputBufferImpl.java:280)
	at com.github.dockerjava.zerodep.shaded.org.apache.hc.core5.http.impl.io.ChunkedInputStream.getChunkSize(ChunkedInputStream.java:261)
	at com.github.dockerjava.zerodep.shaded.org.apache.hc.core5.http.impl.io.ChunkedInputStream.nextChunk(ChunkedInputStream.java:222)
	at com.github.dockerjava.zerodep.shaded.org.apache.hc.core5.http.impl.io.ChunkedInputStream.read(ChunkedInputStream.java:147)
	at com.github.dockerjava.zerodep.shaded.org.apache.hc.core5.http.impl.io.ChunkedInputStream.close(ChunkedInputStream.java:314)
	at com.github.dockerjava.zerodep.shaded.org.apache.hc.core5.io.Closer.close(Closer.java:48)
	at com.github.dockerjava.zerodep.shaded.org.apache.hc.core5.http.impl.io.IncomingHttpEntity.close(IncomingHttpEntity.java:111)
	at com.github.dockerjava.zerodep.shaded.org.apache.hc.core5.http.io.entity.HttpEntityWrapper.close(HttpEntityWrapper.java:120)
	at com.github.dockerjava.zerodep.shaded.org.apache.hc.core5.io.Closer.close(Closer.java:48)
	at com.github.dockerjava.zerodep.shaded.org.apache.hc.core5.http.message.BasicClassicHttpResponse.close(BasicClassicHttpResponse.java:93)
	at com.github.dockerjava.zerodep.shaded.org.apache.hc.client5.http.impl.classic.CloseableHttpResponse.close(CloseableHttpResponse.java:200)
	at com.github.dockerjava.zerodep.ApacheDockerHttpClientImpl$ApacheResponse.close(ApacheDockerHttpClientImpl.java:256)
	at org.testcontainers.shaded.com.github.dockerjava.core.DefaultInvocationBuilder.lambda$executeAndStream$1(DefaultInvocationBuilder.java:277)
	at java.base/java.lang.Thread.run(Thread.java:833)
07:32:27.949 [testcontainers-ryuk] DEBUG org.testcontainers.utility.ResourceReaper - Sending 'label=org.testcontainers%3Dtrue&label=org.testcontainers.lang%3Djava&label=org.testcontainers.version%3D1.17.6&label=org.testcontainers.sessionId%3Dc71ac4c9-df80-4afc-a65e-4c14f7b4213e' to Ryuk
07:32:27.951 [testcontainers-ryuk] DEBUG org.testcontainers.utility.RyukResourceReaper - Received 'ACK' from Ryuk
07:32:27.951 [testcontainers-lifecycle-0] INFO org.testcontainers.utility.RyukResourceReaper - Ryuk started - will monitor and terminate Testcontainers containers on JVM exit
07:32:27.951 [testcontainers-lifecycle-0] DEBUG org.testcontainers.DockerClientFactory - Checks are enabled
07:32:27.951 [testcontainers-lifecycle-0] INFO org.testcontainers.DockerClientFactory - Checking the system...
07:32:27.951 [testcontainers-lifecycle-0] INFO org.testcontainers.DockerClientFactory - ✔︎ Docker server version should be at least 1.6.0
07:32:27.951 [testcontainers-lifecycle-0] DEBUG org.testcontainers.utility.PrefixingImageNameSubstitutor - No prefix is configured
07:32:27.951 [testcontainers-lifecycle-0] DEBUG org.testcontainers.utility.ImageNameSubstitutor - Did not find a substitute image for docker.elastic.co/elasticsearch/elasticsearch:7.12.1 (using image substitutor: DefaultImageNameSubstitutor (composite of 'ConfigurationFileImageNameSubstitutor' and 'PrefixingImageNameSubstitutor'))
07:32:27.951 [testcontainers-lifecycle-0] DEBUG org.testcontainers.images.AbstractImagePullPolicy - Using locally available and not pulling image: docker.elastic.co/elasticsearch/elasticsearch:7.12.1
07:32:27.951 [testcontainers-lifecycle-0] DEBUG 🐳 [docker.elastic.co/elasticsearch/elasticsearch:7.12.1] - Starting container: docker.elastic.co/elasticsearch/elasticsearch:7.12.1
07:32:27.952 [testcontainers-lifecycle-0] DEBUG 🐳 [docker.elastic.co/elasticsearch/elasticsearch:7.12.1] - Trying to start container: docker.elastic.co/elasticsearch/elasticsearch:7.12.1 (attempt 1/1)
07:32:27.952 [testcontainers-lifecycle-0] DEBUG 🐳 [docker.elastic.co/elasticsearch/elasticsearch:7.12.1] - Starting container: docker.elastic.co/elasticsearch/elasticsearch:7.12.1
07:32:27.952 [testcontainers-lifecycle-0] INFO 🐳 [docker.elastic.co/elasticsearch/elasticsearch:7.12.1] - Creating container for image: docker.elastic.co/elasticsearch/elasticsearch:7.12.1
07:32:27.952 [testcontainers-lifecycle-0] DEBUG org.testcontainers.utility.RegistryAuthLocator - Looking up auth config for image: docker.elastic.co/elasticsearch/elasticsearch:7.12.1 at registry: docker.elastic.co
07:32:27.952 [testcontainers-lifecycle-0] DEBUG org.testcontainers.utility.RegistryAuthLocator - RegistryAuthLocator has configFile: /Users/marekchodak/.docker/config.json (exists) and commandPathPrefix: 
07:32:27.952 [testcontainers-lifecycle-0] DEBUG org.testcontainers.utility.RegistryAuthLocator - registryName [docker.elastic.co] for dockerImageName [docker.elastic.co/elasticsearch/elasticsearch:7.12.1]
07:32:27.952 [testcontainers-lifecycle-0] DEBUG org.testcontainers.utility.RegistryAuthLocator - Executing docker credential provider: docker-credential-desktop to locate auth config for: docker.elastic.co
07:32:27.952 [testcontainers-lifecycle-0] DEBUG org.testcontainers.shaded.org.zeroturnaround.exec.ProcessExecutor - Executing [docker-credential-desktop, get].
07:32:27.954 [testcontainers-lifecycle-0] DEBUG org.testcontainers.shaded.org.zeroturnaround.exec.ProcessExecutor - Started Process[pid=82705, exitValue="not exited"]
07:32:27.981 [WaitForProcess-Process[pid=82705, exitValue="not exited"]] DEBUG org.testcontainers.shaded.org.zeroturnaround.exec.WaitForProcess - Process[pid=82705, exitValue=1] stopped with exit code 1
07:32:27.981 [testcontainers-lifecycle-0] INFO org.testcontainers.utility.RegistryAuthLocator - Credential helper/store (docker-credential-desktop) does not have credentials for docker.elastic.co
07:32:27.981 [testcontainers-lifecycle-0] DEBUG org.testcontainers.utility.RegistryAuthLocator - No matching Auth Configs - falling back to defaultAuthConfig [null]
07:32:27.981 [testcontainers-lifecycle-0] DEBUG org.testcontainers.dockerclient.AuthDelegatingDockerClientConfig - Effective auth config [null]
07:32:27.981 [testcontainers-lifecycle-0] DEBUG org.testcontainers.shaded.com.github.dockerjava.core.command.AbstrDockerCmd - Cmd: org.testcontainers.shaded.com.github.dockerjava.core.command.CreateContainerCmdImpl@718c0a4[aliases=<null>,argsEscaped=<null>,attachStderr=<null>,attachStdin=<null>,attachStdout=<null>,authConfig=<null>,cmd={},domainName=<null>,entrypoint=<null>,env={discovery.type=single-node,cluster.name=elasticsearch},exposedPorts=ExposedPorts(exposedPorts=[9200/tcp, 9300/tcp]),healthcheck=<null>,hostConfig=HostConfig(binds=[], blkioWeight=null, blkioWeightDevice=null, blkioDeviceReadBps=null, blkioDeviceWriteBps=null, blkioDeviceReadIOps=null, blkioDeviceWriteIOps=null, memorySwappiness=null, nanoCPUs=null, capAdd=null, capDrop=null, containerIDFile=null, cpuPeriod=null, cpuRealtimePeriod=null, cpuRealtimeRuntime=null, cpuShares=null, cpuQuota=null, cpusetCpus=null, cpusetMems=null, devices=null, deviceCgroupRules=null, deviceRequests=null, diskQuota=null, dns=null, dnsOptions=null, dnsSearch=null, extraHosts=[], groupAdd=null, ipcMode=null, cgroup=null, links=[], logConfig=LogConfig(type=null, config=null), lxcConf=null, memory=null, memorySwap=null, memoryReservation=null, kernelMemory=null, networkMode=null, oomKillDisable=null, init=null, autoRemove=null, oomScoreAdj=null, portBindings={9200/tcp=[Lcom.github.dockerjava.api.model.Ports$Binding;@32ee9cb, 9300/tcp=[Lcom.github.dockerjava.api.model.Ports$Binding;@6b2f5f43}, privileged=null, publishAllPorts=null, readonlyRootfs=null, restartPolicy=null, ulimits=null, cpuCount=null, cpuPercent=null, ioMaximumIOps=null, ioMaximumBandwidth=null, volumesFrom=[], mounts=null, pidMode=null, isolation=null, securityOpts=null, storageOpt=null, cgroupParent=null, volumeDriver=null, shmSize=null, pidsLimit=null, runtime=null, tmpFs=null, utSMode=null, usernsMode=null, sysctls=null, consoleSize=null, cgroupnsMode=null),hostName=<null>,image=docker.elastic.co/elasticsearch/elasticsearch:7.12.1,ipv4Address=<null>,ipv6Address=<null>,labels={org.testcontainers=true, org.testcontainers.lang=java, org.testcontainers.version=1.17.6, org.testcontainers.sessionId=c71ac4c9-df80-4afc-a65e-4c14f7b4213e},macAddress=<null>,name=<null>,networkDisabled=<null>,networkingConfig=<null>,onBuild=<null>,platform=<null>,portSpecs=<null>,shell=<null>,stdInOnce=<null>,stdinOpen=<null>,stopSignal=<null>,stopTimeout=<null>,tty=<null>,user=<null>,volumes=Volumes(volumes=[]),workingDir=<null>]
07:32:27.982 [testcontainers-lifecycle-0] DEBUG com.github.dockerjava.zerodep.shaded.org.apache.hc.client5.http.impl.classic.InternalHttpClient - ex-00000008: preparing request execution
07:32:27.982 [testcontainers-lifecycle-0] DEBUG com.github.dockerjava.zerodep.shaded.org.apache.hc.client5.http.protocol.RequestAddCookies - Cookie spec selected: strict
07:32:27.982 [testcontainers-lifecycle-0] DEBUG com.github.dockerjava.zerodep.shaded.org.apache.hc.client5.http.protocol.RequestAuthCache - Auth cache not set in the context
07:32:27.982 [testcontainers-lifecycle-0] DEBUG com.github.dockerjava.zerodep.shaded.org.apache.hc.client5.http.impl.classic.ProtocolExec - ex-00000008: target auth state: UNCHALLENGED
07:32:27.982 [testcontainers-lifecycle-0] DEBUG com.github.dockerjava.zerodep.shaded.org.apache.hc.client5.http.impl.classic.ProtocolExec - ex-00000008: proxy auth state: UNCHALLENGED
07:32:27.982 [testcontainers-lifecycle-0] DEBUG com.github.dockerjava.zerodep.shaded.org.apache.hc.client5.http.impl.classic.ConnectExec - ex-00000008: acquiring connection with route {}->unix://localhost:2375
07:32:27.982 [testcontainers-lifecycle-0] DEBUG com.github.dockerjava.zerodep.shaded.org.apache.hc.client5.http.impl.classic.InternalHttpClient - ex-00000008: acquiring endpoint (3 MINUTES)
07:32:27.982 [testcontainers-lifecycle-0] DEBUG com.github.dockerjava.zerodep.shaded.org.apache.hc.client5.http.impl.io.PoolingHttpClientConnectionManager - ex-00000008: endpoint lease request (3 MINUTES) [route: {}->unix://localhost:2375][total available: 0; route allocated: 0 of 2147483647; total allocated: 0 of 2147483647]
07:32:27.983 [testcontainers-lifecycle-0] DEBUG com.github.dockerjava.zerodep.shaded.org.apache.hc.client5.http.impl.io.PoolingHttpClientConnectionManager - ex-00000008: endpoint leased [route: {}->unix://localhost:2375][total available: 0; route allocated: 1 of 2147483647; total allocated: 1 of 2147483647]
07:32:27.983 [testcontainers-lifecycle-0] DEBUG com.github.dockerjava.zerodep.shaded.org.apache.hc.client5.http.impl.io.PoolingHttpClientConnectionManager - ex-00000008: acquired ep-00000007
07:32:27.983 [testcontainers-lifecycle-0] DEBUG com.github.dockerjava.zerodep.shaded.org.apache.hc.client5.http.impl.classic.InternalHttpClient - ex-00000008: acquired endpoint ep-00000007
07:32:27.983 [testcontainers-lifecycle-0] DEBUG com.github.dockerjava.zerodep.shaded.org.apache.hc.client5.http.impl.classic.ConnectExec - ex-00000008: opening connection {}->unix://localhost:2375
07:32:27.983 [testcontainers-lifecycle-0] DEBUG com.github.dockerjava.zerodep.shaded.org.apache.hc.client5.http.impl.classic.InternalHttpClient - ep-00000007: connecting endpoint (3 MINUTES)
07:32:27.983 [testcontainers-lifecycle-0] DEBUG com.github.dockerjava.zerodep.shaded.org.apache.hc.client5.http.impl.io.PoolingHttpClientConnectionManager - ep-00000007: connecting endpoint to unix://localhost:2375 (3 MINUTES)
07:32:27.983 [testcontainers-lifecycle-0] DEBUG com.github.dockerjava.zerodep.shaded.org.apache.hc.client5.http.impl.io.DefaultHttpClientConnectionOperator - http-outgoing-1: connecting to localhost/127.0.0.1:2375
07:32:27.983 [testcontainers-lifecycle-0] DEBUG com.github.dockerjava.zerodep.shaded.org.apache.hc.client5.http.impl.io.DefaultHttpClientConnectionOperator - http-outgoing-1: connection established /var/run/docker.sock<->/var/run/docker.sock
07:32:27.983 [testcontainers-lifecycle-0] DEBUG com.github.dockerjava.zerodep.shaded.org.apache.hc.client5.http.impl.io.PoolingHttpClientConnectionManager - ep-00000007: connected http-outgoing-1
07:32:27.983 [testcontainers-lifecycle-0] DEBUG com.github.dockerjava.zerodep.shaded.org.apache.hc.client5.http.impl.classic.InternalHttpClient - ep-00000007: endpoint connected
07:32:27.983 [testcontainers-lifecycle-0] DEBUG com.github.dockerjava.zerodep.shaded.org.apache.hc.client5.http.impl.classic.MainClientExec - ex-00000008: executing POST /v1.32/containers/create HTTP/1.1
07:32:27.983 [testcontainers-lifecycle-0] DEBUG com.github.dockerjava.zerodep.shaded.org.apache.hc.client5.http.impl.classic.InternalHttpClient - ep-00000007: start execution ex-00000008
07:32:27.983 [testcontainers-lifecycle-0] DEBUG com.github.dockerjava.zerodep.shaded.org.apache.hc.client5.http.impl.io.PoolingHttpClientConnectionManager - ep-00000007: executing exchange ex-00000008 over http-outgoing-1
07:32:27.983 [testcontainers-lifecycle-0] DEBUG com.github.dockerjava.zerodep.shaded.org.apache.hc.client5.http.headers - http-outgoing-1 >> POST /v1.32/containers/create HTTP/1.1
07:32:27.983 [testcontainers-lifecycle-0] DEBUG com.github.dockerjava.zerodep.shaded.org.apache.hc.client5.http.headers - http-outgoing-1 >> accept: application/json
07:32:27.983 [testcontainers-lifecycle-0] DEBUG com.github.dockerjava.zerodep.shaded.org.apache.hc.client5.http.headers - http-outgoing-1 >> content-type: application/json
07:32:27.983 [testcontainers-lifecycle-0] DEBUG com.github.dockerjava.zerodep.shaded.org.apache.hc.client5.http.headers - http-outgoing-1 >> x-tc-sid: c71ac4c9-df80-4afc-a65e-4c14f7b4213e
07:32:27.983 [testcontainers-lifecycle-0] DEBUG com.github.dockerjava.zerodep.shaded.org.apache.hc.client5.http.headers - http-outgoing-1 >> Accept-Encoding: gzip, x-gzip, deflate
07:32:27.983 [testcontainers-lifecycle-0] DEBUG com.github.dockerjava.zerodep.shaded.org.apache.hc.client5.http.headers - http-outgoing-1 >> Content-Length: 2125
07:32:27.983 [testcontainers-lifecycle-0] DEBUG com.github.dockerjava.zerodep.shaded.org.apache.hc.client5.http.headers - http-outgoing-1 >> Host: localhost:2375
07:32:27.983 [testcontainers-lifecycle-0] DEBUG com.github.dockerjava.zerodep.shaded.org.apache.hc.client5.http.headers - http-outgoing-1 >> Connection: keep-alive
07:32:27.983 [testcontainers-lifecycle-0] DEBUG com.github.dockerjava.zerodep.shaded.org.apache.hc.client5.http.headers - http-outgoing-1 >> User-Agent: Apache-HttpClient/5.0.3 (Java/17)
07:32:27.983 [testcontainers-lifecycle-0] DEBUG com.github.dockerjava.zerodep.shaded.org.apache.hc.client5.http.wire - http-outgoing-1 >> "POST /v1.32/containers/create HTTP/1.1[\r][\n]"
07:32:27.983 [testcontainers-lifecycle-0] DEBUG com.github.dockerjava.zerodep.shaded.org.apache.hc.client5.http.wire - http-outgoing-1 >> "accept: application/json[\r][\n]"
07:32:27.983 [testcontainers-lifecycle-0] DEBUG com.github.dockerjava.zerodep.shaded.org.apache.hc.client5.http.wire - http-outgoing-1 >> "content-type: application/json[\r][\n]"
07:32:27.983 [testcontainers-lifecycle-0] DEBUG com.github.dockerjava.zerodep.shaded.org.apache.hc.client5.http.wire - http-outgoing-1 >> "x-tc-sid: c71ac4c9-df80-4afc-a65e-4c14f7b4213e[\r][\n]"
07:32:27.983 [testcontainers-lifecycle-0] DEBUG com.github.dockerjava.zerodep.shaded.org.apache.hc.client5.http.wire - http-outgoing-1 >> "Accept-Encoding: gzip, x-gzip, deflate[\r][\n]"
07:32:27.983 [testcontainers-lifecycle-0] DEBUG com.github.dockerjava.zerodep.shaded.org.apache.hc.client5.http.wire - http-outgoing-1 >> "Content-Length: 2125[\r][\n]"
07:32:27.983 [testcontainers-lifecycle-0] DEBUG com.github.dockerjava.zerodep.shaded.org.apache.hc.client5.http.wire - http-outgoing-1 >> "Host: localhost:2375[\r][\n]"
07:32:27.983 [testcontainers-lifecycle-0] DEBUG com.github.dockerjava.zerodep.shaded.org.apache.hc.client5.http.wire - http-outgoing-1 >> "Connection: keep-alive[\r][\n]"
07:32:27.983 [testcontainers-lifecycle-0] DEBUG com.github.dockerjava.zerodep.shaded.org.apache.hc.client5.http.wire - http-outgoing-1 >> "User-Agent: Apache-HttpClient/5.0.3 (Java/17)[\r][\n]"
07:32:27.983 [testcontainers-lifecycle-0] DEBUG com.github.dockerjava.zerodep.shaded.org.apache.hc.client5.http.wire - http-outgoing-1 >> "[\r][\n]"
07:32:27.983 [testcontainers-lifecycle-0] DEBUG com.github.dockerjava.zerodep.shaded.org.apache.hc.client5.http.wire - http-outgoing-1 >> "{"Hostname":null,"Domainname":null,"User":null,"AttachStdin":null,"AttachStdout":null,"AttachStderr":null,"PortSpecs":null,"Tty":null,"OpenStdin":null,"StdinOnce":null,"Env":["discovery.type=single-node","cluster.name=elasticsearch"],"Cmd":[],"Healthcheck":null,"ArgsEscaped":null,"Entrypoint":null,"Image":"docker.elastic.co/elasticsearch/elasticsearch:7.12.1","Volumes":{},"WorkingDir":null,"MacAddress":null,"OnBuild":null,"NetworkDisabled":null,"ExposedPorts":{"9200/tcp":{},"9300/tcp":{}},"StopSignal":null,"StopTimeout":null,"HostConfig":{"Binds":[],"BlkioWeight":null,"BlkioWeightDevice":null,"BlkioDeviceReadBps":null,"BlkioDeviceWriteBps":null,"BlkioDeviceReadIOps":null,"BlkioDeviceWriteIOps":null,"MemorySwappiness":null,"NanoCpus":null,"CapAdd":null,"CapDrop":null,"ContainerIDFile":null,"CpuPeriod":null,"CpuRealtimePeriod":null,"CpuRealtimeRuntime":null,"CpuShares":null,"CpuQuota":null,"CpusetCpus":null,"CpusetMems":null,"Devices":null,"DeviceCgroupRules":null,"DeviceRequests":null,"DiskQuota":null,"Dns":null,"DnsOptions":null,"DnsSearch":null,"ExtraHosts":[],"GroupAdd":null,"IpcMode":null,"Cgroup":null,"Links":[],"LogConfig":null,"LxcConf":null,"Memory":null,"MemorySwap":null,"MemoryReservation":null,"KernelMemory":null,"NetworkMode":null,"OomKillDisable":null,"Init":null,"AutoRemove":null,"OomScoreAdj":null,"PortBindings":{"9200/tcp":[{"HostIp":"","HostPort":"9200"}],"9300/tcp":[{"HostIp":"","HostPort":"9300"}]},"Privileged":null,"PublishAllPorts":null,"ReadonlyRootfs":null,"RestartPolicy":null,"Ulimits":null,"CpuCount":null,"CpuPercent":null,"IOMaximumIOps":null,"IOMaximumBandwidth":null,"VolumesFrom":[],"Mounts":null,"PidMode":null,"Isolation":null,"SecurityOpt":null,"StorageOpt":null,"CgroupParent":null,"VolumeDriver":null,"ShmSize":null,"PidsLimit":null,"Runtime":null,"Tmpfs":null,"UTSMode":null,"UsernsMode":null,"Sysctls":null,"ConsoleSize":null,"CgroupnsMode":null},"Labels":{"org.testcontainers":"true","org.testcontainers.lang":"java","org.testcontainers.version":"1.17.6","org.testcontainers.sessionId":"c71ac4c9-df80-4afc-a65e-4c14f7b4213e"},"Shell":null,"NetworkingConfig":null}"
07:32:28.006 [testcontainers-lifecycle-0] DEBUG com.github.dockerjava.zerodep.shaded.org.apache.hc.client5.http.wire - http-outgoing-1 << "HTTP/1.1 201 Created[\r][\n]"
07:32:28.006 [testcontainers-lifecycle-0] DEBUG com.github.dockerjava.zerodep.shaded.org.apache.hc.client5.http.wire - http-outgoing-1 << "Api-Version: 1.41[\r][\n]"
07:32:28.006 [testcontainers-lifecycle-0] DEBUG com.github.dockerjava.zerodep.shaded.org.apache.hc.client5.http.wire - http-outgoing-1 << "Content-Type: application/json[\r][\n]"
07:32:28.006 [testcontainers-lifecycle-0] DEBUG com.github.dockerjava.zerodep.shaded.org.apache.hc.client5.http.wire - http-outgoing-1 << "Date: Sun, 20 Nov 2022 07:32:28 GMT[\r][\n]"
07:32:28.006 [testcontainers-lifecycle-0] DEBUG com.github.dockerjava.zerodep.shaded.org.apache.hc.client5.http.wire - http-outgoing-1 << "Docker-Experimental: false[\r][\n]"
07:32:28.006 [testcontainers-lifecycle-0] DEBUG com.github.dockerjava.zerodep.shaded.org.apache.hc.client5.http.wire - http-outgoing-1 << "Ostype: linux[\r][\n]"
07:32:28.006 [testcontainers-lifecycle-0] DEBUG com.github.dockerjava.zerodep.shaded.org.apache.hc.client5.http.wire - http-outgoing-1 << "Server: Docker/20.10.5 (linux)[\r][\n]"
07:32:28.006 [testcontainers-lifecycle-0] DEBUG com.github.dockerjava.zerodep.shaded.org.apache.hc.client5.http.wire - http-outgoing-1 << "Transfer-Encoding: chunked[\r][\n]"
07:32:28.006 [testcontainers-lifecycle-0] DEBUG com.github.dockerjava.zerodep.shaded.org.apache.hc.client5.http.wire - http-outgoing-1 << "[\r][\n]"
07:32:28.006 [testcontainers-lifecycle-0] DEBUG com.github.dockerjava.zerodep.shaded.org.apache.hc.client5.http.headers - http-outgoing-1 << HTTP/1.1 201 Created
07:32:28.006 [testcontainers-lifecycle-0] DEBUG com.github.dockerjava.zerodep.shaded.org.apache.hc.client5.http.headers - http-outgoing-1 << Api-Version: 1.41
07:32:28.006 [testcontainers-lifecycle-0] DEBUG com.github.dockerjava.zerodep.shaded.org.apache.hc.client5.http.headers - http-outgoing-1 << Content-Type: application/json
07:32:28.006 [testcontainers-lifecycle-0] DEBUG com.github.dockerjava.zerodep.shaded.org.apache.hc.client5.http.headers - http-outgoing-1 << Date: Sun, 20 Nov 2022 07:32:28 GMT
07:32:28.006 [testcontainers-lifecycle-0] DEBUG com.github.dockerjava.zerodep.shaded.org.apache.hc.client5.http.headers - http-outgoing-1 << Docker-Experimental: false
07:32:28.006 [testcontainers-lifecycle-0] DEBUG com.github.dockerjava.zerodep.shaded.org.apache.hc.client5.http.headers - http-outgoing-1 << Ostype: linux
07:32:28.006 [testcontainers-lifecycle-0] DEBUG com.github.dockerjava.zerodep.shaded.org.apache.hc.client5.http.headers - http-outgoing-1 << Server: Docker/20.10.5 (linux)
07:32:28.006 [testcontainers-lifecycle-0] DEBUG com.github.dockerjava.zerodep.shaded.org.apache.hc.client5.http.headers - http-outgoing-1 << Transfer-Encoding: chunked
07:32:28.006 [testcontainers-lifecycle-0] DEBUG com.github.dockerjava.zerodep.shaded.org.apache.hc.client5.http.impl.classic.MainClientExec - ex-00000008: connection can be kept alive for 3 MINUTES
07:32:28.006 [testcontainers-lifecycle-0] DEBUG com.github.dockerjava.zerodep.shaded.org.apache.hc.client5.http.wire - http-outgoing-1 << "58[\r][\n]"
07:32:28.006 [testcontainers-lifecycle-0] DEBUG com.github.dockerjava.zerodep.shaded.org.apache.hc.client5.http.wire - http-outgoing-1 << "{"Id":"5e5a005fe35a80afd2f82835a662087c3acd1410439d6fb9c5e040d9f723c127","Warnings":[]}[\n]"
07:32:28.006 [testcontainers-lifecycle-0] DEBUG com.github.dockerjava.zerodep.shaded.org.apache.hc.client5.http.wire - http-outgoing-1 << "[\r][\n]"
07:32:28.006 [testcontainers-lifecycle-0] DEBUG com.github.dockerjava.zerodep.shaded.org.apache.hc.client5.http.wire - http-outgoing-1 << "0[\r][\n]"
07:32:28.006 [testcontainers-lifecycle-0] DEBUG com.github.dockerjava.zerodep.shaded.org.apache.hc.client5.http.wire - http-outgoing-1 << "[\r][\n]"
07:32:28.007 [testcontainers-lifecycle-0] DEBUG com.github.dockerjava.zerodep.shaded.org.apache.hc.client5.http.impl.classic.InternalHttpClient - ep-00000007: releasing valid endpoint
07:32:28.007 [testcontainers-lifecycle-0] DEBUG com.github.dockerjava.zerodep.shaded.org.apache.hc.client5.http.impl.io.PoolingHttpClientConnectionManager - ep-00000007: releasing endpoint
07:32:28.007 [testcontainers-lifecycle-0] DEBUG com.github.dockerjava.zerodep.shaded.org.apache.hc.client5.http.impl.io.PoolingHttpClientConnectionManager - ep-00000007: connection http-outgoing-1 can be kept alive for 3 MINUTES
07:32:28.007 [testcontainers-lifecycle-0] DEBUG com.github.dockerjava.zerodep.shaded.org.apache.hc.client5.http.impl.io.PoolingHttpClientConnectionManager - ep-00000007: connection released [route: {}->unix://localhost:2375][total available: 1; route allocated: 1 of 2147483647; total allocated: 1 of 2147483647]
07:32:28.009 [testcontainers-lifecycle-0] DEBUG org.testcontainers.utility.MountableFile - Copying classpath resource(s) from jar:file:/Users/marekchodak/.m2/repository/org/testcontainers/elasticsearch/1.17.6/elasticsearch-1.17.6.jar!/elasticsearch-default-memory-vm.options to /tmp/.testcontainers-tmp-128390396384617932 to permit Docker to bind
07:32:28.009 [testcontainers-lifecycle-0] DEBUG org.testcontainers.utility.MountableFile - Copying resource elasticsearch-default-memory-vm.options from JAR file /Users/marekchodak/.m2/repository/org/testcontainers/elasticsearch/1.17.6/elasticsearch-1.17.6.jar
07:32:28.017 [testcontainers-lifecycle-0] DEBUG org.testcontainers.shaded.com.github.dockerjava.core.command.AbstrDockerCmd - Cmd: org.testcontainers.shaded.com.github.dockerjava.core.command.CopyArchiveToContainerCmdImpl@28222f15[cp ,<null>, ,5e5a005fe35a80afd2f82835a662087c3acd1410439d6fb9c5e040d9f723c127,:,/]
07:32:28.018 [testcontainers-lifecycle-0] DEBUG com.github.dockerjava.zerodep.shaded.org.apache.hc.client5.http.impl.classic.InternalHttpClient - ex-00000009: preparing request execution
07:32:28.018 [testcontainers-lifecycle-0] DEBUG com.github.dockerjava.zerodep.shaded.org.apache.hc.client5.http.protocol.RequestAddCookies - Cookie spec selected: strict
07:32:28.018 [testcontainers-lifecycle-0] DEBUG com.github.dockerjava.zerodep.shaded.org.apache.hc.client5.http.protocol.RequestAuthCache - Auth cache not set in the context
07:32:28.018 [testcontainers-lifecycle-0] DEBUG com.github.dockerjava.zerodep.shaded.org.apache.hc.client5.http.impl.classic.ProtocolExec - ex-00000009: target auth state: UNCHALLENGED
07:32:28.018 [testcontainers-lifecycle-0] DEBUG com.github.dockerjava.zerodep.shaded.org.apache.hc.client5.http.impl.classic.ProtocolExec - ex-00000009: proxy auth state: UNCHALLENGED
07:32:28.018 [testcontainers-lifecycle-0] DEBUG com.github.dockerjava.zerodep.shaded.org.apache.hc.client5.http.impl.classic.ConnectExec - ex-00000009: acquiring connection with route {}->unix://localhost:2375
07:32:28.018 [testcontainers-lifecycle-0] DEBUG com.github.dockerjava.zerodep.shaded.org.apache.hc.client5.http.impl.classic.InternalHttpClient - ex-00000009: acquiring endpoint (3 MINUTES)
07:32:28.018 [testcontainers-lifecycle-0] DEBUG com.github.dockerjava.zerodep.shaded.org.apache.hc.client5.http.impl.io.PoolingHttpClientConnectionManager - ex-00000009: endpoint lease request (3 MINUTES) [route: {}->unix://localhost:2375][total available: 1; route allocated: 1 of 2147483647; total allocated: 1 of 2147483647]
07:32:28.018 [testcontainers-lifecycle-0] DEBUG com.github.dockerjava.zerodep.shaded.org.apache.hc.client5.http.impl.io.PoolingHttpClientConnectionManager - ex-00000009: endpoint leased [route: {}->unix://localhost:2375][total available: 0; route allocated: 1 of 2147483647; total allocated: 1 of 2147483647]
07:32:28.018 [testcontainers-lifecycle-0] DEBUG com.github.dockerjava.zerodep.shaded.org.apache.hc.client5.http.impl.io.PoolingHttpClientConnectionManager - ex-00000009: acquired ep-00000008
07:32:28.018 [testcontainers-lifecycle-0] DEBUG com.github.dockerjava.zerodep.shaded.org.apache.hc.client5.http.impl.classic.InternalHttpClient - ex-00000009: acquired endpoint ep-00000008
07:32:28.018 [testcontainers-lifecycle-0] DEBUG com.github.dockerjava.zerodep.shaded.org.apache.hc.client5.http.impl.classic.MainClientExec - ex-00000009: executing PUT /v1.32/containers/5e5a005fe35a80afd2f82835a662087c3acd1410439d6fb9c5e040d9f723c127/archive?noOverwriteDirNonDir=false&path=%2F HTTP/1.1
07:32:28.018 [testcontainers-lifecycle-0] DEBUG com.github.dockerjava.zerodep.shaded.org.apache.hc.client5.http.impl.classic.InternalHttpClient - ep-00000008: start execution ex-00000009
07:32:28.018 [testcontainers-lifecycle-0] DEBUG com.github.dockerjava.zerodep.shaded.org.apache.hc.client5.http.impl.io.PoolingHttpClientConnectionManager - ep-00000008: executing exchange ex-00000009 over http-outgoing-1
07:32:28.018 [testcontainers-lifecycle-0] DEBUG com.github.dockerjava.zerodep.shaded.org.apache.hc.client5.http.headers - http-outgoing-1 >> PUT /v1.32/containers/5e5a005fe35a80afd2f82835a662087c3acd1410439d6fb9c5e040d9f723c127/archive?noOverwriteDirNonDir=false&path=%2F HTTP/1.1
07:32:28.018 [testcontainers-lifecycle-0] DEBUG com.github.dockerjava.zerodep.shaded.org.apache.hc.client5.http.headers - http-outgoing-1 >> content-type: APPLICATION_X_TAR
07:32:28.018 [testcontainers-lifecycle-0] DEBUG com.github.dockerjava.zerodep.shaded.org.apache.hc.client5.http.headers - http-outgoing-1 >> x-tc-sid: c71ac4c9-df80-4afc-a65e-4c14f7b4213e
07:32:28.018 [testcontainers-lifecycle-0] DEBUG com.github.dockerjava.zerodep.shaded.org.apache.hc.client5.http.headers - http-outgoing-1 >> Accept-Encoding: gzip, x-gzip, deflate
07:32:28.018 [testcontainers-lifecycle-0] DEBUG com.github.dockerjava.zerodep.shaded.org.apache.hc.client5.http.headers - http-outgoing-1 >> Transfer-Encoding: chunked
07:32:28.018 [testcontainers-lifecycle-0] DEBUG com.github.dockerjava.zerodep.shaded.org.apache.hc.client5.http.headers - http-outgoing-1 >> Host: localhost:2375
07:32:28.018 [testcontainers-lifecycle-0] DEBUG com.github.dockerjava.zerodep.shaded.org.apache.hc.client5.http.headers - http-outgoing-1 >> Connection: keep-alive
07:32:28.018 [testcontainers-lifecycle-0] DEBUG com.github.dockerjava.zerodep.shaded.org.apache.hc.client5.http.headers - http-outgoing-1 >> User-Agent: Apache-HttpClient/5.0.3 (Java/17)
07:32:28.018 [testcontainers-lifecycle-0] DEBUG com.github.dockerjava.zerodep.shaded.org.apache.hc.client5.http.wire - http-outgoing-1 >> "PUT /v1.32/containers/5e5a005fe35a80afd2f82835a662087c3acd1410439d6fb9c5e040d9f723c127/archive?noOverwriteDirNonDir=false&path=%2F HTTP/1.1[\r][\n]"
07:32:28.018 [testcontainers-lifecycle-0] DEBUG com.github.dockerjava.zerodep.shaded.org.apache.hc.client5.http.wire - http-outgoing-1 >> "content-type: APPLICATION_X_TAR[\r][\n]"
07:32:28.018 [testcontainers-lifecycle-0] DEBUG com.github.dockerjava.zerodep.shaded.org.apache.hc.client5.http.wire - http-outgoing-1 >> "x-tc-sid: c71ac4c9-df80-4afc-a65e-4c14f7b4213e[\r][\n]"
07:32:28.018 [testcontainers-lifecycle-0] DEBUG com.github.dockerjava.zerodep.shaded.org.apache.hc.client5.http.wire - http-outgoing-1 >> "Accept-Encoding: gzip, x-gzip, deflate[\r][\n]"
07:32:28.018 [testcontainers-lifecycle-0] DEBUG com.github.dockerjava.zerodep.shaded.org.apache.hc.client5.http.wire - http-outgoing-1 >> "Transfer-Encoding: chunked[\r][\n]"
07:32:28.018 [testcontainers-lifecycle-0] DEBUG com.github.dockerjava.zerodep.shaded.org.apache.hc.client5.http.wire - http-outgoing-1 >> "Host: localhost:2375[\r][\n]"
07:32:28.018 [testcontainers-lifecycle-0] DEBUG com.github.dockerjava.zerodep.shaded.org.apache.hc.client5.http.wire - http-outgoing-1 >> "Connection: keep-alive[\r][\n]"
07:32:28.018 [testcontainers-lifecycle-0] DEBUG com.github.dockerjava.zerodep.shaded.org.apache.hc.client5.http.wire - http-outgoing-1 >> "User-Agent: Apache-HttpClient/5.0.3 (Java/17)[\r][\n]"
07:32:28.018 [testcontainers-lifecycle-0] DEBUG com.github.dockerjava.zerodep.shaded.org.apache.hc.client5.http.wire - http-outgoing-1 >> "[\r][\n]"
07:32:28.018 [testcontainers-lifecycle-0] DEBUG com.github.dockerjava.zerodep.shaded.org.apache.hc.client5.http.wire - http-outgoing-1 >> "c00[\r][\n]"
07:32:28.018 [testcontainers-lifecycle-0] DEBUG com.github.dockerjava.zerodep.shaded.org.apache.hc.client5.http.wire - http-outgoing-1 >> "./PaxHeaders.X/usr_share_elasticsearch_config_jvm.options.d_ elasticsearch-default-memory-vm.option[0x0]0100644 0000000 0000000 00000000172 14336354014 033045[0x0] x[0x0][0x0][0x0][0x0][0x0][0x0][0x0][0x0][0x0][0x0][0x0][0x0][0x0][0x0][0x0][0x0][0x0][0x0][0x0][0x0][0x0][0x0][0x0][0x0][0x0][0x0][0x0][0x0][0x0][0x0][0x0][0x0][0x0][0x0][0x0][0x0][0x0][0x0][0x0][0x0][0x0][0x0][0x0][0x0][0x0][0x0][0x0][0x0][0x0][0x0][0x0][0x0][0x0][0x0][0x0][0x0][0x0][0x0][0x0][0x0][0x0][0x0][0x0][0x0][0x0][0x0][0x0][0x0][0x0][0x0][0x0][0x0][0x0][0x0][0x0][0x0][0x0][0x0][0x0][0x0][0x0][0x0][0x0][0x0][0x0][0x0][0x0][0x0][0x0][0x0][0x0][0x0][0x0][0x0][0x0][0x0][0x0][0x0][0x0][0x0]ustar[0x0]00[0x0][0x0][0x0][0x0][0x0][0x0][0x0][0x0][0x0][0x0][0x0][0x0][0x0][0x0][0x0][0x0][0x0][0x0][0x0][0x0][0x0][0x0][0x0][0x0][0x0][0x0][0x0][0x0][0x0][0x0][0x0][0x0][0x0][0x0][0x0][0x0][0x0][0x0][0x0][0x0][0x0][0x0][0x0][0x0][0x0][0x0][0x0][0x0][0x0][0x0][0x0][0x0][0x0][0x0][0x0][0x0][0x0][0x0][0x0][0x0][0x0][0x0][0x0][0x0]0000000 0000000 [0x0][0x0][0x0][0x0][0x0][0x0][0x0][0x0][0x0][0x0][0x0][0x0][0x0][0x0][0x0][0x0][0x0][0x0][0x0][0x0][0x0][0x0][0x0][0x0][0x0][0x0][0x0][0x0][0x0][0x0][0x0][0x0][0x0][0x0][0x0][0x0][0x0][0x0][0x0][0x0][0x0][0x0][0x0][0x0][0x0][0x0][0x0][0x0][0x0][0x0][0x0][0x0][0x0][0x0][0x0][0x0][0x0][0x0][0x0][0x0][0x0][0x0][0x0][0x0][0x0][0x0][0x0][0x0][0x0][0x0][0x0][0x0][0x0][0x0][0x0][0x0][0x0][0x0][0x0][0x0][0x0][0x0][0x0][0x0][0x0][0x0][0x0][0x0][0x0][0x0][0x0][0x0][0x0][0x0][0x0][0x0][0x0][0x0][0x0][0x0][0x0][0x0][0x0][0x0][0x0][0x0][0x0][0x0][0x0][0x0][0x0][0x0][0x0][0x0][0x0][0x0][0x0][0x0][0x0][0x0][0x0][0x0][0x0][0x0][0x0][0x0][0x0][0x0][0x0][0x0][0x0][0x0][0x0][0x0][0x0][0x0][0x0][0x0][0x0][0x0][0x0][0x0][0x0][0x0][0x0][0x0][0x0][0x0][0x0][0x0][0x0][0x0][0x0][0x0][0x0][0x0][0x0][0x0][0x0][0x0][0x0][0x0][0x0][0x0][0x0][0x0][0x0]28 atime=1668929548.0095693[\n]"
07:32:28.018 [testcontainers-lifecycle-0] DEBUG com.github.dockerjava.zerodep.shaded.org.apache.hc.client5.http.wire - http-outgoing-1 >> "28 ctime=1668929548.0097845[\n]"
07:32:28.018 [testcontainers-lifecycle-0] DEBUG com.github.dockerjava.zerodep.shaded.org.apache.hc.client5.http.wire - http-outgoing-1 >> "28 mtime=1668929548.0097845[\n]"
07:32:28.018 [testcontainers-lifecycle-0] DEBUG com.github.dockerjava.zerodep.shaded.org.apache.hc.client5.http.wire - http-outgoing-1 >> "38 LIBARCHIVE.creationtime=1668929548[\n]"
07:32:28.019 [testcontainers-lifecycle-0] DEBUG com.github.dockerjava.zerodep.shaded.org.apache.hc.client5.http.wire - http-outgoing-1 >> "[0x0][0x0][0x0][0x0][0x0][0x0][0x0][0x0][0x0][0x0][0x0][0x0][0x0][0x0][0x0][0x0][0x0][0x0][0x0][0x0][0x0][0x0][0x0][0x0][0x0][0x0][0x0][0x0][0x0][0x0][0x0][0x0][0x0][0x0][0x0][0x0][0x0][0x0][0x0][0x0][0x0][0x0][0x0][0x0][0x0][0x0][0x0][0x0][0x0][0x0][0x0][0x0][0x0][0x0][0x0][0x0][0x0][0x0][0x0][0x0][0x0][0x0][0x0][0x0][0x0][0x0][0x0][0x0][0x0][0x0][0x0][0x0][0x0][0x0][0x0][0x0][0x0][0x0][0x0][0x0][0x0][0x0][0x0][0x0][0x0][0x0][0x0][0x0][0x0][0x0][0x0][0x0][0x0][0x0][0x0][0x0][0x0][0x0][0x0][0x0][0x0][0x0][0x0][0x0][0x0][0x0][0x0][0x0][0x0][0x0][0x0][0x0][0x0][0x0][0x0][0x0][0x0][0x0][0x0][0x0][0x0][0x0][0x0][0x0][0x0][0x0][0x0][0x0][0x0][0x0][0x0][0x0][0x0][0x0][0x0][0x0][0x0][0x0][0x0][0x0][0x0][0x0][0x0][0x0][0x0][0x0][0x0][0x0][0x0][0x0][0x0][0x0][0x0][0x0][0x0][0x0][0x0][0x0][0x0][0x0][0x0][0x0][0x0][0x0][0x0][0x0][0x0][0x0][0x0][0x0][0x0][0x0][0x0][0x0][0x0][0x0][0x0][0x0][0x0][0x0][0x0][0x0][0x0][0x0][0x0][0x0][0x0][0x0][0x0][0x0][0x0][0x0][0x0][0x0][0x0][0x0][0x0][0x0][0x0][0x0][0x0][0x0][0x0][0x0][0x0][0x0][0x0][0x0][0x0][0x0][0x0][0x0][0x0][0x0][0x0][0x0][0x0][0x0][0x0][0x0][0x0][0x0][0x0][0x0][0x0][0x0][0x0][0x0][0x0][0x0][0x0][0x0][0x0][0x0][0x0][0x0][0x0][0x0][0x0][0x0][0x0][0x0][0x0][0x0][0x0][0x0][0x0][0x0][0x0][0x0][0x0][0x0][0x0][0x0][0x0][0x0][0x0][0x0][0x0][0x0][0x0][0x0][0x0][0x0][0x0][0x0][0x0][0x0][0x0][0x0][0x0][0x0][0x0][0x0][0x0][0x0][0x0][0x0][0x0][0x0][0x0][0x0][0x0][0x0][0x0][0x0][0x0][0x0][0x0][0x0][0x0][0x0][0x0][0x0][0x0][0x0][0x0][0x0][0x0][0x0][0x0][0x0][0x0][0x0][0x0][0x0][0x0][0x0][0x0][0x0][0x0][0x0][0x0][0x0][0x0][0x0][0x0][0x0][0x0][0x0][0x0][0x0][0x0][0x0][0x0][0x0][0x0][0x0][0x0][0x0][0x0][0x0][0x0][0x0][0x0][0x0][0x0][0x0][0x0][0x0][0x0][0x0][0x0][0x0][0x0][0x0][0x0][0x0][0x0][0x0][0x0][0x0][0x0][0x0][0x0][0x0][0x0][0x0][0x0][0x0][0x0][0x0][0x0][0x0][0x0][0x0][0x0][0x0][0x0][0x0][0x0][0x0][0x0][0x0][0x0][0x0][0x0][0x0][0x0][0x0][0x0][0x0][0x0][0x0][0x0][0x0][0x0][0x0][0x0][0x0]usr/share/elasticsearch/config/jvm.options.d/ elasticsearch-default-memory-vm.options[0x0][0x0][0x0][0x0][0x0][0x0][0x0][0x0][0x0][0x0][0x0][0x0][0x0][0x0][0x0]0100644 0000765 0000000 00000000036 14336354014 033411[0x0] 0[0x0][0x0][0x0][0x0][0x0][0x0][0x0][0x0][0x0][0x0][0x0][0x0][0x0][0x0][0x0][0x0][0x0][0x0][0x0][0x0][0x0][0x0][0x0][0x0][0x0][0x0][0x0][0x0][0x0][0x0][0x0][0x0][0x0][0x0][0x0][0x0][0x0][0x0][0x0][0x0][0x0][0x0][0x0][0x0][0x0][0x0][0x0][0x0][0x0][0x0][0x0][0x0][0x0][0x0][0x0][0x0][0x0][0x0][0x0][0x0][0x0][0x0][0x0][0x0][0x0][0x0][0x0][0x0][0x0][0x0][0x0][0x0][0x0][0x0][0x0][0x0][0x0][0x0][0x0][0x0][0x0][0x0][0x0][0x0][0x0][0x0][0x0][0x0][0x0][0x0][0x0][0x0][0x0][0x0][0x0][0x0][0x0][0x0][0x0][0x0]ustar[0x0]00marekchodak[0x0][0x0][0x0][0x0][0x0][0x0][0x0][0x0][0x0][0x0][0x0][0x0][0x0][0x0][0x0][0x0][0x0][0x0][0x0][0x0][0x0]wheel[0x0][0x0][0x0][0x0][0x0][0x0][0x0][0x0][0x0][0x0][0x0][0x0][0x0][0x0][0x0][0x0][0x0][0x0][0x0][0x0][0x0][0x0][0x0][0x0][0x0][0x0][0x0]0000000 0000000 [0x0][0x0][0x0][0x0][0x0][0x0][0x0][0x0][0x0][0x0][0x0][0x0][0x0][0x0][0x0][0x0][0x0][0x0][0x0][0x0][0x0][0x0][0x0][0x0][0x0][0x0][0x0][0x0][0x0][0x0][0x0][0x0][0x0][0x0][0x0][0x0][0x0][0x0][0x0][0x0][0x0][0x0][0x0][0x0][0x0][0x0][0x0][0x0][0x0][0x0][0x0][0x0][0x0][0x0][0x0][0x0][0x0][0x0][0x0][0x0][0x0][0x0][0x0][0x0][0x0][0x0][0x0][0x0][0x0][0x0][0x0][0x0][0x0][0x0][0x0][0x0][0x0][0x0][0x0][0x0][0x0][0x0][0x0][0x0][0x0][0x0][0x0][0x0][0x0][0x0][0x0][0x0][0x0][0x0][0x0][0x0][0x0][0x0][0x0][0x0][0x0][0x0][0x0][0x0][0x0][0x0][0x0][0x0][0x0][0x0][0x0][0x0][0x0][0x0][0x0][0x0][0x0][0x0][0x0][0x0][0x0][0x0][0x0][0x0][0x0][0x0][0x0][0x0][0x0][0x0][0x0][0x0][0x0][0x0][0x0][0x0][0x0][0x0][0x0][0x0][0x0][0x0][0x0][0x0][0x0][0x0][0x0][0x0][0x0][0x0][0x0][0x0][0x0][0x0][0x0][0x0][0x0][0x0][0x0][0x0][0x0][0x0][0x0][0x0][0x0][0x0][0x0]-Xms2147483648[\n]"
07:32:28.019 [testcontainers-lifecycle-0] DEBUG com.github.dockerjava.zerodep.shaded.org.apache.hc.client5.http.wire - http-outgoing-1 >> "-Xmx2147483648[\n]"
07:32:28.019 [testcontainers-lifecycle-0] DEBUG com.github.dockerjava.zerodep.shaded.org.apache.hc.client5.http.wire - http-outgoing-1 >> "[0x0][0x0][0x0][0x0][0x0][0x0][0x0][0x0][0x0][0x0][0x0][0x0][0x0][0x0][0x0][0x0][0x0][0x0][0x0][0x0][0x0][0x0][0x0][0x0][0x0][0x0][0x0][0x0][0x0][0x0][0x0][0x0][0x0][0x0][0x0][0x0][0x0][0x0][0x0][0x0][0x0][0x0][0x0][0x0][0x0][0x0][0x0][0x0][0x0][0x0][0x0][0x0][0x0][0x0][0x0][0x0][0x0][0x0][0x0][0x0][0x0][0x0][0x0][0x0][0x0][0x0][0x0][0x0][0x0][0x0][0x0][0x0][0x0][0x0][0x0][0x0][0x0][0x0][0x0][0x0][0x0][0x0][0x0][0x0][0x0][0x0][0x0][0x0][0x0][0x0][0x0][0x0][0x0][0x0][0x0][0x0][0x0][0x0][0x0][0x0][0x0][0x0][0x0][0x0][0x0][0x0][0x0][0x0][0x0][0x0][0x0][0x0][0x0][0x0][0x0][0x0][0x0][0x0][0x0][0x0][0x0][0x0][0x0][0x0][0x0][0x0][0x0][0x0][0x0][0x0][0x0][0x0][0x0][0x0][0x0][0x0][0x0][0x0][0x0][0x0][0x0][0x0][0x0][0x0][0x0][0x0][0x0][0x0][0x0][0x0][0x0][0x0][0x0][0x0][0x0][0x0][0x0][0x0][0x0][0x0][0x0][0x0][0x0][0x0][0x0][0x0][0x0][0x0][0x0][0x0][0x0][0x0][0x0][0x0][0x0][0x0][0x0][0x0][0x0][0x0][0x0][0x0][0x0][0x0][0x0][0x0][0x0][0x0][0x0][0x0][0x0][0x0][0x0][0x0][0x0][0x0][0x0][0x0][0x0][0x0][0x0][0x0][0x0][0x0][0x0][0x0][0x0][0x0][0x0][0x0][0x0][0x0][0x0][0x0][0x0][0x0][0x0][0x0][0x0][0x0][0x0][0x0][0x0][0x0][0x0][0x0][0x0][0x0][0x0][0x0][0x0][0x0][0x0][0x0][0x0][0x0][0x0][0x0][0x0][0x0][0x0][0x0][0x0][0x0][0x0][0x0][0x0][0x0][0x0][0x0][0x0][0x0][0x0][0x0][0x0][0x0][0x0][0x0][0x0][0x0][0x0][0x0][0x0][0x0][0x0][0x0][0x0][0x0][0x0][0x0][0x0][0x0][0x0][0x0][0x0][0x0][0x0][0x0][0x0][0x0][0x0][0x0][0x0][0x0][0x0][0x0][0x0][0x0][0x0][0x0][0x0][0x0][0x0][0x0][0x0][0x0][0x0][0x0][0x0][0x0][0x0][0x0][0x0][0x0][0x0][0x0][0x0][0x0][0x0][0x0][0x0][0x0][0x0][0x0][0x0][0x0][0x0][0x0][0x0][0x0][0x0][0x0][0x0][0x0][0x0][0x0][0x0][0x0][0x0][0x0][0x0][0x0][0x0][0x0][0x0][0x0][0x0][0x0][0x0][0x0][0x0][0x0][0x0][0x0][0x0][0x0][0x0][0x0][0x0][0x0][0x0][0x0][0x0][0x0][0x0][0x0][0x0][0x0][0x0][0x0][0x0][0x0][0x0][0x0][0x0][0x0][0x0][0x0][0x0][0x0][0x0][0x0][0x0][0x0][0x0][0x0][0x0][0x0][0x0][0x0][0x0][0x0][0x0][0x0][0x0][0x0][0x0][0x0][0x0][0x0][0x0][0x0][0x0][0x0][0x0][0x0][0x0][0x0][0x0][0x0][0x0][0x0][0x0][0x0][0x0][0x0][0x0][0x0][0x0][0x0][0x0][0x0][0x0][0x0][0x0][0x0][0x0][0x0][0x0][0x0][0x0][0x0][0x0][0x0][0x0][0x0][0x0][0x0][0x0][0x0][0x0][0x0][0x0][0x0][0x0][0x0][0x0][0x0][0x0][0x0][0x0][0x0][0x0][0x0][0x0][0x0][0x0][0x0][0x0][0x0][0x0][0x0][0x0][0x0][0x0][0x0][0x0][0x0][0x0][0x0][0x0][0x0][0x0][0x0][0x0][0x0][0x0][0x0][0x0][0x0][0x0][0x0][0x0][0x0][0x0][0x0][0x0][0x0][0x0][0x0][0x0][0x0][0x0][0x0][0x0][0x0][0x0][0x0][0x0][0x0][0x0][0x0][0x0][0x0][0x0][0x0][0x0][0x0][0x0][0x0][0x0][0x0][0x0][0x0][0x0][0x0][0x0][0x0][0x0][0x0][0x0][0x0][0x0][0x0][0x0][0x0][0x0][0x0][0x0][0x0][0x0][0x0][0x0][0x0][0x0][0x0][0x0][0x0][0x0][0x0][0x0][0x0][0x0][0x0][0x0][0x0][0x0][0x0][0x0][0x0][0x0][0x0][0x0][0x0][0x0][0x0][0x0][0x0][0x0][0x0][0x0][0x0][0x0][0x0][0x0][0x0][0x0][0x0][0x0][0x0][0x0][0x0][0x0][0x0][0x0][0x0][0x0][0x0][0x0][0x0][0x0][0x0][0x0][0x0][0x0][0x0][0x0][0x0][0x0][0x0][0x0][0x0][0x0][0x0][0x0][0x0][0x0][0x0][0x0][0x0][0x0][0x0][0x0][0x0][0x0][0x0][0x0][0x0][0x0][0x0][0x0][0x0][0x0][0x0][0x0][0x0][0x0][0x0][0x0][0x0][0x0][0x0][0x0][0x0][0x0][0x0][0x0][0x0][0x0][0x0][0x0][0x0][0x0][0x0][0x0][0x0][0x0][0x0][0x0][0x0][0x0][0x0][0x0][0x0][0x0][0x0][0x0][0x0][0x0][0x0][0x0][0x0][0x0][0x0][0x0][0x0][0x0][0x0][0x0][0x0][0x0][0x0][0x0][0x0][0x0][0x0][0x0][0x0][0x0][0x0][0x0][0x0][0x0][0x0][0x0][0x0][0x0][0x0][0x0][0x0][0x0][0x0][0x0][0x0][0x0][0x0][0x0][0x0][0x0][0x0][0x0][0x0][0x0][0x0][0x0][0x0][0x0][0x0][0x0][0x0][0x0][0x0][0x0][0x0][0x0][0x0][0x0][0x0][0x0][0x0][0x0][0x0][0x0][0x0][0x0][0x0][0x0][0x0][0x0][0x0][0x0][0x0][0x0][0x0][0x0][0x0][0x0][0x0][0x0][0x0][0x0][0x0][0x0][0x0][0x0][0x0][0x0][0x0][0x0][0x0][0x0][0x0][0x0][0x0][0x0][0x0][0x0][0x0][0x0][0x0][0x0][0x0][0x0][0x0][0x0][0x0][0x0][0x0][0x0][0x0][0x0][0x0][0x0][0x0][0x0][0x0][0x0][0x0][0x0][0x0][0x0][0x0][0x0][0x0][0x0][0x0][0x0][0x0][0x0][0x0][0x0][0x0][0x0][0x0][0x0][0x0][0x0][0x0][0x0][0x0][0x0][0x0][0x0][0x0][0x0][0x0][0x0][0x0][0x0][0x0][0x0][0x0][0x0][0x0][0x0][0x0][0x0][0x0][0x0][0x0][0x0][0x0][0x0][0x0][0x0][0x0][0x0][0x0][0x0][0x0][0x0][0x0][0x0][0x0][0x0][0x0][0x0][0x0][0x0][0x0][0x0][0x0][0x0][0x0][0x0][0x0][0x0][0x0][0x0][0x0][0x0][0x0][0x0][0x0][0x0][0x0][0x0][0x0][0x0][0x0][0x0][0x0][0x0][0x0][0x0][0x0][0x0][0x0][0x0][0x0][0x0][0x0][0x0][0x0][0x0][0x0][0x0][0x0][0x0][0x0][0x0][0x0][0x0][0x0][0x0][0x0][0x0][0x0][0x0][0x0][0x0][0x0][0x0][0x0][0x0][0x0][0x0][0x0][0x0][0x0][0x0][0x0][0x0][0x0][0x0][0x0][0x0][0x0][0x0][0x0][0x0][0x0][0x0][0x0][0x0][0x0][0x0][0x0][0x0][0x0][0x0][0x0][0x0][0x0][0x0][0x0][0x0][0x0][0x0][0x0][0x0][0x0][0x0][0x0][0x0][0x0][0x0][0x0][0x0][0x0][0x0][0x0][0x0][0x0][0x0][0x0][0x0][0x0][0x0][0x0][0x0][0x0][0x0][0x0][0x0][0x0][0x0][0x0][0x0][0x0][0x0][0x0][0x0][0x0][0x0][0x0][0x0][0x0][0x0][0x0][0x0][0x0][0x0][0x0][0x0][0x0][0x0][0x0][0x0][0x0][0x0][0x0][0x0][0x0][0x0][0x0][0x0][0x0][0x0][0x0][0x0][0x0][0x0][0x0][0x0][0x0][0x0][0x0][0x0][0x0][0x0][0x0][0x0][0x0][0x0][0x0][0x0][0x0][0x0][0x0][0x0][0x0][0x0][0x0][0x0][0x0][0x0][0x0][0x0][0x0][0x0][0x0][0x0][0x0][0x0][0x0][0x0][0x0][0x0][0x0][0x0][0x0][0x0][0x0][0x0][0x0][0x0][0x0][0x0][0x0][0x0][0x0][0x0][0x0][0x0][0x0][0x0][0x0][0x0][0x0][0x0][0x0][0x0][0x0][0x0][0x0][0x0][0x0][0x0][0x0][0x0][0x0][0x0][0x0][0x0][0x0][0x0][0x0][0x0][0x0][0x0][0x0][0x0][0x0][0x0][0x0][0x0][0x0][0x0][0x0][0x0][0x0][0x0][0x0][0x0][0x0][0x0][0x0][0x0][0x0][0x0][0x0][0x0][0x0][0x0][0x0][0x0][0x0][0x0][0x0][0x0][0x0][0x0][0x0][0x0][0x0][0x0][0x0][0x0][0x0][0x0][0x0][0x0][0x0][0x0][0x0][0x0][0x0][0x0][0x0][0x0][0x0][0x0][0x0][0x0][0x0][0x0][0x0][0x0][0x0][0x0][0x0][0x0][0x0][0x0][0x0][0x0][0x0][0x0][0x0][0x0][0x0][0x0][0x0][0x0][0x0][0x0][0x0][0x0][0x0][0x0][0x0][0x0][0x0][0x0][0x0][0x0][0x0][0x0][0x0][0x0][0x0][0x0][0x0][0x0][0x0][0x0][0x0][0x0][0x0][0x0][0x0][0x0][0x0][0x0][0x0][0x0][0x0][0x0][0x0][0x0][0x0][0x0][0x0][0x0][0x0][0x0][0x0][0x0][0x0][0x0][0x0][0x0][0x0][0x0][0x0][0x0][0x0][0x0][0x0][0x0][0x0][0x0][0x0][0x0][0x0][0x0][0x0][0x0][0x0][0x0][0x0][0x0][0x0][0x0][0x0][0x0][0x0][0x0][0x0][0x0][0x0][0x0][0x0][0x0][0x0][0x0][0x0][0x0][0x0][0x0][0x0][0x0][0x0][0x0][0x0][0x0][0x0][0x0][0x0][0x0][0x0][0x0][0x0][0x0][0x0][0x0][0x0][0x0][0x0][0x0][0x0][0x0][0x0][0x0][0x0][0x0][0x0][0x0][0x0][0x0][0x0][0x0][0x0][0x0][0x0][0x0][0x0][0x0][0x0][0x0][0x0][0x0][0x0][0x0][0x0][0x0][0x0][0x0][0x0][0x0][0x0][0x0][0x0][0x0][0x0][0x0][0x0][0x0][0x0][0x0][0x0][0x0][0x0][0x0][0x0][0x0][0x0][0x0][0x0][0x0][0x0][0x0][0x0][0x0][0x0][0x0][0x0][0x0][0x0][0x0][0x0][0x0][0x0][0x0][0x0][0x0][0x0][0x0][0x0][0x0][0x0][0x0][0x0][0x0][0x0][0x0][0x0][0x0][0x0][0x0][0x0][0x0][0x0][0x0][0x0][0x0][0x0][0x0][0x0][0x0][0x0][0x0][0x0][0x0][0x0][0x0][0x0][0x0][0x0][0x0][0x0][0x0][0x0][0x0][0x0][0x0][0x0][0x0][0x0][0x0][0x0][0x0][0x0][0x0][0x0][0x0][0x0][0x0][0x0][0x0][0x0][0x0][0x0][0x0][0x0][0x0][0x0][0x0][0x0][0x0][0x0][0x0][0x0][0x0][0x0][0x0][0x0][0x0][0x0][0x0][0x0][0x0][0x0][0x0][0x0][0x0][0x0][0x0][0x0][0x0][0x0][0x0][0x0][0x0][0x0][0x0][0x0][0x0][0x0][0x0][0x0][0x0][0x0][0x0][0x0][0x0][0x0][0x0][0x0][0x0][0x0][0x0][0x0][0x0][0x0][0x0][0x0][0x0][0x0][0x0][0x0][0x0][0x0][0x0][0x0][0x0][0x0][0x0][0x0][0x0][0x0][0x0][0x0][0x0][0x0][0x0][0x0][0x0][0x0][0x0][0x0][0x0][0x0][0x0][0x0][0x0][0x0][0x0][0x0][0x0][0x0][0x0][0x0][0x0][0x0][0x0][0x0][0x0][0x0][0x0][0x0][0x0][0x0][0x0][0x0][0x0][0x0][0x0][0x0][0x0][0x0][0x0][0x0][0x0][0x0][0x0][0x0][0x0][0x0][0x0][0x0][0x0][0x0][0x0][0x0][0x0][0x0][0x0][0x0][0x0][0x0][0x0][0x0][0x0][0x0][0x0][0x0][0x0][0x0][0x0][0x0][0x0][0x0][0x0][0x0][0x0][0x0][0x0][0x0][0x0][0x0][0x0][0x0][0x0][0x0][\r][\n]"
07:32:28.019 [testcontainers-lifecycle-0] DEBUG com.github.dockerjava.zerodep.shaded.org.apache.hc.client5.http.wire - http-outgoing-1 >> "0[\r][\n]"
07:32:28.019 [testcontainers-lifecycle-0] DEBUG com.github.dockerjava.zerodep.shaded.org.apache.hc.client5.http.wire - http-outgoing-1 >> "[\r][\n]"
07:32:28.081 [testcontainers-lifecycle-0] DEBUG com.github.dockerjava.zerodep.shaded.org.apache.hc.client5.http.wire - http-outgoing-1 << "HTTP/1.1 200 OK[\r][\n]"
07:32:28.081 [testcontainers-lifecycle-0] DEBUG com.github.dockerjava.zerodep.shaded.org.apache.hc.client5.http.wire - http-outgoing-1 << "Api-Version: 1.41[\r][\n]"
07:32:28.081 [testcontainers-lifecycle-0] DEBUG com.github.dockerjava.zerodep.shaded.org.apache.hc.client5.http.wire - http-outgoing-1 << "Date: Sun, 20 Nov 2022 07:32:28 GMT[\r][\n]"
07:32:28.081 [testcontainers-lifecycle-0] DEBUG com.github.dockerjava.zerodep.shaded.org.apache.hc.client5.http.wire - http-outgoing-1 << "Docker-Experimental: false[\r][\n]"
07:32:28.081 [testcontainers-lifecycle-0] DEBUG com.github.dockerjava.zerodep.shaded.org.apache.hc.client5.http.wire - http-outgoing-1 << "Ostype: linux[\r][\n]"
07:32:28.081 [testcontainers-lifecycle-0] DEBUG com.github.dockerjava.zerodep.shaded.org.apache.hc.client5.http.wire - http-outgoing-1 << "Server: Docker/20.10.5 (linux)[\r][\n]"
07:32:28.081 [testcontainers-lifecycle-0] DEBUG com.github.dockerjava.zerodep.shaded.org.apache.hc.client5.http.wire - http-outgoing-1 << "Transfer-Encoding: chunked[\r][\n]"
07:32:28.081 [testcontainers-lifecycle-0] DEBUG com.github.dockerjava.zerodep.shaded.org.apache.hc.client5.http.wire - http-outgoing-1 << "[\r][\n]"
07:32:28.081 [testcontainers-lifecycle-0] DEBUG com.github.dockerjava.zerodep.shaded.org.apache.hc.client5.http.headers - http-outgoing-1 << HTTP/1.1 200 OK
07:32:28.081 [testcontainers-lifecycle-0] DEBUG com.github.dockerjava.zerodep.shaded.org.apache.hc.client5.http.headers - http-outgoing-1 << Api-Version: 1.41
07:32:28.081 [testcontainers-lifecycle-0] DEBUG com.github.dockerjava.zerodep.shaded.org.apache.hc.client5.http.headers - http-outgoing-1 << Date: Sun, 20 Nov 2022 07:32:28 GMT
07:32:28.081 [testcontainers-lifecycle-0] DEBUG com.github.dockerjava.zerodep.shaded.org.apache.hc.client5.http.headers - http-outgoing-1 << Docker-Experimental: false
07:32:28.081 [testcontainers-lifecycle-0] DEBUG com.github.dockerjava.zerodep.shaded.org.apache.hc.client5.http.headers - http-outgoing-1 << Ostype: linux
07:32:28.081 [testcontainers-lifecycle-0] DEBUG com.github.dockerjava.zerodep.shaded.org.apache.hc.client5.http.headers - http-outgoing-1 << Server: Docker/20.10.5 (linux)
07:32:28.081 [testcontainers-lifecycle-0] DEBUG com.github.dockerjava.zerodep.shaded.org.apache.hc.client5.http.headers - http-outgoing-1 << Transfer-Encoding: chunked
07:32:28.082 [testcontainers-lifecycle-0] DEBUG com.github.dockerjava.zerodep.shaded.org.apache.hc.client5.http.impl.classic.MainClientExec - ex-00000009: connection can be kept alive for 3 MINUTES
07:32:28.082 [testcontainers-lifecycle-0] DEBUG com.github.dockerjava.zerodep.shaded.org.apache.hc.client5.http.impl.classic.ProtocolExec - ex-00000009: Cannot retry non-repeatable request
07:32:28.082 [testcontainers-lifecycle-0] DEBUG com.github.dockerjava.zerodep.shaded.org.apache.hc.client5.http.impl.classic.HttpRequestRetryExec - ex-00000009: cannot retry non-repeatable request
07:32:28.082 [testcontainers-lifecycle-0] DEBUG com.github.dockerjava.zerodep.shaded.org.apache.hc.client5.http.impl.classic.InternalHttpClient - ep-00000008: cancel
07:32:28.082 [testcontainers-lifecycle-0] DEBUG com.github.dockerjava.zerodep.shaded.org.apache.hc.client5.http.impl.io.DefaultManagedHttpClientConnection - http-outgoing-1: close connection IMMEDIATE
07:32:28.082 [testcontainers-lifecycle-0] DEBUG com.github.dockerjava.zerodep.shaded.org.apache.hc.client5.http.impl.classic.InternalHttpClient - ep-00000008: endpoint closed
07:32:28.082 [testcontainers-lifecycle-0] DEBUG com.github.dockerjava.zerodep.shaded.org.apache.hc.client5.http.impl.classic.InternalHttpClient - ep-00000008: discarding endpoint
07:32:28.082 [testcontainers-lifecycle-0] DEBUG com.github.dockerjava.zerodep.shaded.org.apache.hc.client5.http.impl.io.PoolingHttpClientConnectionManager - ep-00000008: releasing endpoint
07:32:28.082 [testcontainers-lifecycle-0] DEBUG com.github.dockerjava.zerodep.shaded.org.apache.hc.client5.http.impl.io.PoolingHttpClientConnectionManager - ep-00000008: connection is not kept alive
07:32:28.082 [testcontainers-lifecycle-0] DEBUG com.github.dockerjava.zerodep.shaded.org.apache.hc.client5.http.impl.io.PoolingHttpClientConnectionManager - ep-00000008: connection released [route: {}->unix://localhost:2375][total available: 0; route allocated: 0 of 2147483647; total allocated: 0 of 2147483647]
07:32:28.082 [testcontainers-lifecycle-0] DEBUG com.github.dockerjava.zerodep.shaded.org.apache.hc.client5.http.wire - http-outgoing-1 << "[read] I/O error: null"
07:32:28.082 [testcontainers-lifecycle-0] DEBUG com.github.dockerjava.zerodep.ApacheDockerHttpClientImpl$ApacheResponse - Failed to close the response
java.nio.channels.ClosedChannelException: null
	at java.base/sun.nio.ch.SocketChannelImpl.ensureOpenAndConnected(SocketChannelImpl.java:215)
	at java.base/sun.nio.ch.SocketChannelImpl.read(SocketChannelImpl.java:403)
	at java.base/sun.nio.ch.ChannelInputStream.read(ChannelInputStream.java:59)
	at java.base/sun.nio.ch.ChannelInputStream.read(ChannelInputStream.java:107)
	at java.base/sun.nio.ch.ChannelInputStream.read(ChannelInputStream.java:101)
	at com.github.dockerjava.zerodep.shaded.org.apache.hc.client5.http.impl.io.LoggingInputStream.read(LoggingInputStream.java:81)
	at com.github.dockerjava.zerodep.shaded.org.apache.hc.core5.http.impl.io.SessionInputBufferImpl.fillBuffer(SessionInputBufferImpl.java:149)
	at com.github.dockerjava.zerodep.shaded.org.apache.hc.core5.http.impl.io.SessionInputBufferImpl.readLine(SessionInputBufferImpl.java:280)
	at com.github.dockerjava.zerodep.shaded.org.apache.hc.core5.http.impl.io.ChunkedInputStream.getChunkSize(ChunkedInputStream.java:261)
	at com.github.dockerjava.zerodep.shaded.org.apache.hc.core5.http.impl.io.ChunkedInputStream.nextChunk(ChunkedInputStream.java:222)
	at com.github.dockerjava.zerodep.shaded.org.apache.hc.core5.http.impl.io.ChunkedInputStream.read(ChunkedInputStream.java:183)
	at com.github.dockerjava.zerodep.shaded.org.apache.hc.core5.http.impl.io.ChunkedInputStream.read(ChunkedInputStream.java:210)
	at com.github.dockerjava.zerodep.shaded.org.apache.hc.core5.http.impl.io.ChunkedInputStream.close(ChunkedInputStream.java:319)
	at com.github.dockerjava.zerodep.shaded.org.apache.hc.core5.io.Closer.close(Closer.java:48)
	at com.github.dockerjava.zerodep.shaded.org.apache.hc.core5.http.impl.io.IncomingHttpEntity.close(IncomingHttpEntity.java:111)
	at com.github.dockerjava.zerodep.shaded.org.apache.hc.core5.http.io.entity.HttpEntityWrapper.close(HttpEntityWrapper.java:120)
	at com.github.dockerjava.zerodep.shaded.org.apache.hc.core5.io.Closer.close(Closer.java:48)
	at com.github.dockerjava.zerodep.shaded.org.apache.hc.core5.http.message.BasicClassicHttpResponse.close(BasicClassicHttpResponse.java:93)
	at com.github.dockerjava.zerodep.shaded.org.apache.hc.client5.http.impl.classic.CloseableHttpResponse.close(CloseableHttpResponse.java:200)
	at com.github.dockerjava.zerodep.ApacheDockerHttpClientImpl$ApacheResponse.close(ApacheDockerHttpClientImpl.java:256)
	at org.testcontainers.shaded.com.github.dockerjava.core.DefaultInvocationBuilder.put(DefaultInvocationBuilder.java:223)
	at org.testcontainers.shaded.com.github.dockerjava.core.exec.CopyArchiveToContainerCmdExec.execute(CopyArchiveToContainerCmdExec.java:32)
	at org.testcontainers.shaded.com.github.dockerjava.core.exec.CopyArchiveToContainerCmdExec.execute(CopyArchiveToContainerCmdExec.java:13)
	at org.testcontainers.shaded.com.github.dockerjava.core.exec.AbstrSyncDockerCmdExec.exec(AbstrSyncDockerCmdExec.java:21)
	at org.testcontainers.shaded.com.github.dockerjava.core.command.AbstrDockerCmd.exec(AbstrDockerCmd.java:35)
	at org.testcontainers.shaded.com.github.dockerjava.core.command.CopyArchiveToContainerCmdImpl.exec(CopyArchiveToContainerCmdImpl.java:154)
	at org.testcontainers.containers.ContainerState.copyFileToContainer(ContainerState.java:298)
	at org.testcontainers.containers.ContainerState.copyFileToContainer(ContainerState.java:267)
	at java.base/java.util.LinkedHashMap.forEach(LinkedHashMap.java:721)
	at org.testcontainers.containers.GenericContainer.tryStart(GenericContainer.java:430)
	at org.testcontainers.containers.GenericContainer.lambda$doStart$0(GenericContainer.java:344)
	at org.rnorth.ducttape.unreliables.Unreliables.retryUntilSuccess(Unreliables.java:81)
	at org.testcontainers.containers.GenericContainer.doStart(GenericContainer.java:334)
	at org.testcontainers.containers.GenericContainer.start(GenericContainer.java:322)
	at java.base/java.util.concurrent.CompletableFuture$UniRun.tryFire(CompletableFuture.java:787)
	at java.base/java.util.concurrent.CompletableFuture$Completion.run(CompletableFuture.java:482)
	at java.base/java.util.concurrent.ThreadPoolExecutor.runWorker(ThreadPoolExecutor.java:1136)
	at java.base/java.util.concurrent.ThreadPoolExecutor$Worker.run(ThreadPoolExecutor.java:635)
	at java.base/java.lang.Thread.run(Thread.java:833)
07:32:28.082 [testcontainers-lifecycle-0] INFO 🐳 [docker.elastic.co/elasticsearch/elasticsearch:7.12.1] - Container docker.elastic.co/elasticsearch/elasticsearch:7.12.1 is starting: 5e5a005fe35a80afd2f82835a662087c3acd1410439d6fb9c5e040d9f723c127
07:32:28.082 [testcontainers-lifecycle-0] DEBUG org.testcontainers.shaded.com.github.dockerjava.core.command.AbstrDockerCmd - Cmd: 5e5a005fe35a80afd2f82835a662087c3acd1410439d6fb9c5e040d9f723c127
07:32:28.083 [testcontainers-lifecycle-0] DEBUG com.github.dockerjava.zerodep.shaded.org.apache.hc.client5.http.impl.classic.InternalHttpClient - ex-0000000A: preparing request execution
07:32:28.083 [testcontainers-lifecycle-0] DEBUG com.github.dockerjava.zerodep.shaded.org.apache.hc.client5.http.protocol.RequestAddCookies - Cookie spec selected: strict
07:32:28.083 [testcontainers-lifecycle-0] DEBUG com.github.dockerjava.zerodep.shaded.org.apache.hc.client5.http.protocol.RequestAuthCache - Auth cache not set in the context
07:32:28.083 [testcontainers-lifecycle-0] DEBUG com.github.dockerjava.zerodep.shaded.org.apache.hc.client5.http.impl.classic.ProtocolExec - ex-0000000A: target auth state: UNCHALLENGED
07:32:28.083 [testcontainers-lifecycle-0] DEBUG com.github.dockerjava.zerodep.shaded.org.apache.hc.client5.http.impl.classic.ProtocolExec - ex-0000000A: proxy auth state: UNCHALLENGED
07:32:28.083 [testcontainers-lifecycle-0] DEBUG com.github.dockerjava.zerodep.shaded.org.apache.hc.client5.http.impl.classic.ConnectExec - ex-0000000A: acquiring connection with route {}->unix://localhost:2375
07:32:28.083 [testcontainers-lifecycle-0] DEBUG com.github.dockerjava.zerodep.shaded.org.apache.hc.client5.http.impl.classic.InternalHttpClient - ex-0000000A: acquiring endpoint (3 MINUTES)
07:32:28.083 [testcontainers-lifecycle-0] DEBUG com.github.dockerjava.zerodep.shaded.org.apache.hc.client5.http.impl.io.PoolingHttpClientConnectionManager - ex-0000000A: endpoint lease request (3 MINUTES) [route: {}->unix://localhost:2375][total available: 0; route allocated: 0 of 2147483647; total allocated: 0 of 2147483647]
07:32:28.083 [testcontainers-lifecycle-0] DEBUG com.github.dockerjava.zerodep.shaded.org.apache.hc.client5.http.impl.io.PoolingHttpClientConnectionManager - ex-0000000A: endpoint leased [route: {}->unix://localhost:2375][total available: 0; route allocated: 1 of 2147483647; total allocated: 1 of 2147483647]
07:32:28.083 [testcontainers-lifecycle-0] DEBUG com.github.dockerjava.zerodep.shaded.org.apache.hc.client5.http.impl.io.PoolingHttpClientConnectionManager - ex-0000000A: acquired ep-00000009
07:32:28.083 [testcontainers-lifecycle-0] DEBUG com.github.dockerjava.zerodep.shaded.org.apache.hc.client5.http.impl.classic.InternalHttpClient - ex-0000000A: acquired endpoint ep-00000009
07:32:28.083 [testcontainers-lifecycle-0] DEBUG com.github.dockerjava.zerodep.shaded.org.apache.hc.client5.http.impl.classic.ConnectExec - ex-0000000A: opening connection {}->unix://localhost:2375
07:32:28.083 [testcontainers-lifecycle-0] DEBUG com.github.dockerjava.zerodep.shaded.org.apache.hc.client5.http.impl.classic.InternalHttpClient - ep-00000009: connecting endpoint (3 MINUTES)
07:32:28.084 [testcontainers-lifecycle-0] DEBUG com.github.dockerjava.zerodep.shaded.org.apache.hc.client5.http.impl.io.PoolingHttpClientConnectionManager - ep-00000009: connecting endpoint to unix://localhost:2375 (3 MINUTES)
07:32:28.084 [testcontainers-lifecycle-0] DEBUG com.github.dockerjava.zerodep.shaded.org.apache.hc.client5.http.impl.io.DefaultHttpClientConnectionOperator - http-outgoing-2: connecting to localhost/127.0.0.1:2375
07:32:28.084 [testcontainers-lifecycle-0] DEBUG com.github.dockerjava.zerodep.shaded.org.apache.hc.client5.http.impl.io.DefaultHttpClientConnectionOperator - http-outgoing-2: connection established /var/run/docker.sock<->/var/run/docker.sock
07:32:28.084 [testcontainers-lifecycle-0] DEBUG com.github.dockerjava.zerodep.shaded.org.apache.hc.client5.http.impl.io.PoolingHttpClientConnectionManager - ep-00000009: connected http-outgoing-2
07:32:28.084 [testcontainers-lifecycle-0] DEBUG com.github.dockerjava.zerodep.shaded.org.apache.hc.client5.http.impl.classic.InternalHttpClient - ep-00000009: endpoint connected
07:32:28.084 [testcontainers-lifecycle-0] DEBUG com.github.dockerjava.zerodep.shaded.org.apache.hc.client5.http.impl.classic.MainClientExec - ex-0000000A: executing POST /v1.32/containers/5e5a005fe35a80afd2f82835a662087c3acd1410439d6fb9c5e040d9f723c127/start HTTP/1.1
07:32:28.084 [testcontainers-lifecycle-0] DEBUG com.github.dockerjava.zerodep.shaded.org.apache.hc.client5.http.impl.classic.InternalHttpClient - ep-00000009: start execution ex-0000000A
07:32:28.084 [testcontainers-lifecycle-0] DEBUG com.github.dockerjava.zerodep.shaded.org.apache.hc.client5.http.impl.io.PoolingHttpClientConnectionManager - ep-00000009: executing exchange ex-0000000A over http-outgoing-2
07:32:28.084 [testcontainers-lifecycle-0] DEBUG com.github.dockerjava.zerodep.shaded.org.apache.hc.client5.http.headers - http-outgoing-2 >> POST /v1.32/containers/5e5a005fe35a80afd2f82835a662087c3acd1410439d6fb9c5e040d9f723c127/start HTTP/1.1
07:32:28.084 [testcontainers-lifecycle-0] DEBUG com.github.dockerjava.zerodep.shaded.org.apache.hc.client5.http.headers - http-outgoing-2 >> accept: application/json
07:32:28.084 [testcontainers-lifecycle-0] DEBUG com.github.dockerjava.zerodep.shaded.org.apache.hc.client5.http.headers - http-outgoing-2 >> content-type: application/json
07:32:28.084 [testcontainers-lifecycle-0] DEBUG com.github.dockerjava.zerodep.shaded.org.apache.hc.client5.http.headers - http-outgoing-2 >> x-tc-sid: c71ac4c9-df80-4afc-a65e-4c14f7b4213e
07:32:28.084 [testcontainers-lifecycle-0] DEBUG com.github.dockerjava.zerodep.shaded.org.apache.hc.client5.http.headers - http-outgoing-2 >> Accept-Encoding: gzip, x-gzip, deflate
07:32:28.084 [testcontainers-lifecycle-0] DEBUG com.github.dockerjava.zerodep.shaded.org.apache.hc.client5.http.headers - http-outgoing-2 >> Host: localhost:2375
07:32:28.084 [testcontainers-lifecycle-0] DEBUG com.github.dockerjava.zerodep.shaded.org.apache.hc.client5.http.headers - http-outgoing-2 >> Connection: keep-alive
07:32:28.084 [testcontainers-lifecycle-0] DEBUG com.github.dockerjava.zerodep.shaded.org.apache.hc.client5.http.headers - http-outgoing-2 >> User-Agent: Apache-HttpClient/5.0.3 (Java/17)
07:32:28.084 [testcontainers-lifecycle-0] DEBUG com.github.dockerjava.zerodep.shaded.org.apache.hc.client5.http.wire - http-outgoing-2 >> "POST /v1.32/containers/5e5a005fe35a80afd2f82835a662087c3acd1410439d6fb9c5e040d9f723c127/start HTTP/1.1[\r][\n]"
07:32:28.084 [testcontainers-lifecycle-0] DEBUG com.github.dockerjava.zerodep.shaded.org.apache.hc.client5.http.wire - http-outgoing-2 >> "accept: application/json[\r][\n]"
07:32:28.084 [testcontainers-lifecycle-0] DEBUG com.github.dockerjava.zerodep.shaded.org.apache.hc.client5.http.wire - http-outgoing-2 >> "content-type: application/json[\r][\n]"
07:32:28.084 [testcontainers-lifecycle-0] DEBUG com.github.dockerjava.zerodep.shaded.org.apache.hc.client5.http.wire - http-outgoing-2 >> "x-tc-sid: c71ac4c9-df80-4afc-a65e-4c14f7b4213e[\r][\n]"
07:32:28.084 [testcontainers-lifecycle-0] DEBUG com.github.dockerjava.zerodep.shaded.org.apache.hc.client5.http.wire - http-outgoing-2 >> "Accept-Encoding: gzip, x-gzip, deflate[\r][\n]"
07:32:28.084 [testcontainers-lifecycle-0] DEBUG com.github.dockerjava.zerodep.shaded.org.apache.hc.client5.http.wire - http-outgoing-2 >> "Host: localhost:2375[\r][\n]"
07:32:28.084 [testcontainers-lifecycle-0] DEBUG com.github.dockerjava.zerodep.shaded.org.apache.hc.client5.http.wire - http-outgoing-2 >> "Connection: keep-alive[\r][\n]"
07:32:28.084 [testcontainers-lifecycle-0] DEBUG com.github.dockerjava.zerodep.shaded.org.apache.hc.client5.http.wire - http-outgoing-2 >> "User-Agent: Apache-HttpClient/5.0.3 (Java/17)[\r][\n]"
07:32:28.084 [testcontainers-lifecycle-0] DEBUG com.github.dockerjava.zerodep.shaded.org.apache.hc.client5.http.wire - http-outgoing-2 >> "[\r][\n]"
07:32:31.068 [testcontainers-lifecycle-0] DEBUG com.github.dockerjava.zerodep.shaded.org.apache.hc.client5.http.wire - http-outgoing-2 << "HTTP/1.1 204 No Content[\r][\n]"
07:32:31.068 [testcontainers-lifecycle-0] DEBUG com.github.dockerjava.zerodep.shaded.org.apache.hc.client5.http.wire - http-outgoing-2 << "Api-Version: 1.41[\r][\n]"
07:32:31.068 [testcontainers-lifecycle-0] DEBUG com.github.dockerjava.zerodep.shaded.org.apache.hc.client5.http.wire - http-outgoing-2 << "Date: Sun, 20 Nov 2022 07:32:31 GMT[\r][\n]"
07:32:31.068 [testcontainers-lifecycle-0] DEBUG com.github.dockerjava.zerodep.shaded.org.apache.hc.client5.http.wire - http-outgoing-2 << "Docker-Experimental: false[\r][\n]"
07:32:31.068 [testcontainers-lifecycle-0] DEBUG com.github.dockerjava.zerodep.shaded.org.apache.hc.client5.http.wire - http-outgoing-2 << "Ostype: linux[\r][\n]"
07:32:31.068 [testcontainers-lifecycle-0] DEBUG com.github.dockerjava.zerodep.shaded.org.apache.hc.client5.http.wire - http-outgoing-2 << "Server: Docker/20.10.5 (linux)[\r][\n]"
07:32:31.068 [testcontainers-lifecycle-0] DEBUG com.github.dockerjava.zerodep.shaded.org.apache.hc.client5.http.wire - http-outgoing-2 << "[\r][\n]"
07:32:31.069 [testcontainers-lifecycle-0] DEBUG com.github.dockerjava.zerodep.shaded.org.apache.hc.client5.http.headers - http-outgoing-2 << HTTP/1.1 204 No Content
07:32:31.069 [testcontainers-lifecycle-0] DEBUG com.github.dockerjava.zerodep.shaded.org.apache.hc.client5.http.headers - http-outgoing-2 << Api-Version: 1.41
07:32:31.069 [testcontainers-lifecycle-0] DEBUG com.github.dockerjava.zerodep.shaded.org.apache.hc.client5.http.headers - http-outgoing-2 << Date: Sun, 20 Nov 2022 07:32:31 GMT
07:32:31.069 [testcontainers-lifecycle-0] DEBUG com.github.dockerjava.zerodep.shaded.org.apache.hc.client5.http.headers - http-outgoing-2 << Docker-Experimental: false
07:32:31.069 [testcontainers-lifecycle-0] DEBUG com.github.dockerjava.zerodep.shaded.org.apache.hc.client5.http.headers - http-outgoing-2 << Ostype: linux
07:32:31.069 [testcontainers-lifecycle-0] DEBUG com.github.dockerjava.zerodep.shaded.org.apache.hc.client5.http.headers - http-outgoing-2 << Server: Docker/20.10.5 (linux)
07:32:31.069 [testcontainers-lifecycle-0] DEBUG com.github.dockerjava.zerodep.shaded.org.apache.hc.client5.http.impl.classic.MainClientExec - ex-0000000A: connection can be kept alive for 3 MINUTES
07:32:31.069 [testcontainers-lifecycle-0] DEBUG com.github.dockerjava.zerodep.shaded.org.apache.hc.client5.http.impl.classic.InternalHttpClient - ep-00000009: releasing valid endpoint
07:32:31.069 [testcontainers-lifecycle-0] DEBUG com.github.dockerjava.zerodep.shaded.org.apache.hc.client5.http.impl.io.PoolingHttpClientConnectionManager - ep-00000009: releasing endpoint
07:32:31.069 [testcontainers-lifecycle-0] DEBUG com.github.dockerjava.zerodep.shaded.org.apache.hc.client5.http.impl.io.PoolingHttpClientConnectionManager - ep-00000009: connection http-outgoing-2 can be kept alive for 3 MINUTES
07:32:31.069 [testcontainers-lifecycle-0] DEBUG com.github.dockerjava.zerodep.shaded.org.apache.hc.client5.http.impl.io.PoolingHttpClientConnectionManager - ep-00000009: connection released [route: {}->unix://localhost:2375][total available: 1; route allocated: 1 of 2147483647; total allocated: 1 of 2147483647]
07:32:31.069 [testcontainers-lifecycle-0] DEBUG org.testcontainers.shaded.com.github.dockerjava.core.command.AbstrDockerCmd - Cmd: 5e5a005fe35a80afd2f82835a662087c3acd1410439d6fb9c5e040d9f723c127,false
07:32:31.070 [testcontainers-lifecycle-0] DEBUG org.testcontainers.shaded.com.github.dockerjava.core.exec.InspectContainerCmdExec - GET: DefaultWebTarget{path=[/containers/5e5a005fe35a80afd2f82835a662087c3acd1410439d6fb9c5e040d9f723c127/json], queryParams={}}
07:32:31.070 [testcontainers-lifecycle-0] DEBUG com.github.dockerjava.zerodep.shaded.org.apache.hc.client5.http.impl.classic.InternalHttpClient - ex-0000000B: preparing request execution
07:32:31.070 [testcontainers-lifecycle-0] DEBUG com.github.dockerjava.zerodep.shaded.org.apache.hc.client5.http.protocol.RequestAddCookies - Cookie spec selected: strict
07:32:31.070 [testcontainers-lifecycle-0] DEBUG com.github.dockerjava.zerodep.shaded.org.apache.hc.client5.http.protocol.RequestAuthCache - Auth cache not set in the context
07:32:31.070 [testcontainers-lifecycle-0] DEBUG com.github.dockerjava.zerodep.shaded.org.apache.hc.client5.http.impl.classic.ProtocolExec - ex-0000000B: target auth state: UNCHALLENGED
07:32:31.070 [testcontainers-lifecycle-0] DEBUG com.github.dockerjava.zerodep.shaded.org.apache.hc.client5.http.impl.classic.ProtocolExec - ex-0000000B: proxy auth state: UNCHALLENGED
07:32:31.070 [testcontainers-lifecycle-0] DEBUG com.github.dockerjava.zerodep.shaded.org.apache.hc.client5.http.impl.classic.ConnectExec - ex-0000000B: acquiring connection with route {}->unix://localhost:2375
07:32:31.070 [testcontainers-lifecycle-0] DEBUG com.github.dockerjava.zerodep.shaded.org.apache.hc.client5.http.impl.classic.InternalHttpClient - ex-0000000B: acquiring endpoint (3 MINUTES)
07:32:31.070 [testcontainers-lifecycle-0] DEBUG com.github.dockerjava.zerodep.shaded.org.apache.hc.client5.http.impl.io.PoolingHttpClientConnectionManager - ex-0000000B: endpoint lease request (3 MINUTES) [route: {}->unix://localhost:2375][total available: 1; route allocated: 1 of 2147483647; total allocated: 1 of 2147483647]
07:32:31.070 [testcontainers-lifecycle-0] DEBUG com.github.dockerjava.zerodep.shaded.org.apache.hc.client5.http.impl.io.PoolingHttpClientConnectionManager - ex-0000000B: endpoint leased [route: {}->unix://localhost:2375][total available: 0; route allocated: 1 of 2147483647; total allocated: 1 of 2147483647]
07:32:31.070 [testcontainers-lifecycle-0] DEBUG com.github.dockerjava.zerodep.shaded.org.apache.hc.client5.http.impl.io.PoolingHttpClientConnectionManager - ex-0000000B: acquired ep-0000000A
07:32:31.070 [testcontainers-lifecycle-0] DEBUG com.github.dockerjava.zerodep.shaded.org.apache.hc.client5.http.impl.classic.InternalHttpClient - ex-0000000B: acquired endpoint ep-0000000A
07:32:31.070 [testcontainers-lifecycle-0] DEBUG com.github.dockerjava.zerodep.shaded.org.apache.hc.client5.http.impl.classic.MainClientExec - ex-0000000B: executing GET /v1.32/containers/5e5a005fe35a80afd2f82835a662087c3acd1410439d6fb9c5e040d9f723c127/json HTTP/1.1
07:32:31.070 [testcontainers-lifecycle-0] DEBUG com.github.dockerjava.zerodep.shaded.org.apache.hc.client5.http.impl.classic.InternalHttpClient - ep-0000000A: start execution ex-0000000B
07:32:31.070 [testcontainers-lifecycle-0] DEBUG com.github.dockerjava.zerodep.shaded.org.apache.hc.client5.http.impl.io.PoolingHttpClientConnectionManager - ep-0000000A: executing exchange ex-0000000B over http-outgoing-2
07:32:31.070 [testcontainers-lifecycle-0] DEBUG com.github.dockerjava.zerodep.shaded.org.apache.hc.client5.http.headers - http-outgoing-2 >> GET /v1.32/containers/5e5a005fe35a80afd2f82835a662087c3acd1410439d6fb9c5e040d9f723c127/json HTTP/1.1
07:32:31.071 [testcontainers-lifecycle-0] DEBUG com.github.dockerjava.zerodep.shaded.org.apache.hc.client5.http.headers - http-outgoing-2 >> accept: application/json
07:32:31.071 [testcontainers-lifecycle-0] DEBUG com.github.dockerjava.zerodep.shaded.org.apache.hc.client5.http.headers - http-outgoing-2 >> x-tc-sid: c71ac4c9-df80-4afc-a65e-4c14f7b4213e
07:32:31.071 [testcontainers-lifecycle-0] DEBUG com.github.dockerjava.zerodep.shaded.org.apache.hc.client5.http.headers - http-outgoing-2 >> Accept-Encoding: gzip, x-gzip, deflate
07:32:31.071 [testcontainers-lifecycle-0] DEBUG com.github.dockerjava.zerodep.shaded.org.apache.hc.client5.http.headers - http-outgoing-2 >> Host: localhost:2375
07:32:31.071 [testcontainers-lifecycle-0] DEBUG com.github.dockerjava.zerodep.shaded.org.apache.hc.client5.http.headers - http-outgoing-2 >> Connection: keep-alive
07:32:31.071 [testcontainers-lifecycle-0] DEBUG com.github.dockerjava.zerodep.shaded.org.apache.hc.client5.http.headers - http-outgoing-2 >> User-Agent: Apache-HttpClient/5.0.3 (Java/17)
07:32:31.071 [testcontainers-lifecycle-0] DEBUG com.github.dockerjava.zerodep.shaded.org.apache.hc.client5.http.wire - http-outgoing-2 >> "GET /v1.32/containers/5e5a005fe35a80afd2f82835a662087c3acd1410439d6fb9c5e040d9f723c127/json HTTP/1.1[\r][\n]"
07:32:31.071 [testcontainers-lifecycle-0] DEBUG com.github.dockerjava.zerodep.shaded.org.apache.hc.client5.http.wire - http-outgoing-2 >> "accept: application/json[\r][\n]"
07:32:31.071 [testcontainers-lifecycle-0] DEBUG com.github.dockerjava.zerodep.shaded.org.apache.hc.client5.http.wire - http-outgoing-2 >> "x-tc-sid: c71ac4c9-df80-4afc-a65e-4c14f7b4213e[\r][\n]"
07:32:31.071 [testcontainers-lifecycle-0] DEBUG com.github.dockerjava.zerodep.shaded.org.apache.hc.client5.http.wire - http-outgoing-2 >> "Accept-Encoding: gzip, x-gzip, deflate[\r][\n]"
07:32:31.071 [testcontainers-lifecycle-0] DEBUG com.github.dockerjava.zerodep.shaded.org.apache.hc.client5.http.wire - http-outgoing-2 >> "Host: localhost:2375[\r][\n]"
07:32:31.071 [testcontainers-lifecycle-0] DEBUG com.github.dockerjava.zerodep.shaded.org.apache.hc.client5.http.wire - http-outgoing-2 >> "Connection: keep-alive[\r][\n]"
07:32:31.071 [testcontainers-lifecycle-0] DEBUG com.github.dockerjava.zerodep.shaded.org.apache.hc.client5.http.wire - http-outgoing-2 >> "User-Agent: Apache-HttpClient/5.0.3 (Java/17)[\r][\n]"
07:32:31.071 [testcontainers-lifecycle-0] DEBUG com.github.dockerjava.zerodep.shaded.org.apache.hc.client5.http.wire - http-outgoing-2 >> "[\r][\n]"
07:32:31.072 [testcontainers-lifecycle-0] DEBUG com.github.dockerjava.zerodep.shaded.org.apache.hc.client5.http.wire - http-outgoing-2 << "HTTP/1.1 200 OK[\r][\n]"
07:32:31.072 [testcontainers-lifecycle-0] DEBUG com.github.dockerjava.zerodep.shaded.org.apache.hc.client5.http.wire - http-outgoing-2 << "Api-Version: 1.41[\r][\n]"
07:32:31.072 [testcontainers-lifecycle-0] DEBUG com.github.dockerjava.zerodep.shaded.org.apache.hc.client5.http.wire - http-outgoing-2 << "Content-Type: application/json[\r][\n]"
07:32:31.072 [testcontainers-lifecycle-0] DEBUG com.github.dockerjava.zerodep.shaded.org.apache.hc.client5.http.wire - http-outgoing-2 << "Date: Sun, 20 Nov 2022 07:32:31 GMT[\r][\n]"
07:32:31.072 [testcontainers-lifecycle-0] DEBUG com.github.dockerjava.zerodep.shaded.org.apache.hc.client5.http.wire - http-outgoing-2 << "Docker-Experimental: false[\r][\n]"
07:32:31.072 [testcontainers-lifecycle-0] DEBUG com.github.dockerjava.zerodep.shaded.org.apache.hc.client5.http.wire - http-outgoing-2 << "Ostype: linux[\r][\n]"
07:32:31.072 [testcontainers-lifecycle-0] DEBUG com.github.dockerjava.zerodep.shaded.org.apache.hc.client5.http.wire - http-outgoing-2 << "Server: Docker/20.10.5 (linux)[\r][\n]"
07:32:31.072 [testcontainers-lifecycle-0] DEBUG com.github.dockerjava.zerodep.shaded.org.apache.hc.client5.http.wire - http-outgoing-2 << "Transfer-Encoding: chunked[\r][\n]"
07:32:31.072 [testcontainers-lifecycle-0] DEBUG com.github.dockerjava.zerodep.shaded.org.apache.hc.client5.http.wire - http-outgoing-2 << "[\r][\n]"
07:32:31.072 [testcontainers-lifecycle-0] DEBUG com.github.dockerjava.zerodep.shaded.org.apache.hc.client5.http.headers - http-outgoing-2 << HTTP/1.1 200 OK
07:32:31.072 [testcontainers-lifecycle-0] DEBUG com.github.dockerjava.zerodep.shaded.org.apache.hc.client5.http.headers - http-outgoing-2 << Api-Version: 1.41
07:32:31.072 [testcontainers-lifecycle-0] DEBUG com.github.dockerjava.zerodep.shaded.org.apache.hc.client5.http.headers - http-outgoing-2 << Content-Type: application/json
07:32:31.072 [testcontainers-lifecycle-0] DEBUG com.github.dockerjava.zerodep.shaded.org.apache.hc.client5.http.headers - http-outgoing-2 << Date: Sun, 20 Nov 2022 07:32:31 GMT
07:32:31.072 [testcontainers-lifecycle-0] DEBUG com.github.dockerjava.zerodep.shaded.org.apache.hc.client5.http.headers - http-outgoing-2 << Docker-Experimental: false
07:32:31.072 [testcontainers-lifecycle-0] DEBUG com.github.dockerjava.zerodep.shaded.org.apache.hc.client5.http.headers - http-outgoing-2 << Ostype: linux
07:32:31.072 [testcontainers-lifecycle-0] DEBUG com.github.dockerjava.zerodep.shaded.org.apache.hc.client5.http.headers - http-outgoing-2 << Server: Docker/20.10.5 (linux)
07:32:31.072 [testcontainers-lifecycle-0] DEBUG com.github.dockerjava.zerodep.shaded.org.apache.hc.client5.http.headers - http-outgoing-2 << Transfer-Encoding: chunked
07:32:31.073 [testcontainers-lifecycle-0] DEBUG com.github.dockerjava.zerodep.shaded.org.apache.hc.client5.http.impl.classic.MainClientExec - ex-0000000B: connection can be kept alive for 3 MINUTES
07:32:31.073 [testcontainers-lifecycle-0] DEBUG com.github.dockerjava.zerodep.shaded.org.apache.hc.client5.http.wire - http-outgoing-2 << "1b3d[\r][\n]"
07:32:31.073 [testcontainers-lifecycle-0] DEBUG com.github.dockerjava.zerodep.shaded.org.apache.hc.client5.http.wire - http-outgoing-2 << "{"Id":"5e5a005fe35a80afd2f82835a662087c3acd1410439d6fb9c5e040d9f723c127","Created":"2022-11-20T07:32:27.98813084Z","Path":"/bin/tini","Args":["--","/usr/local/bin/docker-entrypoint.sh","eswrapper"],"State":{"Status":"running","Running":true,"Paused":false,"Restarting":false,"OOMKilled":false,"Dead":false,"Pid":26174,"ExitCode":0,"Error":"","StartedAt":"2022-11-20T07:32:31.062042009Z","FinishedAt":"0001-01-01T00:00:00Z"},"Image":"sha256:d090d5af83cac5a69e3992c25547b39232e72acd13fe596f7f1fad39e086a6ad","ResolvConfPath":"/var/lib/docker/containers/5e5a005fe35a80afd2f82835a662087c3acd1410439d6fb9c5e040d9f723c127/resolv.conf","HostnamePath":"/var/lib/docker/containers/5e5a005fe35a80afd2f82835a662087c3acd1410439d6fb9c5e040d9f723c127/hostname","HostsPath":"/var/lib/docker/containers/5e5a005fe35a80afd2f82835a662087c3acd1410439d6fb9c5e040d9f723c127/hosts","LogPath":"/var/lib/docker/containers/5e5a005fe35a80afd2f82835a662087c3acd1410439d6fb9c5e040d9f723c127/5e5a005fe35a80afd2f82835a662087c3acd1410439d6fb9c5e040d9f723c127-json.log","Name":"/charming_heyrovsky","RestartCount":0,"Driver":"overlay2","Platform":"linux","MountLabel":"","ProcessLabel":"","AppArmorProfile":"","ExecIDs":null,"HostConfig":{"Binds":[],"ContainerIDFile":"","LogConfig":{"Type":"json-file","Config":{}},"NetworkMode":"default","PortBindings":{"9200/tcp":[{"HostIp":"","HostPort":"9200"}],"9300/tcp":[{"HostIp":"","HostPort":"9300"}]},"RestartPolicy":{"Name":"","MaximumRetryCount":0},"AutoRemove":false,"VolumeDriver":"","VolumesFrom":[],"CapAdd":null,"CapDrop":null,"CgroupnsMode":"host","Dns":null,"DnsOptions":null,"DnsSearch":null,"ExtraHosts":[],"GroupAdd":null,"IpcMode":"shareable","Cgroup":"","Links":null,"OomScoreAdj":0,"PidMode":"","Privileged":false,"PublishAllPorts":false,"ReadonlyRootfs":false,"SecurityOpt":null,"UTSMode":"","UsernsMode":"","ShmSize":67108864,"Runtime":"runc","ConsoleSize":[0,0],"Isolation":"","CpuShares":0,"Memory":0,"NanoCpus":0,"CgroupParent":"","BlkioWeight":0,"BlkioWeightDevice":null,"BlkioDeviceReadBps":null,"BlkioDeviceWriteBps":null,"BlkioDeviceReadIOps":null,"BlkioDeviceWriteIOps":null,"CpuPeriod":0,"CpuQuota":0,"CpuRealtimePeriod":0,"CpuRealtimeRuntime":0,"CpusetCpus":"","CpusetMems":"","Devices":null,"DeviceCgroupRules":null,"DeviceRequests":null,"KernelMemory":0,"KernelMemoryTCP":0,"MemoryReservation":0,"MemorySwap":0,"MemorySwappiness":null,"OomKillDisable":false,"PidsLimit":null,"Ulimits":null,"CpuCount":0,"CpuPercent":0,"IOMaximumIOps":0,"IOMaximumBandwidth":0,"MaskedPaths":["/proc/asound","/proc/acpi","/proc/kcore","/proc/keys","/proc/latency_stats","/proc/timer_list","/proc/timer_stats","/proc/sched_debug","/proc/scsi","/sys/firmware"],"ReadonlyPaths":["/proc/bus","/proc/fs","/proc/irq","/proc/sys","/proc/sysrq-trigger"]},"GraphDriver":{"Data":{"LowerDir":"/var/lib/docker/overlay2/2eb0327b15c3f6a7be6465d964bc6d8bc9bc11cd16a7779277886c3cb2d08a1b-init/diff:/var/lib/docker/overlay2/bc3b63a206c60db86e2da0392ad561f5b508bfa887793475f745c02d3b573cb2/diff:/var/lib/docker/overlay2/eabcb94b17a7af7dfddf4064262765998bc8f38dc0d53c8e0ddcadb4c9b202f8/diff:/var/lib/docker/overlay2/8f04e03b0f5468b593f563f5d31da93b3749f4f1ae3a55b35dc26a9aec54c545/diff:/var/lib/docker/overlay2/628f142849888e7a9cb924b56f98d38aecaa0aa914671a82d5d608a0e6ca12b6/diff:/var/lib/docker/overlay2/7c89a314f9105da5a4aab17d9942286d3c7a8939aeaffdb5b9be653da8444234/diff:/var/lib/docker/overlay2/082b987b250700503c5c19fe1582e998286cddac4bf0e45679103fa406d59992/diff:/var/lib/docker/overlay2/fc2ba005f0cb0b2073250ba8afd30c58bd2a02d8788e1c73f147cac2dfd60892/diff","MergedDir":"/var/lib/docker/overlay2/2eb0327b15c3f6a7be6465d964bc6d8bc9bc11cd16a7779277886c3cb2d08a1b/merged","UpperDir":"/var/lib/docker/overlay2/2eb0327b15c3f6a7be6465d964bc6d8bc9bc11cd16a7779277886c3cb2d08a1b/diff","WorkDir":"/var/lib/docker/overlay2/2eb0327b15c3f6a7be6465d964bc6d8bc9bc11cd16a7779277886c3cb2d08a1b/work"},"Name":"overlay2"},"Mounts":[],"Config":{"Hostname":"5e5a005fe35a","Domainname":"","User":"","AttachStdin":false,"AttachStdout":false,"AttachStderr":false,"ExposedPorts":{"9200/tcp":{},"9300/tcp":{}},"Tty":false,"OpenStdin":false,"StdinOnce":false,"Env":["discovery.type=single-node","cluster.name=elasticsearch","PATH=/usr/share/elasticsearch/bin:/usr/local/sbin:/usr/local/bin:/usr/sbin:/usr/bin:/sbin:/bin","ELASTIC_CONTAINER=true"],"Cmd":["eswrapper"],"Image":"docker.elastic.co/elasticsearch/elasticsearch:7.12.1","Volumes":null,"WorkingDir":"/usr/share/elasticsearch","Entrypoint":["/bin/tini","--","/usr/local/bin/docker-entrypoint.sh"],"OnBuild":null,"Labels":{"org.label-schema.build-date":"2021-04-20T21:46:04.451368164Z","org.label-schema.license":"Elastic-License-2.0","org.label-schema.name":"Elasticsearch","org.label-schema.schema-version":"1.0","org.label-schema.url":"https://www.elastic.co/products/elasticsearch","org.label-schema.usage":"https://www.elastic.co/guide/en/elasticsearch/reference/index.html","org.label-schema.vcs-ref":"3186837139b9c6b6d23c3200870651f10d3343b7","org.label-schema.vcs-url":"https://github.com/elastic/elasticsearch","org.label-schema.vendor":"Elastic","org.label-schema.version":"7.12.1","org.opencontainers.image.created":"2021-04-20T21:46:04.451368164Z","org.opencontainers.image.documentation":"https://www.elastic.co/guide/en/elasticsearch/reference/index.html","org.opencontainers.image.licenses":"Elastic-License-2.0","org.opencontainers.image.revision":"3186837139b9c6b6d23c3200870651f10d3343b7","org.opencontainers.image.source":"https://github.com/elastic/elasticsearch","org.opencontainers.image.title":"Elasticsearch","org.opencontainers.image.url":"https://www.elastic.co/products/elasticsearch","org.opencontainers.image.vendor":"Elastic","org.opencontainers.image.version":"7.12.1","org.testcontainers":"true","org.testcontainers.lang":"java","org.testcontainers.sessionId":"c71ac4c9-df80-4afc-a65e-4c14f7b4213e","org.testcontainers.version":"1.17.6"}},"NetworkSettings":{"Bridge":"","SandboxID":"d9b08d8e033e51291a5efa23c9d5f53c26838429a26283d038b933eff1ea1ebb","HairpinMode":false,"LinkLocalIPv6Address":"","LinkLocalIPv6PrefixLen":0,"Ports":{"9200/tcp":[{"HostIp":"0.0.0.0","HostPort":"9200"}],"9300/tcp":[{"HostIp":"0.0.0.0","HostPort":"9300"}]},"SandboxKey":"/var/run/docker/netns/d9b08d8e033e","SecondaryIPAddresses":null,"SecondaryIPv6Addresses":null,"EndpointID":"8360463498e21e652a926a05070b1e67ac9d60b16a708a8418ee778d9cc355c9","Gateway":"172.17.0.1","GlobalIPv6Address":"","GlobalIPv6PrefixLen":0,"IPAddress":"172.17.0.5","IPPrefixLen":16,"IPv6Gateway":"","MacAddress":"02:42:ac:11:00:05","Networks":{"bridge":{"IPAMConfig":null,"Links":null,"Aliases":null,"NetworkID":"cd2c18d6a94a459705576abd5915413379458725e737e0c2cfcf9bb258c4cc7e","EndpointID":"8360463498e21e652a926a05070b1e67ac9d60b16a708a8418ee778d9cc355c9","Gateway":"172.17.0.1","IPAddress":"172.17.0.5","IPPrefixLen":16,"IPv6Gateway":"","GlobalIPv6Address":"","GlobalIPv6PrefixLen":0,"MacAddress":"02:42:ac:11:00:05","DriverOpts":null}}}}[\n]"
07:32:31.073 [testcontainers-lifecycle-0] DEBUG com.github.dockerjava.zerodep.shaded.org.apache.hc.client5.http.wire - http-outgoing-2 << "[\r][\n]"
07:32:31.077 [testcontainers-lifecycle-0] DEBUG com.github.dockerjava.zerodep.shaded.org.apache.hc.client5.http.wire - http-outgoing-2 << "0[\r][\n]"
07:32:31.077 [testcontainers-lifecycle-0] DEBUG com.github.dockerjava.zerodep.shaded.org.apache.hc.client5.http.wire - http-outgoing-2 << "[\r][\n]"
07:32:31.077 [testcontainers-lifecycle-0] DEBUG com.github.dockerjava.zerodep.shaded.org.apache.hc.client5.http.impl.classic.InternalHttpClient - ep-0000000A: releasing valid endpoint
07:32:31.077 [testcontainers-lifecycle-0] DEBUG com.github.dockerjava.zerodep.shaded.org.apache.hc.client5.http.impl.io.PoolingHttpClientConnectionManager - ep-0000000A: releasing endpoint
07:32:31.077 [testcontainers-lifecycle-0] DEBUG com.github.dockerjava.zerodep.shaded.org.apache.hc.client5.http.impl.io.PoolingHttpClientConnectionManager - ep-0000000A: connection http-outgoing-2 can be kept alive for 3 MINUTES
07:32:31.077 [testcontainers-lifecycle-0] DEBUG com.github.dockerjava.zerodep.shaded.org.apache.hc.client5.http.impl.io.PoolingHttpClientConnectionManager - ep-0000000A: connection released [route: {}->unix://localhost:2375][total available: 1; route allocated: 1 of 2147483647; total allocated: 1 of 2147483647]
07:32:31.078 [docker-java-stream-227155265] DEBUG com.github.dockerjava.zerodep.shaded.org.apache.hc.client5.http.impl.classic.InternalHttpClient - ex-0000000C: preparing request execution
07:32:31.078 [docker-java-stream-227155265] DEBUG com.github.dockerjava.zerodep.shaded.org.apache.hc.client5.http.protocol.RequestAddCookies - Cookie spec selected: strict
07:32:31.078 [docker-java-stream-227155265] DEBUG com.github.dockerjava.zerodep.shaded.org.apache.hc.client5.http.protocol.RequestAuthCache - Auth cache not set in the context
07:32:31.078 [docker-java-stream-227155265] DEBUG com.github.dockerjava.zerodep.shaded.org.apache.hc.client5.http.impl.classic.ProtocolExec - ex-0000000C: target auth state: UNCHALLENGED
07:32:31.078 [docker-java-stream-227155265] DEBUG com.github.dockerjava.zerodep.shaded.org.apache.hc.client5.http.impl.classic.ProtocolExec - ex-0000000C: proxy auth state: UNCHALLENGED
07:32:31.078 [docker-java-stream-227155265] DEBUG com.github.dockerjava.zerodep.shaded.org.apache.hc.client5.http.impl.classic.ConnectExec - ex-0000000C: acquiring connection with route {}->unix://localhost:2375
07:32:31.078 [docker-java-stream-227155265] DEBUG com.github.dockerjava.zerodep.shaded.org.apache.hc.client5.http.impl.classic.InternalHttpClient - ex-0000000C: acquiring endpoint (3 MINUTES)
07:32:31.078 [docker-java-stream-227155265] DEBUG com.github.dockerjava.zerodep.shaded.org.apache.hc.client5.http.impl.io.PoolingHttpClientConnectionManager - ex-0000000C: endpoint lease request (3 MINUTES) [route: {}->unix://localhost:2375][total available: 1; route allocated: 1 of 2147483647; total allocated: 1 of 2147483647]
07:32:31.078 [docker-java-stream-227155265] DEBUG com.github.dockerjava.zerodep.shaded.org.apache.hc.client5.http.impl.io.PoolingHttpClientConnectionManager - ex-0000000C: endpoint leased [route: {}->unix://localhost:2375][total available: 0; route allocated: 1 of 2147483647; total allocated: 1 of 2147483647]
07:32:31.078 [docker-java-stream-227155265] DEBUG com.github.dockerjava.zerodep.shaded.org.apache.hc.client5.http.impl.io.PoolingHttpClientConnectionManager - ex-0000000C: acquired ep-0000000B
07:32:31.078 [docker-java-stream-227155265] DEBUG com.github.dockerjava.zerodep.shaded.org.apache.hc.client5.http.impl.classic.InternalHttpClient - ex-0000000C: acquired endpoint ep-0000000B
07:32:31.078 [docker-java-stream-227155265] DEBUG com.github.dockerjava.zerodep.shaded.org.apache.hc.client5.http.impl.classic.MainClientExec - ex-0000000C: executing GET /v1.32/containers/5e5a005fe35a80afd2f82835a662087c3acd1410439d6fb9c5e040d9f723c127/logs?stdout=true&stderr=true&follow=true&since=0 HTTP/1.1
07:32:31.078 [docker-java-stream-227155265] DEBUG com.github.dockerjava.zerodep.shaded.org.apache.hc.client5.http.impl.classic.InternalHttpClient - ep-0000000B: start execution ex-0000000C
07:32:31.078 [docker-java-stream-227155265] DEBUG com.github.dockerjava.zerodep.shaded.org.apache.hc.client5.http.impl.io.PoolingHttpClientConnectionManager - ep-0000000B: executing exchange ex-0000000C over http-outgoing-2
07:32:31.079 [docker-java-stream-227155265] DEBUG com.github.dockerjava.zerodep.shaded.org.apache.hc.client5.http.headers - http-outgoing-2 >> GET /v1.32/containers/5e5a005fe35a80afd2f82835a662087c3acd1410439d6fb9c5e040d9f723c127/logs?stdout=true&stderr=true&follow=true&since=0 HTTP/1.1
07:32:31.079 [docker-java-stream-227155265] DEBUG com.github.dockerjava.zerodep.shaded.org.apache.hc.client5.http.headers - http-outgoing-2 >> x-tc-sid: c71ac4c9-df80-4afc-a65e-4c14f7b4213e
07:32:31.079 [docker-java-stream-227155265] DEBUG com.github.dockerjava.zerodep.shaded.org.apache.hc.client5.http.headers - http-outgoing-2 >> Accept-Encoding: gzip, x-gzip, deflate
07:32:31.079 [docker-java-stream-227155265] DEBUG com.github.dockerjava.zerodep.shaded.org.apache.hc.client5.http.headers - http-outgoing-2 >> Host: localhost:2375
07:32:31.079 [docker-java-stream-227155265] DEBUG com.github.dockerjava.zerodep.shaded.org.apache.hc.client5.http.headers - http-outgoing-2 >> Connection: keep-alive
07:32:31.079 [docker-java-stream-227155265] DEBUG com.github.dockerjava.zerodep.shaded.org.apache.hc.client5.http.headers - http-outgoing-2 >> User-Agent: Apache-HttpClient/5.0.3 (Java/17)
07:32:31.079 [docker-java-stream-227155265] DEBUG com.github.dockerjava.zerodep.shaded.org.apache.hc.client5.http.wire - http-outgoing-2 >> "GET /v1.32/containers/5e5a005fe35a80afd2f82835a662087c3acd1410439d6fb9c5e040d9f723c127/logs?stdout=true&stderr=true&follow=true&since=0 HTTP/1.1[\r][\n]"
07:32:31.079 [docker-java-stream-227155265] DEBUG com.github.dockerjava.zerodep.shaded.org.apache.hc.client5.http.wire - http-outgoing-2 >> "x-tc-sid: c71ac4c9-df80-4afc-a65e-4c14f7b4213e[\r][\n]"
07:32:31.079 [docker-java-stream-227155265] DEBUG com.github.dockerjava.zerodep.shaded.org.apache.hc.client5.http.wire - http-outgoing-2 >> "Accept-Encoding: gzip, x-gzip, deflate[\r][\n]"
07:32:31.079 [docker-java-stream-227155265] DEBUG com.github.dockerjava.zerodep.shaded.org.apache.hc.client5.http.wire - http-outgoing-2 >> "Host: localhost:2375[\r][\n]"
07:32:31.079 [docker-java-stream-227155265] DEBUG com.github.dockerjava.zerodep.shaded.org.apache.hc.client5.http.wire - http-outgoing-2 >> "Connection: keep-alive[\r][\n]"
07:32:31.079 [docker-java-stream-227155265] DEBUG com.github.dockerjava.zerodep.shaded.org.apache.hc.client5.http.wire - http-outgoing-2 >> "User-Agent: Apache-HttpClient/5.0.3 (Java/17)[\r][\n]"
07:32:31.079 [docker-java-stream-227155265] DEBUG com.github.dockerjava.zerodep.shaded.org.apache.hc.client5.http.wire - http-outgoing-2 >> "[\r][\n]"
07:32:31.080 [docker-java-stream-227155265] DEBUG com.github.dockerjava.zerodep.shaded.org.apache.hc.client5.http.wire - http-outgoing-2 << "HTTP/1.1 200 OK[\r][\n]"
07:32:31.080 [docker-java-stream-227155265] DEBUG com.github.dockerjava.zerodep.shaded.org.apache.hc.client5.http.wire - http-outgoing-2 << "Api-Version: 1.41[\r][\n]"
07:32:31.080 [docker-java-stream-227155265] DEBUG com.github.dockerjava.zerodep.shaded.org.apache.hc.client5.http.wire - http-outgoing-2 << "Date: Sun, 20 Nov 2022 07:32:31 GMT[\r][\n]"
07:32:31.080 [docker-java-stream-227155265] DEBUG com.github.dockerjava.zerodep.shaded.org.apache.hc.client5.http.wire - http-outgoing-2 << "Docker-Experimental: false[\r][\n]"
07:32:31.080 [docker-java-stream-227155265] DEBUG com.github.dockerjava.zerodep.shaded.org.apache.hc.client5.http.wire - http-outgoing-2 << "Ostype: linux[\r][\n]"
07:32:31.080 [docker-java-stream-227155265] DEBUG com.github.dockerjava.zerodep.shaded.org.apache.hc.client5.http.wire - http-outgoing-2 << "Server: Docker/20.10.5 (linux)[\r][\n]"
07:32:31.080 [docker-java-stream-227155265] DEBUG com.github.dockerjava.zerodep.shaded.org.apache.hc.client5.http.wire - http-outgoing-2 << "Transfer-Encoding: chunked[\r][\n]"
07:32:31.080 [docker-java-stream-227155265] DEBUG com.github.dockerjava.zerodep.shaded.org.apache.hc.client5.http.wire - http-outgoing-2 << "[\r][\n]"
07:32:31.080 [docker-java-stream-227155265] DEBUG com.github.dockerjava.zerodep.shaded.org.apache.hc.client5.http.headers - http-outgoing-2 << HTTP/1.1 200 OK
07:32:31.080 [docker-java-stream-227155265] DEBUG com.github.dockerjava.zerodep.shaded.org.apache.hc.client5.http.headers - http-outgoing-2 << Api-Version: 1.41
07:32:31.080 [docker-java-stream-227155265] DEBUG com.github.dockerjava.zerodep.shaded.org.apache.hc.client5.http.headers - http-outgoing-2 << Date: Sun, 20 Nov 2022 07:32:31 GMT
07:32:31.080 [docker-java-stream-227155265] DEBUG com.github.dockerjava.zerodep.shaded.org.apache.hc.client5.http.headers - http-outgoing-2 << Docker-Experimental: false
07:32:31.080 [docker-java-stream-227155265] DEBUG com.github.dockerjava.zerodep.shaded.org.apache.hc.client5.http.headers - http-outgoing-2 << Ostype: linux
07:32:31.080 [docker-java-stream-227155265] DEBUG com.github.dockerjava.zerodep.shaded.org.apache.hc.client5.http.headers - http-outgoing-2 << Server: Docker/20.10.5 (linux)
07:32:31.080 [docker-java-stream-227155265] DEBUG com.github.dockerjava.zerodep.shaded.org.apache.hc.client5.http.headers - http-outgoing-2 << Transfer-Encoding: chunked
07:32:31.081 [docker-java-stream-227155265] DEBUG com.github.dockerjava.zerodep.shaded.org.apache.hc.client5.http.impl.classic.MainClientExec - ex-0000000C: connection can be kept alive for 3 MINUTES
07:32:33.495 [docker-java-stream-227155265] DEBUG com.github.dockerjava.zerodep.shaded.org.apache.hc.client5.http.wire - http-outgoing-2 << "7f1[\r][\n]"
07:32:33.495 [docker-java-stream-227155265] DEBUG com.github.dockerjava.zerodep.shaded.org.apache.hc.client5.http.wire - http-outgoing-2 << "[0x1][0x0][0x0][0x0][0x0][0x0][0x1][0xffffff85]{"type": "server", "timestamp": "2022-11-20T07:32:33,491Z", "level": "INFO", "component": "o.e.n.Node", "cluster.name": "elasticsearch", "node.name": "5e5a005fe35a", "message": "version[7.12.1], pid[8], build[default/docker/3186837139b9c6b6d23c3200870651f10d3343b7/2021-04-20T20:56:39.040728659Z], OS[Linux/5.10.25-linuxkit/aarch64], JVM[AdoptOpenJDK/OpenJDK 64-Bit Server VM/16/16+36]" }[\n]"
07:32:33.495 [docker-java-stream-227155265] DEBUG com.github.dockerjava.zerodep.shaded.org.apache.hc.client5.http.wire - http-outgoing-2 << "[0x1][0x0][0x0][0x0][0x0][0x0][0x0][0xfffffff7]{"type": "server", "timestamp": "2022-11-20T07:32:33,492Z", "level": "INFO", "component": "o.e.n.Node", "cluster.name": "elasticsearch", "node.name": "5e5a005fe35a", "message": "JVM home [/usr/share/elasticsearch/jdk], using bundled JDK [true]" }[\n]"
07:32:33.496 [docker-java-stream-227155265] DEBUG com.github.dockerjava.zerodep.shaded.org.apache.hc.client5.http.wire - http-outgoing-2 << "[0x1][0x0][0x0][0x0][0x0][0x0][0x5]]{"type": "server", "timestamp": "2022-11-20T07:32:33,492Z", "level": "INFO", "component": "o.e.n.Node", "cluster.name": "elasticsearch", "node.name": "5e5a005fe35a", "message": "JVM arguments [-Xshare:auto, -Des.networkaddress.cache.ttl=60, -Des.networkaddress.cache.negative.ttl=10, -XX:+AlwaysPreTouch, -Xss1m, -Djava.awt.headless=true, -Dfile.encoding=UTF-8, -Djna.nosys=true, -XX:-OmitStackTraceInFastThrow, -XX:+ShowCodeDetailsInExceptionMessages, -Dio.netty.noUnsafe=true, -Dio.netty.noKeySetOptimization=true, -Dio.netty.recycler.maxCapacityPerThread=0, -Dio.netty.allocator.numDirectArenas=0, -Dlog4j.shutdownHookEnabled=false, -Dlog4j2.disable.jmx=true, -Djava.locale.providers=SPI,COMPAT, --add-opens=java.base/java.io=ALL-UNNAMED, -XX:+UseG1GC, -Djava.io.tmpdir=/tmp/elasticsearch-12767108126837455378, -XX:+HeapDumpOnOutOfMemoryError, -XX:HeapDumpPath=data, -XX:ErrorFile=logs/hs_err_pid%p.log, -Xlog:gc*,gc+age=trace,safepoint:file=logs/gc.log:utctime,pid,tags:filecount=32,filesize=64m, -Xms2147483648, -Xmx2147483648, -Des.cgroups.hierarchy.override=/, -XX:MaxDirectMemorySize=1073741824, -XX:G1HeapRegionSize=4m, -XX:InitiatingHeapOccupancyPercent=30, -XX:G1ReservePercent=15, -Des.path.home=/usr/share/elasticsearch, -Des.path.conf=/usr/share/elasticsearch/config, -Des.distribution.flavor=default, -Des.distribution.type=docker, -Des.bundled_jdk=true]" }[\n]"
07:32:33.496 [docker-java-stream-227155265] DEBUG com.github.dockerjava.zerodep.shaded.org.apache.hc.client5.http.wire - http-outgoing-2 << "[\r][\n]"
07:32:33.496 [testcontainers-lifecycle-0] DEBUG org.testcontainers.containers.output.WaitingConsumer - STDOUT: {"type": "server", "timestamp": "2022-11-20T07:32:33,492Z", "level": "INFO", "component": "o.e.n.Node", "cluster.name": "elasticsearch", "node.name": "5e5a005fe35a", "message": "JVM home [/usr/share/elasticsearch/jdk], using bundled JDK [true]" }
07:32:33.496 [testcontainers-lifecycle-0] DEBUG org.testcontainers.containers.output.WaitingConsumer - STDOUT: 7483648, -Des.cgroups.hierarchy.override=/, -XX:MaxDirectMemorySize=1073741824, -XX:G1HeapRegionSize=4m, -XX:InitiatingHeapOccupancyPercent=30, -XX:G1ReservePercent=15, -Des.path.home=/usr/share/elasticsearch, -Des.path.conf=/usr/share/elasticsearch/config, -Des.distribution.flavor=default, -Des.distribution.type=docker, -Des.bundled_jdk=true]" }
07:32:33.497 [testcontainers-lifecycle-0] DEBUG org.testcontainers.containers.output.WaitingConsumer - STDOUT: {"type": "server", "timestamp": "2022-11-20T07:32:33,492Z", "level": "INFO", "component": "o.e.n.Node", "cluster.name": "elasticsearch", "node.name": "5e5a005fe35a", "message": "JVM arguments [-Xshare:auto, -Des.networkaddress.cache.ttl=60, -Des.networkaddress.cache.negative.ttl=10, -XX:+AlwaysPreTouch, -Xss1m, -Djava.awt.headless=true, -Dfile.encoding=UTF-8, -Djna.nosys=true, -XX:-OmitStackTraceInFastThrow, -XX:+ShowCodeDetailsInExceptionMessages, -Dio.netty.noUnsafe=true, -Dio.netty.noKeySetOptimization=true, -Dio.netty.recycler.maxCapacityPerThread=0, -Dio.netty.allocator.numDirectArenas=0, -Dlog4j.shutdownHookEnabled=false, -Dlog4j2.disable.jmx=true, -Djava.locale.providers=SPI,COMPAT, --add-opens=java.base/java.io=ALL-UNNAMED, -XX:+UseG1GC, -Djava.io.tmpdir=/tmp/elasticsearch-12767108126837455378, -XX:+HeapDumpOnOutOfMemoryError, -XX:HeapDumpPath=data, -XX:ErrorFile=logs/hs_err_pid%p.log, -Xlog:gc*,gc+age=trace,safepoint:file=logs/gc.log:utctime,pid,tags:filecount=32,filesize=64m, -Xms2147483648, -Xmx214
07:32:33.497 [testcontainers-lifecycle-0] DEBUG org.testcontainers.containers.output.WaitingConsumer - STDOUT: {"type": "server", "timestamp": "2022-11-20T07:32:33,491Z", "level": "INFO", "component": "o.e.n.Node", "cluster.name": "elasticsearch", "node.name": "5e5a005fe35a", "message": "version[7.12.1], pid[8], build[default/docker/3186837139b9c6b6d23c3200870651f10d3343b7/2021-04-20T20:56:39.040728659Z], OS[Linux/5.10.25-linuxkit/aarch64], JVM[AdoptOpenJDK/OpenJDK 64-Bit Server VM/16/16+36]" }
07:32:34.827 [docker-java-stream-227155265] DEBUG com.github.dockerjava.zerodep.shaded.org.apache.hc.client5.http.wire - http-outgoing-2 << "648[\r][\n]"
07:32:34.827 [docker-java-stream-227155265] DEBUG com.github.dockerjava.zerodep.shaded.org.apache.hc.client5.http.wire - http-outgoing-2 << "[0x1][0x0][0x0][0x0][0x0][0x0][0x0][0xffffffe1]{"type": "server", "timestamp": "2022-11-20T07:32:34,825Z", "level": "INFO", "component": "o.e.p.PluginsService", "cluster.name": "elasticsearch", "node.name": "5e5a005fe35a", "message": "loaded module [aggs-matrix-stats]" }[\n]"
07:32:34.827 [docker-java-stream-227155265] DEBUG com.github.dockerjava.zerodep.shaded.org.apache.hc.client5.http.wire - http-outgoing-2 << "[0x1][0x0][0x0][0x0][0x0][0x0][0x0][0xffffffdf]{"type": "server", "timestamp": "2022-11-20T07:32:34,825Z", "level": "INFO", "component": "o.e.p.PluginsService", "cluster.name": "elasticsearch", "node.name": "5e5a005fe35a", "message": "loaded module [analysis-common]" }[\n]"
07:32:34.827 [docker-java-stream-227155265] DEBUG com.github.dockerjava.zerodep.shaded.org.apache.hc.client5.http.wire - http-outgoing-2 << "[0x1][0x0][0x0][0x0][0x0][0x0][0x0][0xffffffe0]{"type": "server", "timestamp": "2022-11-20T07:32:34,825Z", "level": "INFO", "component": "o.e.p.PluginsService", "cluster.name": "elasticsearch", "node.name": "5e5a005fe35a", "message": "loaded module [constant-keyword]" }[\n]"
07:32:34.827 [docker-java-stream-227155265] DEBUG com.github.dockerjava.zerodep.shaded.org.apache.hc.client5.http.wire - http-outgoing-2 << "[0x1][0x0][0x0][0x0][0x0][0x0][0x0][0xffffffd9]{"type": "server", "timestamp": "2022-11-20T07:32:34,825Z", "level": "INFO", "component": "o.e.p.PluginsService", "cluster.name": "elasticsearch", "node.name": "5e5a005fe35a", "message": "loaded module [flattened]" }[\n]"
07:32:34.827 [docker-java-stream-227155265] DEBUG com.github.dockerjava.zerodep.shaded.org.apache.hc.client5.http.wire - http-outgoing-2 << "[0x1][0x0][0x0][0x0][0x0][0x0][0x0][0xffffffde]{"type": "server", "timestamp": "2022-11-20T07:32:34,825Z", "level": "INFO", "component": "o.e.p.PluginsService", "cluster.name": "elasticsearch", "node.name": "5e5a005fe35a", "message": "loaded module [frozen-indices]" }[\n]"
07:32:34.827 [docker-java-stream-227155265] DEBUG com.github.dockerjava.zerodep.shaded.org.apache.hc.client5.http.wire - http-outgoing-2 << "[0x1][0x0][0x0][0x0][0x0][0x0][0x0][0xffffffdd]{"type": "server", "timestamp": "2022-11-20T07:32:34,826Z", "level": "INFO", "component": "o.e.p.PluginsService", "cluster.name": "elasticsearch", "node.name": "5e5a005fe35a", "message": "loaded module [ingest-common]" }[\n]"
07:32:34.827 [docker-java-stream-227155265] DEBUG com.github.dockerjava.zerodep.shaded.org.apache.hc.client5.http.wire - http-outgoing-2 << "[0x1][0x0][0x0][0x0][0x0][0x0][0x0][0xffffffdc]{"type": "server", "timestamp": "2022-11-20T07:32:34,826Z", "level": "INFO", "component": "o.e.p.PluginsService", "cluster.name": "elasticsearch", "node.name": "5e5a005fe35a", "message": "loaded module [ingest-geoip]" }[\n]"
07:32:34.827 [docker-java-stream-227155265] DEBUG com.github.dockerjava.zerodep.shaded.org.apache.hc.client5.http.wire - http-outgoing-2 << "[\r][\n]"
07:32:34.827 [testcontainers-lifecycle-0] DEBUG org.testcontainers.containers.output.WaitingConsumer - STDOUT: {"type": "server", "timestamp": "2022-11-20T07:32:34,825Z", "level": "INFO", "component": "o.e.p.PluginsService", "cluster.name": "elasticsearch", "node.name": "5e5a005fe35a", "message": "loaded module [aggs-matrix-stats]" }
07:32:34.827 [docker-java-stream-227155265] DEBUG com.github.dockerjava.zerodep.shaded.org.apache.hc.client5.http.wire - http-outgoing-2 << "1c7[\r][\n]"
07:32:34.827 [docker-java-stream-227155265] DEBUG com.github.dockerjava.zerodep.shaded.org.apache.hc.client5.http.wire - http-outgoing-2 << "[0x1][0x0][0x0][0x0][0x0][0x0][0x0][0xffffffe1]{"type": "server", "timestamp": "2022-11-20T07:32:34,826Z", "level": "INFO", "component": "o.e.p.PluginsService", "cluster.name": "elasticsearch", "node.name": "5e5a005fe35a", "message": "loaded module [ingest-user-agent]" }[\n]"
07:32:34.827 [docker-java-stream-227155265] DEBUG com.github.dockerjava.zerodep.shaded.org.apache.hc.client5.http.wire - http-outgoing-2 << "[0x1][0x0][0x0][0x0][0x0][0x0][0x0][0xffffffd6]{"type": "server", "timestamp": "2022-11-20T07:32:34,826Z", "level": "INFO", "component": "o.e.p.PluginsService", "cluster.name": "elasticsearch", "node.name": "5e5a005fe35a", "message": "loaded module [kibana]" }[\n]"
07:32:34.827 [docker-java-stream-227155265] DEBUG com.github.dockerjava.zerodep.shaded.org.apache.hc.client5.http.wire - http-outgoing-2 << "[\r][\n]"
07:32:34.827 [docker-java-stream-227155265] DEBUG com.github.dockerjava.zerodep.shaded.org.apache.hc.client5.http.wire - http-outgoing-2 << "2b1[\r][\n]"
07:32:34.827 [docker-java-stream-227155265] DEBUG com.github.dockerjava.zerodep.shaded.org.apache.hc.client5.http.wire - http-outgoing-2 << "[0x1][0x0][0x0][0x0][0x0][0x0][0x0][0xffffffdf]{"type": "server", "timestamp": "2022-11-20T07:32:34,826Z", "level": "INFO", "component": "o.e.p.PluginsService", "cluster.name": "elasticsearch", "node.name": "5e5a005fe35a", "message": "loaded module [lang-expression]" }[\n]"
07:32:34.827 [testcontainers-lifecycle-0] DEBUG org.testcontainers.containers.output.WaitingConsumer - STDOUT: {"type": "server", "timestamp": "2022-11-20T07:32:34,826Z", "level": "INFO", "component": "o.e.p.PluginsService", "cluster.name": "elasticsearch", "node.name": "5e5a005fe35a", "message": "loaded module [ingest-geoip]" }
07:32:34.827 [docker-java-stream-227155265] DEBUG com.github.dockerjava.zerodep.shaded.org.apache.hc.client5.http.wire - http-outgoing-2 << "[0x1][0x0][0x0][0x0][0x0][0x0][0x0][0xffffffdd]{"type": "server", "timestamp": "2022-11-20T07:32:34,826Z", "level": "INFO", "component": "o.e.p.PluginsService", "cluster.name": "elasticsearch", "node.name": "5e5a005fe35a", "message": "loaded module [lang-mustache]" }[\n]"
07:32:34.827 [docker-java-stream-227155265] DEBUG com.github.dockerjava.zerodep.shaded.org.apache.hc.client5.http.wire - http-outgoing-2 << "[0x1][0x0][0x0][0x0][0x0][0x0][0x0][0xffffffdd]{"type": "server", "timestamp": "2022-11-20T07:32:34,827Z", "level": "INFO", "component": "o.e.p.PluginsService", "cluster.name": "elasticsearch", "node.name": "5e5a005fe35a", "message": "loaded module [lang-painless]" }[\n]"
07:32:34.827 [docker-java-stream-227155265] DEBUG com.github.dockerjava.zerodep.shaded.org.apache.hc.client5.http.wire - http-outgoing-2 << "[\r][\n]"
07:32:34.828 [testcontainers-lifecycle-0] DEBUG org.testcontainers.containers.output.WaitingConsumer - STDOUT: {"type": "server", "timestamp": "2022-11-20T07:32:34,827Z", "level": "INFO", "component": "o.e.p.PluginsService", "cluster.name": "elasticsearch", "node.name": "5e5a005fe35a", "message": "loaded module [lang-painless]" }
07:32:34.828 [docker-java-stream-227155265] DEBUG com.github.dockerjava.zerodep.shaded.org.apache.hc.client5.http.wire - http-outgoing-2 << "1cb[\r][\n]"
07:32:34.828 [docker-java-stream-227155265] DEBUG com.github.dockerjava.zerodep.shaded.org.apache.hc.client5.http.wire - http-outgoing-2 << "[0x1][0x0][0x0][0x0][0x0][0x0][0x0][0xffffffdd]{"type": "server", "timestamp": "2022-11-20T07:32:34,827Z", "level": "INFO", "component": "o.e.p.PluginsService", "cluster.name": "elasticsearch", "node.name": "5e5a005fe35a", "message": "loaded module [mapper-extras]" }[\n]"
07:32:34.828 [docker-java-stream-227155265] DEBUG com.github.dockerjava.zerodep.shaded.org.apache.hc.client5.http.wire - http-outgoing-2 << "[0x1][0x0][0x0][0x0][0x0][0x0][0x0][0xffffffde]{"type": "server", "timestamp": "2022-11-20T07:32:34,827Z", "level": "INFO", "component": "o.e.p.PluginsService", "cluster.name": "elasticsearch", "node.name": "5e5a005fe35a", "message": "loaded module [mapper-version]" }[\n]"
07:32:34.828 [docker-java-stream-227155265] DEBUG com.github.dockerjava.zerodep.shaded.org.apache.hc.client5.http.wire - http-outgoing-2 << "[\r][\n]"
07:32:34.828 [testcontainers-lifecycle-0] DEBUG org.testcontainers.containers.output.WaitingConsumer - STDOUT: {"type": "server", "timestamp": "2022-11-20T07:32:34,826Z", "level": "INFO", "component": "o.e.p.PluginsService", "cluster.name": "elasticsearch", "node.name": "5e5a005fe35a", "message": "loaded module [lang-mustache]" }
07:32:34.828 [testcontainers-lifecycle-0] DEBUG org.testcontainers.containers.output.WaitingConsumer - STDOUT: {"type": "server", "timestamp": "2022-11-20T07:32:34,827Z", "level": "INFO", "component": "o.e.p.PluginsService", "cluster.name": "elasticsearch", "node.name": "5e5a005fe35a", "message": "loaded module [mapper-version]" }
07:32:34.828 [docker-java-stream-227155265] DEBUG com.github.dockerjava.zerodep.shaded.org.apache.hc.client5.http.wire - http-outgoing-2 << "1c5[\r][\n]"
07:32:34.828 [docker-java-stream-227155265] DEBUG com.github.dockerjava.zerodep.shaded.org.apache.hc.client5.http.wire - http-outgoing-2 << "[0x1][0x0][0x0][0x0][0x0][0x0][0x0][0xffffffdb]{"type": "server", "timestamp": "2022-11-20T07:32:34,828Z", "level": "INFO", "component": "o.e.p.PluginsService", "cluster.name": "elasticsearch", "node.name": "5e5a005fe35a", "message": "loaded module [parent-join]" }[\n]"
07:32:34.828 [docker-java-stream-227155265] DEBUG com.github.dockerjava.zerodep.shaded.org.apache.hc.client5.http.wire - http-outgoing-2 << "[0x1][0x0][0x0][0x0][0x0][0x0][0x0][0xffffffda]{"type": "server", "timestamp": "2022-11-20T07:32:34,828Z", "level": "INFO", "component": "o.e.p.PluginsService", "cluster.name": "elasticsearch", "node.name": "5e5a005fe35a", "message": "loaded module [percolator]" }[\n]"
07:32:34.828 [docker-java-stream-227155265] DEBUG com.github.dockerjava.zerodep.shaded.org.apache.hc.client5.http.wire - http-outgoing-2 << "[\r][\n]"
07:32:34.828 [testcontainers-lifecycle-0] DEBUG org.testcontainers.containers.output.WaitingConsumer - STDOUT: {"type": "server", "timestamp": "2022-11-20T07:32:34,827Z", "level": "INFO", "component": "o.e.p.PluginsService", "cluster.name": "elasticsearch", "node.name": "5e5a005fe35a", "message": "loaded module [mapper-extras]" }
07:32:34.828 [docker-java-stream-227155265] DEBUG com.github.dockerjava.zerodep.shaded.org.apache.hc.client5.http.wire - http-outgoing-2 << "e1[\r][\n]"
07:32:34.828 [docker-java-stream-227155265] DEBUG com.github.dockerjava.zerodep.shaded.org.apache.hc.client5.http.wire - http-outgoing-2 << "[0x1][0x0][0x0][0x0][0x0][0x0][0x0][0xffffffd9]{"type": "server", "timestamp": "2022-11-20T07:32:34,828Z", "level": "INFO", "component": "o.e.p.PluginsService", "cluster.name": "elasticsearch", "node.name": "5e5a005fe35a", "message": "loaded module [rank-eval]" }[\n]"
07:32:34.828 [docker-java-stream-227155265] DEBUG com.github.dockerjava.zerodep.shaded.org.apache.hc.client5.http.wire - http-outgoing-2 << "[\r][\n]"
07:32:34.828 [testcontainers-lifecycle-0] DEBUG org.testcontainers.containers.output.WaitingConsumer - STDOUT: {"type": "server", "timestamp": "2022-11-20T07:32:34,828Z", "level": "INFO", "component": "o.e.p.PluginsService", "cluster.name": "elasticsearch", "node.name": "5e5a005fe35a", "message": "loaded module [rank-eval]" }
07:32:34.828 [testcontainers-lifecycle-0] DEBUG org.testcontainers.containers.output.WaitingConsumer - STDOUT: {"type": "server", "timestamp": "2022-11-20T07:32:34,828Z", "level": "INFO", "component": "o.e.p.PluginsService", "cluster.name": "elasticsearch", "node.name": "5e5a005fe35a", "message": "loaded module [percolator]" }
07:32:34.828 [docker-java-stream-227155265] DEBUG com.github.dockerjava.zerodep.shaded.org.apache.hc.client5.http.wire - http-outgoing-2 << "1d0[\r][\n]"
07:32:34.828 [docker-java-stream-227155265] DEBUG com.github.dockerjava.zerodep.shaded.org.apache.hc.client5.http.wire - http-outgoing-2 << "[0x1][0x0][0x0][0x0][0x0][0x0][0x0][0xffffffd7]{"type": "server", "timestamp": "2022-11-20T07:32:34,828Z", "level": "INFO", "component": "o.e.p.PluginsService", "cluster.name": "elasticsearch", "node.name": "5e5a005fe35a", "message": "loaded module [reindex]" }[\n]"
07:32:34.828 [docker-java-stream-227155265] DEBUG com.github.dockerjava.zerodep.shaded.org.apache.hc.client5.http.wire - http-outgoing-2 << "[0x1][0x0][0x0][0x0][0x0][0x0][0x0][0xffffffe9]{"type": "server", "timestamp": "2022-11-20T07:32:34,828Z", "level": "INFO", "component": "o.e.p.PluginsService", "cluster.name": "elasticsearch", "node.name": "5e5a005fe35a", "message": "loaded module [repositories-metering-api]" }[\n]"
07:32:34.828 [docker-java-stream-227155265] DEBUG com.github.dockerjava.zerodep.shaded.org.apache.hc.client5.http.wire - http-outgoing-2 << "[\r][\n]"
07:32:34.828 [testcontainers-lifecycle-0] DEBUG org.testcontainers.containers.output.WaitingConsumer - STDOUT: {"type": "server", "timestamp": "2022-11-20T07:32:34,828Z", "level": "INFO", "component": "o.e.p.PluginsService", "cluster.name": "elasticsearch", "node.name": "5e5a005fe35a", "message": "loaded module [repositories-metering-api]" }
07:32:34.829 [testcontainers-lifecycle-0] DEBUG org.testcontainers.containers.output.WaitingConsumer - STDOUT: {"type": "server", "timestamp": "2022-11-20T07:32:34,828Z", "level": "INFO", "component": "o.e.p.PluginsService", "cluster.name": "elasticsearch", "node.name": "5e5a005fe35a", "message": "loaded module [reindex]" }
07:32:34.829 [docker-java-stream-227155265] DEBUG com.github.dockerjava.zerodep.shaded.org.apache.hc.client5.http.wire - http-outgoing-2 << "1d2[\r][\n]"
07:32:34.829 [docker-java-stream-227155265] DEBUG com.github.dockerjava.zerodep.shaded.org.apache.hc.client5.http.wire - http-outgoing-2 << "[0x1][0x0][0x0][0x0][0x0][0x0][0x0][0xffffffe4]{"type": "server", "timestamp": "2022-11-20T07:32:34,828Z", "level": "INFO", "component": "o.e.p.PluginsService", "cluster.name": "elasticsearch", "node.name": "5e5a005fe35a", "message": "loaded module [repository-encrypted]" }[\n]"
07:32:34.829 [docker-java-stream-227155265] DEBUG com.github.dockerjava.zerodep.shaded.org.apache.hc.client5.http.wire - http-outgoing-2 << "[0x1][0x0][0x0][0x0][0x0][0x0][0x0][0xffffffde]{"type": "server", "timestamp": "2022-11-20T07:32:34,828Z", "level": "INFO", "component": "o.e.p.PluginsService", "cluster.name": "elasticsearch", "node.name": "5e5a005fe35a", "message": "loaded module [repository-url]" }[\n]"
07:32:34.829 [docker-java-stream-227155265] DEBUG com.github.dockerjava.zerodep.shaded.org.apache.hc.client5.http.wire - http-outgoing-2 << "[\r][\n]"
07:32:34.829 [testcontainers-lifecycle-0] DEBUG org.testcontainers.containers.output.WaitingConsumer - STDOUT: {"type": "server", "timestamp": "2022-11-20T07:32:34,828Z", "level": "INFO", "component": "o.e.p.PluginsService", "cluster.name": "elasticsearch", "node.name": "5e5a005fe35a", "message": "loaded module [repository-encrypted]" }
07:32:34.829 [testcontainers-lifecycle-0] DEBUG org.testcontainers.containers.output.WaitingConsumer - STDOUT: {"type": "server", "timestamp": "2022-11-20T07:32:34,828Z", "level": "INFO", "component": "o.e.p.PluginsService", "cluster.name": "elasticsearch", "node.name": "5e5a005fe35a", "message": "loaded module [repository-url]" }
07:32:34.829 [testcontainers-lifecycle-0] DEBUG org.testcontainers.containers.output.WaitingConsumer - STDOUT: {"type": "server", "timestamp": "2022-11-20T07:32:34,828Z", "level": "INFO", "component": "o.e.p.PluginsService", "cluster.name": "elasticsearch", "node.name": "5e5a005fe35a", "message": "loaded module [parent-join]" }
07:32:34.829 [testcontainers-lifecycle-0] DEBUG org.testcontainers.containers.output.WaitingConsumer - STDOUT: {"type": "server", "timestamp": "2022-11-20T07:32:34,826Z", "level": "INFO", "component": "o.e.p.PluginsService", "cluster.name": "elasticsearch", "node.name": "5e5a005fe35a", "message": "loaded module [lang-expression]" }
07:32:34.829 [docker-java-stream-227155265] DEBUG com.github.dockerjava.zerodep.shaded.org.apache.hc.client5.http.wire - http-outgoing-2 << "3a6[\r][\n]"
07:32:34.829 [docker-java-stream-227155265] DEBUG com.github.dockerjava.zerodep.shaded.org.apache.hc.client5.http.wire - http-outgoing-2 << "[0x1][0x0][0x0][0x0][0x0][0x0][0x0][0xffffffe5]{"type": "server", "timestamp": "2022-11-20T07:32:34,829Z", "level": "INFO", "component": "o.e.p.PluginsService", "cluster.name": "elasticsearch", "node.name": "5e5a005fe35a", "message": "loaded module [search-business-rules]" }[\n]"
07:32:34.829 [docker-java-stream-227155265] DEBUG com.github.dockerjava.zerodep.shaded.org.apache.hc.client5.http.wire - http-outgoing-2 << "[0x1][0x0][0x0][0x0][0x0][0x0][0x0][0xffffffe4]{"type": "server", "timestamp": "2022-11-20T07:32:34,829Z", "level": "INFO", "component": "o.e.p.PluginsService", "cluster.name": "elasticsearch", "node.name": "5e5a005fe35a", "message": "loaded module [searchable-snapshots]" }[\n]"
07:32:34.829 [docker-java-stream-227155265] DEBUG com.github.dockerjava.zerodep.shaded.org.apache.hc.client5.http.wire - http-outgoing-2 << "[0x1][0x0][0x0][0x0][0x0][0x0][0x0][0xffffffe6]{"type": "server", "timestamp": "2022-11-20T07:32:34,829Z", "level": "INFO", "component": "o.e.p.PluginsService", "cluster.name": "elasticsearch", "node.name": "5e5a005fe35a", "message": "loaded module [snapshot-repo-test-kit]" }[\n]"
07:32:34.829 [testcontainers-lifecycle-0] DEBUG org.testcontainers.containers.output.WaitingConsumer - STDOUT: {"type": "server", "timestamp": "2022-11-20T07:32:34,826Z", "level": "INFO", "component": "o.e.p.PluginsService", "cluster.name": "elasticsearch", "node.name": "5e5a005fe35a", "message": "loaded module [kibana]" }
07:32:34.829 [docker-java-stream-227155265] DEBUG com.github.dockerjava.zerodep.shaded.org.apache.hc.client5.http.wire - http-outgoing-2 << "[0x1][0x0][0x0][0x0][0x0][0x0][0x0][0xffffffd7]{"type": "server", "timestamp": "2022-11-20T07:32:34,829Z", "level": "INFO", "component": "o.e.p.PluginsService", "cluster.name": "elasticsearch", "node.name": "5e5a005fe35a", "message": "loaded module [spatial]" }[\n]"
07:32:34.829 [docker-java-stream-227155265] DEBUG com.github.dockerjava.zerodep.shaded.org.apache.hc.client5.http.wire - http-outgoing-2 << "[\r][\n]"
07:32:34.829 [testcontainers-lifecycle-0] DEBUG org.testcontainers.containers.output.WaitingConsumer - STDOUT: {"type": "server", "timestamp": "2022-11-20T07:32:34,829Z", "level": "INFO", "component": "o.e.p.PluginsService", "cluster.name": "elasticsearch", "node.name": "5e5a005fe35a", "message": "loaded module [searchable-snapshots]" }
07:32:34.829 [docker-java-stream-227155265] DEBUG com.github.dockerjava.zerodep.shaded.org.apache.hc.client5.http.wire - http-outgoing-2 << "2ae[\r][\n]"
07:32:34.829 [docker-java-stream-227155265] DEBUG com.github.dockerjava.zerodep.shaded.org.apache.hc.client5.http.wire - http-outgoing-2 << "[0x1][0x0][0x0][0x0][0x0][0x0][0x0][0xffffffd9]{"type": "server", "timestamp": "2022-11-20T07:32:34,829Z", "level": "INFO", "component": "o.e.p.PluginsService", "cluster.name": "elasticsearch", "node.name": "5e5a005fe35a", "message": "loaded module [transform]" }[\n]"
07:32:34.829 [docker-java-stream-227155265] DEBUG com.github.dockerjava.zerodep.shaded.org.apache.hc.client5.http.wire - http-outgoing-2 << "[0x1][0x0][0x0][0x0][0x0][0x0][0x0][0xffffffe0]{"type": "server", "timestamp": "2022-11-20T07:32:34,829Z", "level": "INFO", "component": "o.e.p.PluginsService", "cluster.name": "elasticsearch", "node.name": "5e5a005fe35a", "message": "loaded module [transport-netty4]" }[\n]"
07:32:34.829 [testcontainers-lifecycle-0] DEBUG org.testcontainers.containers.output.WaitingConsumer - STDOUT: {"type": "server", "timestamp": "2022-11-20T07:32:34,829Z", "level": "INFO", "component": "o.e.p.PluginsService", "cluster.name": "elasticsearch", "node.name": "5e5a005fe35a", "message": "loaded module [spatial]" }
07:32:34.829 [docker-java-stream-227155265] DEBUG com.github.dockerjava.zerodep.shaded.org.apache.hc.client5.http.wire - http-outgoing-2 << "[0x1][0x0][0x0][0x0][0x0][0x0][0x0][0xffffffdd]{"type": "server", "timestamp": "2022-11-20T07:32:34,829Z", "level": "INFO", "component": "o.e.p.PluginsService", "cluster.name": "elasticsearch", "node.name": "5e5a005fe35a", "message": "loaded module [unsigned-long]" }[\n]"
07:32:34.829 [docker-java-stream-227155265] DEBUG com.github.dockerjava.zerodep.shaded.org.apache.hc.client5.http.wire - http-outgoing-2 << "[\r][\n]"
07:32:34.830 [testcontainers-lifecycle-0] DEBUG org.testcontainers.containers.output.WaitingConsumer - STDOUT: {"type": "server", "timestamp": "2022-11-20T07:32:34,829Z", "level": "INFO", "component": "o.e.p.PluginsService", "cluster.name": "elasticsearch", "node.name": "5e5a005fe35a", "message": "loaded module [unsigned-long]" }
07:32:34.830 [docker-java-stream-227155265] DEBUG com.github.dockerjava.zerodep.shaded.org.apache.hc.client5.http.wire - http-outgoing-2 << "df[\r][\n]"
07:32:34.830 [docker-java-stream-227155265] DEBUG com.github.dockerjava.zerodep.shaded.org.apache.hc.client5.http.wire - http-outgoing-2 << "[0x1][0x0][0x0][0x0][0x0][0x0][0x0][0xffffffd7]{"type": "server", "timestamp": "2022-11-20T07:32:34,829Z", "level": "INFO", "component": "o.e.p.PluginsService", "cluster.name": "elasticsearch", "node.name": "5e5a005fe35a", "message": "loaded module [vectors]" }[\n]"
07:32:34.830 [docker-java-stream-227155265] DEBUG com.github.dockerjava.zerodep.shaded.org.apache.hc.client5.http.wire - http-outgoing-2 << "[\r][\n]"
07:32:34.830 [testcontainers-lifecycle-0] DEBUG org.testcontainers.containers.output.WaitingConsumer - STDOUT: {"type": "server", "timestamp": "2022-11-20T07:32:34,829Z", "level": "INFO", "component": "o.e.p.PluginsService", "cluster.name": "elasticsearch", "node.name": "5e5a005fe35a", "message": "loaded module [vectors]" }
07:32:34.830 [docker-java-stream-227155265] DEBUG com.github.dockerjava.zerodep.shaded.org.apache.hc.client5.http.wire - http-outgoing-2 << "e0[\r][\n]"
07:32:34.830 [docker-java-stream-227155265] DEBUG com.github.dockerjava.zerodep.shaded.org.apache.hc.client5.http.wire - http-outgoing-2 << "[0x1][0x0][0x0][0x0][0x0][0x0][0x0][0xffffffd8]{"type": "server", "timestamp": "2022-11-20T07:32:34,829Z", "level": "INFO", "component": "o.e.p.PluginsService", "cluster.name": "elasticsearch", "node.name": "5e5a005fe35a", "message": "loaded module [wildcard]" }[\n]"
07:32:34.830 [docker-java-stream-227155265] DEBUG com.github.dockerjava.zerodep.shaded.org.apache.hc.client5.http.wire - http-outgoing-2 << "[\r][\n]"
07:32:34.830 [testcontainers-lifecycle-0] DEBUG org.testcontainers.containers.output.WaitingConsumer - STDOUT: {"type": "server", "timestamp": "2022-11-20T07:32:34,829Z", "level": "INFO", "component": "o.e.p.PluginsService", "cluster.name": "elasticsearch", "node.name": "5e5a005fe35a", "message": "loaded module [transport-netty4]" }
07:32:34.830 [testcontainers-lifecycle-0] DEBUG org.testcontainers.containers.output.WaitingConsumer - STDOUT: {"type": "server", "timestamp": "2022-11-20T07:32:34,829Z", "level": "INFO", "component": "o.e.p.PluginsService", "cluster.name": "elasticsearch", "node.name": "5e5a005fe35a", "message": "loaded module [wildcard]" }
07:32:34.830 [testcontainers-lifecycle-0] DEBUG org.testcontainers.containers.output.WaitingConsumer - STDOUT: {"type": "server", "timestamp": "2022-11-20T07:32:34,829Z", "level": "INFO", "component": "o.e.p.PluginsService", "cluster.name": "elasticsearch", "node.name": "5e5a005fe35a", "message": "loaded module [transform]" }
07:32:34.830 [testcontainers-lifecycle-0] DEBUG org.testcontainers.containers.output.WaitingConsumer - STDOUT: {"type": "server", "timestamp": "2022-11-20T07:32:34,829Z", "level": "INFO", "component": "o.e.p.PluginsService", "cluster.name": "elasticsearch", "node.name": "5e5a005fe35a", "message": "loaded module [snapshot-repo-test-kit]" }
07:32:34.830 [testcontainers-lifecycle-0] DEBUG org.testcontainers.containers.output.WaitingConsumer - STDOUT: {"type": "server", "timestamp": "2022-11-20T07:32:34,829Z", "level": "INFO", "component": "o.e.p.PluginsService", "cluster.name": "elasticsearch", "node.name": "5e5a005fe35a", "message": "loaded module [search-business-rules]" }
07:32:34.830 [testcontainers-lifecycle-0] DEBUG org.testcontainers.containers.output.WaitingConsumer - STDOUT: {"type": "server", "timestamp": "2022-11-20T07:32:34,826Z", "level": "INFO", "component": "o.e.p.PluginsService", "cluster.name": "elasticsearch", "node.name": "5e5a005fe35a", "message": "loaded module [ingest-user-agent]" }
07:32:34.831 [testcontainers-lifecycle-0] DEBUG org.testcontainers.containers.output.WaitingConsumer - STDOUT: {"type": "server", "timestamp": "2022-11-20T07:32:34,826Z", "level": "INFO", "component": "o.e.p.PluginsService", "cluster.name": "elasticsearch", "node.name": "5e5a005fe35a", "message": "loaded module [ingest-common]" }
07:32:34.831 [docker-java-stream-227155265] DEBUG com.github.dockerjava.zerodep.shaded.org.apache.hc.client5.http.wire - http-outgoing-2 << "490[\r][\n]"
07:32:34.831 [docker-java-stream-227155265] DEBUG com.github.dockerjava.zerodep.shaded.org.apache.hc.client5.http.wire - http-outgoing-2 << "[0x1][0x0][0x0][0x0][0x0][0x0][0x0][0xffffffe7]{"type": "server", "timestamp": "2022-11-20T07:32:34,830Z", "level": "INFO", "component": "o.e.p.PluginsService", "cluster.name": "elasticsearch", "node.name": "5e5a005fe35a", "message": "loaded module [x-pack-aggregate-metric]" }[\n]"
07:32:34.831 [docker-java-stream-227155265] DEBUG com.github.dockerjava.zerodep.shaded.org.apache.hc.client5.http.wire - http-outgoing-2 << "[0x1][0x0][0x0][0x0][0x0][0x0][0x0][0xffffffe0]{"type": "server", "timestamp": "2022-11-20T07:32:34,830Z", "level": "INFO", "component": "o.e.p.PluginsService", "cluster.name": "elasticsearch", "node.name": "5e5a005fe35a", "message": "loaded module [x-pack-analytics]" }[\n]"
07:32:34.831 [testcontainers-lifecycle-0] DEBUG org.testcontainers.containers.output.WaitingConsumer - STDOUT: {"type": "server", "timestamp": "2022-11-20T07:32:34,825Z", "level": "INFO", "component": "o.e.p.PluginsService", "cluster.name": "elasticsearch", "node.name": "5e5a005fe35a", "message": "loaded module [frozen-indices]" }
07:32:34.831 [docker-java-stream-227155265] DEBUG com.github.dockerjava.zerodep.shaded.org.apache.hc.client5.http.wire - http-outgoing-2 << "[0x1][0x0][0x0][0x0][0x0][0x0][0x0][0xffffffdc]{"type": "server", "timestamp": "2022-11-20T07:32:34,830Z", "level": "INFO", "component": "o.e.p.PluginsService", "cluster.name": "elasticsearch", "node.name": "5e5a005fe35a", "message": "loaded module [x-pack-async]" }[\n]"
07:32:34.831 [docker-java-stream-227155265] DEBUG com.github.dockerjava.zerodep.shaded.org.apache.hc.client5.http.wire - http-outgoing-2 << "[0x1][0x0][0x0][0x0][0x0][0x0][0x0][0xffffffe3]{"type": "server", "timestamp": "2022-11-20T07:32:34,831Z", "level": "INFO", "component": "o.e.p.PluginsService", "cluster.name": "elasticsearch", "node.name": "5e5a005fe35a", "message": "loaded module [x-pack-async-search]" }[\n]"
07:32:34.831 [docker-java-stream-227155265] DEBUG com.github.dockerjava.zerodep.shaded.org.apache.hc.client5.http.wire - http-outgoing-2 << "[0x1][0x0][0x0][0x0][0x0][0x0][0x0][0xffffffe2]{"type": "server", "timestamp": "2022-11-20T07:32:34,831Z", "level": "INFO", "component": "o.e.p.PluginsService", "cluster.name": "elasticsearch", "node.name": "5e5a005fe35a", "message": "loaded module [x-pack-autoscaling]" }[\n]"
07:32:34.831 [docker-java-stream-227155265] DEBUG com.github.dockerjava.zerodep.shaded.org.apache.hc.client5.http.wire - http-outgoing-2 << "[\r][\n]"
07:32:34.831 [testcontainers-lifecycle-0] DEBUG org.testcontainers.containers.output.WaitingConsumer - STDOUT: {"type": "server", "timestamp": "2022-11-20T07:32:34,825Z", "level": "INFO", "component": "o.e.p.PluginsService", "cluster.name": "elasticsearch", "node.name": "5e5a005fe35a", "message": "loaded module [flattened]" }
07:32:34.831 [testcontainers-lifecycle-0] DEBUG org.testcontainers.containers.output.WaitingConsumer - STDOUT: {"type": "server", "timestamp": "2022-11-20T07:32:34,831Z", "level": "INFO", "component": "o.e.p.PluginsService", "cluster.name": "elasticsearch", "node.name": "5e5a005fe35a", "message": "loaded module [x-pack-autoscaling]" }
07:32:34.831 [docker-java-stream-227155265] DEBUG com.github.dockerjava.zerodep.shaded.org.apache.hc.client5.http.wire - http-outgoing-2 << "e2[\r][\n]"
07:32:34.831 [docker-java-stream-227155265] DEBUG com.github.dockerjava.zerodep.shaded.org.apache.hc.client5.http.wire - http-outgoing-2 << "[0x1][0x0][0x0][0x0][0x0][0x0][0x0][0xffffffda]{"type": "server", "timestamp": "2022-11-20T07:32:34,831Z", "level": "INFO", "component": "o.e.p.PluginsService", "cluster.name": "elasticsearch", "node.name": "5e5a005fe35a", "message": "loaded module [x-pack-ccr]" }[\n]"
07:32:34.831 [docker-java-stream-227155265] DEBUG com.github.dockerjava.zerodep.shaded.org.apache.hc.client5.http.wire - http-outgoing-2 << "[\r][\n]"
07:32:34.831 [docker-java-stream-227155265] DEBUG com.github.dockerjava.zerodep.shaded.org.apache.hc.client5.http.wire - http-outgoing-2 << "e3[\r][\n]"
07:32:34.831 [docker-java-stream-227155265] DEBUG com.github.dockerjava.zerodep.shaded.org.apache.hc.client5.http.wire - http-outgoing-2 << "[0x1][0x0][0x0][0x0][0x0][0x0][0x0][0xffffffdb]{"type": "server", "timestamp": "2022-11-20T07:32:34,831Z", "level": "INFO", "component": "o.e.p.PluginsService", "cluster.name": "elasticsearch", "node.name": "5e5a005fe35a", "message": "loaded module [x-pack-core]" }[\n]"
07:32:34.831 [docker-java-stream-227155265] DEBUG com.github.dockerjava.zerodep.shaded.org.apache.hc.client5.http.wire - http-outgoing-2 << "[\r][\n]"
07:32:34.831 [testcontainers-lifecycle-0] DEBUG org.testcontainers.containers.output.WaitingConsumer - STDOUT: {"type": "server", "timestamp": "2022-11-20T07:32:34,831Z", "level": "INFO", "component": "o.e.p.PluginsService", "cluster.name": "elasticsearch", "node.name": "5e5a005fe35a", "message": "loaded module [x-pack-async-search]" }
07:32:34.831 [testcontainers-lifecycle-0] DEBUG org.testcontainers.containers.output.WaitingConsumer - STDOUT: {"type": "server", "timestamp": "2022-11-20T07:32:34,831Z", "level": "INFO", "component": "o.e.p.PluginsService", "cluster.name": "elasticsearch", "node.name": "5e5a005fe35a", "message": "loaded module [x-pack-core]" }
07:32:34.831 [docker-java-stream-227155265] DEBUG com.github.dockerjava.zerodep.shaded.org.apache.hc.client5.http.wire - http-outgoing-2 << "1d5[\r][\n]"
07:32:34.831 [docker-java-stream-227155265] DEBUG com.github.dockerjava.zerodep.shaded.org.apache.hc.client5.http.wire - http-outgoing-2 << "[0x1][0x0][0x0][0x0][0x0][0x0][0x0][0xffffffe3]{"type": "server", "timestamp": "2022-11-20T07:32:34,831Z", "level": "INFO", "component": "o.e.p.PluginsService", "cluster.name": "elasticsearch", "node.name": "5e5a005fe35a", "message": "loaded module [x-pack-data-streams]" }[\n]"
07:32:34.831 [docker-java-stream-227155265] DEBUG com.github.dockerjava.zerodep.shaded.org.apache.hc.client5.http.wire - http-outgoing-2 << "[0x1][0x0][0x0][0x0][0x0][0x0][0x0][0xffffffe2]{"type": "server", "timestamp": "2022-11-20T07:32:34,831Z", "level": "INFO", "component": "o.e.p.PluginsService", "cluster.name": "elasticsearch", "node.name": "5e5a005fe35a", "message": "loaded module [x-pack-deprecation]" }[\n]"
07:32:34.831 [docker-java-stream-227155265] DEBUG com.github.dockerjava.zerodep.shaded.org.apache.hc.client5.http.wire - http-outgoing-2 << "[\r][\n]"
07:32:34.831 [testcontainers-lifecycle-0] DEBUG org.testcontainers.containers.output.WaitingConsumer - STDOUT: {"type": "server", "timestamp": "2022-11-20T07:32:34,831Z", "level": "INFO", "component": "o.e.p.PluginsService", "cluster.name": "elasticsearch", "node.name": "5e5a005fe35a", "message": "loaded module [x-pack-ccr]" }
07:32:34.831 [docker-java-stream-227155265] DEBUG com.github.dockerjava.zerodep.shaded.org.apache.hc.client5.http.wire - http-outgoing-2 << "e5[\r][\n]"
07:32:34.831 [testcontainers-lifecycle-0] DEBUG org.testcontainers.containers.output.WaitingConsumer - STDOUT: {"type": "server", "timestamp": "2022-11-20T07:32:34,831Z", "level": "INFO", "component": "o.e.p.PluginsService", "cluster.name": "elasticsearch", "node.name": "5e5a005fe35a", "message": "loaded module [x-pack-deprecation]" }
07:32:34.832 [docker-java-stream-227155265] DEBUG com.github.dockerjava.zerodep.shaded.org.apache.hc.client5.http.wire - http-outgoing-2 << "[0x1][0x0][0x0][0x0][0x0][0x0][0x0][0xffffffdd]{"type": "server", "timestamp": "2022-11-20T07:32:34,831Z", "level": "INFO", "component": "o.e.p.PluginsService", "cluster.name": "elasticsearch", "node.name": "5e5a005fe35a", "message": "loaded module [x-pack-enrich]" }[\n]"
07:32:34.832 [docker-java-stream-227155265] DEBUG com.github.dockerjava.zerodep.shaded.org.apache.hc.client5.http.wire - http-outgoing-2 << "[\r][\n]"
07:32:34.832 [testcontainers-lifecycle-0] DEBUG org.testcontainers.containers.output.WaitingConsumer - STDOUT: {"type": "server", "timestamp": "2022-11-20T07:32:34,831Z", "level": "INFO", "component": "o.e.p.PluginsService", "cluster.name": "elasticsearch", "node.name": "5e5a005fe35a", "message": "loaded module [x-pack-data-streams]" }
07:32:34.832 [docker-java-stream-227155265] DEBUG com.github.dockerjava.zerodep.shaded.org.apache.hc.client5.http.wire - http-outgoing-2 << "e2[\r][\n]"
07:32:34.832 [docker-java-stream-227155265] DEBUG com.github.dockerjava.zerodep.shaded.org.apache.hc.client5.http.wire - http-outgoing-2 << "[0x1][0x0][0x0][0x0][0x0][0x0][0x0][0xffffffda]{"type": "server", "timestamp": "2022-11-20T07:32:34,831Z", "level": "INFO", "component": "o.e.p.PluginsService", "cluster.name": "elasticsearch", "node.name": "5e5a005fe35a", "message": "loaded module [x-pack-eql]" }[\n]"
07:32:34.832 [docker-java-stream-227155265] DEBUG com.github.dockerjava.zerodep.shaded.org.apache.hc.client5.http.wire - http-outgoing-2 << "[\r][\n]"
07:32:34.832 [testcontainers-lifecycle-0] DEBUG org.testcontainers.containers.output.WaitingConsumer - STDOUT: {"type": "server", "timestamp": "2022-11-20T07:32:34,831Z", "level": "INFO", "component": "o.e.p.PluginsService", "cluster.name": "elasticsearch", "node.name": "5e5a005fe35a", "message": "loaded module [x-pack-enrich]" }
07:32:34.832 [docker-java-stream-227155265] DEBUG com.github.dockerjava.zerodep.shaded.org.apache.hc.client5.http.wire - http-outgoing-2 << "e4[\r][\n]"
07:32:34.832 [docker-java-stream-227155265] DEBUG com.github.dockerjava.zerodep.shaded.org.apache.hc.client5.http.wire - http-outgoing-2 << "[0x1][0x0][0x0][0x0][0x0][0x0][0x0][0xffffffdc]{"type": "server", "timestamp": "2022-11-20T07:32:34,832Z", "level": "INFO", "component": "o.e.p.PluginsService", "cluster.name": "elasticsearch", "node.name": "5e5a005fe35a", "message": "loaded module [x-pack-fleet]" }[\n]"
07:32:34.832 [testcontainers-lifecycle-0] DEBUG org.testcontainers.containers.output.WaitingConsumer - STDOUT: {"type": "server", "timestamp": "2022-11-20T07:32:34,831Z", "level": "INFO", "component": "o.e.p.PluginsService", "cluster.name": "elasticsearch", "node.name": "5e5a005fe35a", "message": "loaded module [x-pack-eql]" }
07:32:34.832 [docker-java-stream-227155265] DEBUG com.github.dockerjava.zerodep.shaded.org.apache.hc.client5.http.wire - http-outgoing-2 << "[\r][\n]"
07:32:34.832 [docker-java-stream-227155265] DEBUG com.github.dockerjava.zerodep.shaded.org.apache.hc.client5.http.wire - http-outgoing-2 << "1d4[\r][\n]"
07:32:34.832 [docker-java-stream-227155265] DEBUG com.github.dockerjava.zerodep.shaded.org.apache.hc.client5.http.wire - http-outgoing-2 << "[0x1][0x0][0x0][0x0][0x0][0x0][0x0][0xffffffdc]{"type": "server", "timestamp": "2022-11-20T07:32:34,832Z", "level": "INFO", "component": "o.e.p.PluginsService", "cluster.name": "elasticsearch", "node.name": "5e5a005fe35a", "message": "loaded module [x-pack-graph]" }[\n]"
07:32:34.832 [testcontainers-lifecycle-0] DEBUG org.testcontainers.containers.output.WaitingConsumer - STDOUT: {"type": "server", "timestamp": "2022-11-20T07:32:34,832Z", "level": "INFO", "component": "o.e.p.PluginsService", "cluster.name": "elasticsearch", "node.name": "5e5a005fe35a", "message": "loaded module [x-pack-fleet]" }
07:32:34.832 [docker-java-stream-227155265] DEBUG com.github.dockerjava.zerodep.shaded.org.apache.hc.client5.http.wire - http-outgoing-2 << "[0x1][0x0][0x0][0x0][0x0][0x0][0x0][0xffffffe8]{"type": "server", "timestamp": "2022-11-20T07:32:34,832Z", "level": "INFO", "component": "o.e.p.PluginsService", "cluster.name": "elasticsearch", "node.name": "5e5a005fe35a", "message": "loaded module [x-pack-identity-provider]" }[\n]"
07:32:34.832 [docker-java-stream-227155265] DEBUG com.github.dockerjava.zerodep.shaded.org.apache.hc.client5.http.wire - http-outgoing-2 << "[\r][\n]"
07:32:34.832 [testcontainers-lifecycle-0] DEBUG org.testcontainers.containers.output.WaitingConsumer - STDOUT: {"type": "server", "timestamp": "2022-11-20T07:32:34,832Z", "level": "INFO", "component": "o.e.p.PluginsService", "cluster.name": "elasticsearch", "node.name": "5e5a005fe35a", "message": "loaded module [x-pack-identity-provider]" }
07:32:34.832 [testcontainers-lifecycle-0] DEBUG org.testcontainers.containers.output.WaitingConsumer - STDOUT: {"type": "server", "timestamp": "2022-11-20T07:32:34,832Z", "level": "INFO", "component": "o.e.p.PluginsService", "cluster.name": "elasticsearch", "node.name": "5e5a005fe35a", "message": "loaded module [x-pack-graph]" }
07:32:34.832 [docker-java-stream-227155265] DEBUG com.github.dockerjava.zerodep.shaded.org.apache.hc.client5.http.wire - http-outgoing-2 << "2ae[\r][\n]"
07:32:34.832 [docker-java-stream-227155265] DEBUG com.github.dockerjava.zerodep.shaded.org.apache.hc.client5.http.wire - http-outgoing-2 << "[0x1][0x0][0x0][0x0][0x0][0x0][0x0][0xffffffda]{"type": "server", "timestamp": "2022-11-20T07:32:34,832Z", "level": "INFO", "component": "o.e.p.PluginsService", "cluster.name": "elasticsearch", "node.name": "5e5a005fe35a", "message": "loaded module [x-pack-ilm]" }[\n]"
07:32:34.832 [docker-java-stream-227155265] DEBUG com.github.dockerjava.zerodep.shaded.org.apache.hc.client5.http.wire - http-outgoing-2 << "[0x1][0x0][0x0][0x0][0x0][0x0][0x0][0xffffffdd]{"type": "server", "timestamp": "2022-11-20T07:32:34,832Z", "level": "INFO", "component": "o.e.p.PluginsService", "cluster.name": "elasticsearch", "node.name": "5e5a005fe35a", "message": "loaded module [x-pack-ingest]" }[\n]"
07:32:34.832 [testcontainers-lifecycle-0] DEBUG org.testcontainers.containers.output.WaitingConsumer - STDOUT: {"type": "server", "timestamp": "2022-11-20T07:32:34,830Z", "level": "INFO", "component": "o.e.p.PluginsService", "cluster.name": "elasticsearch", "node.name": "5e5a005fe35a", "message": "loaded module [x-pack-async]" }
07:32:34.832 [docker-java-stream-227155265] DEBUG com.github.dockerjava.zerodep.shaded.org.apache.hc.client5.http.wire - http-outgoing-2 << "[0x1][0x0][0x0][0x0][0x0][0x0][0x0][0xffffffdf]{"type": "server", "timestamp": "2022-11-20T07:32:34,832Z", "level": "INFO", "component": "o.e.p.PluginsService", "cluster.name": "elasticsearch", "node.name": "5e5a005fe35a", "message": "loaded module [x-pack-logstash]" }[\n]"
07:32:34.832 [docker-java-stream-227155265] DEBUG com.github.dockerjava.zerodep.shaded.org.apache.hc.client5.http.wire - http-outgoing-2 << "[\r][\n]"
07:32:34.832 [testcontainers-lifecycle-0] DEBUG org.testcontainers.containers.output.WaitingConsumer - STDOUT: {"type": "server", "timestamp": "2022-11-20T07:32:34,832Z", "level": "INFO", "component": "o.e.p.PluginsService", "cluster.name": "elasticsearch", "node.name": "5e5a005fe35a", "message": "loaded module [x-pack-ilm]" }
07:32:34.833 [docker-java-stream-227155265] DEBUG com.github.dockerjava.zerodep.shaded.org.apache.hc.client5.http.wire - http-outgoing-2 << "1ca[\r][\n]"
07:32:34.833 [docker-java-stream-227155265] DEBUG com.github.dockerjava.zerodep.shaded.org.apache.hc.client5.http.wire - http-outgoing-2 << "[0x1][0x0][0x0][0x0][0x0][0x0][0x0][0xffffffd9]{"type": "server", "timestamp": "2022-11-20T07:32:34,832Z", "level": "INFO", "component": "o.e.p.PluginsService", "cluster.name": "elasticsearch", "node.name": "5e5a005fe35a", "message": "loaded module [x-pack-ml]" }[\n]"
07:32:34.833 [testcontainers-lifecycle-0] DEBUG org.testcontainers.containers.output.WaitingConsumer - STDOUT: {"type": "server", "timestamp": "2022-11-20T07:32:34,832Z", "level": "INFO", "component": "o.e.p.PluginsService", "cluster.name": "elasticsearch", "node.name": "5e5a005fe35a", "message": "loaded module [x-pack-logstash]" }
07:32:34.833 [docker-java-stream-227155265] DEBUG com.github.dockerjava.zerodep.shaded.org.apache.hc.client5.http.wire - http-outgoing-2 << "[0x1][0x0][0x0][0x0][0x0][0x0][0x0][0xffffffe1]{"type": "server", "timestamp": "2022-11-20T07:32:34,832Z", "level": "INFO", "component": "o.e.p.PluginsService", "cluster.name": "elasticsearch", "node.name": "5e5a005fe35a", "message": "loaded module [x-pack-monitoring]" }[\n]"
07:32:34.833 [docker-java-stream-227155265] DEBUG com.github.dockerjava.zerodep.shaded.org.apache.hc.client5.http.wire - http-outgoing-2 << "[\r][\n]"
07:32:34.833 [docker-java-stream-227155265] DEBUG com.github.dockerjava.zerodep.shaded.org.apache.hc.client5.http.wire - http-outgoing-2 << "1c6[\r][\n]"
07:32:34.833 [docker-java-stream-227155265] DEBUG com.github.dockerjava.zerodep.shaded.org.apache.hc.client5.http.wire - http-outgoing-2 << "[0x1][0x0][0x0][0x0][0x0][0x0][0x0][0xffffffd9]{"type": "server", "timestamp": "2022-11-20T07:32:34,832Z", "level": "INFO", "component": "o.e.p.PluginsService", "cluster.name": "elasticsearch", "node.name": "5e5a005fe35a", "message": "loaded module [x-pack-ql]" }[\n]"
07:32:34.833 [docker-java-stream-227155265] DEBUG com.github.dockerjava.zerodep.shaded.org.apache.hc.client5.http.wire - http-outgoing-2 << "[0x1][0x0][0x0][0x0][0x0][0x0][0x0][0xffffffdd]{"type": "server", "timestamp": "2022-11-20T07:32:34,833Z", "level": "INFO", "component": "o.e.p.PluginsService", "cluster.name": "elasticsearch", "node.name": "5e5a005fe35a", "message": "loaded module [x-pack-rollup]" }[\n]"
07:32:34.833 [docker-java-stream-227155265] DEBUG com.github.dockerjava.zerodep.shaded.org.apache.hc.client5.http.wire - http-outgoing-2 << "[\r][\n]"
07:32:34.833 [testcontainers-lifecycle-0] DEBUG org.testcontainers.containers.output.WaitingConsumer - STDOUT: {"type": "server", "timestamp": "2022-11-20T07:32:34,832Z", "level": "INFO", "component": "o.e.p.PluginsService", "cluster.name": "elasticsearch", "node.name": "5e5a005fe35a", "message": "loaded module [x-pack-ingest]" }
07:32:34.833 [docker-java-stream-227155265] DEBUG com.github.dockerjava.zerodep.shaded.org.apache.hc.client5.http.wire - http-outgoing-2 << "2b6[\r][\n]"
07:32:34.833 [testcontainers-lifecycle-0] DEBUG org.testcontainers.containers.output.WaitingConsumer - STDOUT: {"type": "server", "timestamp": "2022-11-20T07:32:34,833Z", "level": "INFO", "component": "o.e.p.PluginsService", "cluster.name": "elasticsearch", "node.name": "5e5a005fe35a", "message": "loaded module [x-pack-rollup]" }
07:32:34.833 [docker-java-stream-227155265] DEBUG com.github.dockerjava.zerodep.shaded.org.apache.hc.client5.http.wire - http-outgoing-2 << "[0x1][0x0][0x0][0x0][0x0][0x0][0x0][0xffffffe5]{"type": "server", "timestamp": "2022-11-20T07:32:34,833Z", "level": "INFO", "component": "o.e.p.PluginsService", "cluster.name": "elasticsearch", "node.name": "5e5a005fe35a", "message": "loaded module [x-pack-runtime-fields]" }[\n]"
07:32:34.833 [docker-java-stream-227155265] DEBUG com.github.dockerjava.zerodep.shaded.org.apache.hc.client5.http.wire - http-outgoing-2 << "[0x1][0x0][0x0][0x0][0x0][0x0][0x0][0xffffffdf]{"type": "server", "timestamp": "2022-11-20T07:32:34,833Z", "level": "INFO", "component": "o.e.p.PluginsService", "cluster.name": "elasticsearch", "node.name": "5e5a005fe35a", "message": "loaded module [x-pack-security]" }[\n]"
07:32:34.833 [docker-java-stream-227155265] DEBUG com.github.dockerjava.zerodep.shaded.org.apache.hc.client5.http.wire - http-outgoing-2 << "[0x1][0x0][0x0][0x0][0x0][0x0][0x0][0xffffffda]{"type": "server", "timestamp": "2022-11-20T07:32:34,833Z", "level": "INFO", "component": "o.e.p.PluginsService", "cluster.name": "elasticsearch", "node.name": "5e5a005fe35a", "message": "loaded module [x-pack-sql]" }[\n]"
07:32:34.833 [docker-java-stream-227155265] DEBUG com.github.dockerjava.zerodep.shaded.org.apache.hc.client5.http.wire - http-outgoing-2 << "[\r][\n]"
07:32:34.833 [testcontainers-lifecycle-0] DEBUG org.testcontainers.containers.output.WaitingConsumer - STDOUT: {"type": "server", "timestamp": "2022-11-20T07:32:34,832Z", "level": "INFO", "component": "o.e.p.PluginsService", "cluster.name": "elasticsearch", "node.name": "5e5a005fe35a", "message": "loaded module [x-pack-ql]" }
07:32:34.833 [testcontainers-lifecycle-0] DEBUG org.testcontainers.containers.output.WaitingConsumer - STDOUT: {"type": "server", "timestamp": "2022-11-20T07:32:34,833Z", "level": "INFO", "component": "o.e.p.PluginsService", "cluster.name": "elasticsearch", "node.name": "5e5a005fe35a", "message": "loaded module [x-pack-sql]" }
07:32:34.833 [testcontainers-lifecycle-0] DEBUG org.testcontainers.containers.output.WaitingConsumer - STDOUT: {"type": "server", "timestamp": "2022-11-20T07:32:34,833Z", "level": "INFO", "component": "o.e.p.PluginsService", "cluster.name": "elasticsearch", "node.name": "5e5a005fe35a", "message": "loaded module [x-pack-security]" }
07:32:34.833 [testcontainers-lifecycle-0] DEBUG org.testcontainers.containers.output.WaitingConsumer - STDOUT: {"type": "server", "timestamp": "2022-11-20T07:32:34,833Z", "level": "INFO", "component": "o.e.p.PluginsService", "cluster.name": "elasticsearch", "node.name": "5e5a005fe35a", "message": "loaded module [x-pack-runtime-fields]" }
07:32:34.833 [docker-java-stream-227155265] DEBUG com.github.dockerjava.zerodep.shaded.org.apache.hc.client5.http.wire - http-outgoing-2 << "1d1[\r][\n]"
07:32:34.833 [testcontainers-lifecycle-0] DEBUG org.testcontainers.containers.output.WaitingConsumer - STDOUT: {"type": "server", "timestamp": "2022-11-20T07:32:34,832Z", "level": "INFO", "component": "o.e.p.PluginsService", "cluster.name": "elasticsearch", "node.name": "5e5a005fe35a", "message": "loaded module [x-pack-monitoring]" }
07:32:34.833 [docker-java-stream-227155265] DEBUG com.github.dockerjava.zerodep.shaded.org.apache.hc.client5.http.wire - http-outgoing-2 << "[0x1][0x0][0x0][0x0][0x0][0x0][0x0][0xffffffdc]{"type": "server", "timestamp": "2022-11-20T07:32:34,833Z", "level": "INFO", "component": "o.e.p.PluginsService", "cluster.name": "elasticsearch", "node.name": "5e5a005fe35a", "message": "loaded module [x-pack-stack]" }[\n]"
07:32:34.833 [docker-java-stream-227155265] DEBUG com.github.dockerjava.zerodep.shaded.org.apache.hc.client5.http.wire - http-outgoing-2 << "[0x1][0x0][0x0][0x0][0x0][0x0][0x0][0xffffffe5]{"type": "server", "timestamp": "2022-11-20T07:32:34,833Z", "level": "INFO", "component": "o.e.p.PluginsService", "cluster.name": "elasticsearch", "node.name": "5e5a005fe35a", "message": "loaded module [x-pack-text-structure]" }[\n]"
07:32:34.833 [testcontainers-lifecycle-0] DEBUG org.testcontainers.containers.output.WaitingConsumer - STDOUT: {"type": "server", "timestamp": "2022-11-20T07:32:34,832Z", "level": "INFO", "component": "o.e.p.PluginsService", "cluster.name": "elasticsearch", "node.name": "5e5a005fe35a", "message": "loaded module [x-pack-ml]" }
07:32:34.833 [docker-java-stream-227155265] DEBUG com.github.dockerjava.zerodep.shaded.org.apache.hc.client5.http.wire - http-outgoing-2 << "[\r][\n]"
07:32:34.834 [testcontainers-lifecycle-0] DEBUG org.testcontainers.containers.output.WaitingConsumer - STDOUT: {"type": "server", "timestamp": "2022-11-20T07:32:34,833Z", "level": "INFO", "component": "o.e.p.PluginsService", "cluster.name": "elasticsearch", "node.name": "5e5a005fe35a", "message": "loaded module [x-pack-text-structure]" }
07:32:34.834 [docker-java-stream-227155265] DEBUG com.github.dockerjava.zerodep.shaded.org.apache.hc.client5.http.wire - http-outgoing-2 << "1d5[\r][\n]"
07:32:34.834 [docker-java-stream-227155265] DEBUG com.github.dockerjava.zerodep.shaded.org.apache.hc.client5.http.wire - http-outgoing-2 << "[0x1][0x0][0x0][0x0][0x0][0x0][0x0][0xffffffe7]{"type": "server", "timestamp": "2022-11-20T07:32:34,833Z", "level": "INFO", "component": "o.e.p.PluginsService", "cluster.name": "elasticsearch", "node.name": "5e5a005fe35a", "message": "loaded module [x-pack-voting-only-node]" }[\n]"
07:32:34.834 [docker-java-stream-227155265] DEBUG com.github.dockerjava.zerodep.shaded.org.apache.hc.client5.http.wire - http-outgoing-2 << "[0x1][0x0][0x0][0x0][0x0][0x0][0x0][0xffffffde]{"type": "server", "timestamp": "2022-11-20T07:32:34,833Z", "level": "INFO", "component": "o.e.p.PluginsService", "cluster.name": "elasticsearch", "node.name": "5e5a005fe35a", "message": "loaded module [x-pack-watcher]" }[\n]"
07:32:34.834 [docker-java-stream-227155265] DEBUG com.github.dockerjava.zerodep.shaded.org.apache.hc.client5.http.wire - http-outgoing-2 << "[\r][\n]"
07:32:34.834 [testcontainers-lifecycle-0] DEBUG org.testcontainers.containers.output.WaitingConsumer - STDOUT: {"type": "server", "timestamp": "2022-11-20T07:32:34,833Z", "level": "INFO", "component": "o.e.p.PluginsService", "cluster.name": "elasticsearch", "node.name": "5e5a005fe35a", "message": "loaded module [x-pack-stack]" }
07:32:34.834 [docker-java-stream-227155265] DEBUG com.github.dockerjava.zerodep.shaded.org.apache.hc.client5.http.wire - http-outgoing-2 << "d9[\r][\n]"
07:32:34.834 [testcontainers-lifecycle-0] DEBUG org.testcontainers.containers.output.WaitingConsumer - STDOUT: {"type": "server", "timestamp": "2022-11-20T07:32:34,833Z", "level": "INFO", "component": "o.e.p.PluginsService", "cluster.name": "elasticsearch", "node.name": "5e5a005fe35a", "message": "loaded module [x-pack-watcher]" }
07:32:34.834 [docker-java-stream-227155265] DEBUG com.github.dockerjava.zerodep.shaded.org.apache.hc.client5.http.wire - http-outgoing-2 << "[0x1][0x0][0x0][0x0][0x0][0x0][0x0][0xffffffd1]{"type": "server", "timestamp": "2022-11-20T07:32:34,834Z", "level": "INFO", "component": "o.e.p.PluginsService", "cluster.name": "elasticsearch", "node.name": "5e5a005fe35a", "message": "no plugins loaded" }[\n]"
07:32:34.834 [docker-java-stream-227155265] DEBUG com.github.dockerjava.zerodep.shaded.org.apache.hc.client5.http.wire - http-outgoing-2 << "[\r][\n]"
07:32:34.834 [testcontainers-lifecycle-0] DEBUG org.testcontainers.containers.output.WaitingConsumer - STDOUT: {"type": "server", "timestamp": "2022-11-20T07:32:34,834Z", "level": "INFO", "component": "o.e.p.PluginsService", "cluster.name": "elasticsearch", "node.name": "5e5a005fe35a", "message": "no plugins loaded" }
07:32:34.834 [testcontainers-lifecycle-0] DEBUG org.testcontainers.containers.output.WaitingConsumer - STDOUT: {"type": "server", "timestamp": "2022-11-20T07:32:34,833Z", "level": "INFO", "component": "o.e.p.PluginsService", "cluster.name": "elasticsearch", "node.name": "5e5a005fe35a", "message": "loaded module [x-pack-voting-only-node]" }
07:32:34.834 [testcontainers-lifecycle-0] DEBUG org.testcontainers.containers.output.WaitingConsumer - STDOUT: {"type": "server", "timestamp": "2022-11-20T07:32:34,830Z", "level": "INFO", "component": "o.e.p.PluginsService", "cluster.name": "elasticsearch", "node.name": "5e5a005fe35a", "message": "loaded module [x-pack-analytics]" }
07:32:34.834 [testcontainers-lifecycle-0] DEBUG org.testcontainers.containers.output.WaitingConsumer - STDOUT: {"type": "server", "timestamp": "2022-11-20T07:32:34,830Z", "level": "INFO", "component": "o.e.p.PluginsService", "cluster.name": "elasticsearch", "node.name": "5e5a005fe35a", "message": "loaded module [x-pack-aggregate-metric]" }
07:32:34.834 [testcontainers-lifecycle-0] DEBUG org.testcontainers.containers.output.WaitingConsumer - STDOUT: {"type": "server", "timestamp": "2022-11-20T07:32:34,825Z", "level": "INFO", "component": "o.e.p.PluginsService", "cluster.name": "elasticsearch", "node.name": "5e5a005fe35a", "message": "loaded module [constant-keyword]" }
07:32:34.834 [testcontainers-lifecycle-0] DEBUG org.testcontainers.containers.output.WaitingConsumer - STDOUT: {"type": "server", "timestamp": "2022-11-20T07:32:34,825Z", "level": "INFO", "component": "o.e.p.PluginsService", "cluster.name": "elasticsearch", "node.name": "5e5a005fe35a", "message": "loaded module [analysis-common]" }
07:32:34.854 [docker-java-stream-227155265] DEBUG com.github.dockerjava.zerodep.shaded.org.apache.hc.client5.http.wire - http-outgoing-2 << "13b[\r][\n]"
07:32:34.854 [docker-java-stream-227155265] DEBUG com.github.dockerjava.zerodep.shaded.org.apache.hc.client5.http.wire - http-outgoing-2 << "[0x1][0x0][0x0][0x0][0x0][0x0][0x1]3{"type": "server", "timestamp": "2022-11-20T07:32:34,854Z", "level": "INFO", "component": "o.e.e.NodeEnvironment", "cluster.name": "elasticsearch", "node.name": "5e5a005fe35a", "message": "using [1] data paths, mounts [[/ (overlay)]], net usable_space [49.4gb], net total_space [58.4gb], types [overlay]" }[\n]"
07:32:34.854 [docker-java-stream-227155265] DEBUG com.github.dockerjava.zerodep.shaded.org.apache.hc.client5.http.wire - http-outgoing-2 << "[\r][\n]"
07:32:34.854 [docker-java-stream-227155265] DEBUG com.github.dockerjava.zerodep.shaded.org.apache.hc.client5.http.wire - http-outgoing-2 << "104[\r][\n]"
07:32:34.854 [testcontainers-lifecycle-0] DEBUG org.testcontainers.containers.output.WaitingConsumer - STDOUT: {"type": "server", "timestamp": "2022-11-20T07:32:34,854Z", "level": "INFO", "component": "o.e.e.NodeEnvironment", "cluster.name": "elasticsearch", "node.name": "5e5a005fe35a", "message": "using [1] data paths, mounts [[/ (overlay)]], net usable_space [49.4gb], net total_space [58.4gb], types [overlay]" }
07:32:34.854 [docker-java-stream-227155265] DEBUG com.github.dockerjava.zerodep.shaded.org.apache.hc.client5.http.wire - http-outgoing-2 << "[0x1][0x0][0x0][0x0][0x0][0x0][0x0][0xfffffffc]{"type": "server", "timestamp": "2022-11-20T07:32:34,854Z", "level": "INFO", "component": "o.e.e.NodeEnvironment", "cluster.name": "elasticsearch", "node.name": "5e5a005fe35a", "message": "heap size [2gb], compressed ordinary object pointers [true]" }[\n]"
07:32:34.854 [docker-java-stream-227155265] DEBUG com.github.dockerjava.zerodep.shaded.org.apache.hc.client5.http.wire - http-outgoing-2 << "[\r][\n]"
07:32:34.855 [testcontainers-lifecycle-0] DEBUG org.testcontainers.containers.output.WaitingConsumer - STDOUT: {"type": "server", "timestamp": "2022-11-20T07:32:34,854Z", "level": "INFO", "component": "o.e.e.NodeEnvironment", "cluster.name": "elasticsearch", "node.name": "5e5a005fe35a", "message": "heap size [2gb], compressed ordinary object pointers [true]" }
07:32:34.866 [docker-java-stream-227155265] DEBUG com.github.dockerjava.zerodep.shaded.org.apache.hc.client5.http.wire - http-outgoing-2 << "195[\r][\n]"
07:32:34.866 [docker-java-stream-227155265] DEBUG com.github.dockerjava.zerodep.shaded.org.apache.hc.client5.http.wire - http-outgoing-2 << "[0x1][0x0][0x0][0x0][0x0][0x0][0x1][0xffffff8d]{"type": "server", "timestamp": "2022-11-20T07:32:34,865Z", "level": "INFO", "component": "o.e.n.Node", "cluster.name": "elasticsearch", "node.name": "5e5a005fe35a", "message": "node name [5e5a005fe35a], node ID [eE9zeIHfQkSbma5pIEGtTw], cluster name [elasticsearch], roles [transform, data_frozen, master, remote_cluster_client, data, ml, data_content, data_hot, data_warm, data_cold, ingest]" }[\n]"
07:32:34.866 [docker-java-stream-227155265] DEBUG com.github.dockerjava.zerodep.shaded.org.apache.hc.client5.http.wire - http-outgoing-2 << "[\r][\n]"
07:32:34.866 [testcontainers-lifecycle-0] DEBUG org.testcontainers.containers.output.WaitingConsumer - STDOUT: {"type": "server", "timestamp": "2022-11-20T07:32:34,865Z", "level": "INFO", "component": "o.e.n.Node", "cluster.name": "elasticsearch", "node.name": "5e5a005fe35a", "message": "node name [5e5a005fe35a], node ID [eE9zeIHfQkSbma5pIEGtTw], cluster name [elasticsearch], roles [transform, data_frozen, master, remote_cluster_client, data, ml, data_content, data_hot, data_warm, data_cold, ingest]" }
07:32:36.738 [docker-java-stream-227155265] DEBUG com.github.dockerjava.zerodep.shaded.org.apache.hc.client5.http.wire - http-outgoing-2 << "151[\r][\n]"
07:32:36.738 [docker-java-stream-227155265] DEBUG com.github.dockerjava.zerodep.shaded.org.apache.hc.client5.http.wire - http-outgoing-2 << "[0x1][0x0][0x0][0x0][0x0][0x0][0x1]I{"type": "server", "timestamp": "2022-11-20T07:32:36,738Z", "level": "INFO", "component": "o.e.x.m.p.l.CppLogMessageHandler", "cluster.name": "elasticsearch", "node.name": "5e5a005fe35a", "message": "[controller/214] [Main.cc@117] controller (64 bit): Version 7.12.1 (Build 4172997de5701c) Copyright (c) 2021 Elasticsearch BV" }[\n]"
07:32:36.738 [docker-java-stream-227155265] DEBUG com.github.dockerjava.zerodep.shaded.org.apache.hc.client5.http.wire - http-outgoing-2 << "[\r][\n]"
07:32:36.739 [testcontainers-lifecycle-0] DEBUG org.testcontainers.containers.output.WaitingConsumer - STDOUT: {"type": "server", "timestamp": "2022-11-20T07:32:36,738Z", "level": "INFO", "component": "o.e.x.m.p.l.CppLogMessageHandler", "cluster.name": "elasticsearch", "node.name": "5e5a005fe35a", "message": "[controller/214] [Main.cc@117] controller (64 bit): Version 7.12.1 (Build 4172997de5701c) Copyright (c) 2021 Elasticsearch BV" }
07:32:37.063 [docker-java-stream-227155265] DEBUG com.github.dockerjava.zerodep.shaded.org.apache.hc.client5.http.wire - http-outgoing-2 << "114[\r][\n]"
07:32:37.063 [docker-java-stream-227155265] DEBUG com.github.dockerjava.zerodep.shaded.org.apache.hc.client5.http.wire - http-outgoing-2 << "[0x1][0x0][0x0][0x0][0x0][0x0][0x1][0xc]{"type": "server", "timestamp": "2022-11-20T07:32:37,060Z", "level": "INFO", "component": "o.e.x.s.a.s.FileRolesStore", "cluster.name": "elasticsearch", "node.name": "5e5a005fe35a", "message": "parsed [0] roles from file [/usr/share/elasticsearch/config/roles.yml]" }[\n]"
07:32:37.063 [docker-java-stream-227155265] DEBUG com.github.dockerjava.zerodep.shaded.org.apache.hc.client5.http.wire - http-outgoing-2 << "[\r][\n]"
07:32:37.063 [testcontainers-lifecycle-0] DEBUG org.testcontainers.containers.output.WaitingConsumer - STDOUT: {"type": "server", "timestamp": "2022-11-20T07:32:37,060Z", "level": "INFO", "component": "o.e.x.s.a.s.FileRolesStore", "cluster.name": "elasticsearch", "node.name": "5e5a005fe35a", "message": "parsed [0] roles from file [/usr/share/elasticsearch/config/roles.yml]" }
07:32:37.723 [docker-java-stream-227155265] DEBUG com.github.dockerjava.zerodep.shaded.org.apache.hc.client5.http.wire - http-outgoing-2 << "1b8[\r][\n]"
07:32:37.723 [docker-java-stream-227155265] DEBUG com.github.dockerjava.zerodep.shaded.org.apache.hc.client5.http.wire - http-outgoing-2 << "[0x1][0x0][0x0][0x0][0x0][0x0][0x1][0xffffffb0]{"type": "server", "timestamp": "2022-11-20T07:32:37,723Z", "level": "INFO", "component": "o.e.t.NettyAllocator", "cluster.name": "elasticsearch", "node.name": "5e5a005fe35a", "message": "creating NettyAllocator with the following configs: [name=elasticsearch_configured, chunk_size=1mb, suggested_max_allocation_size=1mb, factors={es.unsafe.use_netty_default_chunk_and_page_size=false, g1gc_enabled=true, g1gc_region_size=4mb}]" }[\n]"
07:32:37.723 [docker-java-stream-227155265] DEBUG com.github.dockerjava.zerodep.shaded.org.apache.hc.client5.http.wire - http-outgoing-2 << "[\r][\n]"
07:32:37.723 [testcontainers-lifecycle-0] DEBUG org.testcontainers.containers.output.WaitingConsumer - STDOUT: {"type": "server", "timestamp": "2022-11-20T07:32:37,723Z", "level": "INFO", "component": "o.e.t.NettyAllocator", "cluster.name": "elasticsearch", "node.name": "5e5a005fe35a", "message": "creating NettyAllocator with the following configs: [name=elasticsearch_configured, chunk_size=1mb, suggested_max_allocation_size=1mb, factors={es.unsafe.use_netty_default_chunk_and_page_size=false, g1gc_enabled=true, g1gc_region_size=4mb}]" }
07:32:37.750 [docker-java-stream-227155265] DEBUG com.github.dockerjava.zerodep.shaded.org.apache.hc.client5.http.wire - http-outgoing-2 << "10f[\r][\n]"
07:32:37.750 [docker-java-stream-227155265] DEBUG com.github.dockerjava.zerodep.shaded.org.apache.hc.client5.http.wire - http-outgoing-2 << "[0x1][0x0][0x0][0x0][0x0][0x0][0x1][0x7]{"type": "server", "timestamp": "2022-11-20T07:32:37,749Z", "level": "INFO", "component": "o.e.d.DiscoveryModule", "cluster.name": "elasticsearch", "node.name": "5e5a005fe35a", "message": "using discovery type [single-node] and seed hosts providers [settings]" }[\n]"
07:32:37.750 [docker-java-stream-227155265] DEBUG com.github.dockerjava.zerodep.shaded.org.apache.hc.client5.http.wire - http-outgoing-2 << "[\r][\n]"
07:32:37.750 [testcontainers-lifecycle-0] DEBUG org.testcontainers.containers.output.WaitingConsumer - STDOUT: {"type": "server", "timestamp": "2022-11-20T07:32:37,749Z", "level": "INFO", "component": "o.e.d.DiscoveryModule", "cluster.name": "elasticsearch", "node.name": "5e5a005fe35a", "message": "using discovery type [single-node] and seed hosts providers [settings]" }
07:32:38.026 [docker-java-stream-227155265] DEBUG com.github.dockerjava.zerodep.shaded.org.apache.hc.client5.http.wire - http-outgoing-2 << "15c[\r][\n]"
07:32:38.026 [docker-java-stream-227155265] DEBUG com.github.dockerjava.zerodep.shaded.org.apache.hc.client5.http.wire - http-outgoing-2 << "[0x1][0x0][0x0][0x0][0x0][0x0][0x1]T{"type": "server", "timestamp": "2022-11-20T07:32:38,025Z", "level": "INFO", "component": "o.e.g.DanglingIndicesState", "cluster.name": "elasticsearch", "node.name": "5e5a005fe35a", "message": "gateway.auto_import_dangling_indices is disabled, dangling indices will not be automatically detected or imported and must be managed manually" }[\n]"
07:32:38.026 [docker-java-stream-227155265] DEBUG com.github.dockerjava.zerodep.shaded.org.apache.hc.client5.http.wire - http-outgoing-2 << "[\r][\n]"
07:32:38.026 [testcontainers-lifecycle-0] DEBUG org.testcontainers.containers.output.WaitingConsumer - STDOUT: {"type": "server", "timestamp": "2022-11-20T07:32:38,025Z", "level": "INFO", "component": "o.e.g.DanglingIndicesState", "cluster.name": "elasticsearch", "node.name": "5e5a005fe35a", "message": "gateway.auto_import_dangling_indices is disabled, dangling indices will not be automatically detected or imported and must be managed manually" }
07:32:38.219 [docker-java-stream-227155265] DEBUG com.github.dockerjava.zerodep.shaded.org.apache.hc.client5.http.wire - http-outgoing-2 << "193[\r][\n]"
07:32:38.219 [docker-java-stream-227155265] DEBUG com.github.dockerjava.zerodep.shaded.org.apache.hc.client5.http.wire - http-outgoing-2 << "[0x1][0x0][0x0][0x0][0x0][0x0][0x0][0xffffffc1]{"type": "server", "timestamp": "2022-11-20T07:32:38,218Z", "level": "INFO", "component": "o.e.n.Node", "cluster.name": "elasticsearch", "node.name": "5e5a005fe35a", "message": "initialized" }[\n]"
07:32:38.219 [docker-java-stream-227155265] DEBUG com.github.dockerjava.zerodep.shaded.org.apache.hc.client5.http.wire - http-outgoing-2 << "[0x1][0x0][0x0][0x0][0x0][0x0][0x0][0xffffffc2]{"type": "server", "timestamp": "2022-11-20T07:32:38,218Z", "level": "INFO", "component": "o.e.n.Node", "cluster.name": "elasticsearch", "node.name": "5e5a005fe35a", "message": "starting ..." }[\n]"
07:32:38.219 [docker-java-stream-227155265] DEBUG com.github.dockerjava.zerodep.shaded.org.apache.hc.client5.http.wire - http-outgoing-2 << "[\r][\n]"
07:32:38.219 [testcontainers-lifecycle-0] DEBUG org.testcontainers.containers.output.WaitingConsumer - STDOUT: {"type": "server", "timestamp": "2022-11-20T07:32:38,218Z", "level": "INFO", "component": "o.e.n.Node", "cluster.name": "elasticsearch", "node.name": "5e5a005fe35a", "message": "starting ..." }
07:32:38.219 [testcontainers-lifecycle-0] DEBUG org.testcontainers.containers.output.WaitingConsumer - STDOUT: {"type": "server", "timestamp": "2022-11-20T07:32:38,218Z", "level": "INFO", "component": "o.e.n.Node", "cluster.name": "elasticsearch", "node.name": "5e5a005fe35a", "message": "initialized" }
07:32:38.225 [docker-java-stream-227155265] DEBUG com.github.dockerjava.zerodep.shaded.org.apache.hc.client5.http.wire - http-outgoing-2 << "ec[\r][\n]"
07:32:38.225 [docker-java-stream-227155265] DEBUG com.github.dockerjava.zerodep.shaded.org.apache.hc.client5.http.wire - http-outgoing-2 << "[0x1][0x0][0x0][0x0][0x0][0x0][0x0][0xffffffe4]{"type": "server", "timestamp": "2022-11-20T07:32:38,225Z", "level": "INFO", "component": "o.e.x.s.c.f.PersistentCache", "cluster.name": "elasticsearch", "node.name": "5e5a005fe35a", "message": "persistent cache index loaded" }[\n]"
07:32:38.225 [docker-java-stream-227155265] DEBUG com.github.dockerjava.zerodep.shaded.org.apache.hc.client5.http.wire - http-outgoing-2 << "[\r][\n]"
07:32:38.231 [testcontainers-lifecycle-0] DEBUG org.testcontainers.containers.output.WaitingConsumer - STDOUT: {"type": "server", "timestamp": "2022-11-20T07:32:38,225Z", "level": "INFO", "component": "o.e.x.s.c.f.PersistentCache", "cluster.name": "elasticsearch", "node.name": "5e5a005fe35a", "message": "persistent cache index loaded" }
07:32:38.269 [docker-java-stream-227155265] DEBUG com.github.dockerjava.zerodep.shaded.org.apache.hc.client5.http.wire - http-outgoing-2 << "10b[\r][\n]"
07:32:38.269 [docker-java-stream-227155265] DEBUG com.github.dockerjava.zerodep.shaded.org.apache.hc.client5.http.wire - http-outgoing-2 << "[0x1][0x0][0x0][0x0][0x0][0x0][0x1][0x3]{"type": "server", "timestamp": "2022-11-20T07:32:38,268Z", "level": "INFO", "component": "o.e.t.TransportService", "cluster.name": "elasticsearch", "node.name": "5e5a005fe35a", "message": "publish_address {172.17.0.5:9300}, bound_addresses {0.0.0.0:9300}" }[\n]"
07:32:38.269 [docker-java-stream-227155265] DEBUG com.github.dockerjava.zerodep.shaded.org.apache.hc.client5.http.wire - http-outgoing-2 << "[\r][\n]"
07:32:38.269 [testcontainers-lifecycle-0] DEBUG org.testcontainers.containers.output.WaitingConsumer - STDOUT: {"type": "server", "timestamp": "2022-11-20T07:32:38,268Z", "level": "INFO", "component": "o.e.t.TransportService", "cluster.name": "elasticsearch", "node.name": "5e5a005fe35a", "message": "publish_address {172.17.0.5:9300}, bound_addresses {0.0.0.0:9300}" }
07:32:38.333 [docker-java-stream-227155265] DEBUG com.github.dockerjava.zerodep.shaded.org.apache.hc.client5.http.wire - http-outgoing-2 << "113[\r][\n]"
07:32:38.334 [docker-java-stream-227155265] DEBUG com.github.dockerjava.zerodep.shaded.org.apache.hc.client5.http.wire - http-outgoing-2 << "[0x1][0x0][0x0][0x0][0x0][0x0][0x1][0xb]{"type": "server", "timestamp": "2022-11-20T07:32:38,333Z", "level": "INFO", "component": "o.e.c.c.Coordinator", "cluster.name": "elasticsearch", "node.name": "5e5a005fe35a", "message": "setting initial configuration to VotingConfiguration{eE9zeIHfQkSbma5pIEGtTw}" }[\n]"
07:32:38.334 [docker-java-stream-227155265] DEBUG com.github.dockerjava.zerodep.shaded.org.apache.hc.client5.http.wire - http-outgoing-2 << "[\r][\n]"
07:32:38.334 [testcontainers-lifecycle-0] DEBUG org.testcontainers.containers.output.WaitingConsumer - STDOUT: {"type": "server", "timestamp": "2022-11-20T07:32:38,333Z", "level": "INFO", "component": "o.e.c.c.Coordinator", "cluster.name": "elasticsearch", "node.name": "5e5a005fe35a", "message": "setting initial configuration to VotingConfiguration{eE9zeIHfQkSbma5pIEGtTw}" }
07:32:38.475 [docker-java-stream-227155265] DEBUG com.github.dockerjava.zerodep.shaded.org.apache.hc.client5.http.wire - http-outgoing-2 << "334[\r][\n]"
07:32:38.475 [docker-java-stream-227155265] DEBUG com.github.dockerjava.zerodep.shaded.org.apache.hc.client5.http.wire - http-outgoing-2 << "[0x1][0x0][0x0][0x0][0x0][0x0][0x3],{"type": "server", "timestamp": "2022-11-20T07:32:38,475Z", "level": "INFO", "component": "o.e.c.s.MasterService", "cluster.name": "elasticsearch", "node.name": "5e5a005fe35a", "message": "elected-as-master ([1] nodes joined)[{5e5a005fe35a}{eE9zeIHfQkSbma5pIEGtTw}{T9trJZ-UTeu2QVMPCfVVNg}{172.17.0.5}{172.17.0.5:9300}{cdfhilmrstw}{ml.machine_memory=5173260288, xpack.installed=true, transform.node=true, ml.max_open_jobs=20, ml.max_jvm_size=2147483648} elect leader, _BECOME_MASTER_TASK_, _FINISH_ELECTION_], term: 1, version: 1, delta: master node changed {previous [], current [{5e5a005fe35a}{eE9zeIHfQkSbma5pIEGtTw}{T9trJZ-UTeu2QVMPCfVVNg}{172.17.0.5}{172.17.0.5:9300}{cdfhilmrstw}{ml.machine_memory=5173260288, xpack.installed=true, transform.node=true, ml.max_open_jobs=20, ml.max_jvm_size=2147483648}]}" }[\n]"
07:32:38.475 [docker-java-stream-227155265] DEBUG com.github.dockerjava.zerodep.shaded.org.apache.hc.client5.http.wire - http-outgoing-2 << "[\r][\n]"
07:32:38.476 [testcontainers-lifecycle-0] DEBUG org.testcontainers.containers.output.WaitingConsumer - STDOUT: {"type": "server", "timestamp": "2022-11-20T07:32:38,475Z", "level": "INFO", "component": "o.e.c.s.MasterService", "cluster.name": "elasticsearch", "node.name": "5e5a005fe35a", "message": "elected-as-master ([1] nodes joined)[{5e5a005fe35a}{eE9zeIHfQkSbma5pIEGtTw}{T9trJZ-UTeu2QVMPCfVVNg}{172.17.0.5}{172.17.0.5:9300}{cdfhilmrstw}{ml.machine_memory=5173260288, xpack.installed=true, transform.node=true, ml.max_open_jobs=20, ml.max_jvm_size=2147483648} elect leader, _BECOME_MASTER_TASK_, _FINISH_ELECTION_], term: 1, version: 1, delta: master node changed {previous [], current [{5e5a005fe35a}{eE9zeIHfQkSbma5pIEGtTw}{T9trJZ-UTeu2QVMPCfVVNg}{172.17.0.5}{172.17.0.5:9300}{cdfhilmrstw}{ml.machine_memory=5173260288, xpack.installed=true, transform.node=true, ml.max_open_jobs=20, ml.max_jvm_size=2147483648}]}" }
07:32:38.499 [docker-java-stream-227155265] DEBUG com.github.dockerjava.zerodep.shaded.org.apache.hc.client5.http.wire - http-outgoing-2 << "f9[\r][\n]"
07:32:38.499 [docker-java-stream-227155265] DEBUG com.github.dockerjava.zerodep.shaded.org.apache.hc.client5.http.wire - http-outgoing-2 << "[0x1][0x0][0x0][0x0][0x0][0x0][0x0][0xfffffff1]{"type": "server", "timestamp": "2022-11-20T07:32:38,499Z", "level": "INFO", "component": "o.e.c.c.CoordinationState", "cluster.name": "elasticsearch", "node.name": "5e5a005fe35a", "message": "cluster UUID set to [0WsggW9rTjeuEG8t7h4Eow]" }[\n]"
07:32:38.499 [docker-java-stream-227155265] DEBUG com.github.dockerjava.zerodep.shaded.org.apache.hc.client5.http.wire - http-outgoing-2 << "[\r][\n]"
07:32:38.499 [testcontainers-lifecycle-0] DEBUG org.testcontainers.containers.output.WaitingConsumer - STDOUT: {"type": "server", "timestamp": "2022-11-20T07:32:38,499Z", "level": "INFO", "component": "o.e.c.c.CoordinationState", "cluster.name": "elasticsearch", "node.name": "5e5a005fe35a", "message": "cluster UUID set to [0WsggW9rTjeuEG8t7h4Eow]" }
07:32:38.513 [docker-java-stream-227155265] DEBUG com.github.dockerjava.zerodep.shaded.org.apache.hc.client5.http.wire - http-outgoing-2 << "21d[\r][\n]"
07:32:38.513 [docker-java-stream-227155265] DEBUG com.github.dockerjava.zerodep.shaded.org.apache.hc.client5.http.wire - http-outgoing-2 << "[0x1][0x0][0x0][0x0][0x0][0x0][0x2][0x15]{"type": "server", "timestamp": "2022-11-20T07:32:38,513Z", "level": "INFO", "component": "o.e.c.s.ClusterApplierService", "cluster.name": "elasticsearch", "node.name": "5e5a005fe35a", "message": "master node changed {previous [], current [{5e5a005fe35a}{eE9zeIHfQkSbma5pIEGtTw}{T9trJZ-UTeu2QVMPCfVVNg}{172.17.0.5}{172.17.0.5:9300}{cdfhilmrstw}{ml.machine_memory=5173260288, xpack.installed=true, transform.node=true, ml.max_open_jobs=20, ml.max_jvm_size=2147483648}]}, term: 1, version: 1, reason: Publication{term=1, version=1}" }[\n]"
07:32:38.513 [docker-java-stream-227155265] DEBUG com.github.dockerjava.zerodep.shaded.org.apache.hc.client5.http.wire - http-outgoing-2 << "[\r][\n]"
07:32:38.513 [testcontainers-lifecycle-0] DEBUG org.testcontainers.containers.output.WaitingConsumer - STDOUT: {"type": "server", "timestamp": "2022-11-20T07:32:38,513Z", "level": "INFO", "component": "o.e.c.s.ClusterApplierService", "cluster.name": "elasticsearch", "node.name": "5e5a005fe35a", "message": "master node changed {previous [], current [{5e5a005fe35a}{eE9zeIHfQkSbma5pIEGtTw}{T9trJZ-UTeu2QVMPCfVVNg}{172.17.0.5}{172.17.0.5:9300}{cdfhilmrstw}{ml.machine_memory=5173260288, xpack.installed=true, transform.node=true, ml.max_open_jobs=20, ml.max_jvm_size=2147483648}]}, term: 1, version: 1, reason: Publication{term=1, version=1}" }
07:32:38.536 [docker-java-stream-227155265] DEBUG com.github.dockerjava.zerodep.shaded.org.apache.hc.client5.http.wire - http-outgoing-2 << "27b[\r][\n]"
07:32:38.536 [docker-java-stream-227155265] DEBUG com.github.dockerjava.zerodep.shaded.org.apache.hc.client5.http.wire - http-outgoing-2 << "[0x1][0x0][0x0][0x0][0x0][0x0][0x1]^{"type": "server", "timestamp": "2022-11-20T07:32:38,535Z", "level": "INFO", "component": "o.e.h.AbstractHttpServerTransport", "cluster.name": "elasticsearch", "node.name": "5e5a005fe35a", "message": "publish_address {172.17.0.5:9200}, bound_addresses {0.0.0.0:9200}", "cluster.uuid": "0WsggW9rTjeuEG8t7h4Eow", "node.id": "eE9zeIHfQkSbma5pIEGtTw"  }[\n]"
07:32:38.536 [docker-java-stream-227155265] DEBUG com.github.dockerjava.zerodep.shaded.org.apache.hc.client5.http.wire - http-outgoing-2 << "[0x1][0x0][0x0][0x0][0x0][0x0][0x1][\r]{"type": "server", "timestamp": "2022-11-20T07:32:38,535Z", "level": "INFO", "component": "o.e.n.Node", "cluster.name": "elasticsearch", "node.name": "5e5a005fe35a", "message": "started", "cluster.uuid": "0WsggW9rTjeuEG8t7h4Eow", "node.id": "eE9zeIHfQkSbma5pIEGtTw"  }[\n]"
07:32:38.536 [docker-java-stream-227155265] DEBUG com.github.dockerjava.zerodep.shaded.org.apache.hc.client5.http.wire - http-outgoing-2 << "[\r][\n]"
07:32:38.536 [testcontainers-lifecycle-0] DEBUG org.testcontainers.containers.output.WaitingConsumer - STDOUT: {"type": "server", "timestamp": "2022-11-20T07:32:38,535Z", "level": "INFO", "component": "o.e.n.Node", "cluster.name": "elasticsearch", "node.name": "5e5a005fe35a", "message": "started", "cluster.uuid": "0WsggW9rTjeuEG8t7h4Eow", "node.id": "eE9zeIHfQkSbma5pIEGtTw"  }
07:32:38.537 [docker-java-stream-227155265] DEBUG com.github.dockerjava.zerodep.shaded.org.apache.hc.client5.http.wire - http-outgoing-2 << "[read] I/O error: null"
07:32:38.537 [testcontainers-lifecycle-0] DEBUG com.github.dockerjava.zerodep.shaded.org.apache.hc.client5.http.impl.classic.InternalHttpClient - ep-0000000B: cancel
07:32:38.537 [docker-java-stream-227155265] DEBUG com.github.dockerjava.zerodep.shaded.org.apache.hc.client5.http.wire - http-outgoing-2 << "[read] I/O error: null"
07:32:38.537 [testcontainers-lifecycle-0] DEBUG com.github.dockerjava.zerodep.shaded.org.apache.hc.client5.http.impl.io.DefaultManagedHttpClientConnection - http-outgoing-2: close connection IMMEDIATE
07:32:38.537 [testcontainers-lifecycle-0] DEBUG com.github.dockerjava.zerodep.shaded.org.apache.hc.client5.http.impl.classic.InternalHttpClient - ep-0000000B: endpoint closed
07:32:38.537 [testcontainers-lifecycle-0] DEBUG com.github.dockerjava.zerodep.shaded.org.apache.hc.client5.http.impl.classic.InternalHttpClient - ep-0000000B: discarding endpoint
07:32:38.537 [testcontainers-lifecycle-0] DEBUG com.github.dockerjava.zerodep.shaded.org.apache.hc.client5.http.impl.io.PoolingHttpClientConnectionManager - ep-0000000B: releasing endpoint
07:32:38.537 [testcontainers-lifecycle-0] DEBUG com.github.dockerjava.zerodep.shaded.org.apache.hc.client5.http.impl.io.PoolingHttpClientConnectionManager - ep-0000000B: connection is not kept alive
07:32:38.537 [docker-java-stream-227155265] DEBUG com.github.dockerjava.zerodep.ApacheDockerHttpClientImpl$ApacheResponse - Failed to close the response
java.nio.channels.ClosedChannelException: null
	at java.base/sun.nio.ch.SocketChannelImpl.ensureOpenAndConnected(SocketChannelImpl.java:215)
	at java.base/sun.nio.ch.SocketChannelImpl.read(SocketChannelImpl.java:403)
	at java.base/sun.nio.ch.ChannelInputStream.read(ChannelInputStream.java:59)
	at java.base/sun.nio.ch.ChannelInputStream.read(ChannelInputStream.java:107)
	at java.base/sun.nio.ch.ChannelInputStream.read(ChannelInputStream.java:101)
	at com.github.dockerjava.zerodep.shaded.org.apache.hc.client5.http.impl.io.LoggingInputStream.read(LoggingInputStream.java:81)
	at com.github.dockerjava.zerodep.shaded.org.apache.hc.core5.http.impl.io.SessionInputBufferImpl.fillBuffer(SessionInputBufferImpl.java:149)
	at com.github.dockerjava.zerodep.shaded.org.apache.hc.core5.http.impl.io.SessionInputBufferImpl.readLine(SessionInputBufferImpl.java:280)
	at com.github.dockerjava.zerodep.shaded.org.apache.hc.core5.http.impl.io.ChunkedInputStream.getChunkSize(ChunkedInputStream.java:261)
	at com.github.dockerjava.zerodep.shaded.org.apache.hc.core5.http.impl.io.ChunkedInputStream.nextChunk(ChunkedInputStream.java:222)
	at com.github.dockerjava.zerodep.shaded.org.apache.hc.core5.http.impl.io.ChunkedInputStream.read(ChunkedInputStream.java:147)
	at com.github.dockerjava.zerodep.shaded.org.apache.hc.core5.http.impl.io.ChunkedInputStream.close(ChunkedInputStream.java:314)
	at com.github.dockerjava.zerodep.shaded.org.apache.hc.core5.io.Closer.close(Closer.java:48)
	at com.github.dockerjava.zerodep.shaded.org.apache.hc.core5.http.impl.io.IncomingHttpEntity.close(IncomingHttpEntity.java:111)
	at com.github.dockerjava.zerodep.shaded.org.apache.hc.core5.http.io.entity.HttpEntityWrapper.close(HttpEntityWrapper.java:120)
	at com.github.dockerjava.zerodep.shaded.org.apache.hc.core5.io.Closer.close(Closer.java:48)
	at com.github.dockerjava.zerodep.shaded.org.apache.hc.core5.http.message.BasicClassicHttpResponse.close(BasicClassicHttpResponse.java:93)
	at com.github.dockerjava.zerodep.shaded.org.apache.hc.client5.http.impl.classic.CloseableHttpResponse.close(CloseableHttpResponse.java:200)
	at com.github.dockerjava.zerodep.ApacheDockerHttpClientImpl$ApacheResponse.close(ApacheDockerHttpClientImpl.java:256)
	at org.testcontainers.shaded.com.github.dockerjava.core.DefaultInvocationBuilder.lambda$executeAndStream$1(DefaultInvocationBuilder.java:277)
	at java.base/java.lang.Thread.run(Thread.java:833)
07:32:38.538 [testcontainers-lifecycle-0] DEBUG com.github.dockerjava.zerodep.shaded.org.apache.hc.client5.http.impl.io.PoolingHttpClientConnectionManager - ep-0000000B: connection released [route: {}->unix://localhost:2375][total available: 0; route allocated: 0 of 2147483647; total allocated: 0 of 2147483647]
07:32:38.538 [testcontainers-lifecycle-0] INFO 🐳 [docker.elastic.co/elasticsearch/elasticsearch:7.12.1] - Container docker.elastic.co/elasticsearch/elasticsearch:7.12.1 started in PT10.586504S
07:32:38.539 [main] DEBUG org.springframework.test.context.support.AnnotationConfigContextLoader - Registering component classes: {class com.zilch.payments.application.config.elasticsearch.ElasticsearchConfig}
07:32:38.566 [main] DEBUG org.springframework.context.support.GenericApplicationContext - Refreshing org.springframework.context.support.GenericApplicationContext@1d01dfa5
07:32:38.572 [main] DEBUG org.springframework.beans.factory.support.DefaultListableBeanFactory - Creating shared instance of singleton bean 'org.springframework.context.annotation.internalConfigurationAnnotationProcessor'
07:32:38.616 [main] INFO org.springframework.data.repository.config.RepositoryConfigurationDelegate - Multiple Spring Data modules found, entering strict repository configuration mode
07:32:38.617 [main] INFO org.springframework.data.repository.config.RepositoryConfigurationDelegate - Bootstrapping Spring Data Elasticsearch repositories in DEFAULT mode.
07:32:38.621 [main] DEBUG org.springframework.data.repository.config.RepositoryConfigurationDelegate - Scanning for Elasticsearch repositories in packages com.zilch.payments.boundary.outbound.elastic.
07:32:38.631 [main] DEBUG org.springframework.data.repository.config.RepositoryComponentProvider - Identified candidate component class: file [/Users/marekchodak/development/payments/target/classes/com/zilch/payments/boundary/outbound/elastic/ElasticsearchPurchaseRepository.class]
07:32:38.665 [main] INFO org.springframework.data.repository.config.RepositoryConfigurationDelegate - Finished Spring Data repository scanning in 43 ms. Found 1 Elasticsearch repository interfaces.
07:32:38.710 [main] DEBUG org.springframework.beans.factory.support.DefaultListableBeanFactory - Creating shared instance of singleton bean 'org.springframework.boot.test.mock.mockito.MockitoPostProcessor'
07:32:38.717 [main] DEBUG org.springframework.beans.factory.support.DefaultListableBeanFactory - Creating shared instance of singleton bean 'org.spockframework.spring.mock.SpockMockPostprocessor'
07:32:38.719 [main] DEBUG org.springframework.beans.factory.support.DefaultListableBeanFactory - Creating shared instance of singleton bean 'org.springframework.context.event.internalEventListenerProcessor'
07:32:38.720 [main] DEBUG org.springframework.beans.factory.support.DefaultListableBeanFactory - Creating shared instance of singleton bean 'org.springframework.context.event.internalEventListenerFactory'
07:32:38.721 [main] DEBUG org.springframework.beans.factory.support.DefaultListableBeanFactory - Creating shared instance of singleton bean 'org.springframework.context.annotation.internalAutowiredAnnotationProcessor'
07:32:38.722 [main] DEBUG org.springframework.beans.factory.support.DefaultListableBeanFactory - Creating shared instance of singleton bean 'org.springframework.context.annotation.internalCommonAnnotationProcessor'
07:32:38.724 [main] DEBUG org.springframework.beans.factory.support.DefaultListableBeanFactory - Creating shared instance of singleton bean 'org.springframework.boot.test.mock.mockito.MockitoPostProcessor$SpyPostProcessor'
07:32:38.725 [main] DEBUG org.springframework.beans.factory.support.DefaultListableBeanFactory - Creating shared instance of singleton bean 'org.spockframework.spring.mock.SpockMockPostprocessor$SpyPostProcessor'
07:32:38.728 [main] DEBUG org.springframework.beans.factory.support.DefaultListableBeanFactory - Creating shared instance of singleton bean 'elasticsearchConfig'
07:32:38.735 [main] DEBUG org.springframework.beans.factory.support.DefaultListableBeanFactory - Creating shared instance of singleton bean 'client'
07:32:38.991 [main] DEBUG org.springframework.beans.factory.support.DefaultListableBeanFactory - Creating shared instance of singleton bean 'elasticsearchTemplate'
07:32:39.020 [main] DEBUG org.springframework.data.convert.CustomConversions - Adding converter from class org.springframework.data.geo.Point to interface java.util.Map as writing converter
07:32:39.020 [main] DEBUG org.springframework.data.convert.CustomConversions - Adding converter from interface java.util.Map to class org.springframework.data.geo.Point as reading converter
07:32:39.020 [main] DEBUG org.springframework.data.convert.CustomConversions - Adding converter from class org.springframework.data.elasticsearch.core.geo.GeoPoint to interface java.util.Map as writing converter
07:32:39.020 [main] DEBUG org.springframework.data.convert.CustomConversions - Adding converter from interface java.util.Map to class org.springframework.data.elasticsearch.core.geo.GeoPoint as reading converter
07:32:39.020 [main] DEBUG org.springframework.data.convert.CustomConversions - Adding converter from interface org.springframework.data.elasticsearch.core.geo.GeoJson to interface java.util.Map as writing converter
07:32:39.020 [main] DEBUG org.springframework.data.convert.CustomConversions - Adding converter from interface java.util.Map to interface org.springframework.data.elasticsearch.core.geo.GeoJson as reading converter
07:32:39.020 [main] DEBUG org.springframework.data.convert.CustomConversions - Adding converter from class org.springframework.data.elasticsearch.core.geo.GeoJsonPoint to interface java.util.Map as writing converter
07:32:39.020 [main] DEBUG org.springframework.data.convert.CustomConversions - Adding converter from interface java.util.Map to class org.springframework.data.elasticsearch.core.geo.GeoJsonPoint as reading converter
07:32:39.020 [main] DEBUG org.springframework.data.convert.CustomConversions - Adding converter from class org.springframework.data.elasticsearch.core.geo.GeoJsonMultiPoint to interface java.util.Map as writing converter
07:32:39.020 [main] DEBUG org.springframework.data.convert.CustomConversions - Adding converter from interface java.util.Map to class org.springframework.data.elasticsearch.core.geo.GeoJsonMultiPoint as reading converter
07:32:39.020 [main] DEBUG org.springframework.data.convert.CustomConversions - Adding converter from class org.springframework.data.elasticsearch.core.geo.GeoJsonLineString to interface java.util.Map as writing converter
07:32:39.020 [main] DEBUG org.springframework.data.convert.CustomConversions - Adding converter from interface java.util.Map to class org.springframework.data.elasticsearch.core.geo.GeoJsonLineString as reading converter
07:32:39.020 [main] DEBUG org.springframework.data.convert.CustomConversions - Adding converter from class org.springframework.data.elasticsearch.core.geo.GeoJsonMultiLineString to interface java.util.Map as writing converter
07:32:39.020 [main] DEBUG org.springframework.data.convert.CustomConversions - Adding converter from interface java.util.Map to class org.springframework.data.elasticsearch.core.geo.GeoJsonMultiLineString as reading converter
07:32:39.020 [main] DEBUG org.springframework.data.convert.CustomConversions - Adding converter from class org.springframework.data.elasticsearch.core.geo.GeoJsonPolygon to interface java.util.Map as writing converter
07:32:39.020 [main] DEBUG org.springframework.data.convert.CustomConversions - Adding converter from interface java.util.Map to class org.springframework.data.elasticsearch.core.geo.GeoJsonPolygon as reading converter
07:32:39.020 [main] DEBUG org.springframework.data.convert.CustomConversions - Adding converter from class org.springframework.data.elasticsearch.core.geo.GeoJsonMultiPolygon to interface java.util.Map as writing converter
07:32:39.020 [main] DEBUG org.springframework.data.convert.CustomConversions - Adding converter from interface java.util.Map to class org.springframework.data.elasticsearch.core.geo.GeoJsonMultiPolygon as reading converter
07:32:39.020 [main] DEBUG org.springframework.data.convert.CustomConversions - Adding converter from class org.springframework.data.elasticsearch.core.geo.GeoJsonGeometryCollection to interface java.util.Map as writing converter
07:32:39.020 [main] DEBUG org.springframework.data.convert.CustomConversions - Adding converter from interface java.util.Map to class org.springframework.data.elasticsearch.core.geo.GeoJsonGeometryCollection as reading converter
07:32:39.020 [main] DEBUG org.springframework.data.convert.CustomConversions - Adding converter from class java.lang.String to class java.util.UUID as reading converter
07:32:39.020 [main] DEBUG org.springframework.data.convert.CustomConversions - Adding converter from class java.util.UUID to class java.lang.String as writing converter
07:32:39.020 [main] DEBUG org.springframework.data.convert.CustomConversions - Adding converter from class java.math.BigDecimal to class java.lang.Double as writing converter
07:32:39.020 [main] DEBUG org.springframework.data.convert.CustomConversions - Adding converter from class java.lang.Double to class java.math.BigDecimal as reading converter
07:32:39.020 [main] DEBUG org.springframework.data.convert.CustomConversions - Adding converter from class [B to class java.lang.String as writing converter
07:32:39.020 [main] DEBUG org.springframework.data.convert.CustomConversions - Adding converter from class java.lang.String to class [B as reading converter
07:32:39.021 [main] DEBUG org.springframework.data.convert.CustomConversions - Adding converter from class org.joda.time.LocalDate to class java.util.Date as writing converter
07:32:39.021 [main] DEBUG org.springframework.data.convert.CustomConversions - Adding converter from class org.joda.time.LocalDateTime to class java.util.Date as writing converter
07:32:39.021 [main] DEBUG org.springframework.data.convert.CustomConversions - Adding converter from class org.joda.time.DateTime to class java.util.Date as writing converter
07:32:39.021 [main] DEBUG org.springframework.data.convert.CustomConversions - Adding converter from class java.util.Date to class org.joda.time.LocalDate as reading converter
07:32:39.021 [main] DEBUG org.springframework.data.convert.CustomConversions - Adding converter from class java.util.Date to class org.joda.time.LocalDateTime as reading converter
07:32:39.021 [main] DEBUG org.springframework.data.convert.CustomConversions - Adding converter from class java.util.Date to class org.joda.time.DateTime as reading converter
07:32:39.021 [main] DEBUG org.springframework.data.convert.CustomConversions - Adding converter from class java.time.LocalDateTime to class org.joda.time.LocalDateTime as reading converter
07:32:39.021 [main] DEBUG org.springframework.data.convert.CustomConversions - Adding converter from class java.time.LocalDateTime to class org.joda.time.DateTime as reading converter
07:32:39.021 [main] DEBUG org.springframework.data.convert.CustomConversions - Adding converter from class java.time.Instant to class org.joda.time.LocalDateTime as reading converter
07:32:39.021 [main] DEBUG org.springframework.data.convert.CustomConversions - Adding converter from class org.joda.time.LocalDateTime to class java.time.Instant as writing converter
07:32:39.021 [main] DEBUG org.springframework.data.convert.CustomConversions - Adding converter from class org.joda.time.LocalDateTime to class java.time.LocalDateTime as writing converter
07:32:39.021 [main] DEBUG org.springframework.data.convert.CustomConversions - Adding converter from class java.util.Date to class java.time.LocalDateTime as reading converter
07:32:39.021 [main] DEBUG org.springframework.data.convert.CustomConversions - Adding converter from class java.time.LocalDateTime to class java.util.Date as writing converter
07:32:39.021 [main] DEBUG org.springframework.data.convert.CustomConversions - Adding converter from class java.util.Date to class java.time.LocalDate as reading converter
07:32:39.021 [main] DEBUG org.springframework.data.convert.CustomConversions - Adding converter from class java.time.LocalDate to class java.util.Date as writing converter
07:32:39.021 [main] DEBUG org.springframework.data.convert.CustomConversions - Adding converter from class java.util.Date to class java.time.LocalTime as reading converter
07:32:39.021 [main] DEBUG org.springframework.data.convert.CustomConversions - Adding converter from class java.time.LocalTime to class java.util.Date as writing converter
07:32:39.021 [main] DEBUG org.springframework.data.convert.CustomConversions - Adding converter from class java.util.Date to class java.time.Instant as reading converter
07:32:39.021 [main] DEBUG org.springframework.data.convert.CustomConversions - Adding converter from class java.time.Instant to class java.util.Date as writing converter
07:32:39.021 [main] DEBUG org.springframework.data.convert.CustomConversions - Adding converter from class java.time.LocalDateTime to class java.time.Instant as reading converter
07:32:39.021 [main] DEBUG org.springframework.data.convert.CustomConversions - Adding converter from class java.time.Instant to class java.time.LocalDateTime as reading converter
07:32:39.021 [main] DEBUG org.springframework.data.convert.CustomConversions - Adding converter from class java.time.ZoneId to class java.lang.String as writing converter
07:32:39.021 [main] DEBUG org.springframework.data.convert.CustomConversions - Adding converter from class java.lang.String to class java.time.ZoneId as reading converter
07:32:39.021 [main] DEBUG org.springframework.data.convert.CustomConversions - Adding converter from class java.time.Duration to class java.lang.String as writing converter
07:32:39.021 [main] DEBUG org.springframework.data.convert.CustomConversions - Adding converter from class java.lang.String to class java.time.Duration as reading converter
07:32:39.021 [main] DEBUG org.springframework.data.convert.CustomConversions - Adding converter from class java.time.Period to class java.lang.String as writing converter
07:32:39.021 [main] DEBUG org.springframework.data.convert.CustomConversions - Adding converter from class java.lang.String to class java.time.Period as reading converter
07:32:39.021 [main] DEBUG org.springframework.data.convert.CustomConversions - Adding converter from class java.lang.String to class java.time.LocalDate as reading converter
07:32:39.021 [main] DEBUG org.springframework.data.convert.CustomConversions - Adding converter from class java.lang.String to class java.time.LocalDateTime as reading converter
07:32:39.021 [main] DEBUG org.springframework.data.convert.CustomConversions - Adding converter from class java.lang.String to class java.time.Instant as reading converter
07:32:39.052 [main] DEBUG org.springframework.beans.factory.support.DefaultListableBeanFactory - Creating shared instance of singleton bean 'elasticsearchPurchaseRepository'
07:32:39.093 [main] DEBUG org.springframework.data.repository.core.support.RepositoryFactorySupport - Initializing repository instance for com.zilch.payments.boundary.outbound.elastic.ElasticsearchPurchaseRepository…
07:32:39.119 [main] DEBUG org.apache.http.impl.nio.client.MainClientExec - [exchange: 1] start execution
07:32:39.121 [main] DEBUG org.apache.http.client.protocol.RequestAddCookies - CookieSpec selected: default
07:32:39.126 [main] DEBUG org.apache.http.client.protocol.RequestAuthCache - Re-using cached 'basic' auth scheme for http://localhost:9200
07:32:39.126 [main] DEBUG org.apache.http.client.protocol.RequestAuthCache - No credentials for preemptive authentication
07:32:39.126 [main] DEBUG org.apache.http.impl.nio.client.InternalHttpAsyncClient - [exchange: 1] Request connection for {}->http://localhost:9200
07:32:39.127 [main] DEBUG org.apache.http.impl.nio.conn.PoolingNHttpClientConnectionManager - Connection request: [route: {}->http://localhost:9200][total kept alive: 0; route allocated: 0 of 10; total allocated: 0 of 30]
07:32:39.140 [I/O dispatcher 1] DEBUG org.apache.http.impl.nio.conn.PoolingNHttpClientConnectionManager - Connection leased: [id: http-outgoing-0][route: {}->http://localhost:9200][total kept alive: 0; route allocated: 1 of 10; total allocated: 0 of 30]
07:32:39.140 [I/O dispatcher 1] DEBUG org.apache.http.impl.nio.client.InternalHttpAsyncClient - [exchange: 1] Connection allocated: CPoolProxy{http-outgoing-0 [ACTIVE]}
07:32:39.140 [I/O dispatcher 1] DEBUG org.apache.http.impl.nio.conn.ManagedNHttpClientConnectionImpl - http-outgoing-0 127.0.0.1:59956<->127.0.0.1:9200[ACTIVE][r:]: Set attribute http.nio.exchange-handler
07:32:39.140 [I/O dispatcher 1] DEBUG org.apache.http.impl.nio.conn.ManagedNHttpClientConnectionImpl - http-outgoing-0 127.0.0.1:59956<->127.0.0.1:9200[ACTIVE][rw:]: Event set [w]
07:32:39.140 [I/O dispatcher 1] DEBUG org.apache.http.impl.nio.conn.ManagedNHttpClientConnectionImpl - http-outgoing-0 127.0.0.1:59956<->127.0.0.1:9200[ACTIVE][rw:]: Set timeout 0
07:32:39.140 [I/O dispatcher 1] DEBUG org.apache.http.impl.nio.client.InternalIODispatch - http-outgoing-0 [ACTIVE]: Connected
07:32:39.141 [I/O dispatcher 1] DEBUG org.apache.http.impl.nio.conn.ManagedNHttpClientConnectionImpl - http-outgoing-0 127.0.0.1:59956<->127.0.0.1:9200[ACTIVE][rw:]: Set attribute http.nio.http-exchange-state
07:32:39.141 [I/O dispatcher 1] DEBUG org.apache.http.impl.nio.client.InternalHttpAsyncClient - [exchange: 1] Start connection routing
07:32:39.141 [I/O dispatcher 1] DEBUG org.apache.http.impl.nio.client.InternalHttpAsyncClient - [exchange: 1] route completed
07:32:39.141 [I/O dispatcher 1] DEBUG org.apache.http.impl.nio.client.MainClientExec - [exchange: 1] Connection route established
07:32:39.141 [I/O dispatcher 1] DEBUG org.apache.http.impl.nio.client.MainClientExec - [exchange: 1] Attempt 1 to execute request
07:32:39.141 [I/O dispatcher 1] DEBUG org.apache.http.impl.nio.client.MainClientExec - [exchange: 1] Target auth state: UNCHALLENGED
07:32:39.142 [I/O dispatcher 1] DEBUG org.apache.http.impl.nio.client.MainClientExec - [exchange: 1] Proxy auth state: UNCHALLENGED
07:32:39.142 [I/O dispatcher 1] DEBUG org.apache.http.impl.nio.conn.ManagedNHttpClientConnectionImpl - http-outgoing-0 127.0.0.1:59956<->127.0.0.1:9200[ACTIVE][rw:]: Set timeout 5000
07:32:39.142 [I/O dispatcher 1] DEBUG org.apache.http.headers - http-outgoing-0 >> GET / HTTP/1.1
07:32:39.143 [I/O dispatcher 1] DEBUG org.apache.http.headers - http-outgoing-0 >> X-Elastic-Client-Meta: es=7.17.6p,jv=17,t=7.17.6p,hc=4.1.5,gy=3.0
07:32:39.143 [I/O dispatcher 1] DEBUG org.apache.http.headers - http-outgoing-0 >> Content-Length: 0
07:32:39.143 [I/O dispatcher 1] DEBUG org.apache.http.headers - http-outgoing-0 >> Host: localhost:9200
07:32:39.143 [I/O dispatcher 1] DEBUG org.apache.http.headers - http-outgoing-0 >> Connection: Keep-Alive
07:32:39.143 [I/O dispatcher 1] DEBUG org.apache.http.headers - http-outgoing-0 >> User-Agent: elasticsearch-java/7.17.6-SNAPSHOT (Java/17)
07:32:39.143 [I/O dispatcher 1] DEBUG org.apache.http.impl.nio.conn.ManagedNHttpClientConnectionImpl - http-outgoing-0 127.0.0.1:59956<->127.0.0.1:9200[ACTIVE][rw:]: Event set [w]
07:32:39.143 [I/O dispatcher 1] DEBUG org.apache.http.impl.nio.client.MainClientExec - [exchange: 1] Request completed
07:32:39.143 [I/O dispatcher 1] DEBUG org.apache.http.impl.nio.conn.ManagedNHttpClientConnectionImpl - http-outgoing-0 127.0.0.1:59956<->127.0.0.1:9200[ACTIVE][rw:w]: 208 bytes written
07:32:39.143 [I/O dispatcher 1] DEBUG org.apache.http.wire - http-outgoing-0 >> "GET / HTTP/1.1[\r][\n]"
07:32:39.143 [I/O dispatcher 1] DEBUG org.apache.http.wire - http-outgoing-0 >> "X-Elastic-Client-Meta: es=7.17.6p,jv=17,t=7.17.6p,hc=4.1.5,gy=3.0[\r][\n]"
07:32:39.143 [I/O dispatcher 1] DEBUG org.apache.http.wire - http-outgoing-0 >> "Content-Length: 0[\r][\n]"
07:32:39.143 [I/O dispatcher 1] DEBUG org.apache.http.wire - http-outgoing-0 >> "Host: localhost:9200[\r][\n]"
07:32:39.143 [I/O dispatcher 1] DEBUG org.apache.http.wire - http-outgoing-0 >> "Connection: Keep-Alive[\r][\n]"
07:32:39.143 [I/O dispatcher 1] DEBUG org.apache.http.wire - http-outgoing-0 >> "User-Agent: elasticsearch-java/7.17.6-SNAPSHOT (Java/17)[\r][\n]"
07:32:39.143 [I/O dispatcher 1] DEBUG org.apache.http.wire - http-outgoing-0 >> "[\r][\n]"
07:32:39.143 [I/O dispatcher 1] DEBUG org.apache.http.impl.nio.client.InternalIODispatch - http-outgoing-0 [ACTIVE] Request ready
07:32:39.143 [I/O dispatcher 1] DEBUG org.apache.http.impl.nio.conn.ManagedNHttpClientConnectionImpl - http-outgoing-0 127.0.0.1:59956<->127.0.0.1:9200[ACTIVE][r:w]: Event cleared [w]
07:32:39.201 [I/O dispatcher 1] DEBUG org.apache.http.impl.nio.conn.ManagedNHttpClientConnectionImpl - http-outgoing-0 127.0.0.1:59956<->127.0.0.1:9200[ACTIVE][r:r]: 631 bytes read
07:32:39.201 [I/O dispatcher 1] DEBUG org.apache.http.wire - http-outgoing-0 << "HTTP/1.1 200 OK[\r][\n]"
07:32:39.201 [I/O dispatcher 1] DEBUG org.apache.http.wire - http-outgoing-0 << "content-type: application/json; charset=UTF-8[\r][\n]"
07:32:39.201 [I/O dispatcher 1] DEBUG org.apache.http.wire - http-outgoing-0 << "content-length: 544[\r][\n]"
07:32:39.201 [I/O dispatcher 1] DEBUG org.apache.http.wire - http-outgoing-0 << "[\r][\n]"
07:32:39.201 [I/O dispatcher 1] DEBUG org.apache.http.wire - http-outgoing-0 << "{[\n]"
07:32:39.201 [I/O dispatcher 1] DEBUG org.apache.http.wire - http-outgoing-0 << "  "name" : "5e5a005fe35a",[\n]"
07:32:39.201 [I/O dispatcher 1] DEBUG org.apache.http.wire - http-outgoing-0 << "  "cluster_name" : "elasticsearch",[\n]"
07:32:39.201 [I/O dispatcher 1] DEBUG org.apache.http.wire - http-outgoing-0 << "  "cluster_uuid" : "0WsggW9rTjeuEG8t7h4Eow",[\n]"
07:32:39.201 [I/O dispatcher 1] DEBUG org.apache.http.wire - http-outgoing-0 << "  "version" : {[\n]"
07:32:39.201 [I/O dispatcher 1] DEBUG org.apache.http.wire - http-outgoing-0 << "    "number" : "7.12.1",[\n]"
07:32:39.201 [I/O dispatcher 1] DEBUG org.apache.http.wire - http-outgoing-0 << "    "build_flavor" : "default",[\n]"
07:32:39.201 [I/O dispatcher 1] DEBUG org.apache.http.wire - http-outgoing-0 << "    "build_type" : "docker",[\n]"
07:32:39.201 [I/O dispatcher 1] DEBUG org.apache.http.wire - http-outgoing-0 << "    "build_hash" : "3186837139b9c6b6d23c3200870651f10d3343b7",[\n]"
07:32:39.201 [I/O dispatcher 1] DEBUG org.apache.http.wire - http-outgoing-0 << "    "build_date" : "2021-04-20T20:56:39.040728659Z",[\n]"
07:32:39.201 [I/O dispatcher 1] DEBUG org.apache.http.wire - http-outgoing-0 << "    "build_snapshot" : false,[\n]"
07:32:39.201 [I/O dispatcher 1] DEBUG org.apache.http.wire - http-outgoing-0 << "    "lucene_version" : "8.8.0",[\n]"
07:32:39.201 [I/O dispatcher 1] DEBUG org.apache.http.wire - http-outgoing-0 << "    "minimum_wire_compatibility_version" : "6.8.0",[\n]"
07:32:39.201 [I/O dispatcher 1] DEBUG org.apache.http.wire - http-outgoing-0 << "    "minimum_index_compatibility_version" : "6.0.0-beta1"[\n]"
07:32:39.201 [I/O dispatcher 1] DEBUG org.apache.http.wire - http-outgoing-0 << "  },[\n]"
07:32:39.201 [I/O dispatcher 1] DEBUG org.apache.http.wire - http-outgoing-0 << "  "tagline" : "You Know, for Search"[\n]"
07:32:39.201 [I/O dispatcher 1] DEBUG org.apache.http.wire - http-outgoing-0 << "}[\n]"
07:32:39.203 [I/O dispatcher 1] DEBUG org.apache.http.headers - http-outgoing-0 << HTTP/1.1 200 OK
07:32:39.203 [I/O dispatcher 1] DEBUG org.apache.http.headers - http-outgoing-0 << content-type: application/json; charset=UTF-8
07:32:39.203 [I/O dispatcher 1] DEBUG org.apache.http.headers - http-outgoing-0 << content-length: 544
07:32:39.203 [I/O dispatcher 1] DEBUG org.apache.http.impl.nio.client.InternalIODispatch - http-outgoing-0 [ACTIVE(544)] Response received
07:32:39.203 [I/O dispatcher 1] DEBUG org.apache.http.impl.nio.client.MainClientExec - [exchange: 1] Response received HTTP/1.1 200 OK
07:32:39.204 [I/O dispatcher 1] DEBUG org.apache.http.impl.nio.client.InternalIODispatch - http-outgoing-0 [ACTIVE(544)] Input ready
07:32:39.204 [I/O dispatcher 1] DEBUG org.apache.http.impl.nio.client.MainClientExec - [exchange: 1] Consume content
07:32:39.205 [I/O dispatcher 1] DEBUG org.apache.http.impl.nio.client.InternalHttpAsyncClient - [exchange: 1] Connection can be kept alive indefinitely
07:32:39.205 [I/O dispatcher 1] DEBUG org.apache.http.impl.nio.client.MainClientExec - [exchange: 1] Response processed
07:32:39.205 [I/O dispatcher 1] DEBUG org.apache.http.impl.nio.client.InternalHttpAsyncClient - [exchange: 1] releasing connection
07:32:39.205 [I/O dispatcher 1] DEBUG org.apache.http.impl.nio.conn.ManagedNHttpClientConnectionImpl - http-outgoing-0 127.0.0.1:59956<->127.0.0.1:9200[ACTIVE][r:r]: Remove attribute http.nio.exchange-handler
07:32:39.205 [I/O dispatcher 1] DEBUG org.apache.http.impl.nio.conn.PoolingNHttpClientConnectionManager - Releasing connection: [id: http-outgoing-0][route: {}->http://localhost:9200][total kept alive: 0; route allocated: 1 of 10; total allocated: 1 of 30]
07:32:39.205 [I/O dispatcher 1] DEBUG org.apache.http.impl.nio.conn.PoolingNHttpClientConnectionManager - Connection [id: http-outgoing-0][route: {}->http://localhost:9200] can be kept alive indefinitely
07:32:39.205 [I/O dispatcher 1] DEBUG org.apache.http.impl.nio.conn.ManagedNHttpClientConnectionImpl - http-outgoing-0 127.0.0.1:59956<->127.0.0.1:9200[ACTIVE][r:r]: Set timeout 0
07:32:39.205 [I/O dispatcher 1] DEBUG org.apache.http.impl.nio.conn.PoolingNHttpClientConnectionManager - Connection released: [id: http-outgoing-0][route: {}->http://localhost:9200][total kept alive: 1; route allocated: 1 of 10; total allocated: 1 of 30]
07:32:39.205 [I/O dispatcher 1] DEBUG org.elasticsearch.client.RestClient - request [GET http://localhost:9200/] returned [HTTP/1.1 200 OK]
07:32:39.230 [I/O dispatcher 1] DEBUG org.apache.http.impl.nio.client.InternalIODispatch - http-outgoing-0 [ACTIVE] [content length: 544; pos: 544; completed: true]
07:32:39.230 [main] DEBUG org.apache.http.impl.nio.client.MainClientExec - [exchange: 2] start execution
07:32:39.230 [main] DEBUG org.apache.http.client.protocol.RequestAddCookies - CookieSpec selected: default
07:32:39.230 [main] DEBUG org.apache.http.client.protocol.RequestAuthCache - Re-using cached 'basic' auth scheme for http://localhost:9200
07:32:39.230 [main] DEBUG org.apache.http.client.protocol.RequestAuthCache - No credentials for preemptive authentication
07:32:39.230 [main] DEBUG org.apache.http.impl.nio.client.InternalHttpAsyncClient - [exchange: 2] Request connection for {}->http://localhost:9200
07:32:39.230 [main] DEBUG org.apache.http.impl.nio.conn.PoolingNHttpClientConnectionManager - Connection request: [route: {}->http://localhost:9200][total kept alive: 1; route allocated: 1 of 10; total allocated: 1 of 30]
07:32:39.230 [main] DEBUG org.apache.http.impl.nio.conn.ManagedNHttpClientConnectionImpl - http-outgoing-0 127.0.0.1:59956<->127.0.0.1:9200[ACTIVE][r:r]: Set timeout 0
07:32:39.230 [main] DEBUG org.apache.http.impl.nio.conn.PoolingNHttpClientConnectionManager - Connection leased: [id: http-outgoing-0][route: {}->http://localhost:9200][total kept alive: 0; route allocated: 1 of 10; total allocated: 1 of 30]
07:32:39.230 [main] DEBUG org.apache.http.impl.nio.client.InternalHttpAsyncClient - [exchange: 2] Connection allocated: CPoolProxy{http-outgoing-0 [ACTIVE]}
07:32:39.230 [main] DEBUG org.apache.http.impl.nio.conn.ManagedNHttpClientConnectionImpl - http-outgoing-0 127.0.0.1:59956<->127.0.0.1:9200[ACTIVE][r:r]: Set attribute http.nio.exchange-handler
07:32:39.230 [main] DEBUG org.apache.http.impl.nio.conn.ManagedNHttpClientConnectionImpl - http-outgoing-0 127.0.0.1:59956<->127.0.0.1:9200[ACTIVE][rw:r]: Event set [w]
07:32:39.230 [I/O dispatcher 1] DEBUG org.apache.http.impl.nio.client.InternalIODispatch - http-outgoing-0 [ACTIVE] Request ready
07:32:39.230 [I/O dispatcher 1] DEBUG org.apache.http.impl.nio.client.MainClientExec - [exchange: 2] Attempt 1 to execute request
07:32:39.230 [I/O dispatcher 1] DEBUG org.apache.http.impl.nio.client.MainClientExec - [exchange: 2] Target auth state: UNCHALLENGED
07:32:39.230 [I/O dispatcher 1] DEBUG org.apache.http.impl.nio.client.MainClientExec - [exchange: 2] Proxy auth state: UNCHALLENGED
07:32:39.230 [I/O dispatcher 1] DEBUG org.apache.http.impl.nio.conn.ManagedNHttpClientConnectionImpl - http-outgoing-0 127.0.0.1:59956<->127.0.0.1:9200[ACTIVE][rw:w]: Set timeout 5000
07:32:39.231 [I/O dispatcher 1] DEBUG org.apache.http.headers - http-outgoing-0 >> HEAD /purchases HTTP/1.1
07:32:39.231 [I/O dispatcher 1] DEBUG org.apache.http.headers - http-outgoing-0 >> X-Elastic-Client-Meta: es=7.17.6p,jv=17,t=7.17.6p,hc=4.1.5,gy=3.0
07:32:39.231 [I/O dispatcher 1] DEBUG org.apache.http.headers - http-outgoing-0 >> Host: localhost:9200
07:32:39.231 [I/O dispatcher 1] DEBUG org.apache.http.headers - http-outgoing-0 >> Connection: Keep-Alive
07:32:39.231 [I/O dispatcher 1] DEBUG org.apache.http.headers - http-outgoing-0 >> User-Agent: elasticsearch-java/7.17.6-SNAPSHOT (Java/17)
07:32:39.231 [I/O dispatcher 1] DEBUG org.apache.http.impl.nio.conn.ManagedNHttpClientConnectionImpl - http-outgoing-0 127.0.0.1:59956<->127.0.0.1:9200[ACTIVE][rw:w]: Event set [w]
07:32:39.231 [I/O dispatcher 1] DEBUG org.apache.http.impl.nio.client.MainClientExec - [exchange: 2] Request completed
07:32:39.231 [I/O dispatcher 1] DEBUG org.apache.http.impl.nio.conn.ManagedNHttpClientConnectionImpl - http-outgoing-0 127.0.0.1:59956<->127.0.0.1:9200[ACTIVE][rw:w]: 199 bytes written
07:32:39.231 [I/O dispatcher 1] DEBUG org.apache.http.wire - http-outgoing-0 >> "HEAD /purchases HTTP/1.1[\r][\n]"
07:32:39.231 [I/O dispatcher 1] DEBUG org.apache.http.wire - http-outgoing-0 >> "X-Elastic-Client-Meta: es=7.17.6p,jv=17,t=7.17.6p,hc=4.1.5,gy=3.0[\r][\n]"
07:32:39.231 [I/O dispatcher 1] DEBUG org.apache.http.wire - http-outgoing-0 >> "Host: localhost:9200[\r][\n]"
07:32:39.231 [I/O dispatcher 1] DEBUG org.apache.http.wire - http-outgoing-0 >> "Connection: Keep-Alive[\r][\n]"
07:32:39.231 [I/O dispatcher 1] DEBUG org.apache.http.wire - http-outgoing-0 >> "User-Agent: elasticsearch-java/7.17.6-SNAPSHOT (Java/17)[\r][\n]"
07:32:39.231 [I/O dispatcher 1] DEBUG org.apache.http.wire - http-outgoing-0 >> "[\r][\n]"
07:32:39.231 [I/O dispatcher 1] DEBUG org.apache.http.impl.nio.client.InternalIODispatch - http-outgoing-0 [ACTIVE] Request ready
07:32:39.231 [I/O dispatcher 1] DEBUG org.apache.http.impl.nio.conn.ManagedNHttpClientConnectionImpl - http-outgoing-0 127.0.0.1:59956<->127.0.0.1:9200[ACTIVE][r:w]: Event cleared [w]
07:32:39.235 [I/O dispatcher 1] DEBUG org.apache.http.impl.nio.conn.ManagedNHttpClientConnectionImpl - http-outgoing-0 127.0.0.1:59956<->127.0.0.1:9200[ACTIVE][r:r]: 94 bytes read
07:32:39.235 [I/O dispatcher 1] DEBUG org.apache.http.wire - http-outgoing-0 << "HTTP/1.1 404 Not Found[\r][\n]"
07:32:39.235 [I/O dispatcher 1] DEBUG org.apache.http.wire - http-outgoing-0 << "content-type: application/json; charset=UTF-8[\r][\n]"
07:32:39.235 [I/O dispatcher 1] DEBUG org.apache.http.wire - http-outgoing-0 << "content-length: 383[\r][\n]"
07:32:39.235 [I/O dispatcher 1] DEBUG org.apache.http.wire - http-outgoing-0 << "[\r][\n]"
07:32:39.235 [I/O dispatcher 1] DEBUG org.apache.http.headers - http-outgoing-0 << HTTP/1.1 404 Not Found
07:32:39.235 [I/O dispatcher 1] DEBUG org.apache.http.headers - http-outgoing-0 << content-type: application/json; charset=UTF-8
07:32:39.235 [I/O dispatcher 1] DEBUG org.apache.http.headers - http-outgoing-0 << content-length: 383
07:32:39.235 [I/O dispatcher 1] DEBUG org.apache.http.impl.nio.client.InternalIODispatch - http-outgoing-0 [ACTIVE] Response received
07:32:39.235 [I/O dispatcher 1] DEBUG org.apache.http.impl.nio.client.MainClientExec - [exchange: 2] Response received HTTP/1.1 404 Not Found
07:32:39.235 [I/O dispatcher 1] DEBUG org.apache.http.impl.nio.client.InternalHttpAsyncClient - [exchange: 2] Connection can be kept alive indefinitely
07:32:39.235 [I/O dispatcher 1] DEBUG org.apache.http.impl.nio.client.MainClientExec - [exchange: 2] Response processed
07:32:39.235 [I/O dispatcher 1] DEBUG org.apache.http.impl.nio.client.InternalHttpAsyncClient - [exchange: 2] releasing connection
07:32:39.235 [I/O dispatcher 1] DEBUG org.apache.http.impl.nio.conn.ManagedNHttpClientConnectionImpl - http-outgoing-0 127.0.0.1:59956<->127.0.0.1:9200[ACTIVE][r:r]: Remove attribute http.nio.exchange-handler
07:32:39.235 [I/O dispatcher 1] DEBUG org.apache.http.impl.nio.conn.PoolingNHttpClientConnectionManager - Releasing connection: [id: http-outgoing-0][route: {}->http://localhost:9200][total kept alive: 0; route allocated: 1 of 10; total allocated: 1 of 30]
07:32:39.235 [I/O dispatcher 1] DEBUG org.apache.http.impl.nio.conn.PoolingNHttpClientConnectionManager - Connection [id: http-outgoing-0][route: {}->http://localhost:9200] can be kept alive indefinitely
07:32:39.235 [I/O dispatcher 1] DEBUG org.apache.http.impl.nio.conn.ManagedNHttpClientConnectionImpl - http-outgoing-0 127.0.0.1:59956<->127.0.0.1:9200[ACTIVE][r:r]: Set timeout 0
07:32:39.235 [I/O dispatcher 1] DEBUG org.apache.http.impl.nio.conn.PoolingNHttpClientConnectionManager - Connection released: [id: http-outgoing-0][route: {}->http://localhost:9200][total kept alive: 1; route allocated: 1 of 10; total allocated: 1 of 30]
07:32:39.236 [main] DEBUG org.elasticsearch.client.RestClient - request [HEAD http://localhost:9200/purchases] returned [HTTP/1.1 404 Not Found]
07:32:39.357 [main] DEBUG org.apache.http.impl.nio.client.MainClientExec - [exchange: 3] start execution
07:32:39.357 [main] DEBUG org.apache.http.client.protocol.RequestAddCookies - CookieSpec selected: default
07:32:39.357 [main] DEBUG org.apache.http.client.protocol.RequestAuthCache - Re-using cached 'basic' auth scheme for http://localhost:9200
07:32:39.357 [main] DEBUG org.apache.http.client.protocol.RequestAuthCache - No credentials for preemptive authentication
07:32:39.357 [main] DEBUG org.apache.http.impl.nio.client.InternalHttpAsyncClient - [exchange: 3] Request connection for {}->http://localhost:9200
07:32:39.357 [main] DEBUG org.apache.http.impl.nio.conn.PoolingNHttpClientConnectionManager - Connection request: [route: {}->http://localhost:9200][total kept alive: 1; route allocated: 1 of 10; total allocated: 1 of 30]
07:32:39.357 [main] DEBUG org.apache.http.impl.nio.conn.ManagedNHttpClientConnectionImpl - http-outgoing-0 127.0.0.1:59956<->127.0.0.1:9200[ACTIVE][r:r]: Set timeout 0
07:32:39.357 [main] DEBUG org.apache.http.impl.nio.conn.PoolingNHttpClientConnectionManager - Connection leased: [id: http-outgoing-0][route: {}->http://localhost:9200][total kept alive: 0; route allocated: 1 of 10; total allocated: 1 of 30]
07:32:39.357 [main] DEBUG org.apache.http.impl.nio.client.InternalHttpAsyncClient - [exchange: 3] Connection allocated: CPoolProxy{http-outgoing-0 [ACTIVE]}
07:32:39.357 [main] DEBUG org.apache.http.impl.nio.conn.ManagedNHttpClientConnectionImpl - http-outgoing-0 127.0.0.1:59956<->127.0.0.1:9200[ACTIVE][r:r]: Set attribute http.nio.exchange-handler
07:32:39.357 [main] DEBUG org.apache.http.impl.nio.conn.ManagedNHttpClientConnectionImpl - http-outgoing-0 127.0.0.1:59956<->127.0.0.1:9200[ACTIVE][rw:r]: Event set [w]
07:32:39.357 [I/O dispatcher 1] DEBUG org.apache.http.impl.nio.client.InternalIODispatch - http-outgoing-0 [ACTIVE] Request ready
07:32:39.357 [I/O dispatcher 1] DEBUG org.apache.http.impl.nio.client.MainClientExec - [exchange: 3] Attempt 1 to execute request
07:32:39.357 [I/O dispatcher 1] DEBUG org.apache.http.impl.nio.client.MainClientExec - [exchange: 3] Target auth state: UNCHALLENGED
07:32:39.357 [I/O dispatcher 1] DEBUG org.apache.http.impl.nio.client.MainClientExec - [exchange: 3] Proxy auth state: UNCHALLENGED
07:32:39.357 [I/O dispatcher 1] DEBUG org.apache.http.impl.nio.conn.ManagedNHttpClientConnectionImpl - http-outgoing-0 127.0.0.1:59956<->127.0.0.1:9200[ACTIVE][rw:w]: Set timeout 5000
07:32:39.357 [I/O dispatcher 1] DEBUG org.apache.http.headers - http-outgoing-0 >> PUT /purchases?master_timeout=30s&timeout=30s HTTP/1.1
07:32:39.357 [I/O dispatcher 1] DEBUG org.apache.http.headers - http-outgoing-0 >> X-Elastic-Client-Meta: es=7.17.6p,jv=17,t=7.17.6p,hc=4.1.5,gy=3.0
07:32:39.357 [I/O dispatcher 1] DEBUG org.apache.http.headers - http-outgoing-0 >> Content-Length: 273
07:32:39.357 [I/O dispatcher 1] DEBUG org.apache.http.headers - http-outgoing-0 >> Content-Type: application/json
07:32:39.357 [I/O dispatcher 1] DEBUG org.apache.http.headers - http-outgoing-0 >> Host: localhost:9200
07:32:39.357 [I/O dispatcher 1] DEBUG org.apache.http.headers - http-outgoing-0 >> Connection: Keep-Alive
07:32:39.357 [I/O dispatcher 1] DEBUG org.apache.http.headers - http-outgoing-0 >> User-Agent: elasticsearch-java/7.17.6-SNAPSHOT (Java/17)
07:32:39.358 [I/O dispatcher 1] DEBUG org.apache.http.impl.nio.conn.ManagedNHttpClientConnectionImpl - http-outgoing-0 127.0.0.1:59956<->127.0.0.1:9200[ACTIVE][rw:w]: Event set [w]
07:32:39.358 [I/O dispatcher 1] DEBUG org.apache.http.impl.nio.client.InternalIODispatch - http-outgoing-0 [ACTIVE] Output ready
07:32:39.358 [I/O dispatcher 1] DEBUG org.apache.http.impl.nio.client.MainClientExec - [exchange: 3] produce content
07:32:39.358 [I/O dispatcher 1] DEBUG org.apache.http.impl.nio.client.MainClientExec - [exchange: 3] Request completed
07:32:39.358 [I/O dispatcher 1] DEBUG org.apache.http.impl.nio.client.InternalIODispatch - http-outgoing-0 [ACTIVE] [content length: 273; pos: 273; completed: true]
07:32:39.358 [I/O dispatcher 1] DEBUG org.apache.http.impl.nio.conn.ManagedNHttpClientConnectionImpl - http-outgoing-0 127.0.0.1:59956<->127.0.0.1:9200[ACTIVE][rw:w]: 555 bytes written
07:32:39.358 [I/O dispatcher 1] DEBUG org.apache.http.wire - http-outgoing-0 >> "PUT /purchases?master_timeout=30s&timeout=30s HTTP/1.1[\r][\n]"
07:32:39.358 [I/O dispatcher 1] DEBUG org.apache.http.wire - http-outgoing-0 >> "X-Elastic-Client-Meta: es=7.17.6p,jv=17,t=7.17.6p,hc=4.1.5,gy=3.0[\r][\n]"
07:32:39.358 [I/O dispatcher 1] DEBUG org.apache.http.wire - http-outgoing-0 >> "Content-Length: 273[\r][\n]"
07:32:39.358 [I/O dispatcher 1] DEBUG org.apache.http.wire - http-outgoing-0 >> "Content-Type: application/json[\r][\n]"
07:32:39.358 [I/O dispatcher 1] DEBUG org.apache.http.wire - http-outgoing-0 >> "Host: localhost:9200[\r][\n]"
07:32:39.358 [I/O dispatcher 1] DEBUG org.apache.http.wire - http-outgoing-0 >> "Connection: Keep-Alive[\r][\n]"
07:32:39.358 [I/O dispatcher 1] DEBUG org.apache.http.wire - http-outgoing-0 >> "User-Agent: elasticsearch-java/7.17.6-SNAPSHOT (Java/17)[\r][\n]"
07:32:39.358 [I/O dispatcher 1] DEBUG org.apache.http.wire - http-outgoing-0 >> "[\r][\n]"
07:32:39.358 [I/O dispatcher 1] DEBUG org.apache.http.wire - http-outgoing-0 >> "{"settings":{"index":{"refresh_interval":"1s","store":{"type":"fs"},"number_of_shards":"1","number_of_replicas":"1"}},"mappings":{"properties":{"_class":{"type":"keyword","index":false,"doc_values":false},"itemName":{"type":"text"},"price":{"type":"double"}}},"aliases":{}}"
07:32:39.358 [I/O dispatcher 1] DEBUG org.apache.http.impl.nio.client.InternalIODispatch - http-outgoing-0 [ACTIVE] Request ready
07:32:39.358 [I/O dispatcher 1] DEBUG org.apache.http.impl.nio.conn.ManagedNHttpClientConnectionImpl - http-outgoing-0 127.0.0.1:59956<->127.0.0.1:9200[ACTIVE][r:w]: Event cleared [w]
07:32:39.775 [I/O dispatcher 1] DEBUG org.apache.http.impl.nio.conn.ManagedNHttpClientConnectionImpl - http-outgoing-0 127.0.0.1:59956<->127.0.0.1:9200[ACTIVE][r:r]: 154 bytes read
07:32:39.775 [I/O dispatcher 1] DEBUG org.apache.http.wire - http-outgoing-0 << "HTTP/1.1 200 OK[\r][\n]"
07:32:39.775 [I/O dispatcher 1] DEBUG org.apache.http.wire - http-outgoing-0 << "content-type: application/json; charset=UTF-8[\r][\n]"
07:32:39.775 [I/O dispatcher 1] DEBUG org.apache.http.wire - http-outgoing-0 << "content-length: 68[\r][\n]"
07:32:39.775 [I/O dispatcher 1] DEBUG org.apache.http.wire - http-outgoing-0 << "[\r][\n]"
07:32:39.776 [I/O dispatcher 1] DEBUG org.apache.http.wire - http-outgoing-0 << "{"acknowledged":true,"shards_acknowledged":true,"index":"purchases"}"
07:32:39.776 [I/O dispatcher 1] DEBUG org.apache.http.headers - http-outgoing-0 << HTTP/1.1 200 OK
07:32:39.776 [I/O dispatcher 1] DEBUG org.apache.http.headers - http-outgoing-0 << content-type: application/json; charset=UTF-8
07:32:39.776 [I/O dispatcher 1] DEBUG org.apache.http.headers - http-outgoing-0 << content-length: 68
07:32:39.776 [I/O dispatcher 1] DEBUG org.apache.http.impl.nio.client.InternalIODispatch - http-outgoing-0 [ACTIVE(68)] Response received
07:32:39.776 [I/O dispatcher 1] DEBUG org.apache.http.impl.nio.client.MainClientExec - [exchange: 3] Response received HTTP/1.1 200 OK
07:32:39.776 [I/O dispatcher 1] DEBUG org.apache.http.impl.nio.client.InternalIODispatch - http-outgoing-0 [ACTIVE(68)] Input ready
07:32:39.776 [I/O dispatcher 1] DEBUG org.apache.http.impl.nio.client.MainClientExec - [exchange: 3] Consume content
07:32:39.776 [I/O dispatcher 1] DEBUG org.apache.http.impl.nio.client.InternalHttpAsyncClient - [exchange: 3] Connection can be kept alive indefinitely
07:32:39.776 [I/O dispatcher 1] DEBUG org.apache.http.impl.nio.client.MainClientExec - [exchange: 3] Response processed
07:32:39.776 [I/O dispatcher 1] DEBUG org.apache.http.impl.nio.client.InternalHttpAsyncClient - [exchange: 3] releasing connection
07:32:39.776 [I/O dispatcher 1] DEBUG org.apache.http.impl.nio.conn.ManagedNHttpClientConnectionImpl - http-outgoing-0 127.0.0.1:59956<->127.0.0.1:9200[ACTIVE][r:r]: Remove attribute http.nio.exchange-handler
07:32:39.776 [I/O dispatcher 1] DEBUG org.apache.http.impl.nio.conn.PoolingNHttpClientConnectionManager - Releasing connection: [id: http-outgoing-0][route: {}->http://localhost:9200][total kept alive: 0; route allocated: 1 of 10; total allocated: 1 of 30]
07:32:39.776 [I/O dispatcher 1] DEBUG org.apache.http.impl.nio.conn.PoolingNHttpClientConnectionManager - Connection [id: http-outgoing-0][route: {}->http://localhost:9200] can be kept alive indefinitely
07:32:39.776 [I/O dispatcher 1] DEBUG org.apache.http.impl.nio.conn.ManagedNHttpClientConnectionImpl - http-outgoing-0 127.0.0.1:59956<->127.0.0.1:9200[ACTIVE][r:r]: Set timeout 0
07:32:39.776 [I/O dispatcher 1] DEBUG org.apache.http.impl.nio.conn.PoolingNHttpClientConnectionManager - Connection released: [id: http-outgoing-0][route: {}->http://localhost:9200][total kept alive: 1; route allocated: 1 of 10; total allocated: 1 of 30]
07:32:39.776 [I/O dispatcher 1] DEBUG org.apache.http.impl.nio.client.InternalIODispatch - http-outgoing-0 [ACTIVE] [content length: 68; pos: 68; completed: true]
07:32:39.776 [main] DEBUG org.elasticsearch.client.RestClient - request [PUT http://localhost:9200/purchases?master_timeout=30s&timeout=30s] returned [HTTP/1.1 200 OK]
07:32:39.800 [main] DEBUG org.springframework.data.repository.core.support.RepositoryFactorySupport - Finished creation of repository instance for com.zilch.payments.boundary.outbound.elastic.ElasticsearchPurchaseRepository.
07:32:39.807 [main] DEBUG org.springframework.test.context.cache.DefaultCacheAwareContextLoaderDelegate - Storing ApplicationContext [486662053] in cache under key [[MergedContextConfiguration@7bdf6bb7 testClass = ElasticsearchPurchaseRepositorySpec, locations = '{}', classes = '{class com.zilch.payments.application.config.elasticsearch.ElasticsearchConfig}', contextInitializerClasses = '[class com.zilch.payments.boundary.oubound.elastic.ElasticsearchTestContainerRunner$Initializer]', activeProfiles = '{}', propertySourceLocations = '{}', propertySourceProperties = '{}', contextCustomizers = set[org.springframework.boot.test.context.filter.ExcludeFilterContextCustomizer@5fbdfdcf, org.springframework.boot.test.json.DuplicateJsonObjectContextCustomizerFactory$DuplicateJsonObjectContextCustomizer@3bf9ce3e, org.springframework.boot.test.mock.mockito.MockitoContextCustomizer@0, org.springframework.boot.test.autoconfigure.actuate.metrics.MetricsExportContextCustomizerFactory$DisableMetricExportContextCustomizer@543588e6, org.springframework.boot.test.autoconfigure.properties.PropertyMappingContextCustomizer@0, org.springframework.boot.test.autoconfigure.web.servlet.WebDriverContextCustomizerFactory$Customizer@6e0f5f7f, org.spockframework.spring.mock.SpockContextCustomizer@0], contextLoader = 'org.springframework.test.context.support.DelegatingSmartContextLoader', parent = [null]]]
07:32:39.807 [main] DEBUG org.springframework.test.context.cache - Spring test ApplicationContext cache statistics: [DefaultContextCache@11c581a0 size = 1, maxSize = 32, parentContextCount = 0, hitCount = 0, missCount = 1]
07:32:39.812 [main] DEBUG org.springframework.test.context.cache.DefaultCacheAwareContextLoaderDelegate - Retrieved ApplicationContext [486662053] from cache with key [[MergedContextConfiguration@7bdf6bb7 testClass = ElasticsearchPurchaseRepositorySpec, locations = '{}', classes = '{class com.zilch.payments.application.config.elasticsearch.ElasticsearchConfig}', contextInitializerClasses = '[class com.zilch.payments.boundary.oubound.elastic.ElasticsearchTestContainerRunner$Initializer]', activeProfiles = '{}', propertySourceLocations = '{}', propertySourceProperties = '{}', contextCustomizers = set[org.springframework.boot.test.context.filter.ExcludeFilterContextCustomizer@5fbdfdcf, org.springframework.boot.test.json.DuplicateJsonObjectContextCustomizerFactory$DuplicateJsonObjectContextCustomizer@3bf9ce3e, org.springframework.boot.test.mock.mockito.MockitoContextCustomizer@0, org.springframework.boot.test.autoconfigure.actuate.metrics.MetricsExportContextCustomizerFactory$DisableMetricExportContextCustomizer@543588e6, org.springframework.boot.test.autoconfigure.properties.PropertyMappingContextCustomizer@0, org.springframework.boot.test.autoconfigure.web.servlet.WebDriverContextCustomizerFactory$Customizer@6e0f5f7f, org.spockframework.spring.mock.SpockContextCustomizer@0], contextLoader = 'org.springframework.test.context.support.DelegatingSmartContextLoader', parent = [null]]]
07:32:39.812 [main] DEBUG org.springframework.test.context.cache - Spring test ApplicationContext cache statistics: [DefaultContextCache@11c581a0 size = 1, maxSize = 32, parentContextCount = 0, hitCount = 1, missCount = 1]
07:32:39.812 [main] DEBUG org.springframework.test.context.cache.DefaultCacheAwareContextLoaderDelegate - Retrieved ApplicationContext [486662053] from cache with key [[MergedContextConfiguration@7bdf6bb7 testClass = ElasticsearchPurchaseRepositorySpec, locations = '{}', classes = '{class com.zilch.payments.application.config.elasticsearch.ElasticsearchConfig}', contextInitializerClasses = '[class com.zilch.payments.boundary.oubound.elastic.ElasticsearchTestContainerRunner$Initializer]', activeProfiles = '{}', propertySourceLocations = '{}', propertySourceProperties = '{}', contextCustomizers = set[org.springframework.boot.test.context.filter.ExcludeFilterContextCustomizer@5fbdfdcf, org.springframework.boot.test.json.DuplicateJsonObjectContextCustomizerFactory$DuplicateJsonObjectContextCustomizer@3bf9ce3e, org.springframework.boot.test.mock.mockito.MockitoContextCustomizer@0, org.springframework.boot.test.autoconfigure.actuate.metrics.MetricsExportContextCustomizerFactory$DisableMetricExportContextCustomizer@543588e6, org.springframework.boot.test.autoconfigure.properties.PropertyMappingContextCustomizer@0, org.springframework.boot.test.autoconfigure.web.servlet.WebDriverContextCustomizerFactory$Customizer@6e0f5f7f, org.spockframework.spring.mock.SpockContextCustomizer@0], contextLoader = 'org.springframework.test.context.support.DelegatingSmartContextLoader', parent = [null]]]
07:32:39.812 [main] DEBUG org.springframework.test.context.cache - Spring test ApplicationContext cache statistics: [DefaultContextCache@11c581a0 size = 1, maxSize = 32, parentContextCount = 0, hitCount = 2, missCount = 1]
07:32:39.815 [main] DEBUG org.springframework.test.context.support.AbstractDirtiesContextTestExecutionListener - Before test method: context [DefaultTestContext@62c5bbdc testClass = ElasticsearchPurchaseRepositorySpec, testInstance = com.zilch.payments.boundary.oubound.elastic.purchase.ElasticsearchPurchaseRepositorySpec@faa3fed, testMethod = $spock_feature_1_0@ElasticsearchPurchaseRepositorySpec, testException = [null], mergedContextConfiguration = [MergedContextConfiguration@7bdf6bb7 testClass = ElasticsearchPurchaseRepositorySpec, locations = '{}', classes = '{class com.zilch.payments.application.config.elasticsearch.ElasticsearchConfig}', contextInitializerClasses = '[class com.zilch.payments.boundary.oubound.elastic.ElasticsearchTestContainerRunner$Initializer]', activeProfiles = '{}', propertySourceLocations = '{}', propertySourceProperties = '{}', contextCustomizers = set[org.springframework.boot.test.context.filter.ExcludeFilterContextCustomizer@5fbdfdcf, org.springframework.boot.test.json.DuplicateJsonObjectContextCustomizerFactory$DuplicateJsonObjectContextCustomizer@3bf9ce3e, org.springframework.boot.test.mock.mockito.MockitoContextCustomizer@0, org.springframework.boot.test.autoconfigure.actuate.metrics.MetricsExportContextCustomizerFactory$DisableMetricExportContextCustomizer@543588e6, org.springframework.boot.test.autoconfigure.properties.PropertyMappingContextCustomizer@0, org.springframework.boot.test.autoconfigure.web.servlet.WebDriverContextCustomizerFactory$Customizer@6e0f5f7f, org.spockframework.spring.mock.SpockContextCustomizer@0], contextLoader = 'org.springframework.test.context.support.DelegatingSmartContextLoader', parent = [null]], attributes = map['org.springframework.test.context.event.ApplicationEventsTestExecutionListener.recordApplicationEvents' -> false]], class annotated with @DirtiesContext [false] with mode [null], method annotated with @DirtiesContext [false] with mode [null].
07:32:39.819 [main] DEBUG org.springframework.test.context.cache.DefaultCacheAwareContextLoaderDelegate - Retrieved ApplicationContext [486662053] from cache with key [[MergedContextConfiguration@7bdf6bb7 testClass = ElasticsearchPurchaseRepositorySpec, locations = '{}', classes = '{class com.zilch.payments.application.config.elasticsearch.ElasticsearchConfig}', contextInitializerClasses = '[class com.zilch.payments.boundary.oubound.elastic.ElasticsearchTestContainerRunner$Initializer]', activeProfiles = '{}', propertySourceLocations = '{}', propertySourceProperties = '{}', contextCustomizers = set[org.springframework.boot.test.context.filter.ExcludeFilterContextCustomizer@5fbdfdcf, org.springframework.boot.test.json.DuplicateJsonObjectContextCustomizerFactory$DuplicateJsonObjectContextCustomizer@3bf9ce3e, org.springframework.boot.test.mock.mockito.MockitoContextCustomizer@0, org.springframework.boot.test.autoconfigure.actuate.metrics.MetricsExportContextCustomizerFactory$DisableMetricExportContextCustomizer@543588e6, org.springframework.boot.test.autoconfigure.properties.PropertyMappingContextCustomizer@0, org.springframework.boot.test.autoconfigure.web.servlet.WebDriverContextCustomizerFactory$Customizer@6e0f5f7f, org.spockframework.spring.mock.SpockContextCustomizer@0], contextLoader = 'org.springframework.test.context.support.DelegatingSmartContextLoader', parent = [null]]]
07:32:39.819 [main] DEBUG org.springframework.test.context.cache - Spring test ApplicationContext cache statistics: [DefaultContextCache@11c581a0 size = 1, maxSize = 32, parentContextCount = 0, hitCount = 3, missCount = 1]
07:32:39.819 [main] DEBUG org.springframework.test.context.cache.DefaultCacheAwareContextLoaderDelegate - Retrieved ApplicationContext [486662053] from cache with key [[MergedContextConfiguration@7bdf6bb7 testClass = ElasticsearchPurchaseRepositorySpec, locations = '{}', classes = '{class com.zilch.payments.application.config.elasticsearch.ElasticsearchConfig}', contextInitializerClasses = '[class com.zilch.payments.boundary.oubound.elastic.ElasticsearchTestContainerRunner$Initializer]', activeProfiles = '{}', propertySourceLocations = '{}', propertySourceProperties = '{}', contextCustomizers = set[org.springframework.boot.test.context.filter.ExcludeFilterContextCustomizer@5fbdfdcf, org.springframework.boot.test.json.DuplicateJsonObjectContextCustomizerFactory$DuplicateJsonObjectContextCustomizer@3bf9ce3e, org.springframework.boot.test.mock.mockito.MockitoContextCustomizer@0, org.springframework.boot.test.autoconfigure.actuate.metrics.MetricsExportContextCustomizerFactory$DisableMetricExportContextCustomizer@543588e6, org.springframework.boot.test.autoconfigure.properties.PropertyMappingContextCustomizer@0, org.springframework.boot.test.autoconfigure.web.servlet.WebDriverContextCustomizerFactory$Customizer@6e0f5f7f, org.spockframework.spring.mock.SpockContextCustomizer@0], contextLoader = 'org.springframework.test.context.support.DelegatingSmartContextLoader', parent = [null]]]
07:32:39.819 [main] DEBUG org.springframework.test.context.cache - Spring test ApplicationContext cache statistics: [DefaultContextCache@11c581a0 size = 1, maxSize = 32, parentContextCount = 0, hitCount = 4, missCount = 1]
07:32:39.994 [main] DEBUG org.springframework.test.context.cache.DefaultCacheAwareContextLoaderDelegate - Retrieved ApplicationContext [486662053] from cache with key [[MergedContextConfiguration@7bdf6bb7 testClass = ElasticsearchPurchaseRepositorySpec, locations = '{}', classes = '{class com.zilch.payments.application.config.elasticsearch.ElasticsearchConfig}', contextInitializerClasses = '[class com.zilch.payments.boundary.oubound.elastic.ElasticsearchTestContainerRunner$Initializer]', activeProfiles = '{}', propertySourceLocations = '{}', propertySourceProperties = '{}', contextCustomizers = set[org.springframework.boot.test.context.filter.ExcludeFilterContextCustomizer@5fbdfdcf, org.springframework.boot.test.json.DuplicateJsonObjectContextCustomizerFactory$DuplicateJsonObjectContextCustomizer@3bf9ce3e, org.springframework.boot.test.mock.mockito.MockitoContextCustomizer@0, org.springframework.boot.test.autoconfigure.actuate.metrics.MetricsExportContextCustomizerFactory$DisableMetricExportContextCustomizer@543588e6, org.springframework.boot.test.autoconfigure.properties.PropertyMappingContextCustomizer@0, org.springframework.boot.test.autoconfigure.web.servlet.WebDriverContextCustomizerFactory$Customizer@6e0f5f7f, org.spockframework.spring.mock.SpockContextCustomizer@0], contextLoader = 'org.springframework.test.context.support.DelegatingSmartContextLoader', parent = [null]]]
07:32:39.994 [main] DEBUG org.springframework.test.context.cache - Spring test ApplicationContext cache statistics: [DefaultContextCache@11c581a0 size = 1, maxSize = 32, parentContextCount = 0, hitCount = 5, missCount = 1]
07:32:40.033 [main] DEBUG org.apache.http.impl.nio.client.MainClientExec - [exchange: 4] start execution
07:32:40.033 [main] DEBUG org.apache.http.client.protocol.RequestAddCookies - CookieSpec selected: default
07:32:40.033 [main] DEBUG org.apache.http.client.protocol.RequestAuthCache - Re-using cached 'basic' auth scheme for http://localhost:9200
07:32:40.033 [main] DEBUG org.apache.http.client.protocol.RequestAuthCache - No credentials for preemptive authentication
07:32:40.033 [main] DEBUG org.apache.http.impl.nio.client.InternalHttpAsyncClient - [exchange: 4] Request connection for {}->http://localhost:9200
07:32:40.033 [main] DEBUG org.apache.http.impl.nio.conn.PoolingNHttpClientConnectionManager - Connection request: [route: {}->http://localhost:9200][total kept alive: 1; route allocated: 1 of 10; total allocated: 1 of 30]
07:32:40.033 [main] DEBUG org.apache.http.impl.nio.conn.ManagedNHttpClientConnectionImpl - http-outgoing-0 127.0.0.1:59956<->127.0.0.1:9200[ACTIVE][r:r]: Set timeout 0
07:32:40.033 [main] DEBUG org.apache.http.impl.nio.conn.PoolingNHttpClientConnectionManager - Connection leased: [id: http-outgoing-0][route: {}->http://localhost:9200][total kept alive: 0; route allocated: 1 of 10; total allocated: 1 of 30]
07:32:40.033 [main] DEBUG org.apache.http.impl.nio.client.InternalHttpAsyncClient - [exchange: 4] Connection allocated: CPoolProxy{http-outgoing-0 [ACTIVE]}
07:32:40.033 [main] DEBUG org.apache.http.impl.nio.conn.ManagedNHttpClientConnectionImpl - http-outgoing-0 127.0.0.1:59956<->127.0.0.1:9200[ACTIVE][r:r]: Set attribute http.nio.exchange-handler
07:32:40.033 [main] DEBUG org.apache.http.impl.nio.conn.ManagedNHttpClientConnectionImpl - http-outgoing-0 127.0.0.1:59956<->127.0.0.1:9200[ACTIVE][rw:r]: Event set [w]
07:32:40.033 [I/O dispatcher 1] DEBUG org.apache.http.impl.nio.client.InternalIODispatch - http-outgoing-0 [ACTIVE] Request ready
07:32:40.033 [I/O dispatcher 1] DEBUG org.apache.http.impl.nio.client.MainClientExec - [exchange: 4] Attempt 1 to execute request
07:32:40.033 [I/O dispatcher 1] DEBUG org.apache.http.impl.nio.client.MainClientExec - [exchange: 4] Target auth state: UNCHALLENGED
07:32:40.033 [I/O dispatcher 1] DEBUG org.apache.http.impl.nio.client.MainClientExec - [exchange: 4] Proxy auth state: UNCHALLENGED
07:32:40.033 [I/O dispatcher 1] DEBUG org.apache.http.impl.nio.conn.ManagedNHttpClientConnectionImpl - http-outgoing-0 127.0.0.1:59956<->127.0.0.1:9200[ACTIVE][rw:w]: Set timeout 5000
07:32:40.033 [I/O dispatcher 1] DEBUG org.apache.http.headers - http-outgoing-0 >> PUT /purchases/_doc/purchaseId?timeout=1m HTTP/1.1
07:32:40.033 [I/O dispatcher 1] DEBUG org.apache.http.headers - http-outgoing-0 >> X-Elastic-Client-Meta: es=7.17.6p,jv=17,t=7.17.6p,hc=4.1.5,gy=3.0
07:32:40.033 [I/O dispatcher 1] DEBUG org.apache.http.headers - http-outgoing-0 >> Content-Length: 117
07:32:40.033 [I/O dispatcher 1] DEBUG org.apache.http.headers - http-outgoing-0 >> Content-Type: application/json
07:32:40.033 [I/O dispatcher 1] DEBUG org.apache.http.headers - http-outgoing-0 >> Host: localhost:9200
07:32:40.033 [I/O dispatcher 1] DEBUG org.apache.http.headers - http-outgoing-0 >> Connection: Keep-Alive
07:32:40.033 [I/O dispatcher 1] DEBUG org.apache.http.headers - http-outgoing-0 >> User-Agent: elasticsearch-java/7.17.6-SNAPSHOT (Java/17)
07:32:40.033 [I/O dispatcher 1] DEBUG org.apache.http.impl.nio.conn.ManagedNHttpClientConnectionImpl - http-outgoing-0 127.0.0.1:59956<->127.0.0.1:9200[ACTIVE][rw:w]: Event set [w]
07:32:40.033 [I/O dispatcher 1] DEBUG org.apache.http.impl.nio.client.InternalIODispatch - http-outgoing-0 [ACTIVE] Output ready
07:32:40.033 [I/O dispatcher 1] DEBUG org.apache.http.impl.nio.client.MainClientExec - [exchange: 4] produce content
07:32:40.033 [I/O dispatcher 1] DEBUG org.apache.http.impl.nio.client.MainClientExec - [exchange: 4] Request completed
07:32:40.033 [I/O dispatcher 1] DEBUG org.apache.http.impl.nio.client.InternalIODispatch - http-outgoing-0 [ACTIVE] [content length: 117; pos: 117; completed: true]
07:32:40.033 [I/O dispatcher 1] DEBUG org.apache.http.impl.nio.conn.ManagedNHttpClientConnectionImpl - http-outgoing-0 127.0.0.1:59956<->127.0.0.1:9200[ACTIVE][rw:w]: 395 bytes written
07:32:40.033 [I/O dispatcher 1] DEBUG org.apache.http.wire - http-outgoing-0 >> "PUT /purchases/_doc/purchaseId?timeout=1m HTTP/1.1[\r][\n]"
07:32:40.033 [I/O dispatcher 1] DEBUG org.apache.http.wire - http-outgoing-0 >> "X-Elastic-Client-Meta: es=7.17.6p,jv=17,t=7.17.6p,hc=4.1.5,gy=3.0[\r][\n]"
07:32:40.033 [I/O dispatcher 1] DEBUG org.apache.http.wire - http-outgoing-0 >> "Content-Length: 117[\r][\n]"
07:32:40.033 [I/O dispatcher 1] DEBUG org.apache.http.wire - http-outgoing-0 >> "Content-Type: application/json[\r][\n]"
07:32:40.033 [I/O dispatcher 1] DEBUG org.apache.http.wire - http-outgoing-0 >> "Host: localhost:9200[\r][\n]"
07:32:40.033 [I/O dispatcher 1] DEBUG org.apache.http.wire - http-outgoing-0 >> "Connection: Keep-Alive[\r][\n]"
07:32:40.033 [I/O dispatcher 1] DEBUG org.apache.http.wire - http-outgoing-0 >> "User-Agent: elasticsearch-java/7.17.6-SNAPSHOT (Java/17)[\r][\n]"
07:32:40.033 [I/O dispatcher 1] DEBUG org.apache.http.wire - http-outgoing-0 >> "[\r][\n]"
07:32:40.033 [I/O dispatcher 1] DEBUG org.apache.http.wire - http-outgoing-0 >> "{"_class":"com.zilch.payments.domain.purchase.PurchaseView","purchaseId":"purchaseId","itemName":"Item","price":20.0}"
07:32:40.033 [I/O dispatcher 1] DEBUG org.apache.http.impl.nio.client.InternalIODispatch - http-outgoing-0 [ACTIVE] Request ready
07:32:40.033 [I/O dispatcher 1] DEBUG org.apache.http.impl.nio.conn.ManagedNHttpClientConnectionImpl - http-outgoing-0 127.0.0.1:59956<->127.0.0.1:9200[ACTIVE][r:w]: Event cleared [w]
07:32:40.096 [I/O dispatcher 1] DEBUG org.apache.http.impl.nio.conn.ManagedNHttpClientConnectionImpl - http-outgoing-0 127.0.0.1:59956<->127.0.0.1:9200[ACTIVE][r:r]: 296 bytes read
07:32:40.096 [I/O dispatcher 1] DEBUG org.apache.http.wire - http-outgoing-0 << "HTTP/1.1 201 Created[\r][\n]"
07:32:40.096 [I/O dispatcher 1] DEBUG org.apache.http.wire - http-outgoing-0 << "Location: /purchases/_doc/purchaseId[\r][\n]"
07:32:40.096 [I/O dispatcher 1] DEBUG org.apache.http.wire - http-outgoing-0 << "content-type: application/json; charset=UTF-8[\r][\n]"
07:32:40.096 [I/O dispatcher 1] DEBUG org.apache.http.wire - http-outgoing-0 << "content-length: 166[\r][\n]"
07:32:40.096 [I/O dispatcher 1] DEBUG org.apache.http.wire - http-outgoing-0 << "[\r][\n]"
07:32:40.096 [I/O dispatcher 1] DEBUG org.apache.http.wire - http-outgoing-0 << "{"_index":"purchases","_type":"_doc","_id":"purchaseId","_version":1,"result":"created","_shards":{"total":2,"successful":1,"failed":0},"_seq_no":0,"_primary_term":1}"
07:32:40.096 [I/O dispatcher 1] DEBUG org.apache.http.headers - http-outgoing-0 << HTTP/1.1 201 Created
07:32:40.096 [I/O dispatcher 1] DEBUG org.apache.http.headers - http-outgoing-0 << Location: /purchases/_doc/purchaseId
07:32:40.096 [I/O dispatcher 1] DEBUG org.apache.http.headers - http-outgoing-0 << content-type: application/json; charset=UTF-8
07:32:40.096 [I/O dispatcher 1] DEBUG org.apache.http.headers - http-outgoing-0 << content-length: 166
07:32:40.096 [I/O dispatcher 1] DEBUG org.apache.http.impl.nio.client.InternalIODispatch - http-outgoing-0 [ACTIVE(166)] Response received
07:32:40.096 [I/O dispatcher 1] DEBUG org.apache.http.impl.nio.client.MainClientExec - [exchange: 4] Response received HTTP/1.1 201 Created
07:32:40.096 [I/O dispatcher 1] DEBUG org.apache.http.impl.nio.client.InternalIODispatch - http-outgoing-0 [ACTIVE(166)] Input ready
07:32:40.096 [I/O dispatcher 1] DEBUG org.apache.http.impl.nio.client.MainClientExec - [exchange: 4] Consume content
07:32:40.096 [I/O dispatcher 1] DEBUG org.apache.http.impl.nio.client.InternalHttpAsyncClient - [exchange: 4] Connection can be kept alive indefinitely
07:32:40.096 [I/O dispatcher 1] DEBUG org.apache.http.impl.nio.client.MainClientExec - [exchange: 4] Response processed
07:32:40.096 [I/O dispatcher 1] DEBUG org.apache.http.impl.nio.client.InternalHttpAsyncClient - [exchange: 4] releasing connection
07:32:40.096 [I/O dispatcher 1] DEBUG org.apache.http.impl.nio.conn.ManagedNHttpClientConnectionImpl - http-outgoing-0 127.0.0.1:59956<->127.0.0.1:9200[ACTIVE][r:r]: Remove attribute http.nio.exchange-handler
07:32:40.096 [I/O dispatcher 1] DEBUG org.apache.http.impl.nio.conn.PoolingNHttpClientConnectionManager - Releasing connection: [id: http-outgoing-0][route: {}->http://localhost:9200][total kept alive: 0; route allocated: 1 of 10; total allocated: 1 of 30]
07:32:40.096 [I/O dispatcher 1] DEBUG org.apache.http.impl.nio.conn.PoolingNHttpClientConnectionManager - Connection [id: http-outgoing-0][route: {}->http://localhost:9200] can be kept alive indefinitely
07:32:40.096 [I/O dispatcher 1] DEBUG org.apache.http.impl.nio.conn.ManagedNHttpClientConnectionImpl - http-outgoing-0 127.0.0.1:59956<->127.0.0.1:9200[ACTIVE][r:r]: Set timeout 0
07:32:40.096 [I/O dispatcher 1] DEBUG org.apache.http.impl.nio.conn.PoolingNHttpClientConnectionManager - Connection released: [id: http-outgoing-0][route: {}->http://localhost:9200][total kept alive: 1; route allocated: 1 of 10; total allocated: 1 of 30]
07:32:40.096 [I/O dispatcher 1] DEBUG org.apache.http.impl.nio.client.InternalIODispatch - http-outgoing-0 [ACTIVE] [content length: 166; pos: 166; completed: true]
07:32:40.096 [main] DEBUG org.elasticsearch.client.RestClient - request [PUT http://localhost:9200/purchases/_doc/purchaseId?timeout=1m] returned [HTTP/1.1 201 Created]
07:32:40.104 [main] DEBUG org.apache.http.impl.nio.client.MainClientExec - [exchange: 5] start execution
07:32:40.104 [main] DEBUG org.apache.http.client.protocol.RequestAddCookies - CookieSpec selected: default
07:32:40.104 [main] DEBUG org.apache.http.client.protocol.RequestAuthCache - Re-using cached 'basic' auth scheme for http://localhost:9200
07:32:40.105 [main] DEBUG org.apache.http.client.protocol.RequestAuthCache - No credentials for preemptive authentication
07:32:40.105 [main] DEBUG org.apache.http.impl.nio.client.InternalHttpAsyncClient - [exchange: 5] Request connection for {}->http://localhost:9200
07:32:40.105 [main] DEBUG org.apache.http.impl.nio.conn.PoolingNHttpClientConnectionManager - Connection request: [route: {}->http://localhost:9200][total kept alive: 1; route allocated: 1 of 10; total allocated: 1 of 30]
07:32:40.105 [main] DEBUG org.apache.http.impl.nio.conn.ManagedNHttpClientConnectionImpl - http-outgoing-0 127.0.0.1:59956<->127.0.0.1:9200[ACTIVE][r:r]: Set timeout 0
07:32:40.105 [main] DEBUG org.apache.http.impl.nio.conn.PoolingNHttpClientConnectionManager - Connection leased: [id: http-outgoing-0][route: {}->http://localhost:9200][total kept alive: 0; route allocated: 1 of 10; total allocated: 1 of 30]
07:32:40.105 [main] DEBUG org.apache.http.impl.nio.client.InternalHttpAsyncClient - [exchange: 5] Connection allocated: CPoolProxy{http-outgoing-0 [ACTIVE]}
07:32:40.105 [main] DEBUG org.apache.http.impl.nio.conn.ManagedNHttpClientConnectionImpl - http-outgoing-0 127.0.0.1:59956<->127.0.0.1:9200[ACTIVE][r:r]: Set attribute http.nio.exchange-handler
07:32:40.105 [main] DEBUG org.apache.http.impl.nio.conn.ManagedNHttpClientConnectionImpl - http-outgoing-0 127.0.0.1:59956<->127.0.0.1:9200[ACTIVE][rw:r]: Event set [w]
07:32:40.105 [I/O dispatcher 1] DEBUG org.apache.http.impl.nio.client.InternalIODispatch - http-outgoing-0 [ACTIVE] Request ready
07:32:40.105 [I/O dispatcher 1] DEBUG org.apache.http.impl.nio.client.MainClientExec - [exchange: 5] Attempt 1 to execute request
07:32:40.105 [I/O dispatcher 1] DEBUG org.apache.http.impl.nio.client.MainClientExec - [exchange: 5] Target auth state: UNCHALLENGED
07:32:40.105 [I/O dispatcher 1] DEBUG org.apache.http.impl.nio.client.MainClientExec - [exchange: 5] Proxy auth state: UNCHALLENGED
07:32:40.105 [I/O dispatcher 1] DEBUG org.apache.http.impl.nio.conn.ManagedNHttpClientConnectionImpl - http-outgoing-0 127.0.0.1:59956<->127.0.0.1:9200[ACTIVE][rw:w]: Set timeout 5000
07:32:40.105 [I/O dispatcher 1] DEBUG org.apache.http.headers - http-outgoing-0 >> POST /purchases/_refresh HTTP/1.1
07:32:40.105 [I/O dispatcher 1] DEBUG org.apache.http.headers - http-outgoing-0 >> X-Elastic-Client-Meta: es=7.17.6p,jv=17,t=7.17.6p,hc=4.1.5,gy=3.0
07:32:40.105 [I/O dispatcher 1] DEBUG org.apache.http.headers - http-outgoing-0 >> Content-Length: 0
07:32:40.105 [I/O dispatcher 1] DEBUG org.apache.http.headers - http-outgoing-0 >> Host: localhost:9200
07:32:40.105 [I/O dispatcher 1] DEBUG org.apache.http.headers - http-outgoing-0 >> Connection: Keep-Alive
07:32:40.105 [I/O dispatcher 1] DEBUG org.apache.http.headers - http-outgoing-0 >> User-Agent: elasticsearch-java/7.17.6-SNAPSHOT (Java/17)
07:32:40.105 [I/O dispatcher 1] DEBUG org.apache.http.impl.nio.conn.ManagedNHttpClientConnectionImpl - http-outgoing-0 127.0.0.1:59956<->127.0.0.1:9200[ACTIVE][rw:w]: Event set [w]
07:32:40.105 [I/O dispatcher 1] DEBUG org.apache.http.impl.nio.client.MainClientExec - [exchange: 5] Request completed
07:32:40.105 [I/O dispatcher 1] DEBUG org.apache.http.impl.nio.conn.ManagedNHttpClientConnectionImpl - http-outgoing-0 127.0.0.1:59956<->127.0.0.1:9200[ACTIVE][rw:w]: 227 bytes written
07:32:40.105 [I/O dispatcher 1] DEBUG org.apache.http.wire - http-outgoing-0 >> "POST /purchases/_refresh HTTP/1.1[\r][\n]"
07:32:40.105 [I/O dispatcher 1] DEBUG org.apache.http.wire - http-outgoing-0 >> "X-Elastic-Client-Meta: es=7.17.6p,jv=17,t=7.17.6p,hc=4.1.5,gy=3.0[\r][\n]"
07:32:40.105 [I/O dispatcher 1] DEBUG org.apache.http.wire - http-outgoing-0 >> "Content-Length: 0[\r][\n]"
07:32:40.105 [I/O dispatcher 1] DEBUG org.apache.http.wire - http-outgoing-0 >> "Host: localhost:9200[\r][\n]"
07:32:40.105 [I/O dispatcher 1] DEBUG org.apache.http.wire - http-outgoing-0 >> "Connection: Keep-Alive[\r][\n]"
07:32:40.105 [I/O dispatcher 1] DEBUG org.apache.http.wire - http-outgoing-0 >> "User-Agent: elasticsearch-java/7.17.6-SNAPSHOT (Java/17)[\r][\n]"
07:32:40.105 [I/O dispatcher 1] DEBUG org.apache.http.wire - http-outgoing-0 >> "[\r][\n]"
07:32:40.105 [I/O dispatcher 1] DEBUG org.apache.http.impl.nio.client.InternalIODispatch - http-outgoing-0 [ACTIVE] Request ready
07:32:40.105 [I/O dispatcher 1] DEBUG org.apache.http.impl.nio.conn.ManagedNHttpClientConnectionImpl - http-outgoing-0 127.0.0.1:59956<->127.0.0.1:9200[ACTIVE][r:w]: Event cleared [w]
07:32:40.147 [I/O dispatcher 1] DEBUG org.apache.http.impl.nio.conn.ManagedNHttpClientConnectionImpl - http-outgoing-0 127.0.0.1:59956<->127.0.0.1:9200[ACTIVE][r:r]: 135 bytes read
07:32:40.147 [I/O dispatcher 1] DEBUG org.apache.http.wire - http-outgoing-0 << "HTTP/1.1 200 OK[\r][\n]"
07:32:40.147 [I/O dispatcher 1] DEBUG org.apache.http.wire - http-outgoing-0 << "content-type: application/json; charset=UTF-8[\r][\n]"
07:32:40.147 [I/O dispatcher 1] DEBUG org.apache.http.wire - http-outgoing-0 << "content-length: 49[\r][\n]"
07:32:40.147 [I/O dispatcher 1] DEBUG org.apache.http.wire - http-outgoing-0 << "[\r][\n]"
07:32:40.147 [I/O dispatcher 1] DEBUG org.apache.http.wire - http-outgoing-0 << "{"_shards":{"total":2,"successful":1,"failed":0}}"
07:32:40.148 [I/O dispatcher 1] DEBUG org.apache.http.headers - http-outgoing-0 << HTTP/1.1 200 OK
07:32:40.148 [I/O dispatcher 1] DEBUG org.apache.http.headers - http-outgoing-0 << content-type: application/json; charset=UTF-8
07:32:40.148 [I/O dispatcher 1] DEBUG org.apache.http.headers - http-outgoing-0 << content-length: 49
07:32:40.148 [I/O dispatcher 1] DEBUG org.apache.http.impl.nio.client.InternalIODispatch - http-outgoing-0 [ACTIVE(49)] Response received
07:32:40.148 [I/O dispatcher 1] DEBUG org.apache.http.impl.nio.client.MainClientExec - [exchange: 5] Response received HTTP/1.1 200 OK
07:32:40.148 [I/O dispatcher 1] DEBUG org.apache.http.impl.nio.client.InternalIODispatch - http-outgoing-0 [ACTIVE(49)] Input ready
07:32:40.148 [I/O dispatcher 1] DEBUG org.apache.http.impl.nio.client.MainClientExec - [exchange: 5] Consume content
07:32:40.148 [I/O dispatcher 1] DEBUG org.apache.http.impl.nio.client.InternalHttpAsyncClient - [exchange: 5] Connection can be kept alive indefinitely
07:32:40.148 [I/O dispatcher 1] DEBUG org.apache.http.impl.nio.client.MainClientExec - [exchange: 5] Response processed
07:32:40.148 [I/O dispatcher 1] DEBUG org.apache.http.impl.nio.client.InternalHttpAsyncClient - [exchange: 5] releasing connection
07:32:40.148 [I/O dispatcher 1] DEBUG org.apache.http.impl.nio.conn.ManagedNHttpClientConnectionImpl - http-outgoing-0 127.0.0.1:59956<->127.0.0.1:9200[ACTIVE][r:r]: Remove attribute http.nio.exchange-handler
07:32:40.148 [I/O dispatcher 1] DEBUG org.apache.http.impl.nio.conn.PoolingNHttpClientConnectionManager - Releasing connection: [id: http-outgoing-0][route: {}->http://localhost:9200][total kept alive: 0; route allocated: 1 of 10; total allocated: 1 of 30]
07:32:40.148 [I/O dispatcher 1] DEBUG org.apache.http.impl.nio.conn.PoolingNHttpClientConnectionManager - Connection [id: http-outgoing-0][route: {}->http://localhost:9200] can be kept alive indefinitely
07:32:40.148 [I/O dispatcher 1] DEBUG org.apache.http.impl.nio.conn.ManagedNHttpClientConnectionImpl - http-outgoing-0 127.0.0.1:59956<->127.0.0.1:9200[ACTIVE][r:r]: Set timeout 0
07:32:40.148 [I/O dispatcher 1] DEBUG org.apache.http.impl.nio.conn.PoolingNHttpClientConnectionManager - Connection released: [id: http-outgoing-0][route: {}->http://localhost:9200][total kept alive: 1; route allocated: 1 of 10; total allocated: 1 of 30]
07:32:40.148 [I/O dispatcher 1] DEBUG org.apache.http.impl.nio.client.InternalIODispatch - http-outgoing-0 [ACTIVE] [content length: 49; pos: 49; completed: true]
07:32:40.148 [main] DEBUG org.elasticsearch.client.RestClient - request [POST http://localhost:9200/purchases/_refresh] returned [HTTP/1.1 200 OK]
07:32:40.153 [main] DEBUG org.apache.http.impl.nio.client.MainClientExec - [exchange: 6] start execution
07:32:40.153 [main] DEBUG org.apache.http.client.protocol.RequestAddCookies - CookieSpec selected: default
07:32:40.153 [main] DEBUG org.apache.http.client.protocol.RequestAuthCache - Re-using cached 'basic' auth scheme for http://localhost:9200
07:32:40.153 [main] DEBUG org.apache.http.client.protocol.RequestAuthCache - No credentials for preemptive authentication
07:32:40.153 [main] DEBUG org.apache.http.impl.nio.client.InternalHttpAsyncClient - [exchange: 6] Request connection for {}->http://localhost:9200
07:32:40.153 [main] DEBUG org.apache.http.impl.nio.conn.PoolingNHttpClientConnectionManager - Connection request: [route: {}->http://localhost:9200][total kept alive: 1; route allocated: 1 of 10; total allocated: 1 of 30]
07:32:40.153 [main] DEBUG org.apache.http.impl.nio.conn.ManagedNHttpClientConnectionImpl - http-outgoing-0 127.0.0.1:59956<->127.0.0.1:9200[ACTIVE][r:r]: Set timeout 0
07:32:40.153 [main] DEBUG org.apache.http.impl.nio.conn.PoolingNHttpClientConnectionManager - Connection leased: [id: http-outgoing-0][route: {}->http://localhost:9200][total kept alive: 0; route allocated: 1 of 10; total allocated: 1 of 30]
07:32:40.153 [main] DEBUG org.apache.http.impl.nio.client.InternalHttpAsyncClient - [exchange: 6] Connection allocated: CPoolProxy{http-outgoing-0 [ACTIVE]}
07:32:40.153 [main] DEBUG org.apache.http.impl.nio.conn.ManagedNHttpClientConnectionImpl - http-outgoing-0 127.0.0.1:59956<->127.0.0.1:9200[ACTIVE][r:r]: Set attribute http.nio.exchange-handler
07:32:40.153 [main] DEBUG org.apache.http.impl.nio.conn.ManagedNHttpClientConnectionImpl - http-outgoing-0 127.0.0.1:59956<->127.0.0.1:9200[ACTIVE][rw:r]: Event set [w]
07:32:40.153 [I/O dispatcher 1] DEBUG org.apache.http.impl.nio.client.InternalIODispatch - http-outgoing-0 [ACTIVE] Request ready
07:32:40.153 [I/O dispatcher 1] DEBUG org.apache.http.impl.nio.client.MainClientExec - [exchange: 6] Attempt 1 to execute request
07:32:40.153 [I/O dispatcher 1] DEBUG org.apache.http.impl.nio.client.MainClientExec - [exchange: 6] Target auth state: UNCHALLENGED
07:32:40.153 [I/O dispatcher 1] DEBUG org.apache.http.impl.nio.client.MainClientExec - [exchange: 6] Proxy auth state: UNCHALLENGED
07:32:40.153 [I/O dispatcher 1] DEBUG org.apache.http.impl.nio.conn.ManagedNHttpClientConnectionImpl - http-outgoing-0 127.0.0.1:59956<->127.0.0.1:9200[ACTIVE][rw:w]: Set timeout 5000
07:32:40.153 [I/O dispatcher 1] DEBUG org.apache.http.headers - http-outgoing-0 >> GET /purchases/_doc/purchaseId HTTP/1.1
07:32:40.153 [I/O dispatcher 1] DEBUG org.apache.http.headers - http-outgoing-0 >> X-Elastic-Client-Meta: es=7.17.6p,jv=17,t=7.17.6p,hc=4.1.5,gy=3.0
07:32:40.153 [I/O dispatcher 1] DEBUG org.apache.http.headers - http-outgoing-0 >> Content-Length: 0
07:32:40.153 [I/O dispatcher 1] DEBUG org.apache.http.headers - http-outgoing-0 >> Host: localhost:9200
07:32:40.153 [I/O dispatcher 1] DEBUG org.apache.http.headers - http-outgoing-0 >> Connection: Keep-Alive
07:32:40.153 [I/O dispatcher 1] DEBUG org.apache.http.headers - http-outgoing-0 >> User-Agent: elasticsearch-java/7.17.6-SNAPSHOT (Java/17)
07:32:40.153 [I/O dispatcher 1] DEBUG org.apache.http.impl.nio.conn.ManagedNHttpClientConnectionImpl - http-outgoing-0 127.0.0.1:59956<->127.0.0.1:9200[ACTIVE][rw:w]: Event set [w]
07:32:40.153 [I/O dispatcher 1] DEBUG org.apache.http.impl.nio.client.MainClientExec - [exchange: 6] Request completed
07:32:40.153 [I/O dispatcher 1] DEBUG org.apache.http.impl.nio.conn.ManagedNHttpClientConnectionImpl - http-outgoing-0 127.0.0.1:59956<->127.0.0.1:9200[ACTIVE][rw:w]: 233 bytes written
07:32:40.153 [I/O dispatcher 1] DEBUG org.apache.http.wire - http-outgoing-0 >> "GET /purchases/_doc/purchaseId HTTP/1.1[\r][\n]"
07:32:40.153 [I/O dispatcher 1] DEBUG org.apache.http.wire - http-outgoing-0 >> "X-Elastic-Client-Meta: es=7.17.6p,jv=17,t=7.17.6p,hc=4.1.5,gy=3.0[\r][\n]"
07:32:40.153 [I/O dispatcher 1] DEBUG org.apache.http.wire - http-outgoing-0 >> "Content-Length: 0[\r][\n]"
07:32:40.153 [I/O dispatcher 1] DEBUG org.apache.http.wire - http-outgoing-0 >> "Host: localhost:9200[\r][\n]"
07:32:40.153 [I/O dispatcher 1] DEBUG org.apache.http.wire - http-outgoing-0 >> "Connection: Keep-Alive[\r][\n]"
07:32:40.153 [I/O dispatcher 1] DEBUG org.apache.http.wire - http-outgoing-0 >> "User-Agent: elasticsearch-java/7.17.6-SNAPSHOT (Java/17)[\r][\n]"
07:32:40.153 [I/O dispatcher 1] DEBUG org.apache.http.wire - http-outgoing-0 >> "[\r][\n]"
07:32:40.153 [I/O dispatcher 1] DEBUG org.apache.http.impl.nio.client.InternalIODispatch - http-outgoing-0 [ACTIVE] Request ready
07:32:40.153 [I/O dispatcher 1] DEBUG org.apache.http.impl.nio.conn.ManagedNHttpClientConnectionImpl - http-outgoing-0 127.0.0.1:59956<->127.0.0.1:9200[ACTIVE][r:w]: Event cleared [w]
07:32:40.163 [I/O dispatcher 1] DEBUG org.apache.http.impl.nio.conn.ManagedNHttpClientConnectionImpl - http-outgoing-0 127.0.0.1:59956<->127.0.0.1:9200[ACTIVE][r:r]: 327 bytes read
07:32:40.163 [I/O dispatcher 1] DEBUG org.apache.http.wire - http-outgoing-0 << "HTTP/1.1 200 OK[\r][\n]"
07:32:40.163 [I/O dispatcher 1] DEBUG org.apache.http.wire - http-outgoing-0 << "content-type: application/json; charset=UTF-8[\r][\n]"
07:32:40.163 [I/O dispatcher 1] DEBUG org.apache.http.wire - http-outgoing-0 << "content-length: 240[\r][\n]"
07:32:40.163 [I/O dispatcher 1] DEBUG org.apache.http.wire - http-outgoing-0 << "[\r][\n]"
07:32:40.163 [I/O dispatcher 1] DEBUG org.apache.http.wire - http-outgoing-0 << "{"_index":"purchases","_type":"_doc","_id":"purchaseId","_version":1,"_seq_no":0,"_primary_term":1,"found":true,"_source":{"_class":"com.zilch.payments.domain.purchase.PurchaseView","purchaseId":"purchaseId","itemName":"Item","price":20.0}}"
07:32:40.163 [I/O dispatcher 1] DEBUG org.apache.http.headers - http-outgoing-0 << HTTP/1.1 200 OK
07:32:40.163 [I/O dispatcher 1] DEBUG org.apache.http.headers - http-outgoing-0 << content-type: application/json; charset=UTF-8
07:32:40.163 [I/O dispatcher 1] DEBUG org.apache.http.headers - http-outgoing-0 << content-length: 240
07:32:40.163 [I/O dispatcher 1] DEBUG org.apache.http.impl.nio.client.InternalIODispatch - http-outgoing-0 [ACTIVE(240)] Response received
07:32:40.163 [I/O dispatcher 1] DEBUG org.apache.http.impl.nio.client.MainClientExec - [exchange: 6] Response received HTTP/1.1 200 OK
07:32:40.163 [I/O dispatcher 1] DEBUG org.apache.http.impl.nio.client.InternalIODispatch - http-outgoing-0 [ACTIVE(240)] Input ready
07:32:40.163 [I/O dispatcher 1] DEBUG org.apache.http.impl.nio.client.MainClientExec - [exchange: 6] Consume content
07:32:40.163 [I/O dispatcher 1] DEBUG org.apache.http.impl.nio.client.InternalHttpAsyncClient - [exchange: 6] Connection can be kept alive indefinitely
07:32:40.163 [I/O dispatcher 1] DEBUG org.apache.http.impl.nio.client.MainClientExec - [exchange: 6] Response processed
07:32:40.163 [I/O dispatcher 1] DEBUG org.apache.http.impl.nio.client.InternalHttpAsyncClient - [exchange: 6] releasing connection
07:32:40.163 [I/O dispatcher 1] DEBUG org.apache.http.impl.nio.conn.ManagedNHttpClientConnectionImpl - http-outgoing-0 127.0.0.1:59956<->127.0.0.1:9200[ACTIVE][r:r]: Remove attribute http.nio.exchange-handler
07:32:40.163 [I/O dispatcher 1] DEBUG org.apache.http.impl.nio.conn.PoolingNHttpClientConnectionManager - Releasing connection: [id: http-outgoing-0][route: {}->http://localhost:9200][total kept alive: 0; route allocated: 1 of 10; total allocated: 1 of 30]
07:32:40.163 [I/O dispatcher 1] DEBUG org.apache.http.impl.nio.conn.PoolingNHttpClientConnectionManager - Connection [id: http-outgoing-0][route: {}->http://localhost:9200] can be kept alive indefinitely
07:32:40.163 [I/O dispatcher 1] DEBUG org.apache.http.impl.nio.conn.ManagedNHttpClientConnectionImpl - http-outgoing-0 127.0.0.1:59956<->127.0.0.1:9200[ACTIVE][r:r]: Set timeout 0
07:32:40.163 [I/O dispatcher 1] DEBUG org.apache.http.impl.nio.conn.PoolingNHttpClientConnectionManager - Connection released: [id: http-outgoing-0][route: {}->http://localhost:9200][total kept alive: 1; route allocated: 1 of 10; total allocated: 1 of 30]
07:32:40.163 [I/O dispatcher 1] DEBUG org.apache.http.impl.nio.client.InternalIODispatch - http-outgoing-0 [ACTIVE] [content length: 240; pos: 240; completed: true]
07:32:40.163 [main] DEBUG org.elasticsearch.client.RestClient - request [GET http://localhost:9200/purchases/_doc/purchaseId] returned [HTTP/1.1 200 OK]
07:32:40.185 [main] DEBUG org.springframework.test.context.cache.DefaultCacheAwareContextLoaderDelegate - Retrieved ApplicationContext [486662053] from cache with key [[MergedContextConfiguration@7bdf6bb7 testClass = ElasticsearchPurchaseRepositorySpec, locations = '{}', classes = '{class com.zilch.payments.application.config.elasticsearch.ElasticsearchConfig}', contextInitializerClasses = '[class com.zilch.payments.boundary.oubound.elastic.ElasticsearchTestContainerRunner$Initializer]', activeProfiles = '{}', propertySourceLocations = '{}', propertySourceProperties = '{}', contextCustomizers = set[org.springframework.boot.test.context.filter.ExcludeFilterContextCustomizer@5fbdfdcf, org.springframework.boot.test.json.DuplicateJsonObjectContextCustomizerFactory$DuplicateJsonObjectContextCustomizer@3bf9ce3e, org.springframework.boot.test.mock.mockito.MockitoContextCustomizer@0, org.springframework.boot.test.autoconfigure.actuate.metrics.MetricsExportContextCustomizerFactory$DisableMetricExportContextCustomizer@543588e6, org.springframework.boot.test.autoconfigure.properties.PropertyMappingContextCustomizer@0, org.springframework.boot.test.autoconfigure.web.servlet.WebDriverContextCustomizerFactory$Customizer@6e0f5f7f, org.spockframework.spring.mock.SpockContextCustomizer@0], contextLoader = 'org.springframework.test.context.support.DelegatingSmartContextLoader', parent = [null]]]
07:32:40.185 [main] DEBUG org.springframework.test.context.cache - Spring test ApplicationContext cache statistics: [DefaultContextCache@11c581a0 size = 1, maxSize = 32, parentContextCount = 0, hitCount = 6, missCount = 1]
07:32:40.185 [main] DEBUG org.springframework.test.context.cache.DefaultCacheAwareContextLoaderDelegate - Retrieved ApplicationContext [486662053] from cache with key [[MergedContextConfiguration@7bdf6bb7 testClass = ElasticsearchPurchaseRepositorySpec, locations = '{}', classes = '{class com.zilch.payments.application.config.elasticsearch.ElasticsearchConfig}', contextInitializerClasses = '[class com.zilch.payments.boundary.oubound.elastic.ElasticsearchTestContainerRunner$Initializer]', activeProfiles = '{}', propertySourceLocations = '{}', propertySourceProperties = '{}', contextCustomizers = set[org.springframework.boot.test.context.filter.ExcludeFilterContextCustomizer@5fbdfdcf, org.springframework.boot.test.json.DuplicateJsonObjectContextCustomizerFactory$DuplicateJsonObjectContextCustomizer@3bf9ce3e, org.springframework.boot.test.mock.mockito.MockitoContextCustomizer@0, org.springframework.boot.test.autoconfigure.actuate.metrics.MetricsExportContextCustomizerFactory$DisableMetricExportContextCustomizer@543588e6, org.springframework.boot.test.autoconfigure.properties.PropertyMappingContextCustomizer@0, org.springframework.boot.test.autoconfigure.web.servlet.WebDriverContextCustomizerFactory$Customizer@6e0f5f7f, org.spockframework.spring.mock.SpockContextCustomizer@0], contextLoader = 'org.springframework.test.context.support.DelegatingSmartContextLoader', parent = [null]]]
07:32:40.185 [main] DEBUG org.springframework.test.context.cache - Spring test ApplicationContext cache statistics: [DefaultContextCache@11c581a0 size = 1, maxSize = 32, parentContextCount = 0, hitCount = 7, missCount = 1]
07:32:40.187 [main] DEBUG org.springframework.test.context.cache.DefaultCacheAwareContextLoaderDelegate - Retrieved ApplicationContext [486662053] from cache with key [[MergedContextConfiguration@7bdf6bb7 testClass = ElasticsearchPurchaseRepositorySpec, locations = '{}', classes = '{class com.zilch.payments.application.config.elasticsearch.ElasticsearchConfig}', contextInitializerClasses = '[class com.zilch.payments.boundary.oubound.elastic.ElasticsearchTestContainerRunner$Initializer]', activeProfiles = '{}', propertySourceLocations = '{}', propertySourceProperties = '{}', contextCustomizers = set[org.springframework.boot.test.context.filter.ExcludeFilterContextCustomizer@5fbdfdcf, org.springframework.boot.test.json.DuplicateJsonObjectContextCustomizerFactory$DuplicateJsonObjectContextCustomizer@3bf9ce3e, org.springframework.boot.test.mock.mockito.MockitoContextCustomizer@0, org.springframework.boot.test.autoconfigure.actuate.metrics.MetricsExportContextCustomizerFactory$DisableMetricExportContextCustomizer@543588e6, org.springframework.boot.test.autoconfigure.properties.PropertyMappingContextCustomizer@0, org.springframework.boot.test.autoconfigure.web.servlet.WebDriverContextCustomizerFactory$Customizer@6e0f5f7f, org.spockframework.spring.mock.SpockContextCustomizer@0], contextLoader = 'org.springframework.test.context.support.DelegatingSmartContextLoader', parent = [null]]]
07:32:40.187 [main] DEBUG org.springframework.test.context.cache - Spring test ApplicationContext cache statistics: [DefaultContextCache@11c581a0 size = 1, maxSize = 32, parentContextCount = 0, hitCount = 8, missCount = 1]
07:32:40.187 [main] DEBUG org.springframework.test.context.cache.DefaultCacheAwareContextLoaderDelegate - Retrieved ApplicationContext [486662053] from cache with key [[MergedContextConfiguration@7bdf6bb7 testClass = ElasticsearchPurchaseRepositorySpec, locations = '{}', classes = '{class com.zilch.payments.application.config.elasticsearch.ElasticsearchConfig}', contextInitializerClasses = '[class com.zilch.payments.boundary.oubound.elastic.ElasticsearchTestContainerRunner$Initializer]', activeProfiles = '{}', propertySourceLocations = '{}', propertySourceProperties = '{}', contextCustomizers = set[org.springframework.boot.test.context.filter.ExcludeFilterContextCustomizer@5fbdfdcf, org.springframework.boot.test.json.DuplicateJsonObjectContextCustomizerFactory$DuplicateJsonObjectContextCustomizer@3bf9ce3e, org.springframework.boot.test.mock.mockito.MockitoContextCustomizer@0, org.springframework.boot.test.autoconfigure.actuate.metrics.MetricsExportContextCustomizerFactory$DisableMetricExportContextCustomizer@543588e6, org.springframework.boot.test.autoconfigure.properties.PropertyMappingContextCustomizer@0, org.springframework.boot.test.autoconfigure.web.servlet.WebDriverContextCustomizerFactory$Customizer@6e0f5f7f, org.spockframework.spring.mock.SpockContextCustomizer@0], contextLoader = 'org.springframework.test.context.support.DelegatingSmartContextLoader', parent = [null]]]
07:32:40.187 [main] DEBUG org.springframework.test.context.cache - Spring test ApplicationContext cache statistics: [DefaultContextCache@11c581a0 size = 1, maxSize = 32, parentContextCount = 0, hitCount = 9, missCount = 1]
07:32:40.188 [main] DEBUG org.springframework.test.context.cache.DefaultCacheAwareContextLoaderDelegate - Retrieved ApplicationContext [486662053] from cache with key [[MergedContextConfiguration@7bdf6bb7 testClass = ElasticsearchPurchaseRepositorySpec, locations = '{}', classes = '{class com.zilch.payments.application.config.elasticsearch.ElasticsearchConfig}', contextInitializerClasses = '[class com.zilch.payments.boundary.oubound.elastic.ElasticsearchTestContainerRunner$Initializer]', activeProfiles = '{}', propertySourceLocations = '{}', propertySourceProperties = '{}', contextCustomizers = set[org.springframework.boot.test.context.filter.ExcludeFilterContextCustomizer@5fbdfdcf, org.springframework.boot.test.json.DuplicateJsonObjectContextCustomizerFactory$DuplicateJsonObjectContextCustomizer@3bf9ce3e, org.springframework.boot.test.mock.mockito.MockitoContextCustomizer@0, org.springframework.boot.test.autoconfigure.actuate.metrics.MetricsExportContextCustomizerFactory$DisableMetricExportContextCustomizer@543588e6, org.springframework.boot.test.autoconfigure.properties.PropertyMappingContextCustomizer@0, org.springframework.boot.test.autoconfigure.web.servlet.WebDriverContextCustomizerFactory$Customizer@6e0f5f7f, org.spockframework.spring.mock.SpockContextCustomizer@0], contextLoader = 'org.springframework.test.context.support.DelegatingSmartContextLoader', parent = [null]]]
07:32:40.188 [main] DEBUG org.springframework.test.context.cache - Spring test ApplicationContext cache statistics: [DefaultContextCache@11c581a0 size = 1, maxSize = 32, parentContextCount = 0, hitCount = 10, missCount = 1]
07:32:40.188 [main] DEBUG org.springframework.test.context.support.AbstractDirtiesContextTestExecutionListener - After test method: context [DefaultTestContext@62c5bbdc testClass = ElasticsearchPurchaseRepositorySpec, testInstance = com.zilch.payments.boundary.oubound.elastic.purchase.ElasticsearchPurchaseRepositorySpec@faa3fed, testMethod = $spock_feature_1_0@ElasticsearchPurchaseRepositorySpec, testException = [null], mergedContextConfiguration = [MergedContextConfiguration@7bdf6bb7 testClass = ElasticsearchPurchaseRepositorySpec, locations = '{}', classes = '{class com.zilch.payments.application.config.elasticsearch.ElasticsearchConfig}', contextInitializerClasses = '[class com.zilch.payments.boundary.oubound.elastic.ElasticsearchTestContainerRunner$Initializer]', activeProfiles = '{}', propertySourceLocations = '{}', propertySourceProperties = '{}', contextCustomizers = set[org.springframework.boot.test.context.filter.ExcludeFilterContextCustomizer@5fbdfdcf, org.springframework.boot.test.json.DuplicateJsonObjectContextCustomizerFactory$DuplicateJsonObjectContextCustomizer@3bf9ce3e, org.springframework.boot.test.mock.mockito.MockitoContextCustomizer@0, org.springframework.boot.test.autoconfigure.actuate.metrics.MetricsExportContextCustomizerFactory$DisableMetricExportContextCustomizer@543588e6, org.springframework.boot.test.autoconfigure.properties.PropertyMappingContextCustomizer@0, org.springframework.boot.test.autoconfigure.web.servlet.WebDriverContextCustomizerFactory$Customizer@6e0f5f7f, org.spockframework.spring.mock.SpockContextCustomizer@0], contextLoader = 'org.springframework.test.context.support.DelegatingSmartContextLoader', parent = [null]], attributes = map['org.spockframework.spring.SpringMockTestExecutionListener.MOCKED_BEANS_LIST' -> list[[empty]], 'org.springframework.test.context.event.ApplicationEventsTestExecutionListener.recordApplicationEvents' -> false]], class annotated with @DirtiesContext [false] with mode [null], method annotated with @DirtiesContext [false] with mode [null].
]]></system-out>
  </testcase>
</testsuite>