<?xml version="1.0" encoding="UTF-8"?>
<testsuite xmlns:xsi="http://www.w3.org/2001/XMLSchema-instance" xsi:noNamespaceSchemaLocation="https://maven.apache.org/surefire/maven-surefire-plugin/xsd/surefire-test-report-3.0.xsd" version="3.0" name="com.zilch.payments.boundary.oubound.mongo.purchase.MongoPurchasesRepositorySpec" time="3.062" tests="2" errors="0" skipped="0" failures="0">
  <properties>
    <property name="java.specification.version" value="17"/>
    <property name="sun.jnu.encoding" value="UTF-8"/>
    <property name="java.class.path" value="/Users/marekchodak/development/payments/target/test-classes:/Users/marekchodak/development/payments/target/classes:/Users/marekchodak/.m2/repository/org/springframework/boot/spring-boot-starter-data-elasticsearch/2.7.5/spring-boot-starter-data-elasticsearch-2.7.5.jar:/Users/marekchodak/.m2/repository/org/springframework/boot/spring-boot-starter/2.7.5/spring-boot-starter-2.7.5.jar:/Users/marekchodak/.m2/repository/org/springframework/boot/spring-boot/2.7.5/spring-boot-2.7.5.jar:/Users/marekchodak/.m2/repository/org/springframework/boot/spring-boot-autoconfigure/2.7.5/spring-boot-autoconfigure-2.7.5.jar:/Users/marekchodak/.m2/repository/org/springframework/boot/spring-boot-starter-logging/2.7.5/spring-boot-starter-logging-2.7.5.jar:/Users/marekchodak/.m2/repository/ch/qos/logback/logback-classic/1.2.11/logback-classic-1.2.11.jar:/Users/marekchodak/.m2/repository/ch/qos/logback/logback-core/1.2.11/logback-core-1.2.11.jar:/Users/marekchodak/.m2/repository/org/apache/logging/log4j/log4j-to-slf4j/2.17.2/log4j-to-slf4j-2.17.2.jar:/Users/marekchodak/.m2/repository/org/apache/logging/log4j/log4j-api/2.17.2/log4j-api-2.17.2.jar:/Users/marekchodak/.m2/repository/org/slf4j/jul-to-slf4j/1.7.36/jul-to-slf4j-1.7.36.jar:/Users/marekchodak/.m2/repository/jakarta/annotation/jakarta.annotation-api/1.3.5/jakarta.annotation-api-1.3.5.jar:/Users/marekchodak/.m2/repository/org/yaml/snakeyaml/1.30/snakeyaml-1.30.jar:/Users/marekchodak/.m2/repository/org/springframework/data/spring-data-elasticsearch/4.4.5/spring-data-elasticsearch-4.4.5.jar:/Users/marekchodak/.m2/repository/org/springframework/spring-context/5.3.23/spring-context-5.3.23.jar:/Users/marekchodak/.m2/repository/org/springframework/spring-tx/5.3.23/spring-tx-5.3.23.jar:/Users/marekchodak/.m2/repository/org/springframework/data/spring-data-commons/2.7.5/spring-data-commons-2.7.5.jar:/Users/marekchodak/.m2/repository/org/elasticsearch/client/elasticsearch-rest-high-level-client/7.17.6/elasticsearch-rest-high-level-client-7.17.6.jar:/Users/marekchodak/.m2/repository/org/elasticsearch/elasticsearch/7.17.6/elasticsearch-7.17.6.jar:/Users/marekchodak/.m2/repository/org/elasticsearch/elasticsearch-core/7.17.6/elasticsearch-core-7.17.6.jar:/Users/marekchodak/.m2/repository/org/elasticsearch/elasticsearch-secure-sm/7.17.6/elasticsearch-secure-sm-7.17.6.jar:/Users/marekchodak/.m2/repository/org/elasticsearch/elasticsearch-x-content/7.17.6/elasticsearch-x-content-7.17.6.jar:/Users/marekchodak/.m2/repository/com/fasterxml/jackson/dataformat/jackson-dataformat-smile/2.13.4/jackson-dataformat-smile-2.13.4.jar:/Users/marekchodak/.m2/repository/com/fasterxml/jackson/dataformat/jackson-dataformat-yaml/2.13.4/jackson-dataformat-yaml-2.13.4.jar:/Users/marekchodak/.m2/repository/com/fasterxml/jackson/dataformat/jackson-dataformat-cbor/2.13.4/jackson-dataformat-cbor-2.13.4.jar:/Users/marekchodak/.m2/repository/org/elasticsearch/elasticsearch-geo/7.17.6/elasticsearch-geo-7.17.6.jar:/Users/marekchodak/.m2/repository/org/elasticsearch/elasticsearch-lz4/7.17.6/elasticsearch-lz4-7.17.6.jar:/Users/marekchodak/.m2/repository/org/lz4/lz4-java/1.8.0/lz4-java-1.8.0.jar:/Users/marekchodak/.m2/repository/org/apache/lucene/lucene-core/8.11.1/lucene-core-8.11.1.jar:/Users/marekchodak/.m2/repository/org/apache/lucene/lucene-analyzers-common/8.11.1/lucene-analyzers-common-8.11.1.jar:/Users/marekchodak/.m2/repository/org/apache/lucene/lucene-backward-codecs/8.11.1/lucene-backward-codecs-8.11.1.jar:/Users/marekchodak/.m2/repository/org/apache/lucene/lucene-grouping/8.11.1/lucene-grouping-8.11.1.jar:/Users/marekchodak/.m2/repository/org/apache/lucene/lucene-highlighter/8.11.1/lucene-highlighter-8.11.1.jar:/Users/marekchodak/.m2/repository/org/apache/lucene/lucene-join/8.11.1/lucene-join-8.11.1.jar:/Users/marekchodak/.m2/repository/org/apache/lucene/lucene-memory/8.11.1/lucene-memory-8.11.1.jar:/Users/marekchodak/.m2/repository/org/apache/lucene/lucene-misc/8.11.1/lucene-misc-8.11.1.jar:/Users/marekchodak/.m2/repository/org/apache/lucene/lucene-queries/8.11.1/lucene-queries-8.11.1.jar:/Users/marekchodak/.m2/repository/org/apache/lucene/lucene-queryparser/8.11.1/lucene-queryparser-8.11.1.jar:/Users/marekchodak/.m2/repository/org/apache/lucene/lucene-sandbox/8.11.1/lucene-sandbox-8.11.1.jar:/Users/marekchodak/.m2/repository/org/apache/lucene/lucene-spatial3d/8.11.1/lucene-spatial3d-8.11.1.jar:/Users/marekchodak/.m2/repository/org/apache/lucene/lucene-suggest/8.11.1/lucene-suggest-8.11.1.jar:/Users/marekchodak/.m2/repository/org/elasticsearch/elasticsearch-cli/7.17.6/elasticsearch-cli-7.17.6.jar:/Users/marekchodak/.m2/repository/net/sf/jopt-simple/jopt-simple/5.0.2/jopt-simple-5.0.2.jar:/Users/marekchodak/.m2/repository/com/carrotsearch/hppc/0.8.1/hppc-0.8.1.jar:/Users/marekchodak/.m2/repository/joda-time/joda-time/2.10.10/joda-time-2.10.10.jar:/Users/marekchodak/.m2/repository/com/tdunning/t-digest/3.2/t-digest-3.2.jar:/Users/marekchodak/.m2/repository/org/hdrhistogram/HdrHistogram/2.1.9/HdrHistogram-2.1.9.jar:/Users/marekchodak/.m2/repository/org/elasticsearch/elasticsearch-plugin-classloader/7.17.6/elasticsearch-plugin-classloader-7.17.6.jar:/Users/marekchodak/.m2/repository/org/elasticsearch/plugin/mapper-extras-client/7.17.6/mapper-extras-client-7.17.6.jar:/Users/marekchodak/.m2/repository/org/elasticsearch/plugin/parent-join-client/7.17.6/parent-join-client-7.17.6.jar:/Users/marekchodak/.m2/repository/org/elasticsearch/plugin/aggs-matrix-stats-client/7.17.6/aggs-matrix-stats-client-7.17.6.jar:/Users/marekchodak/.m2/repository/org/elasticsearch/plugin/rank-eval-client/7.17.6/rank-eval-client-7.17.6.jar:/Users/marekchodak/.m2/repository/org/elasticsearch/plugin/lang-mustache-client/7.17.6/lang-mustache-client-7.17.6.jar:/Users/marekchodak/.m2/repository/com/github/spullara/mustache/java/compiler/0.9.6/compiler-0.9.6.jar:/Users/marekchodak/.m2/repository/co/elastic/clients/elasticsearch-java/7.17.6/elasticsearch-java-7.17.6.jar:/Users/marekchodak/.m2/repository/jakarta/json/jakarta.json-api/1.1.6/jakarta.json-api-1.1.6.jar:/Users/marekchodak/.m2/repository/org/eclipse/parsson/parsson/1.0.0/parsson-1.0.0.jar:/Users/marekchodak/.m2/repository/org/elasticsearch/client/elasticsearch-rest-client/7.17.6/elasticsearch-rest-client-7.17.6.jar:/Users/marekchodak/.m2/repository/org/apache/httpcomponents/httpclient/4.5.13/httpclient-4.5.13.jar:/Users/marekchodak/.m2/repository/org/apache/httpcomponents/httpcore/4.4.15/httpcore-4.4.15.jar:/Users/marekchodak/.m2/repository/org/apache/httpcomponents/httpasyncclient/4.1.5/httpasyncclient-4.1.5.jar:/Users/marekchodak/.m2/repository/org/apache/httpcomponents/httpcore-nio/4.4.15/httpcore-nio-4.4.15.jar:/Users/marekchodak/.m2/repository/commons-codec/commons-codec/1.15/commons-codec-1.15.jar:/Users/marekchodak/.m2/repository/com/fasterxml/jackson/core/jackson-core/2.13.4/jackson-core-2.13.4.jar:/Users/marekchodak/.m2/repository/com/fasterxml/jackson/core/jackson-databind/2.13.4.2/jackson-databind-2.13.4.2.jar:/Users/marekchodak/.m2/repository/org/springframework/boot/spring-boot-starter-data-mongodb/2.7.5/spring-boot-starter-data-mongodb-2.7.5.jar:/Users/marekchodak/.m2/repository/org/mongodb/mongodb-driver-sync/4.6.1/mongodb-driver-sync-4.6.1.jar:/Users/marekchodak/.m2/repository/org/mongodb/bson/4.6.1/bson-4.6.1.jar:/Users/marekchodak/.m2/repository/org/mongodb/mongodb-driver-core/4.6.1/mongodb-driver-core-4.6.1.jar:/Users/marekchodak/.m2/repository/org/mongodb/bson-record-codec/4.6.1/bson-record-codec-4.6.1.jar:/Users/marekchodak/.m2/repository/org/springframework/data/spring-data-mongodb/3.4.5/spring-data-mongodb-3.4.5.jar:/Users/marekchodak/.m2/repository/org/springframework/spring-beans/5.3.23/spring-beans-5.3.23.jar:/Users/marekchodak/.m2/repository/org/springframework/spring-expression/5.3.23/spring-expression-5.3.23.jar:/Users/marekchodak/.m2/repository/org/springframework/boot/spring-boot-starter-web/2.7.5/spring-boot-starter-web-2.7.5.jar:/Users/marekchodak/.m2/repository/org/springframework/boot/spring-boot-starter-json/2.7.5/spring-boot-starter-json-2.7.5.jar:/Users/marekchodak/.m2/repository/com/fasterxml/jackson/datatype/jackson-datatype-jdk8/2.13.4/jackson-datatype-jdk8-2.13.4.jar:/Users/marekchodak/.m2/repository/com/fasterxml/jackson/datatype/jackson-datatype-jsr310/2.13.4/jackson-datatype-jsr310-2.13.4.jar:/Users/marekchodak/.m2/repository/com/fasterxml/jackson/module/jackson-module-parameter-names/2.13.4/jackson-module-parameter-names-2.13.4.jar:/Users/marekchodak/.m2/repository/org/springframework/boot/spring-boot-starter-tomcat/2.7.5/spring-boot-starter-tomcat-2.7.5.jar:/Users/marekchodak/.m2/repository/org/apache/tomcat/embed/tomcat-embed-core/9.0.68/tomcat-embed-core-9.0.68.jar:/Users/marekchodak/.m2/repository/org/apache/tomcat/embed/tomcat-embed-websocket/9.0.68/tomcat-embed-websocket-9.0.68.jar:/Users/marekchodak/.m2/repository/org/springframework/spring-web/5.3.23/spring-web-5.3.23.jar:/Users/marekchodak/.m2/repository/org/springframework/spring-webmvc/5.3.23/spring-webmvc-5.3.23.jar:/Users/marekchodak/.m2/repository/org/springframework/spring-aop/5.3.23/spring-aop-5.3.23.jar:/Users/marekchodak/.m2/repository/org/springframework/boot/spring-boot-starter-validation/2.7.5/spring-boot-starter-validation-2.7.5.jar:/Users/marekchodak/.m2/repository/org/apache/tomcat/embed/tomcat-embed-el/9.0.68/tomcat-embed-el-9.0.68.jar:/Users/marekchodak/.m2/repository/org/hibernate/validator/hibernate-validator/6.2.5.Final/hibernate-validator-6.2.5.Final.jar:/Users/marekchodak/.m2/repository/jakarta/validation/jakarta.validation-api/2.0.2/jakarta.validation-api-2.0.2.jar:/Users/marekchodak/.m2/repository/org/jboss/logging/jboss-logging/3.4.3.Final/jboss-logging-3.4.3.Final.jar:/Users/marekchodak/.m2/repository/com/fasterxml/classmate/1.5.1/classmate-1.5.1.jar:/Users/marekchodak/.m2/repository/org/projectlombok/lombok/1.18.24/lombok-1.18.24.jar:/Users/marekchodak/.m2/repository/org/apache/commons/commons-lang3/3.12.0/commons-lang3-3.12.0.jar:/Users/marekchodak/.m2/repository/org/reflections/reflections/0.10.2/reflections-0.10.2.jar:/Users/marekchodak/.m2/repository/org/javassist/javassist/3.28.0-GA/javassist-3.28.0-GA.jar:/Users/marekchodak/.m2/repository/com/google/code/findbugs/jsr305/3.0.2/jsr305-3.0.2.jar:/Users/marekchodak/.m2/repository/org/slf4j/slf4j-api/1.7.36/slf4j-api-1.7.36.jar:/Users/marekchodak/.m2/repository/javax/validation/validation-api/2.0.1.Final/validation-api-2.0.1.Final.jar:/Users/marekchodak/.m2/repository/org/springframework/boot/spring-boot-starter-test/2.7.5/spring-boot-starter-test-2.7.5.jar:/Users/marekchodak/.m2/repository/org/springframework/boot/spring-boot-test/2.7.5/spring-boot-test-2.7.5.jar:/Users/marekchodak/.m2/repository/org/springframework/boot/spring-boot-test-autoconfigure/2.7.5/spring-boot-test-autoconfigure-2.7.5.jar:/Users/marekchodak/.m2/repository/com/jayway/jsonpath/json-path/2.7.0/json-path-2.7.0.jar:/Users/marekchodak/.m2/repository/net/minidev/json-smart/2.4.8/json-smart-2.4.8.jar:/Users/marekchodak/.m2/repository/net/minidev/accessors-smart/2.4.8/accessors-smart-2.4.8.jar:/Users/marekchodak/.m2/repository/org/ow2/asm/asm/9.1/asm-9.1.jar:/Users/marekchodak/.m2/repository/jakarta/xml/bind/jakarta.xml.bind-api/2.3.3/jakarta.xml.bind-api-2.3.3.jar:/Users/marekchodak/.m2/repository/jakarta/activation/jakarta.activation-api/1.2.2/jakarta.activation-api-1.2.2.jar:/Users/marekchodak/.m2/repository/org/assertj/assertj-core/3.22.0/assertj-core-3.22.0.jar:/Users/marekchodak/.m2/repository/org/hamcrest/hamcrest/2.2/hamcrest-2.2.jar:/Users/marekchodak/.m2/repository/org/junit/jupiter/junit-jupiter/5.8.2/junit-jupiter-5.8.2.jar:/Users/marekchodak/.m2/repository/org/junit/jupiter/junit-jupiter-api/5.8.2/junit-jupiter-api-5.8.2.jar:/Users/marekchodak/.m2/repository/org/junit/jupiter/junit-jupiter-params/5.8.2/junit-jupiter-params-5.8.2.jar:/Users/marekchodak/.m2/repository/org/junit/jupiter/junit-jupiter-engine/5.8.2/junit-jupiter-engine-5.8.2.jar:/Users/marekchodak/.m2/repository/org/mockito/mockito-core/4.5.1/mockito-core-4.5.1.jar:/Users/marekchodak/.m2/repository/net/bytebuddy/byte-buddy/1.12.18/byte-buddy-1.12.18.jar:/Users/marekchodak/.m2/repository/net/bytebuddy/byte-buddy-agent/1.12.18/byte-buddy-agent-1.12.18.jar:/Users/marekchodak/.m2/repository/org/objenesis/objenesis/3.2/objenesis-3.2.jar:/Users/marekchodak/.m2/repository/org/mockito/mockito-junit-jupiter/4.5.1/mockito-junit-jupiter-4.5.1.jar:/Users/marekchodak/.m2/repository/org/skyscreamer/jsonassert/1.5.1/jsonassert-1.5.1.jar:/Users/marekchodak/.m2/repository/com/vaadin/external/google/android-json/0.0.20131108.vaadin1/android-json-0.0.20131108.vaadin1.jar:/Users/marekchodak/.m2/repository/org/springframework/spring-core/5.3.23/spring-core-5.3.23.jar:/Users/marekchodak/.m2/repository/org/springframework/spring-jcl/5.3.23/spring-jcl-5.3.23.jar:/Users/marekchodak/.m2/repository/org/xmlunit/xmlunit-core/2.9.0/xmlunit-core-2.9.0.jar:/Users/marekchodak/.m2/repository/org/codehaus/groovy/groovy/3.0.13/groovy-3.0.13.jar:/Users/marekchodak/.m2/repository/org/spockframework/spock-core/2.2-M2-groovy-3.0/spock-core-2.2-M2-groovy-3.0.jar:/Users/marekchodak/.m2/repository/org/junit/platform/junit-platform-engine/1.8.2/junit-platform-engine-1.8.2.jar:/Users/marekchodak/.m2/repository/org/opentest4j/opentest4j/1.2.0/opentest4j-1.2.0.jar:/Users/marekchodak/.m2/repository/org/junit/platform/junit-platform-commons/1.8.2/junit-platform-commons-1.8.2.jar:/Users/marekchodak/.m2/repository/org/apiguardian/apiguardian-api/1.1.2/apiguardian-api-1.1.2.jar:/Users/marekchodak/.m2/repository/org/spockframework/spock-spring/2.2-M2-groovy-3.0/spock-spring-2.2-M2-groovy-3.0.jar:/Users/marekchodak/.m2/repository/org/springframework/spring-test/5.3.23/spring-test-5.3.23.jar:/Users/marekchodak/.m2/repository/org/testcontainers/mongodb/1.17.6/mongodb-1.17.6.jar:/Users/marekchodak/.m2/repository/org/testcontainers/elasticsearch/1.17.6/elasticsearch-1.17.6.jar:/Users/marekchodak/.m2/repository/org/testcontainers/testcontainers/1.17.6/testcontainers-1.17.6.jar:/Users/marekchodak/.m2/repository/junit/junit/4.13.2/junit-4.13.2.jar:/Users/marekchodak/.m2/repository/org/hamcrest/hamcrest-core/2.2/hamcrest-core-2.2.jar:/Users/marekchodak/.m2/repository/org/apache/commons/commons-compress/1.22/commons-compress-1.22.jar:/Users/marekchodak/.m2/repository/org/rnorth/duct-tape/duct-tape/1.0.8/duct-tape-1.0.8.jar:/Users/marekchodak/.m2/repository/org/jetbrains/annotations/17.0.0/annotations-17.0.0.jar:/Users/marekchodak/.m2/repository/com/github/docker-java/docker-java-api/3.2.13/docker-java-api-3.2.13.jar:/Users/marekchodak/.m2/repository/com/fasterxml/jackson/core/jackson-annotations/2.13.4/jackson-annotations-2.13.4.jar:/Users/marekchodak/.m2/repository/com/github/docker-java/docker-java-transport-zerodep/3.2.13/docker-java-transport-zerodep-3.2.13.jar:/Users/marekchodak/.m2/repository/com/github/docker-java/docker-java-transport/3.2.13/docker-java-transport-3.2.13.jar:/Users/marekchodak/.m2/repository/net/java/dev/jna/jna/5.8.0/jna-5.8.0.jar:/Users/marekchodak/.m2/repository/org/testcontainers/spock/1.17.6/spock-1.17.6.jar:"/>
    <property name="java.vm.vendor" value="Oracle Corporation"/>
    <property name="sun.arch.data.model" value="64"/>
    <property name="java.vendor.url" value="https://java.oracle.com/"/>
    <property name="user.timezone" value="UTC"/>
    <property name="os.name" value="Mac OS X"/>
    <property name="java.vm.specification.version" value="17"/>
    <property name="sun.java.launcher" value="SUN_STANDARD"/>
    <property name="user.country" value="PL"/>
    <property name="sun.boot.library.path" value="/Users/marekchodak/.sdkman/candidates/java/17-open/lib"/>
    <property name="sun.java.command" value="/Users/marekchodak/development/payments/target/surefire/surefirebooter-20221120083225355_3.jar /Users/marekchodak/development/payments/target/surefire 2022-11-20T08-32-25_266-jvmRun1 surefire-20221120083225355_1tmp surefire_0-20221120083225355_2tmp"/>
    <property name="http.nonProxyHosts" value="local|*.local|169.254/16|*.169.254/16"/>
    <property name="jdk.debug" value="release"/>
    <property name="surefire.test.class.path" value="/Users/marekchodak/development/payments/target/test-classes:/Users/marekchodak/development/payments/target/classes:/Users/marekchodak/.m2/repository/org/springframework/boot/spring-boot-starter-data-elasticsearch/2.7.5/spring-boot-starter-data-elasticsearch-2.7.5.jar:/Users/marekchodak/.m2/repository/org/springframework/boot/spring-boot-starter/2.7.5/spring-boot-starter-2.7.5.jar:/Users/marekchodak/.m2/repository/org/springframework/boot/spring-boot/2.7.5/spring-boot-2.7.5.jar:/Users/marekchodak/.m2/repository/org/springframework/boot/spring-boot-autoconfigure/2.7.5/spring-boot-autoconfigure-2.7.5.jar:/Users/marekchodak/.m2/repository/org/springframework/boot/spring-boot-starter-logging/2.7.5/spring-boot-starter-logging-2.7.5.jar:/Users/marekchodak/.m2/repository/ch/qos/logback/logback-classic/1.2.11/logback-classic-1.2.11.jar:/Users/marekchodak/.m2/repository/ch/qos/logback/logback-core/1.2.11/logback-core-1.2.11.jar:/Users/marekchodak/.m2/repository/org/apache/logging/log4j/log4j-to-slf4j/2.17.2/log4j-to-slf4j-2.17.2.jar:/Users/marekchodak/.m2/repository/org/apache/logging/log4j/log4j-api/2.17.2/log4j-api-2.17.2.jar:/Users/marekchodak/.m2/repository/org/slf4j/jul-to-slf4j/1.7.36/jul-to-slf4j-1.7.36.jar:/Users/marekchodak/.m2/repository/jakarta/annotation/jakarta.annotation-api/1.3.5/jakarta.annotation-api-1.3.5.jar:/Users/marekchodak/.m2/repository/org/yaml/snakeyaml/1.30/snakeyaml-1.30.jar:/Users/marekchodak/.m2/repository/org/springframework/data/spring-data-elasticsearch/4.4.5/spring-data-elasticsearch-4.4.5.jar:/Users/marekchodak/.m2/repository/org/springframework/spring-context/5.3.23/spring-context-5.3.23.jar:/Users/marekchodak/.m2/repository/org/springframework/spring-tx/5.3.23/spring-tx-5.3.23.jar:/Users/marekchodak/.m2/repository/org/springframework/data/spring-data-commons/2.7.5/spring-data-commons-2.7.5.jar:/Users/marekchodak/.m2/repository/org/elasticsearch/client/elasticsearch-rest-high-level-client/7.17.6/elasticsearch-rest-high-level-client-7.17.6.jar:/Users/marekchodak/.m2/repository/org/elasticsearch/elasticsearch/7.17.6/elasticsearch-7.17.6.jar:/Users/marekchodak/.m2/repository/org/elasticsearch/elasticsearch-core/7.17.6/elasticsearch-core-7.17.6.jar:/Users/marekchodak/.m2/repository/org/elasticsearch/elasticsearch-secure-sm/7.17.6/elasticsearch-secure-sm-7.17.6.jar:/Users/marekchodak/.m2/repository/org/elasticsearch/elasticsearch-x-content/7.17.6/elasticsearch-x-content-7.17.6.jar:/Users/marekchodak/.m2/repository/com/fasterxml/jackson/dataformat/jackson-dataformat-smile/2.13.4/jackson-dataformat-smile-2.13.4.jar:/Users/marekchodak/.m2/repository/com/fasterxml/jackson/dataformat/jackson-dataformat-yaml/2.13.4/jackson-dataformat-yaml-2.13.4.jar:/Users/marekchodak/.m2/repository/com/fasterxml/jackson/dataformat/jackson-dataformat-cbor/2.13.4/jackson-dataformat-cbor-2.13.4.jar:/Users/marekchodak/.m2/repository/org/elasticsearch/elasticsearch-geo/7.17.6/elasticsearch-geo-7.17.6.jar:/Users/marekchodak/.m2/repository/org/elasticsearch/elasticsearch-lz4/7.17.6/elasticsearch-lz4-7.17.6.jar:/Users/marekchodak/.m2/repository/org/lz4/lz4-java/1.8.0/lz4-java-1.8.0.jar:/Users/marekchodak/.m2/repository/org/apache/lucene/lucene-core/8.11.1/lucene-core-8.11.1.jar:/Users/marekchodak/.m2/repository/org/apache/lucene/lucene-analyzers-common/8.11.1/lucene-analyzers-common-8.11.1.jar:/Users/marekchodak/.m2/repository/org/apache/lucene/lucene-backward-codecs/8.11.1/lucene-backward-codecs-8.11.1.jar:/Users/marekchodak/.m2/repository/org/apache/lucene/lucene-grouping/8.11.1/lucene-grouping-8.11.1.jar:/Users/marekchodak/.m2/repository/org/apache/lucene/lucene-highlighter/8.11.1/lucene-highlighter-8.11.1.jar:/Users/marekchodak/.m2/repository/org/apache/lucene/lucene-join/8.11.1/lucene-join-8.11.1.jar:/Users/marekchodak/.m2/repository/org/apache/lucene/lucene-memory/8.11.1/lucene-memory-8.11.1.jar:/Users/marekchodak/.m2/repository/org/apache/lucene/lucene-misc/8.11.1/lucene-misc-8.11.1.jar:/Users/marekchodak/.m2/repository/org/apache/lucene/lucene-queries/8.11.1/lucene-queries-8.11.1.jar:/Users/marekchodak/.m2/repository/org/apache/lucene/lucene-queryparser/8.11.1/lucene-queryparser-8.11.1.jar:/Users/marekchodak/.m2/repository/org/apache/lucene/lucene-sandbox/8.11.1/lucene-sandbox-8.11.1.jar:/Users/marekchodak/.m2/repository/org/apache/lucene/lucene-spatial3d/8.11.1/lucene-spatial3d-8.11.1.jar:/Users/marekchodak/.m2/repository/org/apache/lucene/lucene-suggest/8.11.1/lucene-suggest-8.11.1.jar:/Users/marekchodak/.m2/repository/org/elasticsearch/elasticsearch-cli/7.17.6/elasticsearch-cli-7.17.6.jar:/Users/marekchodak/.m2/repository/net/sf/jopt-simple/jopt-simple/5.0.2/jopt-simple-5.0.2.jar:/Users/marekchodak/.m2/repository/com/carrotsearch/hppc/0.8.1/hppc-0.8.1.jar:/Users/marekchodak/.m2/repository/joda-time/joda-time/2.10.10/joda-time-2.10.10.jar:/Users/marekchodak/.m2/repository/com/tdunning/t-digest/3.2/t-digest-3.2.jar:/Users/marekchodak/.m2/repository/org/hdrhistogram/HdrHistogram/2.1.9/HdrHistogram-2.1.9.jar:/Users/marekchodak/.m2/repository/org/elasticsearch/elasticsearch-plugin-classloader/7.17.6/elasticsearch-plugin-classloader-7.17.6.jar:/Users/marekchodak/.m2/repository/org/elasticsearch/plugin/mapper-extras-client/7.17.6/mapper-extras-client-7.17.6.jar:/Users/marekchodak/.m2/repository/org/elasticsearch/plugin/parent-join-client/7.17.6/parent-join-client-7.17.6.jar:/Users/marekchodak/.m2/repository/org/elasticsearch/plugin/aggs-matrix-stats-client/7.17.6/aggs-matrix-stats-client-7.17.6.jar:/Users/marekchodak/.m2/repository/org/elasticsearch/plugin/rank-eval-client/7.17.6/rank-eval-client-7.17.6.jar:/Users/marekchodak/.m2/repository/org/elasticsearch/plugin/lang-mustache-client/7.17.6/lang-mustache-client-7.17.6.jar:/Users/marekchodak/.m2/repository/com/github/spullara/mustache/java/compiler/0.9.6/compiler-0.9.6.jar:/Users/marekchodak/.m2/repository/co/elastic/clients/elasticsearch-java/7.17.6/elasticsearch-java-7.17.6.jar:/Users/marekchodak/.m2/repository/jakarta/json/jakarta.json-api/1.1.6/jakarta.json-api-1.1.6.jar:/Users/marekchodak/.m2/repository/org/eclipse/parsson/parsson/1.0.0/parsson-1.0.0.jar:/Users/marekchodak/.m2/repository/org/elasticsearch/client/elasticsearch-rest-client/7.17.6/elasticsearch-rest-client-7.17.6.jar:/Users/marekchodak/.m2/repository/org/apache/httpcomponents/httpclient/4.5.13/httpclient-4.5.13.jar:/Users/marekchodak/.m2/repository/org/apache/httpcomponents/httpcore/4.4.15/httpcore-4.4.15.jar:/Users/marekchodak/.m2/repository/org/apache/httpcomponents/httpasyncclient/4.1.5/httpasyncclient-4.1.5.jar:/Users/marekchodak/.m2/repository/org/apache/httpcomponents/httpcore-nio/4.4.15/httpcore-nio-4.4.15.jar:/Users/marekchodak/.m2/repository/commons-codec/commons-codec/1.15/commons-codec-1.15.jar:/Users/marekchodak/.m2/repository/com/fasterxml/jackson/core/jackson-core/2.13.4/jackson-core-2.13.4.jar:/Users/marekchodak/.m2/repository/com/fasterxml/jackson/core/jackson-databind/2.13.4.2/jackson-databind-2.13.4.2.jar:/Users/marekchodak/.m2/repository/org/springframework/boot/spring-boot-starter-data-mongodb/2.7.5/spring-boot-starter-data-mongodb-2.7.5.jar:/Users/marekchodak/.m2/repository/org/mongodb/mongodb-driver-sync/4.6.1/mongodb-driver-sync-4.6.1.jar:/Users/marekchodak/.m2/repository/org/mongodb/bson/4.6.1/bson-4.6.1.jar:/Users/marekchodak/.m2/repository/org/mongodb/mongodb-driver-core/4.6.1/mongodb-driver-core-4.6.1.jar:/Users/marekchodak/.m2/repository/org/mongodb/bson-record-codec/4.6.1/bson-record-codec-4.6.1.jar:/Users/marekchodak/.m2/repository/org/springframework/data/spring-data-mongodb/3.4.5/spring-data-mongodb-3.4.5.jar:/Users/marekchodak/.m2/repository/org/springframework/spring-beans/5.3.23/spring-beans-5.3.23.jar:/Users/marekchodak/.m2/repository/org/springframework/spring-expression/5.3.23/spring-expression-5.3.23.jar:/Users/marekchodak/.m2/repository/org/springframework/boot/spring-boot-starter-web/2.7.5/spring-boot-starter-web-2.7.5.jar:/Users/marekchodak/.m2/repository/org/springframework/boot/spring-boot-starter-json/2.7.5/spring-boot-starter-json-2.7.5.jar:/Users/marekchodak/.m2/repository/com/fasterxml/jackson/datatype/jackson-datatype-jdk8/2.13.4/jackson-datatype-jdk8-2.13.4.jar:/Users/marekchodak/.m2/repository/com/fasterxml/jackson/datatype/jackson-datatype-jsr310/2.13.4/jackson-datatype-jsr310-2.13.4.jar:/Users/marekchodak/.m2/repository/com/fasterxml/jackson/module/jackson-module-parameter-names/2.13.4/jackson-module-parameter-names-2.13.4.jar:/Users/marekchodak/.m2/repository/org/springframework/boot/spring-boot-starter-tomcat/2.7.5/spring-boot-starter-tomcat-2.7.5.jar:/Users/marekchodak/.m2/repository/org/apache/tomcat/embed/tomcat-embed-core/9.0.68/tomcat-embed-core-9.0.68.jar:/Users/marekchodak/.m2/repository/org/apache/tomcat/embed/tomcat-embed-websocket/9.0.68/tomcat-embed-websocket-9.0.68.jar:/Users/marekchodak/.m2/repository/org/springframework/spring-web/5.3.23/spring-web-5.3.23.jar:/Users/marekchodak/.m2/repository/org/springframework/spring-webmvc/5.3.23/spring-webmvc-5.3.23.jar:/Users/marekchodak/.m2/repository/org/springframework/spring-aop/5.3.23/spring-aop-5.3.23.jar:/Users/marekchodak/.m2/repository/org/springframework/boot/spring-boot-starter-validation/2.7.5/spring-boot-starter-validation-2.7.5.jar:/Users/marekchodak/.m2/repository/org/apache/tomcat/embed/tomcat-embed-el/9.0.68/tomcat-embed-el-9.0.68.jar:/Users/marekchodak/.m2/repository/org/hibernate/validator/hibernate-validator/6.2.5.Final/hibernate-validator-6.2.5.Final.jar:/Users/marekchodak/.m2/repository/jakarta/validation/jakarta.validation-api/2.0.2/jakarta.validation-api-2.0.2.jar:/Users/marekchodak/.m2/repository/org/jboss/logging/jboss-logging/3.4.3.Final/jboss-logging-3.4.3.Final.jar:/Users/marekchodak/.m2/repository/com/fasterxml/classmate/1.5.1/classmate-1.5.1.jar:/Users/marekchodak/.m2/repository/org/projectlombok/lombok/1.18.24/lombok-1.18.24.jar:/Users/marekchodak/.m2/repository/org/apache/commons/commons-lang3/3.12.0/commons-lang3-3.12.0.jar:/Users/marekchodak/.m2/repository/org/reflections/reflections/0.10.2/reflections-0.10.2.jar:/Users/marekchodak/.m2/repository/org/javassist/javassist/3.28.0-GA/javassist-3.28.0-GA.jar:/Users/marekchodak/.m2/repository/com/google/code/findbugs/jsr305/3.0.2/jsr305-3.0.2.jar:/Users/marekchodak/.m2/repository/org/slf4j/slf4j-api/1.7.36/slf4j-api-1.7.36.jar:/Users/marekchodak/.m2/repository/javax/validation/validation-api/2.0.1.Final/validation-api-2.0.1.Final.jar:/Users/marekchodak/.m2/repository/org/springframework/boot/spring-boot-starter-test/2.7.5/spring-boot-starter-test-2.7.5.jar:/Users/marekchodak/.m2/repository/org/springframework/boot/spring-boot-test/2.7.5/spring-boot-test-2.7.5.jar:/Users/marekchodak/.m2/repository/org/springframework/boot/spring-boot-test-autoconfigure/2.7.5/spring-boot-test-autoconfigure-2.7.5.jar:/Users/marekchodak/.m2/repository/com/jayway/jsonpath/json-path/2.7.0/json-path-2.7.0.jar:/Users/marekchodak/.m2/repository/net/minidev/json-smart/2.4.8/json-smart-2.4.8.jar:/Users/marekchodak/.m2/repository/net/minidev/accessors-smart/2.4.8/accessors-smart-2.4.8.jar:/Users/marekchodak/.m2/repository/org/ow2/asm/asm/9.1/asm-9.1.jar:/Users/marekchodak/.m2/repository/jakarta/xml/bind/jakarta.xml.bind-api/2.3.3/jakarta.xml.bind-api-2.3.3.jar:/Users/marekchodak/.m2/repository/jakarta/activation/jakarta.activation-api/1.2.2/jakarta.activation-api-1.2.2.jar:/Users/marekchodak/.m2/repository/org/assertj/assertj-core/3.22.0/assertj-core-3.22.0.jar:/Users/marekchodak/.m2/repository/org/hamcrest/hamcrest/2.2/hamcrest-2.2.jar:/Users/marekchodak/.m2/repository/org/junit/jupiter/junit-jupiter/5.8.2/junit-jupiter-5.8.2.jar:/Users/marekchodak/.m2/repository/org/junit/jupiter/junit-jupiter-api/5.8.2/junit-jupiter-api-5.8.2.jar:/Users/marekchodak/.m2/repository/org/junit/jupiter/junit-jupiter-params/5.8.2/junit-jupiter-params-5.8.2.jar:/Users/marekchodak/.m2/repository/org/junit/jupiter/junit-jupiter-engine/5.8.2/junit-jupiter-engine-5.8.2.jar:/Users/marekchodak/.m2/repository/org/mockito/mockito-core/4.5.1/mockito-core-4.5.1.jar:/Users/marekchodak/.m2/repository/net/bytebuddy/byte-buddy/1.12.18/byte-buddy-1.12.18.jar:/Users/marekchodak/.m2/repository/net/bytebuddy/byte-buddy-agent/1.12.18/byte-buddy-agent-1.12.18.jar:/Users/marekchodak/.m2/repository/org/objenesis/objenesis/3.2/objenesis-3.2.jar:/Users/marekchodak/.m2/repository/org/mockito/mockito-junit-jupiter/4.5.1/mockito-junit-jupiter-4.5.1.jar:/Users/marekchodak/.m2/repository/org/skyscreamer/jsonassert/1.5.1/jsonassert-1.5.1.jar:/Users/marekchodak/.m2/repository/com/vaadin/external/google/android-json/0.0.20131108.vaadin1/android-json-0.0.20131108.vaadin1.jar:/Users/marekchodak/.m2/repository/org/springframework/spring-core/5.3.23/spring-core-5.3.23.jar:/Users/marekchodak/.m2/repository/org/springframework/spring-jcl/5.3.23/spring-jcl-5.3.23.jar:/Users/marekchodak/.m2/repository/org/xmlunit/xmlunit-core/2.9.0/xmlunit-core-2.9.0.jar:/Users/marekchodak/.m2/repository/org/codehaus/groovy/groovy/3.0.13/groovy-3.0.13.jar:/Users/marekchodak/.m2/repository/org/spockframework/spock-core/2.2-M2-groovy-3.0/spock-core-2.2-M2-groovy-3.0.jar:/Users/marekchodak/.m2/repository/org/junit/platform/junit-platform-engine/1.8.2/junit-platform-engine-1.8.2.jar:/Users/marekchodak/.m2/repository/org/opentest4j/opentest4j/1.2.0/opentest4j-1.2.0.jar:/Users/marekchodak/.m2/repository/org/junit/platform/junit-platform-commons/1.8.2/junit-platform-commons-1.8.2.jar:/Users/marekchodak/.m2/repository/org/apiguardian/apiguardian-api/1.1.2/apiguardian-api-1.1.2.jar:/Users/marekchodak/.m2/repository/org/spockframework/spock-spring/2.2-M2-groovy-3.0/spock-spring-2.2-M2-groovy-3.0.jar:/Users/marekchodak/.m2/repository/org/springframework/spring-test/5.3.23/spring-test-5.3.23.jar:/Users/marekchodak/.m2/repository/org/testcontainers/mongodb/1.17.6/mongodb-1.17.6.jar:/Users/marekchodak/.m2/repository/org/testcontainers/elasticsearch/1.17.6/elasticsearch-1.17.6.jar:/Users/marekchodak/.m2/repository/org/testcontainers/testcontainers/1.17.6/testcontainers-1.17.6.jar:/Users/marekchodak/.m2/repository/junit/junit/4.13.2/junit-4.13.2.jar:/Users/marekchodak/.m2/repository/org/hamcrest/hamcrest-core/2.2/hamcrest-core-2.2.jar:/Users/marekchodak/.m2/repository/org/apache/commons/commons-compress/1.22/commons-compress-1.22.jar:/Users/marekchodak/.m2/repository/org/rnorth/duct-tape/duct-tape/1.0.8/duct-tape-1.0.8.jar:/Users/marekchodak/.m2/repository/org/jetbrains/annotations/17.0.0/annotations-17.0.0.jar:/Users/marekchodak/.m2/repository/com/github/docker-java/docker-java-api/3.2.13/docker-java-api-3.2.13.jar:/Users/marekchodak/.m2/repository/com/fasterxml/jackson/core/jackson-annotations/2.13.4/jackson-annotations-2.13.4.jar:/Users/marekchodak/.m2/repository/com/github/docker-java/docker-java-transport-zerodep/3.2.13/docker-java-transport-zerodep-3.2.13.jar:/Users/marekchodak/.m2/repository/com/github/docker-java/docker-java-transport/3.2.13/docker-java-transport-3.2.13.jar:/Users/marekchodak/.m2/repository/net/java/dev/jna/jna/5.8.0/jna-5.8.0.jar:/Users/marekchodak/.m2/repository/org/testcontainers/spock/1.17.6/spock-1.17.6.jar:"/>
    <property name="sun.cpu.endian" value="little"/>
    <property name="user.home" value="/Users/marekchodak"/>
    <property name="user.language" value="en"/>
    <property name="java.specification.vendor" value="Oracle Corporation"/>
    <property name="java.version.date" value="2021-09-14"/>
    <property name="java.home" value="/Users/marekchodak/.sdkman/candidates/java/17-open"/>
    <property name="file.separator" value="/"/>
    <property name="basedir" value="/Users/marekchodak/development/payments"/>
    <property name="java.vm.compressedOopsMode" value="Zero based"/>
    <property name="line.separator" value="&#10;"/>
    <property name="java.vm.specification.vendor" value="Oracle Corporation"/>
    <property name="java.specification.name" value="Java Platform API Specification"/>
    <property name="FILE_LOG_CHARSET" value="UTF-8"/>
    <property name="java.awt.headless" value="true"/>
    <property name="pactbroker.auth.password" value="ohhei5ea@keu4ahCeewel7g"/>
    <property name="surefire.real.class.path" value="/Users/marekchodak/development/payments/target/surefire/surefirebooter-20221120083225355_3.jar"/>
    <property name="pactbroker.port" value="443"/>
    <property name="sun.management.compiler" value="HotSpot 64-Bit Tiered Compilers"/>
    <property name="ftp.nonProxyHosts" value="local|*.local|169.254/16|*.169.254/16"/>
    <property name="java.runtime.version" value="17+35-2724"/>
    <property name="user.name" value="marekchodak"/>
    <property name="path.separator" value=":"/>
    <property name="os.version" value="12.0.1"/>
    <property name="java.runtime.name" value="OpenJDK Runtime Environment"/>
    <property name="file.encoding" value="UTF-8"/>
    <property name="spring.beaninfo.ignore" value="true"/>
    <property name="java.vm.name" value="OpenJDK 64-Bit Server VM"/>
    <property name="pactbroker.auth.username" value="pact-broker-readonly"/>
    <property name="localRepository" value="/Users/marekchodak/.m2/repository"/>
    <property name="java.vendor.url.bug" value="https://bugreport.java.com/bugreport/"/>
    <property name="java.io.tmpdir" value="/var/folders/9x/6nphlpts6yb6b56p6d5frrhc0000gn/T/"/>
    <property name="java.version" value="17"/>
    <property name="user.dir" value="/Users/marekchodak/development/payments"/>
    <property name="os.arch" value="aarch64"/>
    <property name="java.vm.specification.name" value="Java Virtual Machine Specification"/>
    <property name="PID" value="82699"/>
    <property name="pactbroker.scheme" value="https"/>
    <property name="pactbroker.host" value="pact-broker.dev.kitopiconnect.com"/>
    <property name="CONSOLE_LOG_CHARSET" value="UTF-8"/>
    <property name="native.encoding" value="UTF-8"/>
    <property name="java.library.path" value="/Users/marekchodak/Library/Java/Extensions:/Library/Java/Extensions:/Network/Library/Java/Extensions:/System/Library/Java/Extensions:/usr/lib/java:."/>
    <property name="java.vm.info" value="mixed mode, sharing"/>
    <property name="java.vendor" value="Oracle Corporation"/>
    <property name="java.vm.version" value="17+35-2724"/>
    <property name="sun.io.unicode.encoding" value="UnicodeBig"/>
    <property name="socksNonProxyHosts" value="local|*.local|169.254/16|*.169.254/16"/>
    <property name="java.class.version" value="61.0"/>
  </properties>
  <testcase name="should save purchase" classname="com.zilch.payments.boundary.oubound.mongo.purchase.MongoPurchasesRepositorySpec" time="0.089">
    <system-out><![CDATA[07:32:40.193 [main] DEBUG org.springframework.test.context.support.AbstractDirtiesContextTestExecutionListener - Before test class: context [DefaultTestContext@5a7a6d34 testClass = MongoPurchasesRepositorySpec, testInstance = [null], testMethod = [null], testException = [null], mergedContextConfiguration = [MergedContextConfiguration@36871e98 testClass = MongoPurchasesRepositorySpec, locations = '{}', classes = '{class com.zilch.payments.application.config.mongo.MongoConfig}', contextInitializerClasses = '[class com.zilch.payments.boundary.oubound.mongo.MongoDbTestContainerRunner$Initializer, class com.zilch.payments.boundary.oubound.mongo.MongoDbTestContainer$Initializer]', activeProfiles = '{}', propertySourceLocations = '{}', propertySourceProperties = '{org.springframework.boot.test.autoconfigure.data.mongo.DataMongoTestContextBootstrapper=true}', contextCustomizers = set[[ImportsContextCustomizer@70d687b8 key = [org.springframework.boot.autoconfigure.cache.CacheAutoConfiguration, org.springframework.boot.autoconfigure.data.mongo.MongoDataAutoConfiguration, org.springframework.boot.autoconfigure.data.mongo.MongoReactiveDataAutoConfiguration, org.springframework.boot.autoconfigure.data.mongo.MongoReactiveRepositoriesAutoConfiguration, org.springframework.boot.autoconfigure.data.mongo.MongoRepositoriesAutoConfiguration, org.springframework.boot.autoconfigure.mongo.MongoAutoConfiguration, org.springframework.boot.autoconfigure.mongo.MongoReactiveAutoConfiguration, org.springframework.boot.autoconfigure.transaction.TransactionAutoConfiguration]], org.springframework.boot.test.context.filter.ExcludeFilterContextCustomizer@5fbdfdcf, org.springframework.boot.test.json.DuplicateJsonObjectContextCustomizerFactory$DuplicateJsonObjectContextCustomizer@3bf9ce3e, org.springframework.boot.test.mock.mockito.MockitoContextCustomizer@0, org.springframework.boot.test.autoconfigure.OverrideAutoConfigurationContextCustomizerFactory$DisableAutoConfigurationContextCustomizer@4264b240, org.springframework.boot.test.autoconfigure.actuate.metrics.MetricsExportContextCustomizerFactory$DisableMetricExportContextCustomizer@543588e6, org.springframework.boot.test.autoconfigure.filter.TypeExcludeFiltersContextCustomizer@351584c0, org.springframework.boot.test.autoconfigure.properties.PropertyMappingContextCustomizer@893cf016, org.springframework.boot.test.autoconfigure.web.servlet.WebDriverContextCustomizerFactory$Customizer@6e0f5f7f, org.spockframework.spring.mock.SpockContextCustomizer@0, org.springframework.boot.test.context.SpringBootTestArgs@1, org.springframework.boot.test.context.SpringBootTestWebEnvironment@0], contextLoader = 'org.springframework.boot.test.context.SpringBootContextLoader', parent = [null]], attributes = map[[empty]]], class annotated with @DirtiesContext [false] with mode [null].
07:32:40.194 [main] DEBUG org.springframework.test.context.support.DependencyInjectionTestExecutionListener - Performing dependency injection for test context [[DefaultTestContext@5a7a6d34 testClass = MongoPurchasesRepositorySpec, testInstance = com.zilch.payments.boundary.oubound.mongo.purchase.MongoPurchasesRepositorySpec@391d28ea, testMethod = [null], testException = [null], mergedContextConfiguration = [MergedContextConfiguration@36871e98 testClass = MongoPurchasesRepositorySpec, locations = '{}', classes = '{class com.zilch.payments.application.config.mongo.MongoConfig}', contextInitializerClasses = '[class com.zilch.payments.boundary.oubound.mongo.MongoDbTestContainerRunner$Initializer, class com.zilch.payments.boundary.oubound.mongo.MongoDbTestContainer$Initializer]', activeProfiles = '{}', propertySourceLocations = '{}', propertySourceProperties = '{org.springframework.boot.test.autoconfigure.data.mongo.DataMongoTestContextBootstrapper=true}', contextCustomizers = set[[ImportsContextCustomizer@70d687b8 key = [org.springframework.boot.autoconfigure.cache.CacheAutoConfiguration, org.springframework.boot.autoconfigure.data.mongo.MongoDataAutoConfiguration, org.springframework.boot.autoconfigure.data.mongo.MongoReactiveDataAutoConfiguration, org.springframework.boot.autoconfigure.data.mongo.MongoReactiveRepositoriesAutoConfiguration, org.springframework.boot.autoconfigure.data.mongo.MongoRepositoriesAutoConfiguration, org.springframework.boot.autoconfigure.mongo.MongoAutoConfiguration, org.springframework.boot.autoconfigure.mongo.MongoReactiveAutoConfiguration, org.springframework.boot.autoconfigure.transaction.TransactionAutoConfiguration]], org.springframework.boot.test.context.filter.ExcludeFilterContextCustomizer@5fbdfdcf, org.springframework.boot.test.json.DuplicateJsonObjectContextCustomizerFactory$DuplicateJsonObjectContextCustomizer@3bf9ce3e, org.springframework.boot.test.mock.mockito.MockitoContextCustomizer@0, org.springframework.boot.test.autoconfigure.OverrideAutoConfigurationContextCustomizerFactory$DisableAutoConfigurationContextCustomizer@4264b240, org.springframework.boot.test.autoconfigure.actuate.metrics.MetricsExportContextCustomizerFactory$DisableMetricExportContextCustomizer@543588e6, org.springframework.boot.test.autoconfigure.filter.TypeExcludeFiltersContextCustomizer@351584c0, org.springframework.boot.test.autoconfigure.properties.PropertyMappingContextCustomizer@893cf016, org.springframework.boot.test.autoconfigure.web.servlet.WebDriverContextCustomizerFactory$Customizer@6e0f5f7f, org.spockframework.spring.mock.SpockContextCustomizer@0, org.springframework.boot.test.context.SpringBootTestArgs@1, org.springframework.boot.test.context.SpringBootTestWebEnvironment@0], contextLoader = 'org.springframework.boot.test.context.SpringBootContextLoader', parent = [null]], attributes = map['org.springframework.test.context.event.ApplicationEventsTestExecutionListener.recordApplicationEvents' -> false]]].

  .   ____          _            __ _ _
 /\\ / ___'_ __ _ _(_)_ __  __ _ \ \ \ \
( ( )\___ | '_ | '_| | '_ \/ _` | \ \ \ \
 \\/  ___)| |_)| | | | | || (_| |  ) ) ) )
  '  |____| .__|_| |_|_| |_\__, | / / / /
 =========|_|==============|___/=/_/_/_/
 :: Spring Boot ::                (v2.7.5)

2022-11-20 07:32:40.337  INFO 82699 --- [ers-lifecycle-0] 🐳 [mongo:4.4.10]                        : Creating container for image: mongo:4.4.10
2022-11-20 07:32:40.434  INFO 82699 --- [ers-lifecycle-0] 🐳 [mongo:4.4.10]                        : Container mongo:4.4.10 is starting: 68b3b46d6e2356a463b8fdae5dce2304db8155ce6841e61233a14c4878b4c3fd
2022-11-20 07:32:42.597  INFO 82699 --- [ers-lifecycle-0] 🐳 [mongo:4.4.10]                        : Container mongo:4.4.10 started in PT2.259865S
2022-11-20 07:32:42.827  INFO 82699 --- [           main] z.p.b.o.m.p.MongoPurchasesRepositorySpec : Starting MongoPurchasesRepositorySpec using Java 17 on Mareks-MBP with PID 82699 (started by marekchodak in /Users/marekchodak/development/payments)
2022-11-20 07:32:42.828  INFO 82699 --- [           main] z.p.b.o.m.p.MongoPurchasesRepositorySpec : No active profile set, falling back to 1 default profile: "default"
2022-11-20 07:32:42.891  INFO 82699 --- [           main] .s.d.r.c.RepositoryConfigurationDelegate : Multiple Spring Data modules found, entering strict repository configuration mode
2022-11-20 07:32:42.891  INFO 82699 --- [           main] .s.d.r.c.RepositoryConfigurationDelegate : Bootstrapping Spring Data MongoDB repositories in DEFAULT mode.
2022-11-20 07:32:42.896  INFO 82699 --- [           main] .s.d.r.c.RepositoryConfigurationDelegate : Finished Spring Data repository scanning in 5 ms. Found 2 MongoDB repository interfaces.
2022-11-20 07:32:43.016  INFO 82699 --- [           main] org.mongodb.driver.client                : MongoClient with metadata {"driver": {"name": "mongo-java-driver|sync|spring-boot", "version": "4.6.1"}, "os": {"type": "Darwin", "name": "Mac OS X", "architecture": "aarch64", "version": "12.0.1"}, "platform": "Java/Oracle Corporation/17+35-2724"} created with settings MongoClientSettings{readPreference=primary, writeConcern=WriteConcern{w=null, wTimeout=null ms, journal=null}, retryWrites=true, retryReads=true, readConcern=ReadConcern{level=null}, credential=null, streamFactoryFactory=null, commandListeners=[], codecRegistry=ProvidersCodecRegistry{codecProviders=[ValueCodecProvider{}, BsonValueCodecProvider{}, DBRefCodecProvider{}, DBObjectCodecProvider{}, DocumentCodecProvider{}, IterableCodecProvider{}, MapCodecProvider{}, GeoJsonCodecProvider{}, GridFSFileCodecProvider{}, Jsr310CodecProvider{}, JsonObjectCodecProvider{}, BsonCodecProvider{}, EnumCodecProvider{}, com.mongodb.Jep395RecordCodecProvider@5cfe28e1]}, clusterSettings={hosts=[localhost:59960], srvServiceName=mongodb, mode=SINGLE, requiredClusterType=UNKNOWN, requiredReplicaSetName='null', serverSelector='null', clusterListeners='[]', serverSelectionTimeout='30000 ms', localThreshold='30000 ms'}, socketSettings=SocketSettings{connectTimeoutMS=10000, readTimeoutMS=0, receiveBufferSize=0, sendBufferSize=0}, heartbeatSocketSettings=SocketSettings{connectTimeoutMS=10000, readTimeoutMS=10000, receiveBufferSize=0, sendBufferSize=0}, connectionPoolSettings=ConnectionPoolSettings{maxSize=100, minSize=0, maxWaitTimeMS=120000, maxConnectionLifeTimeMS=0, maxConnectionIdleTimeMS=0, maintenanceInitialDelayMS=0, maintenanceFrequencyMS=60000, connectionPoolListeners=[], maxConnecting=2}, serverSettings=ServerSettings{heartbeatFrequencyMS=10000, minHeartbeatFrequencyMS=500, serverListeners='[]', serverMonitorListeners='[]'}, sslSettings=SslSettings{enabled=false, invalidHostNameAllowed=false, context=null}, applicationName='null', compressorList=[], uuidRepresentation=JAVA_LEGACY, serverApi=null, autoEncryptionSettings=null, contextProvider=null}
2022-11-20 07:32:43.026  INFO 82699 --- [localhost:59960] org.mongodb.driver.connection            : Opened connection [connectionId{localValue:2, serverValue:4}] to localhost:59960
2022-11-20 07:32:43.026  INFO 82699 --- [localhost:59960] org.mongodb.driver.connection            : Opened connection [connectionId{localValue:1, serverValue:3}] to localhost:59960
2022-11-20 07:32:43.030  INFO 82699 --- [localhost:59960] org.mongodb.driver.cluster               : Monitor thread successfully connected to server with description ServerDescription{address=localhost:59960, type=REPLICA_SET_PRIMARY, state=CONNECTED, ok=true, minWireVersion=0, maxWireVersion=9, maxDocumentSize=16777216, logicalSessionTimeoutMinutes=30, roundTripTimeNanos=14084625, setName='docker-rs', canonicalAddress=68b3b46d6e23:27017, hosts=[68b3b46d6e23:27017], passives=[], arbiters=[], primary='68b3b46d6e23:27017', tagSet=TagSet{[]}, electionId=7fffffff0000000000000001, setVersion=1, topologyVersion=TopologyVersion{processId=6379d819bde6384d6c62ae17, counter=6}, lastWriteDate=Sun Nov 20 07:32:42 UTC 2022, lastUpdateTimeNanos=3648301603678708}
2022-11-20 07:32:43.047  WARN 82699 --- [           main] o.s.data.convert.CustomConversions       : Registering converter from class java.time.LocalDateTime to class org.joda.time.LocalDateTime as reading converter although it doesn't convert from a store-supported type; You might want to check your annotation setup at the converter implementation
2022-11-20 07:32:43.064  WARN 82699 --- [           main] o.s.data.convert.CustomConversions       : Registering converter from class java.time.LocalDateTime to class org.joda.time.LocalDateTime as reading converter although it doesn't convert from a store-supported type; You might want to check your annotation setup at the converter implementation
2022-11-20 07:32:43.136  INFO 82699 --- [           main] z.p.b.o.m.p.MongoPurchasesRepositorySpec : Started MongoPurchasesRepositorySpec in 2.932 seconds (JVM running for 17.743)
2022-11-20 07:32:43.176  INFO 82699 --- [           main] org.mongodb.driver.connection            : Opened connection [connectionId{localValue:3, serverValue:5}] to localhost:59960
]]></system-out>
  </testcase>
  <testcase name="should find all purchases for a specific account" classname="com.zilch.payments.boundary.oubound.mongo.purchase.MongoPurchasesRepositorySpec" time="0.026"/>
</testsuite>